make -C bluesim --no-print-directory run
LD_PRELOAD=libSegFault.so SEGFAULT_USE_ALTSTACK=1 SEGFAULT_OUTPUT_NAME=bin/bsimexe-segv-output.txt  ./bin/ubuntu.exe ; retcode=$?; exit $retcode
Start testbench:
Warning: file 'mem.vmh' for memory 'mem' has a gap at addresses 146 to 65535.
Warning: file 'mem.vmh' for memory 'mem' has a gap at addresses 146 to 65535.
[init_xsim:61]
[init_xsim:61]
Processor startedXsimTop starting
Received software req to start pc

Start at pc 200

pc: 00000200 inst: (00000013) expanded: addi r 0 = r 0 0x0

Cycle          0 ----------------------------------------------------
pc: 00000204 inst: (00000013) expanded: addi r 0 = r 0 0x0

Cycle          1 ----------------------------------------------------
pc: 00000208 inst: (00000013) expanded: addi r 0 = r 0 0x0

Cycle          2 ----------------------------------------------------
pc: 0000020c inst: (00000013) expanded: addi r 0 = r 0 0x0

Cycle          3 ----------------------------------------------------
pc: 00000210 inst: (00000013) expanded: addi r 0 = r 0 0x0

Cycle          4 ----------------------------------------------------
pc: 00000214 inst: (00000013) expanded: addi r 0 = r 0 0x0

Cycle          5 ----------------------------------------------------
pc: 00000218 inst: (00000013) expanded: addi r 0 = r 0 0x0

Cycle          6 ----------------------------------------------------
pc: 0000021c inst: (00000013) expanded: addi r 0 = r 0 0x0

Cycle          7 ----------------------------------------------------
pc: 00000220 inst: (00000013) expanded: addi r 0 = r 0 0x0

Cycle          8 ----------------------------------------------------
pc: 00000224 inst: (00000013) expanded: addi r 0 = r 0 0x0

Cycle          9 ----------------------------------------------------
pc: 00000228 inst: (00000013) expanded: addi r 0 = r 0 0x0

Cycle         10 ----------------------------------------------------
pc: 0000022c inst: (00000013) expanded: addi r 0 = r 0 0x0

Cycle         11 ----------------------------------------------------
pc: 00000230 inst: (00000013) expanded: addi r 0 = r 0 0x0

Cycle         12 ----------------------------------------------------
pc: 00000234 inst: (00000013) expanded: addi r 0 = r 0 0x0

Cycle         13 ----------------------------------------------------
pc: 00000238 inst: (00000013) expanded: addi r 0 = r 0 0x0

Cycle         14 ----------------------------------------------------
pc: 0000023c inst: (00000013) expanded: addi r 0 = r 0 0x0

Cycle         15 ----------------------------------------------------
pc: 00000240 inst: (00000013) expanded: addi r 0 = r 0 0x0

Cycle         16 ----------------------------------------------------
pc: 00000244 inst: (00000013) expanded: addi r 0 = r 0 0x0

Cycle         17 ----------------------------------------------------
pc: 00000248 inst: (00000013) expanded: addi r 0 = r 0 0x0

Cycle         18 ----------------------------------------------------
pc: 0000024c inst: (00000013) expanded: addi r 0 = r 0 0x0

Cycle         19 ----------------------------------------------------
pc: 00000250 inst: (00000013) expanded: addi r 0 = r 0 0x0

Cycle         20 ----------------------------------------------------
pc: 00000254 inst: (00000013) expanded: addi r 0 = r 0 0x0

Cycle         21 ----------------------------------------------------
pc: 00000258 inst: (00000013) expanded: addi r 0 = r 0 0x0

Cycle         22 ----------------------------------------------------
pc: 0000025c inst: (00000013) expanded: addi r 0 = r 0 0x0

Cycle         23 ----------------------------------------------------
pc: 00000260 inst: (00000013) expanded: addi r 0 = r 0 0x0

Cycle         24 ----------------------------------------------------
pc: 00000264 inst: (00000013) expanded: addi r 0 = r 0 0x0

Cycle         25 ----------------------------------------------------
pc: 00000268 inst: (00000013) expanded: addi r 0 = r 0 0x0

Cycle         26 ----------------------------------------------------
pc: 0000026c inst: (00000013) expanded: addi r 0 = r 0 0x0

Cycle         27 ----------------------------------------------------
pc: 00000270 inst: (00000013) expanded: addi r 0 = r 0 0x0

Cycle         28 ----------------------------------------------------
pc: 00000274 inst: (00000013) expanded: addi r 0 = r 0 0x0

Cycle         29 ----------------------------------------------------
pc: 00000278 inst: (00000013) expanded: addi r 0 = r 0 0x0

Cycle         30 ----------------------------------------------------
pc: 0000027c inst: (00000013) expanded: addi r 0 = r 0 0x0

Cycle         31 ----------------------------------------------------
pc: 00000280 inst: (00000013) expanded: addi r 0 = r 0 0x0

Cycle         32 ----------------------------------------------------
pc: 00000284 inst: (00000013) expanded: addi r 0 = r 0 0x0

Cycle         33 ----------------------------------------------------
pc: 00000288 inst: (00000013) expanded: addi r 0 = r 0 0x0

Cycle         34 ----------------------------------------------------
pc: 0000028c inst: (00000013) expanded: addi r 0 = r 0 0x0

Cycle         35 ----------------------------------------------------
pc: 00000290 inst: (00000013) expanded: addi r 0 = r 0 0x0

Cycle         36 ----------------------------------------------------
pc: 00000294 inst: (00000013) expanded: addi r 0 = r 0 0x0

Cycle         37 ----------------------------------------------------
pc: 00000298 inst: (00000013) expanded: addi r 0 = r 0 0x0

Cycle         38 ----------------------------------------------------
pc: 0000029c inst: (00000013) expanded: addi r 0 = r 0 0x0

Cycle         39 ----------------------------------------------------
pc: 000002a0 inst: (00000013) expanded: addi r 0 = r 0 0x0

Cycle         40 ----------------------------------------------------
pc: 000002a4 inst: (00000013) expanded: addi r 0 = r 0 0x0

Cycle         41 ----------------------------------------------------
pc: 000002a8 inst: (00000013) expanded: addi r 0 = r 0 0x0

Cycle         42 ----------------------------------------------------
pc: 000002ac inst: (00000013) expanded: addi r 0 = r 0 0x0

Cycle         43 ----------------------------------------------------
pc: 000002b0 inst: (00000013) expanded: addi r 0 = r 0 0x0

Cycle         44 ----------------------------------------------------
pc: 000002b4 inst: (00000013) expanded: addi r 0 = r 0 0x0

Cycle         45 ----------------------------------------------------
pc: 000002b8 inst: (00000013) expanded: addi r 0 = r 0 0x0

Cycle         46 ----------------------------------------------------
pc: 000002bc inst: (00000013) expanded: addi r 0 = r 0 0x0

Cycle         47 ----------------------------------------------------
pc: 000002c0 inst: (00000013) expanded: addi r 0 = r 0 0x0

Cycle         48 ----------------------------------------------------
pc: 000002c4 inst: (00000013) expanded: addi r 0 = r 0 0x0

Cycle         49 ----------------------------------------------------
pc: 000002c8 inst: (00000013) expanded: addi r 0 = r 0 0x0

Cycle         50 ----------------------------------------------------
pc: 000002cc inst: (00000013) expanded: addi r 0 = r 0 0x0

Cycle         51 ----------------------------------------------------
pc: 000002d0 inst: (00000013) expanded: addi r 0 = r 0 0x0

Cycle         52 ----------------------------------------------------
pc: 000002d4 inst: (00000013) expanded: addi r 0 = r 0 0x0

Cycle         53 ----------------------------------------------------
pc: 000002d8 inst: (00000013) expanded: addi r 0 = r 0 0x0

Cycle         54 ----------------------------------------------------
pc: 000002dc inst: (00000013) expanded: addi r 0 = r 0 0x0

Cycle         55 ----------------------------------------------------
pc: 000002e0 inst: (00000013) expanded: addi r 0 = r 0 0x0

Cycle         56 ----------------------------------------------------
pc: 000002e4 inst: (00000013) expanded: addi r 0 = r 0 0x0

Cycle         57 ----------------------------------------------------
pc: 000002e8 inst: (00000013) expanded: addi r 0 = r 0 0x0

Cycle         58 ----------------------------------------------------
pc: 000002ec inst: (00000013) expanded: addi r 0 = r 0 0x0

Cycle         59 ----------------------------------------------------
pc: 000002f0 inst: (00000013) expanded: addi r 0 = r 0 0x0

Cycle         60 ----------------------------------------------------
pc: 000002f4 inst: (00000013) expanded: addi r 0 = r 0 0x0

Cycle         61 ----------------------------------------------------
pc: 000002f8 inst: (00000013) expanded: addi r 0 = r 0 0x0

Cycle         62 ----------------------------------------------------
pc: 000002fc inst: (00000013) expanded: addi r 0 = r 0 0x0

Cycle         63 ----------------------------------------------------
pc: 00000300 inst: (00000013) expanded: addi r 0 = r 0 0x0

Cycle         64 ----------------------------------------------------
pc: 00000304 inst: (00000013) expanded: addi r 0 = r 0 0x0

Cycle         65 ----------------------------------------------------
pc: 00000308 inst: (00000013) expanded: addi r 0 = r 0 0x0

Cycle         66 ----------------------------------------------------
pc: 0000030c inst: (00000013) expanded: addi r 0 = r 0 0x0

Cycle         67 ----------------------------------------------------
pc: 00000310 inst: (00000013) expanded: addi r 0 = r 0 0x0

Cycle         68 ----------------------------------------------------
pc: 00000314 inst: (00000013) expanded: addi r 0 = r 0 0x0

Cycle         69 ----------------------------------------------------
pc: 00000318 inst: (00000013) expanded: addi r 0 = r 0 0x0

Cycle         70 ----------------------------------------------------
pc: 0000031c inst: (00000013) expanded: addi r 0 = r 0 0x0

Cycle         71 ----------------------------------------------------
pc: 00000320 inst: (00000013) expanded: addi r 0 = r 0 0x0

Cycle         72 ----------------------------------------------------
pc: 00000324 inst: (00000013) expanded: addi r 0 = r 0 0x0

Cycle         73 ----------------------------------------------------
pc: 00000328 inst: (00000013) expanded: addi r 0 = r 0 0x0

Cycle         74 ----------------------------------------------------
pc: 0000032c inst: (00000013) expanded: addi r 0 = r 0 0x0

Cycle         75 ----------------------------------------------------
pc: 00000330 inst: (00000013) expanded: addi r 0 = r 0 0x0

Cycle         76 ----------------------------------------------------
pc: 00000334 inst: (00000013) expanded: addi r 0 = r 0 0x0

Cycle         77 ----------------------------------------------------
pc: 00000338 inst: (00000013) expanded: addi r 0 = r 0 0x0

Cycle         78 ----------------------------------------------------
pc: 0000033c inst: (00000013) expanded: addi r 0 = r 0 0x0

Cycle         79 ----------------------------------------------------
pc: 00000340 inst: (00000013) expanded: addi r 0 = r 0 0x0

Cycle         80 ----------------------------------------------------
pc: 00000344 inst: (00000013) expanded: addi r 0 = r 0 0x0

Cycle         81 ----------------------------------------------------
pc: 00000348 inst: (00000013) expanded: addi r 0 = r 0 0x0

Cycle         82 ----------------------------------------------------
pc: 0000034c inst: (00000013) expanded: addi r 0 = r 0 0x0

Cycle         83 ----------------------------------------------------
pc: 00000350 inst: (00000013) expanded: addi r 0 = r 0 0x0

Cycle         84 ----------------------------------------------------
pc: 00000354 inst: (00000013) expanded: addi r 0 = r 0 0x0

Cycle         85 ----------------------------------------------------
pc: 00000358 inst: (00000013) expanded: addi r 0 = r 0 0x0

Cycle         86 ----------------------------------------------------
pc: 0000035c inst: (00000013) expanded: addi r 0 = r 0 0x0

Cycle         87 ----------------------------------------------------
pc: 00000360 inst: (00000013) expanded: addi r 0 = r 0 0x0

Cycle         88 ----------------------------------------------------
pc: 00000364 inst: (00000013) expanded: addi r 0 = r 0 0x0

Cycle         89 ----------------------------------------------------
pc: 00000368 inst: (00000013) expanded: addi r 0 = r 0 0x0

Cycle         90 ----------------------------------------------------
pc: 0000036c inst: (00000013) expanded: addi r 0 = r 0 0x0

Cycle         91 ----------------------------------------------------
pc: 00000370 inst: (00000013) expanded: addi r 0 = r 0 0x0

Cycle         92 ----------------------------------------------------
pc: 00000374 inst: (00000013) expanded: addi r 0 = r 0 0x0

Cycle         93 ----------------------------------------------------
pc: 00000378 inst: (00000013) expanded: addi r 0 = r 0 0x0

Cycle         94 ----------------------------------------------------
pc: 0000037c inst: (00000013) expanded: addi r 0 = r 0 0x0

Cycle         95 ----------------------------------------------------
pc: 00000380 inst: (00000013) expanded: addi r 0 = r 0 0x0

Cycle         96 ----------------------------------------------------
pc: 00000384 inst: (00000013) expanded: addi r 0 = r 0 0x0

Cycle         97 ----------------------------------------------------
pc: 00000388 inst: (00000013) expanded: addi r 0 = r 0 0x0

Cycle         98 ----------------------------------------------------
pc: 0000038c inst: (00000013) expanded: addi r 0 = r 0 0x0

Cycle         99 ----------------------------------------------------
pc: 00000390 inst: (00000e13) expanded: addi r28 = r 0 0x0

Cycle        100 ----------------------------------------------------
pc: 00000394 inst: (0040006f) expanded: jal r 0 0x4

Cycle        101 ----------------------------------------------------
pc: 00000398 inst: (c0002573) expanded: csrrs r10 csr0xc00 r 0

Cycle        102 ----------------------------------------------------
pc: 0000039c inst: (c02025f3) expanded: csrrs r11 csr0xc02 r 0

Cycle        103 ----------------------------------------------------
pc: 000003a0 inst: (01051613) expanded: slli r12 = r10 0x10

Cycle        104 ----------------------------------------------------
pc: 000003a4 inst: (01065613) expanded: srli r12 = r12 0x10

Cycle        105 ----------------------------------------------------
pc: 000003a8 inst: (000206b7) expanded: lui r13 0x20000

Cycle        106 ----------------------------------------------------
pc: 000003ac inst: (00d666b3) expanded: or r13 = r12 r13

Cycle        107 ----------------------------------------------------
pc: 000003b0 inst: (78069073) expanded: csrrw r 0 csr0x780 r13

Cycle        108 ----------------------------------------------------
pc: 000003b4 inst: (01055613) expanded: srli r12 = r10 0x10

Cycle        109 ----------------------------------------------------
pc: 000003b8 inst: (000306b7) expanded: lui r13 0x30000

Cycle        110 ----------------------------------------------------
pc: 000003bc inst: (00d666b3) expanded: or r13 = r12 r13

Cycle        111 ----------------------------------------------------
pc: 000003c0 inst: (78069073) expanded: csrrw r 0 csr0x780 r13

Cycle        112 ----------------------------------------------------
pc: 000003c4 inst: (00010637) expanded: lui r12 0x10000

Cycle        113 ----------------------------------------------------
pc: 000003c8 inst: (00a60613) expanded: addi r12 = r12 0xa

Cycle        114 ----------------------------------------------------
pc: 000003cc inst: (78061073) expanded: csrrw r 0 csr0x780 r12

Cycle        115 ----------------------------------------------------
pc: 000003d0 inst: (01059613) expanded: slli r12 = r11 0x10

Cycle        116 ----------------------------------------------------
pc: 000003d4 inst: (01065613) expanded: srli r12 = r12 0x10

Cycle        117 ----------------------------------------------------
pc: 000003d8 inst: (000201b7) expanded: lui r 3 0x20000

Cycle        118 ----------------------------------------------------
pc: 000003dc inst: (003661b3) expanded: or r 3 = r12 r 3

Cycle        119 ----------------------------------------------------
pc: 000003e0 inst: (78019073) expanded: csrrw r 0 csr0x780 r 3

Cycle        120 ----------------------------------------------------
pc: 000003e4 inst: (0105d613) expanded: srli r12 = r11 0x10

Cycle        121 ----------------------------------------------------
pc: 000003e8 inst: (000301b7) expanded: lui r 3 0x30000

Cycle        122 ----------------------------------------------------
pc: 000003ec inst: (003661b3) expanded: or r 3 = r12 r 3

Cycle        123 ----------------------------------------------------
pc: 000003f0 inst: (78019073) expanded: csrrw r 0 csr0x780 r 3

Cycle        124 ----------------------------------------------------
pc: 000003f4 inst: (00010637) expanded: lui r12 0x10000

Cycle        125 ----------------------------------------------------
pc: 000003f8 inst: (00a60613) expanded: addi r12 = r12 0xa

Cycle        126 ----------------------------------------------------
pc: 000003fc inst: (78061073) expanded: csrrw r 0 csr0x780 r12

Cycle        127 ----------------------------------------------------
pc: 00000400 inst: (780e1073) expanded: csrrw r 0 csr0x780 r28

Cycle        128 ----------------------------------------------------
pc: 00000404 inst: (0000006f) expanded: jal r 0 0x0

Cycle        129 ----------------------------------------------------
pc: 00000404 inst: (0000006f) expanded: jal r 0 0x0

Cycle        130 ----------------------------------------------------
pc: 00000404 inst: (0000006f) expanded: jal r 0 0x0

Cycle        131 ----------------------------------------------------
pc: 00000404 inst: (0000006f) expanded: jal r 0 0x0

Cycle        132 ----------------------------------------------------
pc: 00000404 inst: (0000006f) expanded: jal r 0 0x0

Cycle        133 ----------------------------------------------------
pc: 00000404 inst: (0000006f) expanded: jal r 0 0x0

Cycle        134 ----------------------------------------------------
pc: 00000404 inst: (0000006f) expanded: jal r 0 0x0

Cycle        135 ----------------------------------------------------
pc: 00000404 inst: (0000006f) expanded: jal r 0 0x0

Cycle        136 ----------------------------------------------------
pc: 00000404 inst: (0000006f) expanded: jal r 0 0x0

Cycle        137 ----------------------------------------------------
pc: 00000404 inst: (0000006f) expanded: jal r 0 0x0

Cycle        138 ----------------------------------------------------
pc: 00000404 inst: (0000006f) expanded: jal r 0 0x0

Cycle        139 ----------------------------------------------------
pc: 00000404 inst: (0000006f) expanded: jal r 0 0x0

Cycle        140 ----------------------------------------------------
pc: 00000404 inst: (0000006f) expanded: jal r 0 0x0

Cycle        141 ----------------------------------------------------
pc: 00000404 inst: (0000006f) expanded: jal r 0 0x0

Cycle        142 ----------------------------------------------------
pc: 00000404 inst: (0000006f) expanded: jal r 0 0x0

Cycle        143 ----------------------------------------------------
pc: 00000404 inst: (0000006f) expanded: jal r 0 0x0

Cycle        144 ----------------------------------------------------
pc: 00000404 inst: (0000006f) expanded: jal r 0 0x0

Cycle        145 ----------------------------------------------------
pc: 00000404 inst: (0000006f) expanded: jal r 0 0x0

Cycle        146 ----------------------------------------------------
pc: 00000404 inst: (0000006f) expanded: jal r 0 0x0

Cycle        147 ----------------------------------------------------
pc: 00000404 inst: (0000006f) expanded: jal r 0 0x0

Cycle        148 ----------------------------------------------------
pc: 00000404 inst: (0000006f) expanded: jal r 0 0x0

Cycle        149 ----------------------------------------------------
pc: 00000404 inst: (0000006f) expanded: jal r 0 0x0

Cycle        150 ----------------------------------------------------
pc: 00000404 inst: (0000006f) expanded: jal r 0 0x0

Cycle        151 ----------------------------------------------------
pc: 00000404 inst: (0000006f) expanded: jal r 0 0x0

Cycle        152 ----------------------------------------------------
pc: 00000404 inst: (0000006f) expanded: jal r 0 0x0

Cycle        153 ----------------------------------------------------
pc: 00000404 inst: (0000006f) expanded: jal r 0 0x0

Cycle        154 ----------------------------------------------------
pc: 00000404 inst: (0000006f) expanded: jal r 0 0x0

Cycle        155 ----------------------------------------------------
pc: 00000404 inst: (0000006f) expanded: jal r 0 0x0

Cycle        156 ----------------------------------------------------
pc: 00000404 inst: (0000006f) expanded: jal r 0 0x0

Cycle        157 ----------------------------------------------------
pc: 00000404 inst: (0000006f) expanded: jal r 0 0x0

Cycle        158 ----------------------------------------------------
pc: 00000404 inst: (0000006f) expanded: jal r 0 0x0

Cycle        159 ----------------------------------------------------
pc: 00000404 inst: (0000006f) expanded: jal r 0 0x0

Cycle        160 ----------------------------------------------------
pc: 00000404 inst: (0000006f) expanded: jal r 0 0x0

Cycle        161 ----------------------------------------------------
pc: 00000404 inst: (0000006f) expanded: jal r 0 0x0

Cycle        162 ----------------------------------------------------
pc: 00000404 inst: (0000006f) expanded: jal r 0 0x0

Cycle        163 ----------------------------------------------------
pc: 00000404 inst: (0000006f) expanded: jal r 0 0x0

Cycle        164 ----------------------------------------------------
pc: 00000404 inst: (0000006f) expanded: jal r 0 0x0

Cycle        165 ----------------------------------------------------
pc: 00000404 inst: (0000006f) expanded: jal r 0 0x0

Cycle        166 ----------------------------------------------------
pc: 00000404 inst: (0000006f) expanded: jal r 0 0x0

Cycle        167 ----------------------------------------------------
pc: 00000404 inst: (0000006f) expanded: jal r 0 0x0

Cycle        168 ----------------------------------------------------
pc: 00000404 inst: (0000006f) expanded: jal r 0 0x0

Cycle        169 ----------------------------------------------------
pc: 00000404 inst: (0000006f) expanded: jal r 0 0x0

Cycle        170 ----------------------------------------------------
pc: 00000404 inst: (0000006f) expanded: jal r 0 0x0

Cycle        171 ----------------------------------------------------
pc: 00000404 inst: (0000006f) expanded: jal r 0 0x0

Cycle        172 ----------------------------------------------------
pc: 00000404 inst: (0000006f) expanded: jal r 0 0x0

Cycle        173 ----------------------------------------------------
pc: 00000404 inst: (0000006f) expanded: jal r 0 0x0

Cycle        174 ----------------------------------------------------
pc: 00000404 inst: (0000006f) expanded: jal r 0 0x0

Cycle        175 ----------------------------------------------------
pc: 00000404 inst: (0000006f) expanded: jal r 0 0x0

Cycle        176 ----------------------------------------------------
pc: 00000404 inst: (0000006f) expanded: jal r 0 0x0

Cycle        177 ----------------------------------------------------
pc: 00000404 inst: (0000006f) expanded: jal r 0 0x0

Cycle        178 ----------------------------------------------------
pc: 00000404 inst: (0000006f) expanded: jal r 0 0x0

Cycle        179 ----------------------------------------------------
pc: 00000404 inst: (0000006f) expanded: jal r 0 0x0

Cycle        180 ----------------------------------------------------
pc: 00000404 inst: (0000006f) expanded: jal r 0 0x0

Cycle        181 ----------------------------------------------------
pc: 00000404 inst: (0000006f) expanded: jal r 0 0x0

Cycle        182 ----------------------------------------------------
pc: 00000404 inst: (0000006f) expanded: jal r 0 0x0

Cycle        183 ----------------------------------------------------
pc: 00000404 inst: (0000006f) expanded: jal r 0 0x0

Cycle        184 ----------------------------------------------------
pc: 00000404 inst: (0000006f) expanded: jal r 0 0x0

Cycle        185 ----------------------------------------------------
pc: 00000404 inst: (0000006f) expanded: jal r 0 0x0

Cycle        186 ----------------------------------------------------
pc: 00000404 inst: (0000006f) expanded: jal r 0 0x0

Cycle        187 ----------------------------------------------------
pc: 00000404 inst: (0000006f) expanded: jal r 0 0x0

Cycle        188 ----------------------------------------------------
pc: 00000404 inst: (0000006f) expanded: jal r 0 0x0

Cycle        189 ----------------------------------------------------
pc: 00000404 inst: (0000006f) expanded: jal r 0 0x0

Cycle        190 ----------------------------------------------------
pc: 00000404 inst: (0000006f) expanded: jal r 0 0x0

Cycle        191 ----------------------------------------------------
pc: 00000404 inst: (0000006f) expanded: jal r 0 0x0

Cycle        192 ----------------------------------------------------
pc: 00000404 inst: (0000006f) expanded: jal r 0 0x0

Cycle        193 ----------------------------------------------------
pc: 00000404 inst: (0000006f) expanded: jal r 0 0x0

Cycle        194 ----------------------------------------------------
pc: 00000404 inst: (0000006f) expanded: jal r 0 0x0

Cycle        195 ----------------------------------------------------
pc: 00000404 inst: (0000006f) expanded: jal r 0 0x0

Cycle        196 ----------------------------------------------------
pc: 00000404 inst: (0000006f) expanded: jal r 0 0x0

Cycle        197 ----------------------------------------------------
pc: 00000404 inst: (0000006f) expanded: jal r 0 0x0

Cycle        198 ----------------------------------------------------
pc: 00000404 inst: (0000006f) expanded: jal r 0 0x0

Cycle        199 ----------------------------------------------------
pc: 00000404 inst: (0000006f) expanded: jal r 0 0x0

Cycle        200 ----------------------------------------------------
pc: 00000404 inst: (0000006f) expanded: jal r 0 0x0

Cycle        201 ----------------------------------------------------
pc: 00000404 inst: (0000006f) expanded: jal r 0 0x0

Cycle        202 ----------------------------------------------------
pc: 00000404 inst: (0000006f) expanded: jal r 0 0x0

Cycle        203 ----------------------------------------------------
pc: 00000404 inst: (0000006f) expanded: jal r 0 0x0

Cycle        204 ----------------------------------------------------
pc: 00000404 inst: (0000006f) expanded: jal r 0 0x0

Cycle        205 ----------------------------------------------------
pc: 00000404 inst: (0000006f) expanded: jal r 0 0x0

Cycle        206 ----------------------------------------------------
pc: 00000404 inst: (0000006f) expanded: jal r 0 0x0

Cycle        207 ----------------------------------------------------
pc: 00000404 inst: (0000006f) expanded: jal r 0 0x0

Cycle        208 ----------------------------------------------------
simulator calling $finish
