make -C bluesim --no-print-directory run
LD_PRELOAD=libSegFault.so SEGFAULT_USE_ALTSTACK=1 SEGFAULT_OUTPUT_NAME=bin/bsimexe-segv-output.txt  ./bin/ubuntu.exe ; retcode=$?; exit $retcode
Start testbench:
Warning: file 'mem.vmh' for memory 'mem' has a gap at addresses 64 to 65535.
Warning: file 'mem.vmh' for memory 'mem' has a gap at addresses 64 to 65535.
[init_xsim:61]
[init_xsim:61]
Processor startedXsimTop starting
Received software req to start pc

Start at pc 200

pc: 00000200 inst: (00002517) expanded: auipc r10 0x2000

Cycle          0 ----------------------------------------------------
pc: 00000204 inst: (71c50513) expanded: addi r10 = r10 0x71c

Cycle          1 ----------------------------------------------------
pc: 00000208 inst: (004005ef) expanded: jal r11 0x4

Cycle          2 ----------------------------------------------------
pc: 0000020c inst: (40b50533) expanded: sub r10 = r10 r11

Cycle          3 ----------------------------------------------------
pc: 00000210 inst: (00002eb7) expanded: lui r29 0x2000

Cycle          4 ----------------------------------------------------
pc: 00000214 inst: (710e8e93) expanded: addi r29 = r29 0x710

Cycle          5 ----------------------------------------------------
pc: 00000218 inst: (00200e13) expanded: addi r28 = r 0 0x2

Cycle          6 ----------------------------------------------------
pc: 0000021c inst: (03d51663) expanded: bne r10 r29 0x2c

Cycle          7 ----------------------------------------------------
pc: 00000220 inst: (ffffe517) expanded: auipc r10 0xffffe000

Cycle          8 ----------------------------------------------------
pc: 00000224 inst: (8fc50513) expanded: addi r10 = r10 0xfffff8fc

Cycle          9 ----------------------------------------------------
pc: 00000228 inst: (004005ef) expanded: jal r11 0x4

Cycle         10 ----------------------------------------------------
pc: 0000022c inst: (40b50533) expanded: sub r10 = r10 r11

Cycle         11 ----------------------------------------------------
pc: 00000230 inst: (ffffeeb7) expanded: lui r29 0xffffe000

Cycle         12 ----------------------------------------------------
pc: 00000234 inst: (8f0e8e93) expanded: addi r29 = r29 0xfffff8f0

Cycle         13 ----------------------------------------------------
pc: 00000238 inst: (00300e13) expanded: addi r28 = r 0 0x3

Cycle         14 ----------------------------------------------------
pc: 0000023c inst: (01d51663) expanded: bne r10 r29 0xc

Cycle         15 ----------------------------------------------------
pc: 00000240 inst: (01c01663) expanded: bne r 0 r28 0xc

Cycle         16 ----------------------------------------------------
pc: 0000024c inst: (00000e13) expanded: addi r28 = r 0 0x0

Cycle         17 ----------------------------------------------------
pc: 00000250 inst: (0040006f) expanded: jal r 0 0x4

Cycle         18 ----------------------------------------------------
pc: 00000254 inst: (c0002573) expanded: csrrs r10 csr0xc00 r 0

Cycle         19 ----------------------------------------------------
pc: 00000258 inst: (c02025f3) expanded: csrrs r11 csr0xc02 r 0

Cycle         20 ----------------------------------------------------
pc: 0000025c inst: (01051613) expanded: slli r12 = r10 0x10

Cycle         21 ----------------------------------------------------
pc: 00000260 inst: (01065613) expanded: srli r12 = r12 0x10

Cycle         22 ----------------------------------------------------
pc: 00000264 inst: (000206b7) expanded: lui r13 0x20000

Cycle         23 ----------------------------------------------------
pc: 00000268 inst: (00d666b3) expanded: or r13 = r12 r13

Cycle         24 ----------------------------------------------------
pc: 0000026c inst: (78069073) expanded: csrrw r 0 csr0x780 r13

Cycle         25 ----------------------------------------------------
pc: 00000270 inst: (01055613) expanded: srli r12 = r10 0x10

Cycle         26 ----------------------------------------------------
pc: 00000274 inst: (000306b7) expanded: lui r13 0x30000

Cycle         27 ----------------------------------------------------
pc: 00000278 inst: (00d666b3) expanded: or r13 = r12 r13

Cycle         28 ----------------------------------------------------
pc: 0000027c inst: (78069073) expanded: csrrw r 0 csr0x780 r13

Cycle         29 ----------------------------------------------------
pc: 00000280 inst: (00010637) expanded: lui r12 0x10000

Cycle         30 ----------------------------------------------------
pc: 00000284 inst: (00a60613) expanded: addi r12 = r12 0xa

Cycle         31 ----------------------------------------------------
pc: 00000288 inst: (78061073) expanded: csrrw r 0 csr0x780 r12

Cycle         32 ----------------------------------------------------
pc: 0000028c inst: (01059613) expanded: slli r12 = r11 0x10

Cycle         33 ----------------------------------------------------
pc: 00000290 inst: (01065613) expanded: srli r12 = r12 0x10

Cycle         34 ----------------------------------------------------
pc: 00000294 inst: (000201b7) expanded: lui r 3 0x20000

Cycle         35 ----------------------------------------------------
pc: 00000298 inst: (003661b3) expanded: or r 3 = r12 r 3

Cycle         36 ----------------------------------------------------
pc: 0000029c inst: (78019073) expanded: csrrw r 0 csr0x780 r 3

Cycle         37 ----------------------------------------------------
pc: 000002a0 inst: (0105d613) expanded: srli r12 = r11 0x10

Cycle         38 ----------------------------------------------------
pc: 000002a4 inst: (000301b7) expanded: lui r 3 0x30000

Cycle         39 ----------------------------------------------------
pc: 000002a8 inst: (003661b3) expanded: or r 3 = r12 r 3

Cycle         40 ----------------------------------------------------
pc: 000002ac inst: (78019073) expanded: csrrw r 0 csr0x780 r 3

Cycle         41 ----------------------------------------------------
pc: 000002b0 inst: (00010637) expanded: lui r12 0x10000

Cycle         42 ----------------------------------------------------
pc: 000002b4 inst: (00a60613) expanded: addi r12 = r12 0xa

Cycle         43 ----------------------------------------------------
pc: 000002b8 inst: (78061073) expanded: csrrw r 0 csr0x780 r12

Cycle         44 ----------------------------------------------------
pc: 000002bc inst: (780e1073) expanded: csrrw r 0 csr0x780 r28

Cycle         45 ----------------------------------------------------
pc: 000002c0 inst: (0000006f) expanded: jal r 0 0x0

Cycle         46 ----------------------------------------------------
pc: 000002c0 inst: (0000006f) expanded: jal r 0 0x0

Cycle         47 ----------------------------------------------------
pc: 000002c0 inst: (0000006f) expanded: jal r 0 0x0

Cycle         48 ----------------------------------------------------
pc: 000002c0 inst: (0000006f) expanded: jal r 0 0x0

Cycle         49 ----------------------------------------------------
pc: 000002c0 inst: (0000006f) expanded: jal r 0 0x0

Cycle         50 ----------------------------------------------------
pc: 000002c0 inst: (0000006f) expanded: jal r 0 0x0

Cycle         51 ----------------------------------------------------
pc: 000002c0 inst: (0000006f) expanded: jal r 0 0x0

Cycle         52 ----------------------------------------------------
pc: 000002c0 inst: (0000006f) expanded: jal r 0 0x0

Cycle         53 ----------------------------------------------------
pc: 000002c0 inst: (0000006f) expanded: jal r 0 0x0

Cycle         54 ----------------------------------------------------
pc: 000002c0 inst: (0000006f) expanded: jal r 0 0x0

Cycle         55 ----------------------------------------------------
pc: 000002c0 inst: (0000006f) expanded: jal r 0 0x0

Cycle         56 ----------------------------------------------------
pc: 000002c0 inst: (0000006f) expanded: jal r 0 0x0

Cycle         57 ----------------------------------------------------
pc: 000002c0 inst: (0000006f) expanded: jal r 0 0x0

Cycle         58 ----------------------------------------------------
pc: 000002c0 inst: (0000006f) expanded: jal r 0 0x0

Cycle         59 ----------------------------------------------------
pc: 000002c0 inst: (0000006f) expanded: jal r 0 0x0

Cycle         60 ----------------------------------------------------
pc: 000002c0 inst: (0000006f) expanded: jal r 0 0x0

Cycle         61 ----------------------------------------------------
pc: 000002c0 inst: (0000006f) expanded: jal r 0 0x0

Cycle         62 ----------------------------------------------------
pc: 000002c0 inst: (0000006f) expanded: jal r 0 0x0

Cycle         63 ----------------------------------------------------
pc: 000002c0 inst: (0000006f) expanded: jal r 0 0x0

Cycle         64 ----------------------------------------------------
pc: 000002c0 inst: (0000006f) expanded: jal r 0 0x0

Cycle         65 ----------------------------------------------------
pc: 000002c0 inst: (0000006f) expanded: jal r 0 0x0

Cycle         66 ----------------------------------------------------
pc: 000002c0 inst: (0000006f) expanded: jal r 0 0x0

Cycle         67 ----------------------------------------------------
pc: 000002c0 inst: (0000006f) expanded: jal r 0 0x0

Cycle         68 ----------------------------------------------------
pc: 000002c0 inst: (0000006f) expanded: jal r 0 0x0

Cycle         69 ----------------------------------------------------
pc: 000002c0 inst: (0000006f) expanded: jal r 0 0x0

Cycle         70 ----------------------------------------------------
pc: 000002c0 inst: (0000006f) expanded: jal r 0 0x0

Cycle         71 ----------------------------------------------------
pc: 000002c0 inst: (0000006f) expanded: jal r 0 0x0

Cycle         72 ----------------------------------------------------
pc: 000002c0 inst: (0000006f) expanded: jal r 0 0x0

Cycle         73 ----------------------------------------------------
pc: 000002c0 inst: (0000006f) expanded: jal r 0 0x0

Cycle         74 ----------------------------------------------------
pc: 000002c0 inst: (0000006f) expanded: jal r 0 0x0

Cycle         75 ----------------------------------------------------
pc: 000002c0 inst: (0000006f) expanded: jal r 0 0x0

Cycle         76 ----------------------------------------------------
pc: 000002c0 inst: (0000006f) expanded: jal r 0 0x0

Cycle         77 ----------------------------------------------------
pc: 000002c0 inst: (0000006f) expanded: jal r 0 0x0

Cycle         78 ----------------------------------------------------
pc: 000002c0 inst: (0000006f) expanded: jal r 0 0x0

Cycle         79 ----------------------------------------------------
pc: 000002c0 inst: (0000006f) expanded: jal r 0 0x0

Cycle         80 ----------------------------------------------------
pc: 000002c0 inst: (0000006f) expanded: jal r 0 0x0

Cycle         81 ----------------------------------------------------
pc: 000002c0 inst: (0000006f) expanded: jal r 0 0x0

Cycle         82 ----------------------------------------------------
pc: 000002c0 inst: (0000006f) expanded: jal r 0 0x0

Cycle         83 ----------------------------------------------------
pc: 000002c0 inst: (0000006f) expanded: jal r 0 0x0

Cycle         84 ----------------------------------------------------
pc: 000002c0 inst: (0000006f) expanded: jal r 0 0x0

Cycle         85 ----------------------------------------------------
pc: 000002c0 inst: (0000006f) expanded: jal r 0 0x0

Cycle         86 ----------------------------------------------------
pc: 000002c0 inst: (0000006f) expanded: jal r 0 0x0

Cycle         87 ----------------------------------------------------
pc: 000002c0 inst: (0000006f) expanded: jal r 0 0x0

Cycle         88 ----------------------------------------------------
pc: 000002c0 inst: (0000006f) expanded: jal r 0 0x0

Cycle         89 ----------------------------------------------------
pc: 000002c0 inst: (0000006f) expanded: jal r 0 0x0

Cycle         90 ----------------------------------------------------
pc: 000002c0 inst: (0000006f) expanded: jal r 0 0x0

Cycle         91 ----------------------------------------------------
pc: 000002c0 inst: (0000006f) expanded: jal r 0 0x0

Cycle         92 ----------------------------------------------------
pc: 000002c0 inst: (0000006f) expanded: jal r 0 0x0

Cycle         93 ----------------------------------------------------
pc: 000002c0 inst: (0000006f) expanded: jal r 0 0x0

Cycle         94 ----------------------------------------------------
pc: 000002c0 inst: (0000006f) expanded: jal r 0 0x0

Cycle         95 ----------------------------------------------------
pc: 000002c0 inst: (0000006f) expanded: jal r 0 0x0

Cycle         96 ----------------------------------------------------
pc: 000002c0 inst: (0000006f) expanded: jal r 0 0x0

Cycle         97 ----------------------------------------------------
pc: 000002c0 inst: (0000006f) expanded: jal r 0 0x0

Cycle         98 ----------------------------------------------------
pc: 000002c0 inst: (0000006f) expanded: jal r 0 0x0

Cycle         99 ----------------------------------------------------
pc: 000002c0 inst: (0000006f) expanded: jal r 0 0x0

Cycle        100 ----------------------------------------------------
pc: 000002c0 inst: (0000006f) expanded: jal r 0 0x0

Cycle        101 ----------------------------------------------------
pc: 000002c0 inst: (0000006f) expanded: jal r 0 0x0

Cycle        102 ----------------------------------------------------
pc: 000002c0 inst: (0000006f) expanded: jal r 0 0x0

Cycle        103 ----------------------------------------------------
pc: 000002c0 inst: (0000006f) expanded: jal r 0 0x0

Cycle        104 ----------------------------------------------------
pc: 000002c0 inst: (0000006f) expanded: jal r 0 0x0

Cycle        105 ----------------------------------------------------
pc: 000002c0 inst: (0000006f) expanded: jal r 0 0x0

Cycle        106 ----------------------------------------------------
pc: 000002c0 inst: (0000006f) expanded: jal r 0 0x0

Cycle        107 ----------------------------------------------------
pc: 000002c0 inst: (0000006f) expanded: jal r 0 0x0

Cycle        108 ----------------------------------------------------
pc: 000002c0 inst: (0000006f) expanded: jal r 0 0x0

Cycle        109 ----------------------------------------------------
pc: 000002c0 inst: (0000006f) expanded: jal r 0 0x0

Cycle        110 ----------------------------------------------------
pc: 000002c0 inst: (0000006f) expanded: jal r 0 0x0

Cycle        111 ----------------------------------------------------
pc: 000002c0 inst: (0000006f) expanded: jal r 0 0x0

Cycle        112 ----------------------------------------------------
pc: 000002c0 inst: (0000006f) expanded: jal r 0 0x0

Cycle        113 ----------------------------------------------------
pc: 000002c0 inst: (0000006f) expanded: jal r 0 0x0

Cycle        114 ----------------------------------------------------
pc: 000002c0 inst: (0000006f) expanded: jal r 0 0x0

Cycle        115 ----------------------------------------------------
pc: 000002c0 inst: (0000006f) expanded: jal r 0 0x0

Cycle        116 ----------------------------------------------------
pc: 000002c0 inst: (0000006f) expanded: jal r 0 0x0

Cycle        117 ----------------------------------------------------
pc: 000002c0 inst: (0000006f) expanded: jal r 0 0x0

Cycle        118 ----------------------------------------------------
pc: 000002c0 inst: (0000006f) expanded: jal r 0 0x0

Cycle        119 ----------------------------------------------------
pc: 000002c0 inst: (0000006f) expanded: jal r 0 0x0

Cycle        120 ----------------------------------------------------
pc: 000002c0 inst: (0000006f) expanded: jal r 0 0x0

Cycle        121 ----------------------------------------------------
pc: 000002c0 inst: (0000006f) expanded: jal r 0 0x0

Cycle        122 ----------------------------------------------------
pc: 000002c0 inst: (0000006f) expanded: jal r 0 0x0

Cycle        123 ----------------------------------------------------
pc: 000002c0 inst: (0000006f) expanded: jal r 0 0x0

Cycle        124 ----------------------------------------------------
pc: 000002c0 inst: (0000006f) expanded: jal r 0 0x0

Cycle        125 ----------------------------------------------------
pc: 000002c0 inst: (0000006f) expanded: jal r 0 0x0

Cycle        126 ----------------------------------------------------
pc: 000002c0 inst: (0000006f) expanded: jal r 0 0x0

Cycle        127 ----------------------------------------------------
pc: 000002c0 inst: (0000006f) expanded: jal r 0 0x0

Cycle        128 ----------------------------------------------------
pc: 000002c0 inst: (0000006f) expanded: jal r 0 0x0

Cycle        129 ----------------------------------------------------
pc: 000002c0 inst: (0000006f) expanded: jal r 0 0x0

Cycle        130 ----------------------------------------------------
pc: 000002c0 inst: (0000006f) expanded: jal r 0 0x0

Cycle        131 ----------------------------------------------------
pc: 000002c0 inst: (0000006f) expanded: jal r 0 0x0

Cycle        132 ----------------------------------------------------
pc: 000002c0 inst: (0000006f) expanded: jal r 0 0x0

Cycle        133 ----------------------------------------------------
pc: 000002c0 inst: (0000006f) expanded: jal r 0 0x0

Cycle        134 ----------------------------------------------------
pc: 000002c0 inst: (0000006f) expanded: jal r 0 0x0

Cycle        135 ----------------------------------------------------
pc: 000002c0 inst: (0000006f) expanded: jal r 0 0x0

Cycle        136 ----------------------------------------------------
pc: 000002c0 inst: (0000006f) expanded: jal r 0 0x0

Cycle        137 ----------------------------------------------------
pc: 000002c0 inst: (0000006f) expanded: jal r 0 0x0

Cycle        138 ----------------------------------------------------
pc: 000002c0 inst: (0000006f) expanded: jal r 0 0x0

Cycle        139 ----------------------------------------------------
pc: 000002c0 inst: (0000006f) expanded: jal r 0 0x0

Cycle        140 ----------------------------------------------------
pc: 000002c0 inst: (0000006f) expanded: jal r 0 0x0

Cycle        141 ----------------------------------------------------
pc: 000002c0 inst: (0000006f) expanded: jal r 0 0x0

Cycle        142 ----------------------------------------------------
pc: 000002c0 inst: (0000006f) expanded: jal r 0 0x0

Cycle        143 ----------------------------------------------------
pc: 000002c0 inst: (0000006f) expanded: jal r 0 0x0

Cycle        144 ----------------------------------------------------
pc: 000002c0 inst: (0000006f) expanded: jal r 0 0x0

Cycle        145 ----------------------------------------------------
pc: 000002c0 inst: (0000006f) expanded: jal r 0 0x0

Cycle        146 ----------------------------------------------------
pc: 000002c0 inst: (0000006f) expanded: jal r 0 0x0

Cycle        147 ----------------------------------------------------
pc: 000002c0 inst: (0000006f) expanded: jal r 0 0x0

Cycle        148 ----------------------------------------------------
pc: 000002c0 inst: (0000006f) expanded: jal r 0 0x0

Cycle        149 ----------------------------------------------------
pc: 000002c0 inst: (0000006f) expanded: jal r 0 0x0

Cycle        150 ----------------------------------------------------
pc: 000002c0 inst: (0000006f) expanded: jal r 0 0x0

Cycle        151 ----------------------------------------------------
pc: 000002c0 inst: (0000006f) expanded: jal r 0 0x0

Cycle        152 ----------------------------------------------------
pc: 000002c0 inst: (0000006f) expanded: jal r 0 0x0

Cycle        153 ----------------------------------------------------
pc: 000002c0 inst: (0000006f) expanded: jal r 0 0x0

Cycle        154 ----------------------------------------------------
pc: 000002c0 inst: (0000006f) expanded: jal r 0 0x0

Cycle        155 ----------------------------------------------------
pc: 000002c0 inst: (0000006f) expanded: jal r 0 0x0

Cycle        156 ----------------------------------------------------
pc: 000002c0 inst: (0000006f) expanded: jal r 0 0x0

Cycle        157 ----------------------------------------------------
pc: 000002c0 inst: (0000006f) expanded: jal r 0 0x0

Cycle        158 ----------------------------------------------------
pc: 000002c0 inst: (0000006f) expanded: jal r 0 0x0

Cycle        159 ----------------------------------------------------
pc: 000002c0 inst: (0000006f) expanded: jal r 0 0x0

Cycle        160 ----------------------------------------------------
pc: 000002c0 inst: (0000006f) expanded: jal r 0 0x0

Cycle        161 ----------------------------------------------------
pc: 000002c0 inst: (0000006f) expanded: jal r 0 0x0

Cycle        162 ----------------------------------------------------
pc: 000002c0 inst: (0000006f) expanded: jal r 0 0x0

Cycle        163 ----------------------------------------------------
pc: 000002c0 inst: (0000006f) expanded: jal r 0 0x0

Cycle        164 ----------------------------------------------------
pc: 000002c0 inst: (0000006f) expanded: jal r 0 0x0

Cycle        165 ----------------------------------------------------
pc: 000002c0 inst: (0000006f) expanded: jal r 0 0x0

Cycle        166 ----------------------------------------------------
pc: 000002c0 inst: (0000006f) expanded: jal r 0 0x0

Cycle        167 ----------------------------------------------------
pc: 000002c0 inst: (0000006f) expanded: jal r 0 0x0

Cycle        168 ----------------------------------------------------
pc: 000002c0 inst: (0000006f) expanded: jal r 0 0x0

Cycle        169 ----------------------------------------------------
pc: 000002c0 inst: (0000006f) expanded: jal r 0 0x0

Cycle        170 ----------------------------------------------------
pc: 000002c0 inst: (0000006f) expanded: jal r 0 0x0

Cycle        171 ----------------------------------------------------
pc: 000002c0 inst: (0000006f) expanded: jal r 0 0x0

Cycle        172 ----------------------------------------------------
pc: 000002c0 inst: (0000006f) expanded: jal r 0 0x0

Cycle        173 ----------------------------------------------------
pc: 000002c0 inst: (0000006f) expanded: jal r 0 0x0

Cycle        174 ----------------------------------------------------
pc: 000002c0 inst: (0000006f) expanded: jal r 0 0x0

Cycle        175 ----------------------------------------------------
pc: 000002c0 inst: (0000006f) expanded: jal r 0 0x0

Cycle        176 ----------------------------------------------------
pc: 000002c0 inst: (0000006f) expanded: jal r 0 0x0

Cycle        177 ----------------------------------------------------
simulator calling $finish
