make -C bluesim --no-print-directory run
LD_PRELOAD=libSegFault.so SEGFAULT_USE_ALTSTACK=1 SEGFAULT_OUTPUT_NAME=bin/bsimexe-segv-output.txt  ./bin/ubuntu.exe ; retcode=$?; exit $retcode
Start testbench:
Warning: file 'mem.vmh' for memory 'mem' has a gap at addresses 900 to 65535.
Warning: file 'mem.vmh' for memory 'mem' has a gap at addresses 900 to 65535.
[init_xsim:61]
[init_xsim:61]
Processor startedXsimTop starting
Received software req to start pc

Start at pc 200

pc: 00000200 inst: (00001097) expanded: auipc r 1 0x1000

Cycle          0 ----------------------------------------------------
pc: 00000204 inst: (e0008093) expanded: addi r 1 = r 1 0xfffffe00

Cycle          1 ----------------------------------------------------
pc: 00000208 inst: (0000a183) expanded: lw r 3 = [r 1 0x0]

Cycle          2 ----------------------------------------------------
pc: 0000020c inst: (00ff0eb7) expanded: lui r29 0xff0000

Cycle          3 ----------------------------------------------------
pc: 00000210 inst: (0ffe8e93) expanded: addi r29 = r29 0xff

Cycle          4 ----------------------------------------------------
pc: 00000214 inst: (00200e13) expanded: addi r28 = r 0 0x2

Cycle          5 ----------------------------------------------------
pc: 00000218 inst: (27d19c63) expanded: bne r 3 r29 0x278

Cycle          6 ----------------------------------------------------
pc: 00000490 inst: (00c0006f) expanded: jal r 0 0xc

Cycle          7 ----------------------------------------------------
pc: 0000049c inst: (c0002573) expanded: csrrs r10 csr0xc00 r 0

Cycle          8 ----------------------------------------------------
pc: 000004a0 inst: (c02025f3) expanded: csrrs r11 csr0xc02 r 0

Cycle          9 ----------------------------------------------------
pc: 000004a4 inst: (01051613) expanded: slli r12 = r10 0x10

Cycle         10 ----------------------------------------------------
pc: 000004a8 inst: (01065613) expanded: srli r12 = r12 0x10

Cycle         11 ----------------------------------------------------
pc: 000004ac inst: (000206b7) expanded: lui r13 0x20000

Cycle         12 ----------------------------------------------------
pc: 000004b0 inst: (00d666b3) expanded: or r13 = r12 r13

Cycle         13 ----------------------------------------------------
pc: 000004b4 inst: (78069073) expanded: csrrw r 0 csr0x780 r13

Cycle         14 ----------------------------------------------------
pc: 000004b8 inst: (01055613) expanded: srli r12 = r10 0x10

Cycle         15 ----------------------------------------------------
pc: 000004bc inst: (000306b7) expanded: lui r13 0x30000

Cycle         16 ----------------------------------------------------
pc: 000004c0 inst: (00d666b3) expanded: or r13 = r12 r13

Cycle         17 ----------------------------------------------------
pc: 000004c4 inst: (78069073) expanded: csrrw r 0 csr0x780 r13

Cycle         18 ----------------------------------------------------
pc: 000004c8 inst: (00010637) expanded: lui r12 0x10000

Cycle         19 ----------------------------------------------------
pc: 000004cc inst: (00a60613) expanded: addi r12 = r12 0xa

Cycle         20 ----------------------------------------------------
pc: 000004d0 inst: (78061073) expanded: csrrw r 0 csr0x780 r12

Cycle         21 ----------------------------------------------------
pc: 000004d4 inst: (01059613) expanded: slli r12 = r11 0x10

Cycle         22 ----------------------------------------------------
pc: 000004d8 inst: (01065613) expanded: srli r12 = r12 0x10

Cycle         23 ----------------------------------------------------
pc: 000004dc inst: (000201b7) expanded: lui r 3 0x20000

Cycle         24 ----------------------------------------------------
pc: 000004e0 inst: (003661b3) expanded: or r 3 = r12 r 3

Cycle         25 ----------------------------------------------------
pc: 000004e4 inst: (78019073) expanded: csrrw r 0 csr0x780 r 3

Cycle         26 ----------------------------------------------------
pc: 000004e8 inst: (0105d613) expanded: srli r12 = r11 0x10

Cycle         27 ----------------------------------------------------
pc: 000004ec inst: (000301b7) expanded: lui r 3 0x30000

Cycle         28 ----------------------------------------------------
pc: 000004f0 inst: (003661b3) expanded: or r 3 = r12 r 3

Cycle         29 ----------------------------------------------------
pc: 000004f4 inst: (78019073) expanded: csrrw r 0 csr0x780 r 3

Cycle         30 ----------------------------------------------------
pc: 000004f8 inst: (00010637) expanded: lui r12 0x10000

Cycle         31 ----------------------------------------------------
pc: 000004fc inst: (00a60613) expanded: addi r12 = r12 0xa

Cycle         32 ----------------------------------------------------
pc: 00000500 inst: (78061073) expanded: csrrw r 0 csr0x780 r12

Cycle         33 ----------------------------------------------------
pc: 00000504 inst: (780e1073) expanded: csrrw r 0 csr0x780 r28

Cycle         34 ----------------------------------------------------
pc: 00000508 inst: (0000006f) expanded: jal r 0 0x0

Cycle         35 ----------------------------------------------------
pc: 00000508 inst: (0000006f) expanded: jal r 0 0x0

Cycle         36 ----------------------------------------------------
pc: 00000508 inst: (0000006f) expanded: jal r 0 0x0

Cycle         37 ----------------------------------------------------
pc: 00000508 inst: (0000006f) expanded: jal r 0 0x0

Cycle         38 ----------------------------------------------------
pc: 00000508 inst: (0000006f) expanded: jal r 0 0x0

Cycle         39 ----------------------------------------------------
pc: 00000508 inst: (0000006f) expanded: jal r 0 0x0

Cycle         40 ----------------------------------------------------
pc: 00000508 inst: (0000006f) expanded: jal r 0 0x0

Cycle         41 ----------------------------------------------------
pc: 00000508 inst: (0000006f) expanded: jal r 0 0x0

Cycle         42 ----------------------------------------------------
pc: 00000508 inst: (0000006f) expanded: jal r 0 0x0

Cycle         43 ----------------------------------------------------
pc: 00000508 inst: (0000006f) expanded: jal r 0 0x0

Cycle         44 ----------------------------------------------------
pc: 00000508 inst: (0000006f) expanded: jal r 0 0x0

Cycle         45 ----------------------------------------------------
pc: 00000508 inst: (0000006f) expanded: jal r 0 0x0

Cycle         46 ----------------------------------------------------
pc: 00000508 inst: (0000006f) expanded: jal r 0 0x0

Cycle         47 ----------------------------------------------------
pc: 00000508 inst: (0000006f) expanded: jal r 0 0x0

Cycle         48 ----------------------------------------------------
pc: 00000508 inst: (0000006f) expanded: jal r 0 0x0

Cycle         49 ----------------------------------------------------
pc: 00000508 inst: (0000006f) expanded: jal r 0 0x0

Cycle         50 ----------------------------------------------------
pc: 00000508 inst: (0000006f) expanded: jal r 0 0x0

Cycle         51 ----------------------------------------------------
pc: 00000508 inst: (0000006f) expanded: jal r 0 0x0

Cycle         52 ----------------------------------------------------
pc: 00000508 inst: (0000006f) expanded: jal r 0 0x0

Cycle         53 ----------------------------------------------------
pc: 00000508 inst: (0000006f) expanded: jal r 0 0x0

Cycle         54 ----------------------------------------------------
pc: 00000508 inst: (0000006f) expanded: jal r 0 0x0

Cycle         55 ----------------------------------------------------
pc: 00000508 inst: (0000006f) expanded: jal r 0 0x0

Cycle         56 ----------------------------------------------------
pc: 00000508 inst: (0000006f) expanded: jal r 0 0x0

Cycle         57 ----------------------------------------------------
pc: 00000508 inst: (0000006f) expanded: jal r 0 0x0

Cycle         58 ----------------------------------------------------
pc: 00000508 inst: (0000006f) expanded: jal r 0 0x0

Cycle         59 ----------------------------------------------------
pc: 00000508 inst: (0000006f) expanded: jal r 0 0x0

Cycle         60 ----------------------------------------------------
pc: 00000508 inst: (0000006f) expanded: jal r 0 0x0

Cycle         61 ----------------------------------------------------
pc: 00000508 inst: (0000006f) expanded: jal r 0 0x0

Cycle         62 ----------------------------------------------------
pc: 00000508 inst: (0000006f) expanded: jal r 0 0x0

Cycle         63 ----------------------------------------------------
pc: 00000508 inst: (0000006f) expanded: jal r 0 0x0

Cycle         64 ----------------------------------------------------
pc: 00000508 inst: (0000006f) expanded: jal r 0 0x0

Cycle         65 ----------------------------------------------------
pc: 00000508 inst: (0000006f) expanded: jal r 0 0x0

Cycle         66 ----------------------------------------------------
pc: 00000508 inst: (0000006f) expanded: jal r 0 0x0

Cycle         67 ----------------------------------------------------
pc: 00000508 inst: (0000006f) expanded: jal r 0 0x0

Cycle         68 ----------------------------------------------------
pc: 00000508 inst: (0000006f) expanded: jal r 0 0x0

Cycle         69 ----------------------------------------------------
pc: 00000508 inst: (0000006f) expanded: jal r 0 0x0

Cycle         70 ----------------------------------------------------
pc: 00000508 inst: (0000006f) expanded: jal r 0 0x0

Cycle         71 ----------------------------------------------------
pc: 00000508 inst: (0000006f) expanded: jal r 0 0x0

Cycle         72 ----------------------------------------------------
pc: 00000508 inst: (0000006f) expanded: jal r 0 0x0

Cycle         73 ----------------------------------------------------
pc: 00000508 inst: (0000006f) expanded: jal r 0 0x0

Cycle         74 ----------------------------------------------------
pc: 00000508 inst: (0000006f) expanded: jal r 0 0x0

Cycle         75 ----------------------------------------------------
pc: 00000508 inst: (0000006f) expanded: jal r 0 0x0

Cycle         76 ----------------------------------------------------
pc: 00000508 inst: (0000006f) expanded: jal r 0 0x0

Cycle         77 ----------------------------------------------------
pc: 00000508 inst: (0000006f) expanded: jal r 0 0x0

Cycle         78 ----------------------------------------------------
pc: 00000508 inst: (0000006f) expanded: jal r 0 0x0

Cycle         79 ----------------------------------------------------
pc: 00000508 inst: (0000006f) expanded: jal r 0 0x0

Cycle         80 ----------------------------------------------------
pc: 00000508 inst: (0000006f) expanded: jal r 0 0x0

Cycle         81 ----------------------------------------------------
pc: 00000508 inst: (0000006f) expanded: jal r 0 0x0

Cycle         82 ----------------------------------------------------
pc: 00000508 inst: (0000006f) expanded: jal r 0 0x0

Cycle         83 ----------------------------------------------------
pc: 00000508 inst: (0000006f) expanded: jal r 0 0x0

Cycle         84 ----------------------------------------------------
pc: 00000508 inst: (0000006f) expanded: jal r 0 0x0

Cycle         85 ----------------------------------------------------
pc: 00000508 inst: (0000006f) expanded: jal r 0 0x0

Cycle         86 ----------------------------------------------------
pc: 00000508 inst: (0000006f) expanded: jal r 0 0x0

Cycle         87 ----------------------------------------------------
pc: 00000508 inst: (0000006f) expanded: jal r 0 0x0

Cycle         88 ----------------------------------------------------
pc: 00000508 inst: (0000006f) expanded: jal r 0 0x0

Cycle         89 ----------------------------------------------------
pc: 00000508 inst: (0000006f) expanded: jal r 0 0x0

Cycle         90 ----------------------------------------------------
pc: 00000508 inst: (0000006f) expanded: jal r 0 0x0

Cycle         91 ----------------------------------------------------
pc: 00000508 inst: (0000006f) expanded: jal r 0 0x0

Cycle         92 ----------------------------------------------------
pc: 00000508 inst: (0000006f) expanded: jal r 0 0x0

Cycle         93 ----------------------------------------------------
pc: 00000508 inst: (0000006f) expanded: jal r 0 0x0

Cycle         94 ----------------------------------------------------
pc: 00000508 inst: (0000006f) expanded: jal r 0 0x0

Cycle         95 ----------------------------------------------------
pc: 00000508 inst: (0000006f) expanded: jal r 0 0x0

Cycle         96 ----------------------------------------------------
pc: 00000508 inst: (0000006f) expanded: jal r 0 0x0

Cycle         97 ----------------------------------------------------
pc: 00000508 inst: (0000006f) expanded: jal r 0 0x0

Cycle         98 ----------------------------------------------------
pc: 00000508 inst: (0000006f) expanded: jal r 0 0x0

Cycle         99 ----------------------------------------------------
pc: 00000508 inst: (0000006f) expanded: jal r 0 0x0

Cycle        100 ----------------------------------------------------
pc: 00000508 inst: (0000006f) expanded: jal r 0 0x0

Cycle        101 ----------------------------------------------------
pc: 00000508 inst: (0000006f) expanded: jal r 0 0x0

Cycle        102 ----------------------------------------------------
pc: 00000508 inst: (0000006f) expanded: jal r 0 0x0

Cycle        103 ----------------------------------------------------
pc: 00000508 inst: (0000006f) expanded: jal r 0 0x0

Cycle        104 ----------------------------------------------------
pc: 00000508 inst: (0000006f) expanded: jal r 0 0x0

Cycle        105 ----------------------------------------------------
pc: 00000508 inst: (0000006f) expanded: jal r 0 0x0

Cycle        106 ----------------------------------------------------
pc: 00000508 inst: (0000006f) expanded: jal r 0 0x0

Cycle        107 ----------------------------------------------------
pc: 00000508 inst: (0000006f) expanded: jal r 0 0x0

Cycle        108 ----------------------------------------------------
pc: 00000508 inst: (0000006f) expanded: jal r 0 0x0

Cycle        109 ----------------------------------------------------
pc: 00000508 inst: (0000006f) expanded: jal r 0 0x0

Cycle        110 ----------------------------------------------------
pc: 00000508 inst: (0000006f) expanded: jal r 0 0x0

Cycle        111 ----------------------------------------------------
pc: 00000508 inst: (0000006f) expanded: jal r 0 0x0

Cycle        112 ----------------------------------------------------
pc: 00000508 inst: (0000006f) expanded: jal r 0 0x0

Cycle        113 ----------------------------------------------------
pc: 00000508 inst: (0000006f) expanded: jal r 0 0x0

Cycle        114 ----------------------------------------------------
pc: 00000508 inst: (0000006f) expanded: jal r 0 0x0

Cycle        115 ----------------------------------------------------
pc: 00000508 inst: (0000006f) expanded: jal r 0 0x0

Cycle        116 ----------------------------------------------------
pc: 00000508 inst: (0000006f) expanded: jal r 0 0x0

Cycle        117 ----------------------------------------------------
pc: 00000508 inst: (0000006f) expanded: jal r 0 0x0

Cycle        118 ----------------------------------------------------
pc: 00000508 inst: (0000006f) expanded: jal r 0 0x0

Cycle        119 ----------------------------------------------------
pc: 00000508 inst: (0000006f) expanded: jal r 0 0x0

Cycle        120 ----------------------------------------------------
pc: 00000508 inst: (0000006f) expanded: jal r 0 0x0

Cycle        121 ----------------------------------------------------
pc: 00000508 inst: (0000006f) expanded: jal r 0 0x0

Cycle        122 ----------------------------------------------------
pc: 00000508 inst: (0000006f) expanded: jal r 0 0x0

Cycle        123 ----------------------------------------------------
pc: 00000508 inst: (0000006f) expanded: jal r 0 0x0

Cycle        124 ----------------------------------------------------
pc: 00000508 inst: (0000006f) expanded: jal r 0 0x0

Cycle        125 ----------------------------------------------------
pc: 00000508 inst: (0000006f) expanded: jal r 0 0x0

Cycle        126 ----------------------------------------------------
pc: 00000508 inst: (0000006f) expanded: jal r 0 0x0

Cycle        127 ----------------------------------------------------
pc: 00000508 inst: (0000006f) expanded: jal r 0 0x0

Cycle        128 ----------------------------------------------------
pc: 00000508 inst: (0000006f) expanded: jal r 0 0x0

Cycle        129 ----------------------------------------------------
pc: 00000508 inst: (0000006f) expanded: jal r 0 0x0

Cycle        130 ----------------------------------------------------
pc: 00000508 inst: (0000006f) expanded: jal r 0 0x0

Cycle        131 ----------------------------------------------------
pc: 00000508 inst: (0000006f) expanded: jal r 0 0x0

Cycle        132 ----------------------------------------------------
pc: 00000508 inst: (0000006f) expanded: jal r 0 0x0

Cycle        133 ----------------------------------------------------
pc: 00000508 inst: (0000006f) expanded: jal r 0 0x0

Cycle        134 ----------------------------------------------------
pc: 00000508 inst: (0000006f) expanded: jal r 0 0x0

Cycle        135 ----------------------------------------------------
pc: 00000508 inst: (0000006f) expanded: jal r 0 0x0

Cycle        136 ----------------------------------------------------
pc: 00000508 inst: (0000006f) expanded: jal r 0 0x0

Cycle        137 ----------------------------------------------------
pc: 00000508 inst: (0000006f) expanded: jal r 0 0x0

Cycle        138 ----------------------------------------------------
pc: 00000508 inst: (0000006f) expanded: jal r 0 0x0

Cycle        139 ----------------------------------------------------
pc: 00000508 inst: (0000006f) expanded: jal r 0 0x0

Cycle        140 ----------------------------------------------------
pc: 00000508 inst: (0000006f) expanded: jal r 0 0x0

Cycle        141 ----------------------------------------------------
pc: 00000508 inst: (0000006f) expanded: jal r 0 0x0

Cycle        142 ----------------------------------------------------
pc: 00000508 inst: (0000006f) expanded: jal r 0 0x0

Cycle        143 ----------------------------------------------------
pc: 00000508 inst: (0000006f) expanded: jal r 0 0x0

Cycle        144 ----------------------------------------------------
pc: 00000508 inst: (0000006f) expanded: jal r 0 0x0

Cycle        145 ----------------------------------------------------
pc: 00000508 inst: (0000006f) expanded: jal r 0 0x0

Cycle        146 ----------------------------------------------------
pc: 00000508 inst: (0000006f) expanded: jal r 0 0x0

Cycle        147 ----------------------------------------------------
pc: 00000508 inst: (0000006f) expanded: jal r 0 0x0

Cycle        148 ----------------------------------------------------
pc: 00000508 inst: (0000006f) expanded: jal r 0 0x0

Cycle        149 ----------------------------------------------------
pc: 00000508 inst: (0000006f) expanded: jal r 0 0x0

Cycle        150 ----------------------------------------------------
pc: 00000508 inst: (0000006f) expanded: jal r 0 0x0

Cycle        151 ----------------------------------------------------
pc: 00000508 inst: (0000006f) expanded: jal r 0 0x0

Cycle        152 ----------------------------------------------------
pc: 00000508 inst: (0000006f) expanded: jal r 0 0x0

Cycle        153 ----------------------------------------------------
pc: 00000508 inst: (0000006f) expanded: jal r 0 0x0

Cycle        154 ----------------------------------------------------
pc: 00000508 inst: (0000006f) expanded: jal r 0 0x0

Cycle        155 ----------------------------------------------------
pc: 00000508 inst: (0000006f) expanded: jal r 0 0x0

Cycle        156 ----------------------------------------------------
pc: 00000508 inst: (0000006f) expanded: jal r 0 0x0

Cycle        157 ----------------------------------------------------
pc: 00000508 inst: (0000006f) expanded: jal r 0 0x0

Cycle        158 ----------------------------------------------------
pc: 00000508 inst: (0000006f) expanded: jal r 0 0x0

Cycle        159 ----------------------------------------------------
pc: 00000508 inst: (0000006f) expanded: jal r 0 0x0

Cycle        160 ----------------------------------------------------
pc: 00000508 inst: (0000006f) expanded: jal r 0 0x0

Cycle        161 ----------------------------------------------------
pc: 00000508 inst: (0000006f) expanded: jal r 0 0x0

Cycle        162 ----------------------------------------------------
pc: 00000508 inst: (0000006f) expanded: jal r 0 0x0

Cycle        163 ----------------------------------------------------
pc: 00000508 inst: (0000006f) expanded: jal r 0 0x0

Cycle        164 ----------------------------------------------------
pc: 00000508 inst: (0000006f) expanded: jal r 0 0x0

Cycle        165 ----------------------------------------------------
pc: 00000508 inst: (0000006f) expanded: jal r 0 0x0

Cycle        166 ----------------------------------------------------
pc: 00000508 inst: (0000006f) expanded: jal r 0 0x0

Cycle        167 ----------------------------------------------------
pc: 00000508 inst: (0000006f) expanded: jal r 0 0x0

Cycle        168 ----------------------------------------------------
pc: 00000508 inst: (0000006f) expanded: jal r 0 0x0

Cycle        169 ----------------------------------------------------
pc: 00000508 inst: (0000006f) expanded: jal r 0 0x0

Cycle        170 ----------------------------------------------------
pc: 00000508 inst: (0000006f) expanded: jal r 0 0x0

Cycle        171 ----------------------------------------------------
pc: 00000508 inst: (0000006f) expanded: jal r 0 0x0

Cycle        172 ----------------------------------------------------
pc: 00000508 inst: (0000006f) expanded: jal r 0 0x0

Cycle        173 ----------------------------------------------------
pc: 00000508 inst: (0000006f) expanded: jal r 0 0x0

Cycle        174 ----------------------------------------------------
pc: 00000508 inst: (0000006f) expanded: jal r 0 0x0

Cycle        175 ----------------------------------------------------
pc: 00000508 inst: (0000006f) expanded: jal r 0 0x0

Cycle        176 ----------------------------------------------------
pc: 00000508 inst: (0000006f) expanded: jal r 0 0x0

Cycle        177 ----------------------------------------------------
pc: 00000508 inst: (0000006f) expanded: jal r 0 0x0

Cycle        178 ----------------------------------------------------
pc: 00000508 inst: (0000006f) expanded: jal r 0 0x0

Cycle        179 ----------------------------------------------------
pc: 00000508 inst: (0000006f) expanded: jal r 0 0x0

Cycle        180 ----------------------------------------------------
pc: 00000508 inst: (0000006f) expanded: jal r 0 0x0

Cycle        181 ----------------------------------------------------
simulator calling $finish
