make -C bluesim --no-print-directory run
LD_PRELOAD=libSegFault.so SEGFAULT_USE_ALTSTACK=1 SEGFAULT_OUTPUT_NAME=bin/bsimexe-segv-output.txt  ./bin/ubuntu.exe ; retcode=$?; exit $retcode
Start testbench:
Warning: file 'mem.vmh' for memory 'mem' has a gap at addresses 338 to 65535.
Warning: file 'mem.vmh' for memory 'mem' has a gap at addresses 338 to 65535.
[init_xsim:61]
[init_xsim:61]
Processor startedXsimTop starting
Received software req to start pc

Start at pc 200

pc: 00000200 inst: (ff0100b7) expanded: lui r 1 0xff010000

Cycle          0 ----------------------------------------------------
pc: 00000204 inst: (f0008093) expanded: addi r 1 = r 1 0xffffff00

Cycle          1 ----------------------------------------------------
pc: 00000208 inst: (0f0f1137) expanded: lui r 2 0xf0f1000

Cycle          2 ----------------------------------------------------
pc: 0000020c inst: (f0f10113) expanded: addi r 2 = r 2 0xffffff0f

Cycle          3 ----------------------------------------------------
pc: 00000210 inst: (0020e1b3) expanded: or r 3 = r 1 r 2

Cycle          4 ----------------------------------------------------
pc: 00000214 inst: (ff100eb7) expanded: lui r29 0xff100000

Cycle          5 ----------------------------------------------------
pc: 00000218 inst: (f0fe8e93) expanded: addi r29 = r29 0xffffff0f

Cycle          6 ----------------------------------------------------
pc: 0000021c inst: (00200e13) expanded: addi r28 = r 0 0x2

Cycle          7 ----------------------------------------------------
pc: 00000220 inst: (4bd19463) expanded: bne r 3 r29 0x4a8

Cycle          8 ----------------------------------------------------
pc: 00000224 inst: (0ff010b7) expanded: lui r 1 0xff01000

Cycle          9 ----------------------------------------------------
pc: 00000228 inst: (ff008093) expanded: addi r 1 = r 1 0xfffffff0

Cycle         10 ----------------------------------------------------
pc: 0000022c inst: (f0f0f137) expanded: lui r 2 0xf0f0f000

Cycle         11 ----------------------------------------------------
pc: 00000230 inst: (0f010113) expanded: addi r 2 = r 2 0xf0

Cycle         12 ----------------------------------------------------
pc: 00000234 inst: (0020e1b3) expanded: or r 3 = r 1 r 2

Cycle         13 ----------------------------------------------------
pc: 00000238 inst: (fff10eb7) expanded: lui r29 0xfff10000

Cycle         14 ----------------------------------------------------
pc: 0000023c inst: (ff0e8e93) expanded: addi r29 = r29 0xfffffff0

Cycle         15 ----------------------------------------------------
pc: 00000240 inst: (00300e13) expanded: addi r28 = r 0 0x3

Cycle         16 ----------------------------------------------------
pc: 00000244 inst: (49d19263) expanded: bne r 3 r29 0x484

Cycle         17 ----------------------------------------------------
pc: 00000248 inst: (00ff00b7) expanded: lui r 1 0xff0000

Cycle         18 ----------------------------------------------------
pc: 0000024c inst: (0ff08093) expanded: addi r 1 = r 1 0xff

Cycle         19 ----------------------------------------------------
pc: 00000250 inst: (0f0f1137) expanded: lui r 2 0xf0f1000

Cycle         20 ----------------------------------------------------
pc: 00000254 inst: (f0f10113) expanded: addi r 2 = r 2 0xffffff0f

Cycle         21 ----------------------------------------------------
pc: 00000258 inst: (0020e1b3) expanded: or r 3 = r 1 r 2

Cycle         22 ----------------------------------------------------
pc: 0000025c inst: (0fff1eb7) expanded: lui r29 0xfff1000

Cycle         23 ----------------------------------------------------
pc: 00000260 inst: (fffe8e93) expanded: addi r29 = r29 0xffffffff

Cycle         24 ----------------------------------------------------
pc: 00000264 inst: (00400e13) expanded: addi r28 = r 0 0x4

Cycle         25 ----------------------------------------------------
pc: 00000268 inst: (47d19063) expanded: bne r 3 r29 0x460

Cycle         26 ----------------------------------------------------
pc: 0000026c inst: (f00ff0b7) expanded: lui r 1 0xf00ff000

Cycle         27 ----------------------------------------------------
pc: 00000270 inst: (00f08093) expanded: addi r 1 = r 1 0xf

Cycle         28 ----------------------------------------------------
pc: 00000274 inst: (f0f0f137) expanded: lui r 2 0xf0f0f000

Cycle         29 ----------------------------------------------------
pc: 00000278 inst: (0f010113) expanded: addi r 2 = r 2 0xf0

Cycle         30 ----------------------------------------------------
pc: 0000027c inst: (0020e1b3) expanded: or r 3 = r 1 r 2

Cycle         31 ----------------------------------------------------
pc: 00000280 inst: (f0fffeb7) expanded: lui r29 0xf0fff000

Cycle         32 ----------------------------------------------------
pc: 00000284 inst: (0ffe8e93) expanded: addi r29 = r29 0xff

Cycle         33 ----------------------------------------------------
pc: 00000288 inst: (00500e13) expanded: addi r28 = r 0 0x5

Cycle         34 ----------------------------------------------------
pc: 0000028c inst: (43d19e63) expanded: bne r 3 r29 0x43c

Cycle         35 ----------------------------------------------------
pc: 00000290 inst: (ff0100b7) expanded: lui r 1 0xff010000

Cycle         36 ----------------------------------------------------
pc: 00000294 inst: (f0008093) expanded: addi r 1 = r 1 0xffffff00

Cycle         37 ----------------------------------------------------
pc: 00000298 inst: (0f0f1137) expanded: lui r 2 0xf0f1000

Cycle         38 ----------------------------------------------------
pc: 0000029c inst: (f0f10113) expanded: addi r 2 = r 2 0xffffff0f

Cycle         39 ----------------------------------------------------
pc: 000002a0 inst: (0020e0b3) expanded: or r 1 = r 1 r 2

Cycle         40 ----------------------------------------------------
pc: 000002a4 inst: (ff100eb7) expanded: lui r29 0xff100000

Cycle         41 ----------------------------------------------------
pc: 000002a8 inst: (f0fe8e93) expanded: addi r29 = r29 0xffffff0f

Cycle         42 ----------------------------------------------------
pc: 000002ac inst: (00600e13) expanded: addi r28 = r 0 0x6

Cycle         43 ----------------------------------------------------
pc: 000002b0 inst: (41d09c63) expanded: bne r 1 r29 0x418

Cycle         44 ----------------------------------------------------
pc: 000002b4 inst: (ff0100b7) expanded: lui r 1 0xff010000

Cycle         45 ----------------------------------------------------
pc: 000002b8 inst: (f0008093) expanded: addi r 1 = r 1 0xffffff00

Cycle         46 ----------------------------------------------------
pc: 000002bc inst: (0f0f1137) expanded: lui r 2 0xf0f1000

Cycle         47 ----------------------------------------------------
pc: 000002c0 inst: (f0f10113) expanded: addi r 2 = r 2 0xffffff0f

Cycle         48 ----------------------------------------------------
pc: 000002c4 inst: (0020e133) expanded: or r 2 = r 1 r 2

Cycle         49 ----------------------------------------------------
pc: 000002c8 inst: (ff100eb7) expanded: lui r29 0xff100000

Cycle         50 ----------------------------------------------------
pc: 000002cc inst: (f0fe8e93) expanded: addi r29 = r29 0xffffff0f

Cycle         51 ----------------------------------------------------
pc: 000002d0 inst: (00700e13) expanded: addi r28 = r 0 0x7

Cycle         52 ----------------------------------------------------
pc: 000002d4 inst: (3fd11a63) expanded: bne r 2 r29 0x3f4

Cycle         53 ----------------------------------------------------
pc: 000002d8 inst: (ff0100b7) expanded: lui r 1 0xff010000

Cycle         54 ----------------------------------------------------
pc: 000002dc inst: (f0008093) expanded: addi r 1 = r 1 0xffffff00

Cycle         55 ----------------------------------------------------
pc: 000002e0 inst: (0010e0b3) expanded: or r 1 = r 1 r 1

Cycle         56 ----------------------------------------------------
pc: 000002e4 inst: (ff010eb7) expanded: lui r29 0xff010000

Cycle         57 ----------------------------------------------------
pc: 000002e8 inst: (f00e8e93) expanded: addi r29 = r29 0xffffff00

Cycle         58 ----------------------------------------------------
pc: 000002ec inst: (00800e13) expanded: addi r28 = r 0 0x8

Cycle         59 ----------------------------------------------------
pc: 000002f0 inst: (3dd09c63) expanded: bne r 1 r29 0x3d8

Cycle         60 ----------------------------------------------------
pc: 000002f4 inst: (00000213) expanded: addi r 4 = r 0 0x0

Cycle         61 ----------------------------------------------------
pc: 000002f8 inst: (ff0100b7) expanded: lui r 1 0xff010000

Cycle         62 ----------------------------------------------------
pc: 000002fc inst: (f0008093) expanded: addi r 1 = r 1 0xffffff00

Cycle         63 ----------------------------------------------------
pc: 00000300 inst: (0f0f1137) expanded: lui r 2 0xf0f1000

Cycle         64 ----------------------------------------------------
pc: 00000304 inst: (f0f10113) expanded: addi r 2 = r 2 0xffffff0f

Cycle         65 ----------------------------------------------------
pc: 00000308 inst: (0020e1b3) expanded: or r 3 = r 1 r 2

Cycle         66 ----------------------------------------------------
pc: 0000030c inst: (00018313) expanded: addi r 6 = r 3 0x0

Cycle         67 ----------------------------------------------------
pc: 00000310 inst: (00120213) expanded: addi r 4 = r 4 0x1

Cycle         68 ----------------------------------------------------
pc: 00000314 inst: (00200293) expanded: addi r 5 = r 0 0x2

Cycle         69 ----------------------------------------------------
pc: 00000318 inst: (fe5210e3) expanded: bne r 4 r 5 0xffffffe0

Cycle         70 ----------------------------------------------------
pc: 000002f8 inst: (ff0100b7) expanded: lui r 1 0xff010000

Cycle         71 ----------------------------------------------------
pc: 000002fc inst: (f0008093) expanded: addi r 1 = r 1 0xffffff00

Cycle         72 ----------------------------------------------------
pc: 00000300 inst: (0f0f1137) expanded: lui r 2 0xf0f1000

Cycle         73 ----------------------------------------------------
pc: 00000304 inst: (f0f10113) expanded: addi r 2 = r 2 0xffffff0f

Cycle         74 ----------------------------------------------------
pc: 00000308 inst: (0020e1b3) expanded: or r 3 = r 1 r 2

Cycle         75 ----------------------------------------------------
pc: 0000030c inst: (00018313) expanded: addi r 6 = r 3 0x0

Cycle         76 ----------------------------------------------------
pc: 00000310 inst: (00120213) expanded: addi r 4 = r 4 0x1

Cycle         77 ----------------------------------------------------
pc: 00000314 inst: (00200293) expanded: addi r 5 = r 0 0x2

Cycle         78 ----------------------------------------------------
pc: 00000318 inst: (fe5210e3) expanded: bne r 4 r 5 0xffffffe0

Cycle         79 ----------------------------------------------------
pc: 0000031c inst: (ff100eb7) expanded: lui r29 0xff100000

Cycle         80 ----------------------------------------------------
pc: 00000320 inst: (f0fe8e93) expanded: addi r29 = r29 0xffffff0f

Cycle         81 ----------------------------------------------------
pc: 00000324 inst: (00900e13) expanded: addi r28 = r 0 0x9

Cycle         82 ----------------------------------------------------
pc: 00000328 inst: (3bd31063) expanded: bne r 6 r29 0x3a0

Cycle         83 ----------------------------------------------------
pc: 0000032c inst: (00000213) expanded: addi r 4 = r 0 0x0

Cycle         84 ----------------------------------------------------
pc: 00000330 inst: (0ff010b7) expanded: lui r 1 0xff01000

Cycle         85 ----------------------------------------------------
pc: 00000334 inst: (ff008093) expanded: addi r 1 = r 1 0xfffffff0

Cycle         86 ----------------------------------------------------
pc: 00000338 inst: (f0f0f137) expanded: lui r 2 0xf0f0f000

Cycle         87 ----------------------------------------------------
pc: 0000033c inst: (0f010113) expanded: addi r 2 = r 2 0xf0

Cycle         88 ----------------------------------------------------
pc: 00000340 inst: (0020e1b3) expanded: or r 3 = r 1 r 2

Cycle         89 ----------------------------------------------------
pc: 00000344 inst: (00000013) expanded: addi r 0 = r 0 0x0

Cycle         90 ----------------------------------------------------
pc: 00000348 inst: (00018313) expanded: addi r 6 = r 3 0x0

Cycle         91 ----------------------------------------------------
pc: 0000034c inst: (00120213) expanded: addi r 4 = r 4 0x1

Cycle         92 ----------------------------------------------------
pc: 00000350 inst: (00200293) expanded: addi r 5 = r 0 0x2

Cycle         93 ----------------------------------------------------
pc: 00000354 inst: (fc521ee3) expanded: bne r 4 r 5 0xffffffdc

Cycle         94 ----------------------------------------------------
pc: 00000330 inst: (0ff010b7) expanded: lui r 1 0xff01000

Cycle         95 ----------------------------------------------------
pc: 00000334 inst: (ff008093) expanded: addi r 1 = r 1 0xfffffff0

Cycle         96 ----------------------------------------------------
pc: 00000338 inst: (f0f0f137) expanded: lui r 2 0xf0f0f000

Cycle         97 ----------------------------------------------------
pc: 0000033c inst: (0f010113) expanded: addi r 2 = r 2 0xf0

Cycle         98 ----------------------------------------------------
pc: 00000340 inst: (0020e1b3) expanded: or r 3 = r 1 r 2

Cycle         99 ----------------------------------------------------
pc: 00000344 inst: (00000013) expanded: addi r 0 = r 0 0x0

Cycle        100 ----------------------------------------------------
pc: 00000348 inst: (00018313) expanded: addi r 6 = r 3 0x0

Cycle        101 ----------------------------------------------------
pc: 0000034c inst: (00120213) expanded: addi r 4 = r 4 0x1

Cycle        102 ----------------------------------------------------
pc: 00000350 inst: (00200293) expanded: addi r 5 = r 0 0x2

Cycle        103 ----------------------------------------------------
pc: 00000354 inst: (fc521ee3) expanded: bne r 4 r 5 0xffffffdc

Cycle        104 ----------------------------------------------------
pc: 00000358 inst: (fff10eb7) expanded: lui r29 0xfff10000

Cycle        105 ----------------------------------------------------
pc: 0000035c inst: (ff0e8e93) expanded: addi r29 = r29 0xfffffff0

Cycle        106 ----------------------------------------------------
pc: 00000360 inst: (00a00e13) expanded: addi r28 = r 0 0xa

Cycle        107 ----------------------------------------------------
pc: 00000364 inst: (37d31263) expanded: bne r 6 r29 0x364

Cycle        108 ----------------------------------------------------
pc: 00000368 inst: (00000213) expanded: addi r 4 = r 0 0x0

Cycle        109 ----------------------------------------------------
pc: 0000036c inst: (00ff00b7) expanded: lui r 1 0xff0000

Cycle        110 ----------------------------------------------------
pc: 00000370 inst: (0ff08093) expanded: addi r 1 = r 1 0xff

Cycle        111 ----------------------------------------------------
pc: 00000374 inst: (0f0f1137) expanded: lui r 2 0xf0f1000

Cycle        112 ----------------------------------------------------
pc: 00000378 inst: (f0f10113) expanded: addi r 2 = r 2 0xffffff0f

Cycle        113 ----------------------------------------------------
pc: 0000037c inst: (0020e1b3) expanded: or r 3 = r 1 r 2

Cycle        114 ----------------------------------------------------
pc: 00000380 inst: (00000013) expanded: addi r 0 = r 0 0x0

Cycle        115 ----------------------------------------------------
pc: 00000384 inst: (00000013) expanded: addi r 0 = r 0 0x0

Cycle        116 ----------------------------------------------------
pc: 00000388 inst: (00018313) expanded: addi r 6 = r 3 0x0

Cycle        117 ----------------------------------------------------
pc: 0000038c inst: (00120213) expanded: addi r 4 = r 4 0x1

Cycle        118 ----------------------------------------------------
pc: 00000390 inst: (00200293) expanded: addi r 5 = r 0 0x2

Cycle        119 ----------------------------------------------------
pc: 00000394 inst: (fc521ce3) expanded: bne r 4 r 5 0xffffffd8

Cycle        120 ----------------------------------------------------
pc: 0000036c inst: (00ff00b7) expanded: lui r 1 0xff0000

Cycle        121 ----------------------------------------------------
pc: 00000370 inst: (0ff08093) expanded: addi r 1 = r 1 0xff

Cycle        122 ----------------------------------------------------
pc: 00000374 inst: (0f0f1137) expanded: lui r 2 0xf0f1000

Cycle        123 ----------------------------------------------------
pc: 00000378 inst: (f0f10113) expanded: addi r 2 = r 2 0xffffff0f

Cycle        124 ----------------------------------------------------
pc: 0000037c inst: (0020e1b3) expanded: or r 3 = r 1 r 2

Cycle        125 ----------------------------------------------------
pc: 00000380 inst: (00000013) expanded: addi r 0 = r 0 0x0

Cycle        126 ----------------------------------------------------
pc: 00000384 inst: (00000013) expanded: addi r 0 = r 0 0x0

Cycle        127 ----------------------------------------------------
pc: 00000388 inst: (00018313) expanded: addi r 6 = r 3 0x0

Cycle        128 ----------------------------------------------------
pc: 0000038c inst: (00120213) expanded: addi r 4 = r 4 0x1

Cycle        129 ----------------------------------------------------
pc: 00000390 inst: (00200293) expanded: addi r 5 = r 0 0x2

Cycle        130 ----------------------------------------------------
pc: 00000394 inst: (fc521ce3) expanded: bne r 4 r 5 0xffffffd8

Cycle        131 ----------------------------------------------------
pc: 00000398 inst: (0fff1eb7) expanded: lui r29 0xfff1000

Cycle        132 ----------------------------------------------------
pc: 0000039c inst: (fffe8e93) expanded: addi r29 = r29 0xffffffff

Cycle        133 ----------------------------------------------------
pc: 000003a0 inst: (00b00e13) expanded: addi r28 = r 0 0xb

Cycle        134 ----------------------------------------------------
pc: 000003a4 inst: (33d31263) expanded: bne r 6 r29 0x324

Cycle        135 ----------------------------------------------------
pc: 000003a8 inst: (00000213) expanded: addi r 4 = r 0 0x0

Cycle        136 ----------------------------------------------------
pc: 000003ac inst: (ff0100b7) expanded: lui r 1 0xff010000

Cycle        137 ----------------------------------------------------
pc: 000003b0 inst: (f0008093) expanded: addi r 1 = r 1 0xffffff00

Cycle        138 ----------------------------------------------------
pc: 000003b4 inst: (0f0f1137) expanded: lui r 2 0xf0f1000

Cycle        139 ----------------------------------------------------
pc: 000003b8 inst: (f0f10113) expanded: addi r 2 = r 2 0xffffff0f

Cycle        140 ----------------------------------------------------
pc: 000003bc inst: (0020e1b3) expanded: or r 3 = r 1 r 2

Cycle        141 ----------------------------------------------------
pc: 000003c0 inst: (00120213) expanded: addi r 4 = r 4 0x1

Cycle        142 ----------------------------------------------------
pc: 000003c4 inst: (00200293) expanded: addi r 5 = r 0 0x2

Cycle        143 ----------------------------------------------------
pc: 000003c8 inst: (fe5212e3) expanded: bne r 4 r 5 0xffffffe4

Cycle        144 ----------------------------------------------------
pc: 000003ac inst: (ff0100b7) expanded: lui r 1 0xff010000

Cycle        145 ----------------------------------------------------
pc: 000003b0 inst: (f0008093) expanded: addi r 1 = r 1 0xffffff00

Cycle        146 ----------------------------------------------------
pc: 000003b4 inst: (0f0f1137) expanded: lui r 2 0xf0f1000

Cycle        147 ----------------------------------------------------
pc: 000003b8 inst: (f0f10113) expanded: addi r 2 = r 2 0xffffff0f

Cycle        148 ----------------------------------------------------
pc: 000003bc inst: (0020e1b3) expanded: or r 3 = r 1 r 2

Cycle        149 ----------------------------------------------------
pc: 000003c0 inst: (00120213) expanded: addi r 4 = r 4 0x1

Cycle        150 ----------------------------------------------------
pc: 000003c4 inst: (00200293) expanded: addi r 5 = r 0 0x2

Cycle        151 ----------------------------------------------------
pc: 000003c8 inst: (fe5212e3) expanded: bne r 4 r 5 0xffffffe4

Cycle        152 ----------------------------------------------------
pc: 000003cc inst: (ff100eb7) expanded: lui r29 0xff100000

Cycle        153 ----------------------------------------------------
pc: 000003d0 inst: (f0fe8e93) expanded: addi r29 = r29 0xffffff0f

Cycle        154 ----------------------------------------------------
pc: 000003d4 inst: (00c00e13) expanded: addi r28 = r 0 0xc

Cycle        155 ----------------------------------------------------
pc: 000003d8 inst: (2fd19863) expanded: bne r 3 r29 0x2f0

Cycle        156 ----------------------------------------------------
pc: 000003dc inst: (00000213) expanded: addi r 4 = r 0 0x0

Cycle        157 ----------------------------------------------------
pc: 000003e0 inst: (0ff010b7) expanded: lui r 1 0xff01000

Cycle        158 ----------------------------------------------------
pc: 000003e4 inst: (ff008093) expanded: addi r 1 = r 1 0xfffffff0

Cycle        159 ----------------------------------------------------
pc: 000003e8 inst: (f0f0f137) expanded: lui r 2 0xf0f0f000

Cycle        160 ----------------------------------------------------
pc: 000003ec inst: (0f010113) expanded: addi r 2 = r 2 0xf0

Cycle        161 ----------------------------------------------------
pc: 000003f0 inst: (00000013) expanded: addi r 0 = r 0 0x0

Cycle        162 ----------------------------------------------------
pc: 000003f4 inst: (0020e1b3) expanded: or r 3 = r 1 r 2

Cycle        163 ----------------------------------------------------
pc: 000003f8 inst: (00120213) expanded: addi r 4 = r 4 0x1

Cycle        164 ----------------------------------------------------
pc: 000003fc inst: (00200293) expanded: addi r 5 = r 0 0x2

Cycle        165 ----------------------------------------------------
pc: 00000400 inst: (fe5210e3) expanded: bne r 4 r 5 0xffffffe0

Cycle        166 ----------------------------------------------------
pc: 000003e0 inst: (0ff010b7) expanded: lui r 1 0xff01000

Cycle        167 ----------------------------------------------------
pc: 000003e4 inst: (ff008093) expanded: addi r 1 = r 1 0xfffffff0

Cycle        168 ----------------------------------------------------
pc: 000003e8 inst: (f0f0f137) expanded: lui r 2 0xf0f0f000

Cycle        169 ----------------------------------------------------
pc: 000003ec inst: (0f010113) expanded: addi r 2 = r 2 0xf0

Cycle        170 ----------------------------------------------------
pc: 000003f0 inst: (00000013) expanded: addi r 0 = r 0 0x0

Cycle        171 ----------------------------------------------------
pc: 000003f4 inst: (0020e1b3) expanded: or r 3 = r 1 r 2

Cycle        172 ----------------------------------------------------
pc: 000003f8 inst: (00120213) expanded: addi r 4 = r 4 0x1

Cycle        173 ----------------------------------------------------
pc: 000003fc inst: (00200293) expanded: addi r 5 = r 0 0x2

Cycle        174 ----------------------------------------------------
pc: 00000400 inst: (fe5210e3) expanded: bne r 4 r 5 0xffffffe0

Cycle        175 ----------------------------------------------------
pc: 00000404 inst: (fff10eb7) expanded: lui r29 0xfff10000

Cycle        176 ----------------------------------------------------
pc: 00000408 inst: (ff0e8e93) expanded: addi r29 = r29 0xfffffff0

Cycle        177 ----------------------------------------------------
pc: 0000040c inst: (00d00e13) expanded: addi r28 = r 0 0xd

Cycle        178 ----------------------------------------------------
pc: 00000410 inst: (2bd19c63) expanded: bne r 3 r29 0x2b8

Cycle        179 ----------------------------------------------------
pc: 00000414 inst: (00000213) expanded: addi r 4 = r 0 0x0

Cycle        180 ----------------------------------------------------
pc: 00000418 inst: (00ff00b7) expanded: lui r 1 0xff0000

Cycle        181 ----------------------------------------------------
pc: 0000041c inst: (0ff08093) expanded: addi r 1 = r 1 0xff

Cycle        182 ----------------------------------------------------
pc: 00000420 inst: (0f0f1137) expanded: lui r 2 0xf0f1000

Cycle        183 ----------------------------------------------------
pc: 00000424 inst: (f0f10113) expanded: addi r 2 = r 2 0xffffff0f

Cycle        184 ----------------------------------------------------
pc: 00000428 inst: (00000013) expanded: addi r 0 = r 0 0x0

Cycle        185 ----------------------------------------------------
pc: 0000042c inst: (00000013) expanded: addi r 0 = r 0 0x0

Cycle        186 ----------------------------------------------------
pc: 00000430 inst: (0020e1b3) expanded: or r 3 = r 1 r 2

Cycle        187 ----------------------------------------------------
pc: 00000434 inst: (00120213) expanded: addi r 4 = r 4 0x1

Cycle        188 ----------------------------------------------------
pc: 00000438 inst: (00200293) expanded: addi r 5 = r 0 0x2

Cycle        189 ----------------------------------------------------
pc: 0000043c inst: (fc521ee3) expanded: bne r 4 r 5 0xffffffdc

Cycle        190 ----------------------------------------------------
pc: 00000418 inst: (00ff00b7) expanded: lui r 1 0xff0000

Cycle        191 ----------------------------------------------------
pc: 0000041c inst: (0ff08093) expanded: addi r 1 = r 1 0xff

Cycle        192 ----------------------------------------------------
pc: 00000420 inst: (0f0f1137) expanded: lui r 2 0xf0f1000

Cycle        193 ----------------------------------------------------
pc: 00000424 inst: (f0f10113) expanded: addi r 2 = r 2 0xffffff0f

Cycle        194 ----------------------------------------------------
pc: 00000428 inst: (00000013) expanded: addi r 0 = r 0 0x0

Cycle        195 ----------------------------------------------------
pc: 0000042c inst: (00000013) expanded: addi r 0 = r 0 0x0

Cycle        196 ----------------------------------------------------
pc: 00000430 inst: (0020e1b3) expanded: or r 3 = r 1 r 2

Cycle        197 ----------------------------------------------------
pc: 00000434 inst: (00120213) expanded: addi r 4 = r 4 0x1

Cycle        198 ----------------------------------------------------
pc: 00000438 inst: (00200293) expanded: addi r 5 = r 0 0x2

Cycle        199 ----------------------------------------------------
pc: 0000043c inst: (fc521ee3) expanded: bne r 4 r 5 0xffffffdc

Cycle        200 ----------------------------------------------------
pc: 00000440 inst: (0fff1eb7) expanded: lui r29 0xfff1000

Cycle        201 ----------------------------------------------------
pc: 00000444 inst: (fffe8e93) expanded: addi r29 = r29 0xffffffff

Cycle        202 ----------------------------------------------------
pc: 00000448 inst: (00e00e13) expanded: addi r28 = r 0 0xe

Cycle        203 ----------------------------------------------------
pc: 0000044c inst: (27d19e63) expanded: bne r 3 r29 0x27c

Cycle        204 ----------------------------------------------------
pc: 00000450 inst: (00000213) expanded: addi r 4 = r 0 0x0

Cycle        205 ----------------------------------------------------
pc: 00000454 inst: (ff0100b7) expanded: lui r 1 0xff010000

Cycle        206 ----------------------------------------------------
pc: 00000458 inst: (f0008093) expanded: addi r 1 = r 1 0xffffff00

Cycle        207 ----------------------------------------------------
pc: 0000045c inst: (00000013) expanded: addi r 0 = r 0 0x0

Cycle        208 ----------------------------------------------------
pc: 00000460 inst: (0f0f1137) expanded: lui r 2 0xf0f1000

Cycle        209 ----------------------------------------------------
pc: 00000464 inst: (f0f10113) expanded: addi r 2 = r 2 0xffffff0f

Cycle        210 ----------------------------------------------------
pc: 00000468 inst: (0020e1b3) expanded: or r 3 = r 1 r 2

Cycle        211 ----------------------------------------------------
pc: 0000046c inst: (00120213) expanded: addi r 4 = r 4 0x1

Cycle        212 ----------------------------------------------------
pc: 00000470 inst: (00200293) expanded: addi r 5 = r 0 0x2

Cycle        213 ----------------------------------------------------
pc: 00000474 inst: (fe5210e3) expanded: bne r 4 r 5 0xffffffe0

Cycle        214 ----------------------------------------------------
pc: 00000454 inst: (ff0100b7) expanded: lui r 1 0xff010000

Cycle        215 ----------------------------------------------------
pc: 00000458 inst: (f0008093) expanded: addi r 1 = r 1 0xffffff00

Cycle        216 ----------------------------------------------------
pc: 0000045c inst: (00000013) expanded: addi r 0 = r 0 0x0

Cycle        217 ----------------------------------------------------
pc: 00000460 inst: (0f0f1137) expanded: lui r 2 0xf0f1000

Cycle        218 ----------------------------------------------------
pc: 00000464 inst: (f0f10113) expanded: addi r 2 = r 2 0xffffff0f

Cycle        219 ----------------------------------------------------
pc: 00000468 inst: (0020e1b3) expanded: or r 3 = r 1 r 2

Cycle        220 ----------------------------------------------------
pc: 0000046c inst: (00120213) expanded: addi r 4 = r 4 0x1

Cycle        221 ----------------------------------------------------
pc: 00000470 inst: (00200293) expanded: addi r 5 = r 0 0x2

Cycle        222 ----------------------------------------------------
pc: 00000474 inst: (fe5210e3) expanded: bne r 4 r 5 0xffffffe0

Cycle        223 ----------------------------------------------------
pc: 00000478 inst: (ff100eb7) expanded: lui r29 0xff100000

Cycle        224 ----------------------------------------------------
pc: 0000047c inst: (f0fe8e93) expanded: addi r29 = r29 0xffffff0f

Cycle        225 ----------------------------------------------------
pc: 00000480 inst: (00f00e13) expanded: addi r28 = r 0 0xf

Cycle        226 ----------------------------------------------------
pc: 00000484 inst: (25d19263) expanded: bne r 3 r29 0x244

Cycle        227 ----------------------------------------------------
pc: 00000488 inst: (00000213) expanded: addi r 4 = r 0 0x0

Cycle        228 ----------------------------------------------------
pc: 0000048c inst: (0ff010b7) expanded: lui r 1 0xff01000

Cycle        229 ----------------------------------------------------
pc: 00000490 inst: (ff008093) expanded: addi r 1 = r 1 0xfffffff0

Cycle        230 ----------------------------------------------------
pc: 00000494 inst: (00000013) expanded: addi r 0 = r 0 0x0

Cycle        231 ----------------------------------------------------
pc: 00000498 inst: (f0f0f137) expanded: lui r 2 0xf0f0f000

Cycle        232 ----------------------------------------------------
pc: 0000049c inst: (0f010113) expanded: addi r 2 = r 2 0xf0

Cycle        233 ----------------------------------------------------
pc: 000004a0 inst: (00000013) expanded: addi r 0 = r 0 0x0

Cycle        234 ----------------------------------------------------
pc: 000004a4 inst: (0020e1b3) expanded: or r 3 = r 1 r 2

Cycle        235 ----------------------------------------------------
pc: 000004a8 inst: (00120213) expanded: addi r 4 = r 4 0x1

Cycle        236 ----------------------------------------------------
pc: 000004ac inst: (00200293) expanded: addi r 5 = r 0 0x2

Cycle        237 ----------------------------------------------------
pc: 000004b0 inst: (fc521ee3) expanded: bne r 4 r 5 0xffffffdc

Cycle        238 ----------------------------------------------------
pc: 0000048c inst: (0ff010b7) expanded: lui r 1 0xff01000

Cycle        239 ----------------------------------------------------
pc: 00000490 inst: (ff008093) expanded: addi r 1 = r 1 0xfffffff0

Cycle        240 ----------------------------------------------------
pc: 00000494 inst: (00000013) expanded: addi r 0 = r 0 0x0

Cycle        241 ----------------------------------------------------
pc: 00000498 inst: (f0f0f137) expanded: lui r 2 0xf0f0f000

Cycle        242 ----------------------------------------------------
pc: 0000049c inst: (0f010113) expanded: addi r 2 = r 2 0xf0

Cycle        243 ----------------------------------------------------
pc: 000004a0 inst: (00000013) expanded: addi r 0 = r 0 0x0

Cycle        244 ----------------------------------------------------
pc: 000004a4 inst: (0020e1b3) expanded: or r 3 = r 1 r 2

Cycle        245 ----------------------------------------------------
pc: 000004a8 inst: (00120213) expanded: addi r 4 = r 4 0x1

Cycle        246 ----------------------------------------------------
pc: 000004ac inst: (00200293) expanded: addi r 5 = r 0 0x2

Cycle        247 ----------------------------------------------------
pc: 000004b0 inst: (fc521ee3) expanded: bne r 4 r 5 0xffffffdc

Cycle        248 ----------------------------------------------------
pc: 000004b4 inst: (fff10eb7) expanded: lui r29 0xfff10000

Cycle        249 ----------------------------------------------------
pc: 000004b8 inst: (ff0e8e93) expanded: addi r29 = r29 0xfffffff0

Cycle        250 ----------------------------------------------------
pc: 000004bc inst: (01000e13) expanded: addi r28 = r 0 0x10

Cycle        251 ----------------------------------------------------
pc: 000004c0 inst: (21d19463) expanded: bne r 3 r29 0x208

Cycle        252 ----------------------------------------------------
pc: 000004c4 inst: (00000213) expanded: addi r 4 = r 0 0x0

Cycle        253 ----------------------------------------------------
pc: 000004c8 inst: (00ff00b7) expanded: lui r 1 0xff0000

Cycle        254 ----------------------------------------------------
pc: 000004cc inst: (0ff08093) expanded: addi r 1 = r 1 0xff

Cycle        255 ----------------------------------------------------
pc: 000004d0 inst: (00000013) expanded: addi r 0 = r 0 0x0

Cycle        256 ----------------------------------------------------
pc: 000004d4 inst: (00000013) expanded: addi r 0 = r 0 0x0

Cycle        257 ----------------------------------------------------
pc: 000004d8 inst: (0f0f1137) expanded: lui r 2 0xf0f1000

Cycle        258 ----------------------------------------------------
pc: 000004dc inst: (f0f10113) expanded: addi r 2 = r 2 0xffffff0f

Cycle        259 ----------------------------------------------------
pc: 000004e0 inst: (0020e1b3) expanded: or r 3 = r 1 r 2

Cycle        260 ----------------------------------------------------
pc: 000004e4 inst: (00120213) expanded: addi r 4 = r 4 0x1

Cycle        261 ----------------------------------------------------
pc: 000004e8 inst: (00200293) expanded: addi r 5 = r 0 0x2

Cycle        262 ----------------------------------------------------
pc: 000004ec inst: (fc521ee3) expanded: bne r 4 r 5 0xffffffdc

Cycle        263 ----------------------------------------------------
pc: 000004c8 inst: (00ff00b7) expanded: lui r 1 0xff0000

Cycle        264 ----------------------------------------------------
pc: 000004cc inst: (0ff08093) expanded: addi r 1 = r 1 0xff

Cycle        265 ----------------------------------------------------
pc: 000004d0 inst: (00000013) expanded: addi r 0 = r 0 0x0

Cycle        266 ----------------------------------------------------
pc: 000004d4 inst: (00000013) expanded: addi r 0 = r 0 0x0

Cycle        267 ----------------------------------------------------
pc: 000004d8 inst: (0f0f1137) expanded: lui r 2 0xf0f1000

Cycle        268 ----------------------------------------------------
pc: 000004dc inst: (f0f10113) expanded: addi r 2 = r 2 0xffffff0f

Cycle        269 ----------------------------------------------------
pc: 000004e0 inst: (0020e1b3) expanded: or r 3 = r 1 r 2

Cycle        270 ----------------------------------------------------
pc: 000004e4 inst: (00120213) expanded: addi r 4 = r 4 0x1

Cycle        271 ----------------------------------------------------
pc: 000004e8 inst: (00200293) expanded: addi r 5 = r 0 0x2

Cycle        272 ----------------------------------------------------
pc: 000004ec inst: (fc521ee3) expanded: bne r 4 r 5 0xffffffdc

Cycle        273 ----------------------------------------------------
pc: 000004f0 inst: (0fff1eb7) expanded: lui r29 0xfff1000

Cycle        274 ----------------------------------------------------
pc: 000004f4 inst: (fffe8e93) expanded: addi r29 = r29 0xffffffff

Cycle        275 ----------------------------------------------------
pc: 000004f8 inst: (01100e13) expanded: addi r28 = r 0 0x11

Cycle        276 ----------------------------------------------------
pc: 000004fc inst: (1dd19663) expanded: bne r 3 r29 0x1cc

Cycle        277 ----------------------------------------------------
pc: 00000500 inst: (00000213) expanded: addi r 4 = r 0 0x0

Cycle        278 ----------------------------------------------------
pc: 00000504 inst: (0f0f1137) expanded: lui r 2 0xf0f1000

Cycle        279 ----------------------------------------------------
pc: 00000508 inst: (f0f10113) expanded: addi r 2 = r 2 0xffffff0f

Cycle        280 ----------------------------------------------------
pc: 0000050c inst: (ff0100b7) expanded: lui r 1 0xff010000

Cycle        281 ----------------------------------------------------
pc: 00000510 inst: (f0008093) expanded: addi r 1 = r 1 0xffffff00

Cycle        282 ----------------------------------------------------
pc: 00000514 inst: (0020e1b3) expanded: or r 3 = r 1 r 2

Cycle        283 ----------------------------------------------------
pc: 00000518 inst: (00120213) expanded: addi r 4 = r 4 0x1

Cycle        284 ----------------------------------------------------
pc: 0000051c inst: (00200293) expanded: addi r 5 = r 0 0x2

Cycle        285 ----------------------------------------------------
pc: 00000520 inst: (fe5212e3) expanded: bne r 4 r 5 0xffffffe4

Cycle        286 ----------------------------------------------------
pc: 00000504 inst: (0f0f1137) expanded: lui r 2 0xf0f1000

Cycle        287 ----------------------------------------------------
pc: 00000508 inst: (f0f10113) expanded: addi r 2 = r 2 0xffffff0f

Cycle        288 ----------------------------------------------------
pc: 0000050c inst: (ff0100b7) expanded: lui r 1 0xff010000

Cycle        289 ----------------------------------------------------
pc: 00000510 inst: (f0008093) expanded: addi r 1 = r 1 0xffffff00

Cycle        290 ----------------------------------------------------
pc: 00000514 inst: (0020e1b3) expanded: or r 3 = r 1 r 2

Cycle        291 ----------------------------------------------------
pc: 00000518 inst: (00120213) expanded: addi r 4 = r 4 0x1

Cycle        292 ----------------------------------------------------
pc: 0000051c inst: (00200293) expanded: addi r 5 = r 0 0x2

Cycle        293 ----------------------------------------------------
pc: 00000520 inst: (fe5212e3) expanded: bne r 4 r 5 0xffffffe4

Cycle        294 ----------------------------------------------------
pc: 00000524 inst: (ff100eb7) expanded: lui r29 0xff100000

Cycle        295 ----------------------------------------------------
pc: 00000528 inst: (f0fe8e93) expanded: addi r29 = r29 0xffffff0f

Cycle        296 ----------------------------------------------------
pc: 0000052c inst: (01200e13) expanded: addi r28 = r 0 0x12

Cycle        297 ----------------------------------------------------
pc: 00000530 inst: (19d19c63) expanded: bne r 3 r29 0x198

Cycle        298 ----------------------------------------------------
pc: 00000534 inst: (00000213) expanded: addi r 4 = r 0 0x0

Cycle        299 ----------------------------------------------------
pc: 00000538 inst: (f0f0f137) expanded: lui r 2 0xf0f0f000

Cycle        300 ----------------------------------------------------
pc: 0000053c inst: (0f010113) expanded: addi r 2 = r 2 0xf0

Cycle        301 ----------------------------------------------------
pc: 00000540 inst: (0ff010b7) expanded: lui r 1 0xff01000

Cycle        302 ----------------------------------------------------
pc: 00000544 inst: (ff008093) expanded: addi r 1 = r 1 0xfffffff0

Cycle        303 ----------------------------------------------------
pc: 00000548 inst: (00000013) expanded: addi r 0 = r 0 0x0

Cycle        304 ----------------------------------------------------
pc: 0000054c inst: (0020e1b3) expanded: or r 3 = r 1 r 2

Cycle        305 ----------------------------------------------------
pc: 00000550 inst: (00120213) expanded: addi r 4 = r 4 0x1

Cycle        306 ----------------------------------------------------
pc: 00000554 inst: (00200293) expanded: addi r 5 = r 0 0x2

Cycle        307 ----------------------------------------------------
pc: 00000558 inst: (fe5210e3) expanded: bne r 4 r 5 0xffffffe0

Cycle        308 ----------------------------------------------------
pc: 00000538 inst: (f0f0f137) expanded: lui r 2 0xf0f0f000

Cycle        309 ----------------------------------------------------
pc: 0000053c inst: (0f010113) expanded: addi r 2 = r 2 0xf0

Cycle        310 ----------------------------------------------------
pc: 00000540 inst: (0ff010b7) expanded: lui r 1 0xff01000

Cycle        311 ----------------------------------------------------
pc: 00000544 inst: (ff008093) expanded: addi r 1 = r 1 0xfffffff0

Cycle        312 ----------------------------------------------------
pc: 00000548 inst: (00000013) expanded: addi r 0 = r 0 0x0

Cycle        313 ----------------------------------------------------
pc: 0000054c inst: (0020e1b3) expanded: or r 3 = r 1 r 2

Cycle        314 ----------------------------------------------------
pc: 00000550 inst: (00120213) expanded: addi r 4 = r 4 0x1

Cycle        315 ----------------------------------------------------
pc: 00000554 inst: (00200293) expanded: addi r 5 = r 0 0x2

Cycle        316 ----------------------------------------------------
pc: 00000558 inst: (fe5210e3) expanded: bne r 4 r 5 0xffffffe0

Cycle        317 ----------------------------------------------------
pc: 0000055c inst: (fff10eb7) expanded: lui r29 0xfff10000

Cycle        318 ----------------------------------------------------
pc: 00000560 inst: (ff0e8e93) expanded: addi r29 = r29 0xfffffff0

Cycle        319 ----------------------------------------------------
pc: 00000564 inst: (01300e13) expanded: addi r28 = r 0 0x13

Cycle        320 ----------------------------------------------------
pc: 00000568 inst: (17d19063) expanded: bne r 3 r29 0x160

Cycle        321 ----------------------------------------------------
pc: 0000056c inst: (00000213) expanded: addi r 4 = r 0 0x0

Cycle        322 ----------------------------------------------------
pc: 00000570 inst: (0f0f1137) expanded: lui r 2 0xf0f1000

Cycle        323 ----------------------------------------------------
pc: 00000574 inst: (f0f10113) expanded: addi r 2 = r 2 0xffffff0f

Cycle        324 ----------------------------------------------------
pc: 00000578 inst: (00ff00b7) expanded: lui r 1 0xff0000

Cycle        325 ----------------------------------------------------
pc: 0000057c inst: (0ff08093) expanded: addi r 1 = r 1 0xff

Cycle        326 ----------------------------------------------------
pc: 00000580 inst: (00000013) expanded: addi r 0 = r 0 0x0

Cycle        327 ----------------------------------------------------
pc: 00000584 inst: (00000013) expanded: addi r 0 = r 0 0x0

Cycle        328 ----------------------------------------------------
pc: 00000588 inst: (0020e1b3) expanded: or r 3 = r 1 r 2

Cycle        329 ----------------------------------------------------
pc: 0000058c inst: (00120213) expanded: addi r 4 = r 4 0x1

Cycle        330 ----------------------------------------------------
pc: 00000590 inst: (00200293) expanded: addi r 5 = r 0 0x2

Cycle        331 ----------------------------------------------------
pc: 00000594 inst: (fc521ee3) expanded: bne r 4 r 5 0xffffffdc

Cycle        332 ----------------------------------------------------
pc: 00000570 inst: (0f0f1137) expanded: lui r 2 0xf0f1000

Cycle        333 ----------------------------------------------------
pc: 00000574 inst: (f0f10113) expanded: addi r 2 = r 2 0xffffff0f

Cycle        334 ----------------------------------------------------
pc: 00000578 inst: (00ff00b7) expanded: lui r 1 0xff0000

Cycle        335 ----------------------------------------------------
pc: 0000057c inst: (0ff08093) expanded: addi r 1 = r 1 0xff

Cycle        336 ----------------------------------------------------
pc: 00000580 inst: (00000013) expanded: addi r 0 = r 0 0x0

Cycle        337 ----------------------------------------------------
pc: 00000584 inst: (00000013) expanded: addi r 0 = r 0 0x0

Cycle        338 ----------------------------------------------------
pc: 00000588 inst: (0020e1b3) expanded: or r 3 = r 1 r 2

Cycle        339 ----------------------------------------------------
pc: 0000058c inst: (00120213) expanded: addi r 4 = r 4 0x1

Cycle        340 ----------------------------------------------------
pc: 00000590 inst: (00200293) expanded: addi r 5 = r 0 0x2

Cycle        341 ----------------------------------------------------
pc: 00000594 inst: (fc521ee3) expanded: bne r 4 r 5 0xffffffdc

Cycle        342 ----------------------------------------------------
pc: 00000598 inst: (0fff1eb7) expanded: lui r29 0xfff1000

Cycle        343 ----------------------------------------------------
pc: 0000059c inst: (fffe8e93) expanded: addi r29 = r29 0xffffffff

Cycle        344 ----------------------------------------------------
pc: 000005a0 inst: (01400e13) expanded: addi r28 = r 0 0x14

Cycle        345 ----------------------------------------------------
pc: 000005a4 inst: (13d19263) expanded: bne r 3 r29 0x124

Cycle        346 ----------------------------------------------------
pc: 000005a8 inst: (00000213) expanded: addi r 4 = r 0 0x0

Cycle        347 ----------------------------------------------------
pc: 000005ac inst: (0f0f1137) expanded: lui r 2 0xf0f1000

Cycle        348 ----------------------------------------------------
pc: 000005b0 inst: (f0f10113) expanded: addi r 2 = r 2 0xffffff0f

Cycle        349 ----------------------------------------------------
pc: 000005b4 inst: (00000013) expanded: addi r 0 = r 0 0x0

Cycle        350 ----------------------------------------------------
pc: 000005b8 inst: (ff0100b7) expanded: lui r 1 0xff010000

Cycle        351 ----------------------------------------------------
pc: 000005bc inst: (f0008093) expanded: addi r 1 = r 1 0xffffff00

Cycle        352 ----------------------------------------------------
pc: 000005c0 inst: (0020e1b3) expanded: or r 3 = r 1 r 2

Cycle        353 ----------------------------------------------------
pc: 000005c4 inst: (00120213) expanded: addi r 4 = r 4 0x1

Cycle        354 ----------------------------------------------------
pc: 000005c8 inst: (00200293) expanded: addi r 5 = r 0 0x2

Cycle        355 ----------------------------------------------------
pc: 000005cc inst: (fe5210e3) expanded: bne r 4 r 5 0xffffffe0

Cycle        356 ----------------------------------------------------
pc: 000005ac inst: (0f0f1137) expanded: lui r 2 0xf0f1000

Cycle        357 ----------------------------------------------------
pc: 000005b0 inst: (f0f10113) expanded: addi r 2 = r 2 0xffffff0f

Cycle        358 ----------------------------------------------------
pc: 000005b4 inst: (00000013) expanded: addi r 0 = r 0 0x0

Cycle        359 ----------------------------------------------------
pc: 000005b8 inst: (ff0100b7) expanded: lui r 1 0xff010000

Cycle        360 ----------------------------------------------------
pc: 000005bc inst: (f0008093) expanded: addi r 1 = r 1 0xffffff00

Cycle        361 ----------------------------------------------------
pc: 000005c0 inst: (0020e1b3) expanded: or r 3 = r 1 r 2

Cycle        362 ----------------------------------------------------
pc: 000005c4 inst: (00120213) expanded: addi r 4 = r 4 0x1

Cycle        363 ----------------------------------------------------
pc: 000005c8 inst: (00200293) expanded: addi r 5 = r 0 0x2

Cycle        364 ----------------------------------------------------
pc: 000005cc inst: (fe5210e3) expanded: bne r 4 r 5 0xffffffe0

Cycle        365 ----------------------------------------------------
pc: 000005d0 inst: (ff100eb7) expanded: lui r29 0xff100000

Cycle        366 ----------------------------------------------------
pc: 000005d4 inst: (f0fe8e93) expanded: addi r29 = r29 0xffffff0f

Cycle        367 ----------------------------------------------------
pc: 000005d8 inst: (01500e13) expanded: addi r28 = r 0 0x15

Cycle        368 ----------------------------------------------------
pc: 000005dc inst: (0fd19663) expanded: bne r 3 r29 0xec

Cycle        369 ----------------------------------------------------
pc: 000005e0 inst: (00000213) expanded: addi r 4 = r 0 0x0

Cycle        370 ----------------------------------------------------
pc: 000005e4 inst: (f0f0f137) expanded: lui r 2 0xf0f0f000

Cycle        371 ----------------------------------------------------
pc: 000005e8 inst: (0f010113) expanded: addi r 2 = r 2 0xf0

Cycle        372 ----------------------------------------------------
pc: 000005ec inst: (00000013) expanded: addi r 0 = r 0 0x0

Cycle        373 ----------------------------------------------------
pc: 000005f0 inst: (0ff010b7) expanded: lui r 1 0xff01000

Cycle        374 ----------------------------------------------------
pc: 000005f4 inst: (ff008093) expanded: addi r 1 = r 1 0xfffffff0

Cycle        375 ----------------------------------------------------
pc: 000005f8 inst: (00000013) expanded: addi r 0 = r 0 0x0

Cycle        376 ----------------------------------------------------
pc: 000005fc inst: (0020e1b3) expanded: or r 3 = r 1 r 2

Cycle        377 ----------------------------------------------------
pc: 00000600 inst: (00120213) expanded: addi r 4 = r 4 0x1

Cycle        378 ----------------------------------------------------
pc: 00000604 inst: (00200293) expanded: addi r 5 = r 0 0x2

Cycle        379 ----------------------------------------------------
pc: 00000608 inst: (fc521ee3) expanded: bne r 4 r 5 0xffffffdc

Cycle        380 ----------------------------------------------------
pc: 000005e4 inst: (f0f0f137) expanded: lui r 2 0xf0f0f000

Cycle        381 ----------------------------------------------------
pc: 000005e8 inst: (0f010113) expanded: addi r 2 = r 2 0xf0

Cycle        382 ----------------------------------------------------
pc: 000005ec inst: (00000013) expanded: addi r 0 = r 0 0x0

Cycle        383 ----------------------------------------------------
pc: 000005f0 inst: (0ff010b7) expanded: lui r 1 0xff01000

Cycle        384 ----------------------------------------------------
pc: 000005f4 inst: (ff008093) expanded: addi r 1 = r 1 0xfffffff0

Cycle        385 ----------------------------------------------------
pc: 000005f8 inst: (00000013) expanded: addi r 0 = r 0 0x0

Cycle        386 ----------------------------------------------------
pc: 000005fc inst: (0020e1b3) expanded: or r 3 = r 1 r 2

Cycle        387 ----------------------------------------------------
pc: 00000600 inst: (00120213) expanded: addi r 4 = r 4 0x1

Cycle        388 ----------------------------------------------------
pc: 00000604 inst: (00200293) expanded: addi r 5 = r 0 0x2

Cycle        389 ----------------------------------------------------
pc: 00000608 inst: (fc521ee3) expanded: bne r 4 r 5 0xffffffdc

Cycle        390 ----------------------------------------------------
pc: 0000060c inst: (fff10eb7) expanded: lui r29 0xfff10000

Cycle        391 ----------------------------------------------------
pc: 00000610 inst: (ff0e8e93) expanded: addi r29 = r29 0xfffffff0

Cycle        392 ----------------------------------------------------
pc: 00000614 inst: (01600e13) expanded: addi r28 = r 0 0x16

Cycle        393 ----------------------------------------------------
pc: 00000618 inst: (0bd19863) expanded: bne r 3 r29 0xb0

Cycle        394 ----------------------------------------------------
pc: 0000061c inst: (00000213) expanded: addi r 4 = r 0 0x0

Cycle        395 ----------------------------------------------------
pc: 00000620 inst: (0f0f1137) expanded: lui r 2 0xf0f1000

Cycle        396 ----------------------------------------------------
pc: 00000624 inst: (f0f10113) expanded: addi r 2 = r 2 0xffffff0f

Cycle        397 ----------------------------------------------------
pc: 00000628 inst: (00000013) expanded: addi r 0 = r 0 0x0

Cycle        398 ----------------------------------------------------
pc: 0000062c inst: (00000013) expanded: addi r 0 = r 0 0x0

Cycle        399 ----------------------------------------------------
pc: 00000630 inst: (00ff00b7) expanded: lui r 1 0xff0000

Cycle        400 ----------------------------------------------------
pc: 00000634 inst: (0ff08093) expanded: addi r 1 = r 1 0xff

Cycle        401 ----------------------------------------------------
pc: 00000638 inst: (0020e1b3) expanded: or r 3 = r 1 r 2

Cycle        402 ----------------------------------------------------
pc: 0000063c inst: (00120213) expanded: addi r 4 = r 4 0x1

Cycle        403 ----------------------------------------------------
pc: 00000640 inst: (00200293) expanded: addi r 5 = r 0 0x2

Cycle        404 ----------------------------------------------------
pc: 00000644 inst: (fc521ee3) expanded: bne r 4 r 5 0xffffffdc

Cycle        405 ----------------------------------------------------
pc: 00000620 inst: (0f0f1137) expanded: lui r 2 0xf0f1000

Cycle        406 ----------------------------------------------------
pc: 00000624 inst: (f0f10113) expanded: addi r 2 = r 2 0xffffff0f

Cycle        407 ----------------------------------------------------
pc: 00000628 inst: (00000013) expanded: addi r 0 = r 0 0x0

Cycle        408 ----------------------------------------------------
pc: 0000062c inst: (00000013) expanded: addi r 0 = r 0 0x0

Cycle        409 ----------------------------------------------------
pc: 00000630 inst: (00ff00b7) expanded: lui r 1 0xff0000

Cycle        410 ----------------------------------------------------
pc: 00000634 inst: (0ff08093) expanded: addi r 1 = r 1 0xff

Cycle        411 ----------------------------------------------------
pc: 00000638 inst: (0020e1b3) expanded: or r 3 = r 1 r 2

Cycle        412 ----------------------------------------------------
pc: 0000063c inst: (00120213) expanded: addi r 4 = r 4 0x1

Cycle        413 ----------------------------------------------------
pc: 00000640 inst: (00200293) expanded: addi r 5 = r 0 0x2

Cycle        414 ----------------------------------------------------
pc: 00000644 inst: (fc521ee3) expanded: bne r 4 r 5 0xffffffdc

Cycle        415 ----------------------------------------------------
pc: 00000648 inst: (0fff1eb7) expanded: lui r29 0xfff1000

Cycle        416 ----------------------------------------------------
pc: 0000064c inst: (fffe8e93) expanded: addi r29 = r29 0xffffffff

Cycle        417 ----------------------------------------------------
pc: 00000650 inst: (01700e13) expanded: addi r28 = r 0 0x17

Cycle        418 ----------------------------------------------------
pc: 00000654 inst: (07d19a63) expanded: bne r 3 r29 0x74

Cycle        419 ----------------------------------------------------
pc: 00000658 inst: (ff0100b7) expanded: lui r 1 0xff010000

Cycle        420 ----------------------------------------------------
pc: 0000065c inst: (f0008093) expanded: addi r 1 = r 1 0xffffff00

Cycle        421 ----------------------------------------------------
pc: 00000660 inst: (00106133) expanded: or r 2 = r 0 r 1

Cycle        422 ----------------------------------------------------
pc: 00000664 inst: (ff010eb7) expanded: lui r29 0xff010000

Cycle        423 ----------------------------------------------------
pc: 00000668 inst: (f00e8e93) expanded: addi r29 = r29 0xffffff00

Cycle        424 ----------------------------------------------------
pc: 0000066c inst: (01800e13) expanded: addi r28 = r 0 0x18

Cycle        425 ----------------------------------------------------
pc: 00000670 inst: (05d11c63) expanded: bne r 2 r29 0x58

Cycle        426 ----------------------------------------------------
pc: 00000674 inst: (00ff00b7) expanded: lui r 1 0xff0000

Cycle        427 ----------------------------------------------------
pc: 00000678 inst: (0ff08093) expanded: addi r 1 = r 1 0xff

Cycle        428 ----------------------------------------------------
pc: 0000067c inst: (0000e133) expanded: or r 2 = r 1 r 0

Cycle        429 ----------------------------------------------------
pc: 00000680 inst: (00ff0eb7) expanded: lui r29 0xff0000

Cycle        430 ----------------------------------------------------
pc: 00000684 inst: (0ffe8e93) expanded: addi r29 = r29 0xff

Cycle        431 ----------------------------------------------------
pc: 00000688 inst: (01900e13) expanded: addi r28 = r 0 0x19

Cycle        432 ----------------------------------------------------
pc: 0000068c inst: (03d11e63) expanded: bne r 2 r29 0x3c

Cycle        433 ----------------------------------------------------
pc: 00000690 inst: (000060b3) expanded: or r 1 = r 0 r 0

Cycle        434 ----------------------------------------------------
pc: 00000694 inst: (00000e93) expanded: addi r29 = r 0 0x0

Cycle        435 ----------------------------------------------------
pc: 00000698 inst: (01a00e13) expanded: addi r28 = r 0 0x1a

Cycle        436 ----------------------------------------------------
pc: 0000069c inst: (03d09663) expanded: bne r 1 r29 0x2c

Cycle        437 ----------------------------------------------------
pc: 000006a0 inst: (111110b7) expanded: lui r 1 0x11111000

Cycle        438 ----------------------------------------------------
pc: 000006a4 inst: (11108093) expanded: addi r 1 = r 1 0x111

Cycle        439 ----------------------------------------------------
pc: 000006a8 inst: (22222137) expanded: lui r 2 0x22222000

Cycle        440 ----------------------------------------------------
pc: 000006ac inst: (22210113) expanded: addi r 2 = r 2 0x222

Cycle        441 ----------------------------------------------------
pc: 000006b0 inst: (0020e033) expanded: or r 0 = r 1 r 2

Cycle        442 ----------------------------------------------------
pc: 000006b4 inst: (00000e93) expanded: addi r29 = r 0 0x0

Cycle        443 ----------------------------------------------------
pc: 000006b8 inst: (01b00e13) expanded: addi r28 = r 0 0x1b

Cycle        444 ----------------------------------------------------
pc: 000006bc inst: (01d01663) expanded: bne r 0 r29 0xc

Cycle        445 ----------------------------------------------------
pc: 000006c0 inst: (01c01663) expanded: bne r 0 r28 0xc

Cycle        446 ----------------------------------------------------
pc: 000006cc inst: (00000e13) expanded: addi r28 = r 0 0x0

Cycle        447 ----------------------------------------------------
pc: 000006d0 inst: (0040006f) expanded: jal r 0 0x4

Cycle        448 ----------------------------------------------------
pc: 000006d4 inst: (c0002573) expanded: csrrs r10 csr0xc00 r 0

Cycle        449 ----------------------------------------------------
pc: 000006d8 inst: (c02025f3) expanded: csrrs r11 csr0xc02 r 0

Cycle        450 ----------------------------------------------------
pc: 000006dc inst: (01051613) expanded: slli r12 = r10 0x10

Cycle        451 ----------------------------------------------------
pc: 000006e0 inst: (01065613) expanded: srli r12 = r12 0x10

Cycle        452 ----------------------------------------------------
pc: 000006e4 inst: (000206b7) expanded: lui r13 0x20000

Cycle        453 ----------------------------------------------------
pc: 000006e8 inst: (00d666b3) expanded: or r13 = r12 r13

Cycle        454 ----------------------------------------------------
pc: 000006ec inst: (78069073) expanded: csrrw r 0 csr0x780 r13

Cycle        455 ----------------------------------------------------
pc: 000006f0 inst: (01055613) expanded: srli r12 = r10 0x10

Cycle        456 ----------------------------------------------------
pc: 000006f4 inst: (000306b7) expanded: lui r13 0x30000

Cycle        457 ----------------------------------------------------
pc: 000006f8 inst: (00d666b3) expanded: or r13 = r12 r13

Cycle        458 ----------------------------------------------------
pc: 000006fc inst: (78069073) expanded: csrrw r 0 csr0x780 r13

Cycle        459 ----------------------------------------------------
pc: 00000700 inst: (00010637) expanded: lui r12 0x10000

Cycle        460 ----------------------------------------------------
pc: 00000704 inst: (00a60613) expanded: addi r12 = r12 0xa

Cycle        461 ----------------------------------------------------
pc: 00000708 inst: (78061073) expanded: csrrw r 0 csr0x780 r12

Cycle        462 ----------------------------------------------------
pc: 0000070c inst: (01059613) expanded: slli r12 = r11 0x10

Cycle        463 ----------------------------------------------------
pc: 00000710 inst: (01065613) expanded: srli r12 = r12 0x10

Cycle        464 ----------------------------------------------------
pc: 00000714 inst: (000201b7) expanded: lui r 3 0x20000

Cycle        465 ----------------------------------------------------
pc: 00000718 inst: (003661b3) expanded: or r 3 = r12 r 3

Cycle        466 ----------------------------------------------------
pc: 0000071c inst: (78019073) expanded: csrrw r 0 csr0x780 r 3

Cycle        467 ----------------------------------------------------
pc: 00000720 inst: (0105d613) expanded: srli r12 = r11 0x10

Cycle        468 ----------------------------------------------------
pc: 00000724 inst: (000301b7) expanded: lui r 3 0x30000

Cycle        469 ----------------------------------------------------
pc: 00000728 inst: (003661b3) expanded: or r 3 = r12 r 3

Cycle        470 ----------------------------------------------------
pc: 0000072c inst: (78019073) expanded: csrrw r 0 csr0x780 r 3

Cycle        471 ----------------------------------------------------
pc: 00000730 inst: (00010637) expanded: lui r12 0x10000

Cycle        472 ----------------------------------------------------
pc: 00000734 inst: (00a60613) expanded: addi r12 = r12 0xa

Cycle        473 ----------------------------------------------------
pc: 00000738 inst: (78061073) expanded: csrrw r 0 csr0x780 r12

Cycle        474 ----------------------------------------------------
pc: 0000073c inst: (780e1073) expanded: csrrw r 0 csr0x780 r28

Cycle        475 ----------------------------------------------------
pc: 00000740 inst: (0000006f) expanded: jal r 0 0x0

Cycle        476 ----------------------------------------------------
pc: 00000740 inst: (0000006f) expanded: jal r 0 0x0

Cycle        477 ----------------------------------------------------
pc: 00000740 inst: (0000006f) expanded: jal r 0 0x0

Cycle        478 ----------------------------------------------------
pc: 00000740 inst: (0000006f) expanded: jal r 0 0x0

Cycle        479 ----------------------------------------------------
pc: 00000740 inst: (0000006f) expanded: jal r 0 0x0

Cycle        480 ----------------------------------------------------
pc: 00000740 inst: (0000006f) expanded: jal r 0 0x0

Cycle        481 ----------------------------------------------------
pc: 00000740 inst: (0000006f) expanded: jal r 0 0x0

Cycle        482 ----------------------------------------------------
pc: 00000740 inst: (0000006f) expanded: jal r 0 0x0

Cycle        483 ----------------------------------------------------
pc: 00000740 inst: (0000006f) expanded: jal r 0 0x0

Cycle        484 ----------------------------------------------------
pc: 00000740 inst: (0000006f) expanded: jal r 0 0x0

Cycle        485 ----------------------------------------------------
pc: 00000740 inst: (0000006f) expanded: jal r 0 0x0

Cycle        486 ----------------------------------------------------
pc: 00000740 inst: (0000006f) expanded: jal r 0 0x0

Cycle        487 ----------------------------------------------------
pc: 00000740 inst: (0000006f) expanded: jal r 0 0x0

Cycle        488 ----------------------------------------------------
pc: 00000740 inst: (0000006f) expanded: jal r 0 0x0

Cycle        489 ----------------------------------------------------
pc: 00000740 inst: (0000006f) expanded: jal r 0 0x0

Cycle        490 ----------------------------------------------------
pc: 00000740 inst: (0000006f) expanded: jal r 0 0x0

Cycle        491 ----------------------------------------------------
pc: 00000740 inst: (0000006f) expanded: jal r 0 0x0

Cycle        492 ----------------------------------------------------
pc: 00000740 inst: (0000006f) expanded: jal r 0 0x0

Cycle        493 ----------------------------------------------------
pc: 00000740 inst: (0000006f) expanded: jal r 0 0x0

Cycle        494 ----------------------------------------------------
pc: 00000740 inst: (0000006f) expanded: jal r 0 0x0

Cycle        495 ----------------------------------------------------
pc: 00000740 inst: (0000006f) expanded: jal r 0 0x0

Cycle        496 ----------------------------------------------------
pc: 00000740 inst: (0000006f) expanded: jal r 0 0x0

Cycle        497 ----------------------------------------------------
pc: 00000740 inst: (0000006f) expanded: jal r 0 0x0

Cycle        498 ----------------------------------------------------
pc: 00000740 inst: (0000006f) expanded: jal r 0 0x0

Cycle        499 ----------------------------------------------------
pc: 00000740 inst: (0000006f) expanded: jal r 0 0x0

Cycle        500 ----------------------------------------------------
pc: 00000740 inst: (0000006f) expanded: jal r 0 0x0

Cycle        501 ----------------------------------------------------
pc: 00000740 inst: (0000006f) expanded: jal r 0 0x0

Cycle        502 ----------------------------------------------------
pc: 00000740 inst: (0000006f) expanded: jal r 0 0x0

Cycle        503 ----------------------------------------------------
pc: 00000740 inst: (0000006f) expanded: jal r 0 0x0

Cycle        504 ----------------------------------------------------
pc: 00000740 inst: (0000006f) expanded: jal r 0 0x0

Cycle        505 ----------------------------------------------------
pc: 00000740 inst: (0000006f) expanded: jal r 0 0x0

Cycle        506 ----------------------------------------------------
pc: 00000740 inst: (0000006f) expanded: jal r 0 0x0

Cycle        507 ----------------------------------------------------
pc: 00000740 inst: (0000006f) expanded: jal r 0 0x0

Cycle        508 ----------------------------------------------------
pc: 00000740 inst: (0000006f) expanded: jal r 0 0x0

Cycle        509 ----------------------------------------------------
pc: 00000740 inst: (0000006f) expanded: jal r 0 0x0

Cycle        510 ----------------------------------------------------
pc: 00000740 inst: (0000006f) expanded: jal r 0 0x0

Cycle        511 ----------------------------------------------------
pc: 00000740 inst: (0000006f) expanded: jal r 0 0x0

Cycle        512 ----------------------------------------------------
pc: 00000740 inst: (0000006f) expanded: jal r 0 0x0

Cycle        513 ----------------------------------------------------
pc: 00000740 inst: (0000006f) expanded: jal r 0 0x0

Cycle        514 ----------------------------------------------------
pc: 00000740 inst: (0000006f) expanded: jal r 0 0x0

Cycle        515 ----------------------------------------------------
pc: 00000740 inst: (0000006f) expanded: jal r 0 0x0

Cycle        516 ----------------------------------------------------
pc: 00000740 inst: (0000006f) expanded: jal r 0 0x0

Cycle        517 ----------------------------------------------------
pc: 00000740 inst: (0000006f) expanded: jal r 0 0x0

Cycle        518 ----------------------------------------------------
pc: 00000740 inst: (0000006f) expanded: jal r 0 0x0

Cycle        519 ----------------------------------------------------
pc: 00000740 inst: (0000006f) expanded: jal r 0 0x0

Cycle        520 ----------------------------------------------------
pc: 00000740 inst: (0000006f) expanded: jal r 0 0x0

Cycle        521 ----------------------------------------------------
pc: 00000740 inst: (0000006f) expanded: jal r 0 0x0

Cycle        522 ----------------------------------------------------
pc: 00000740 inst: (0000006f) expanded: jal r 0 0x0

Cycle        523 ----------------------------------------------------
pc: 00000740 inst: (0000006f) expanded: jal r 0 0x0

Cycle        524 ----------------------------------------------------
pc: 00000740 inst: (0000006f) expanded: jal r 0 0x0

Cycle        525 ----------------------------------------------------
pc: 00000740 inst: (0000006f) expanded: jal r 0 0x0

Cycle        526 ----------------------------------------------------
pc: 00000740 inst: (0000006f) expanded: jal r 0 0x0

Cycle        527 ----------------------------------------------------
pc: 00000740 inst: (0000006f) expanded: jal r 0 0x0

Cycle        528 ----------------------------------------------------
pc: 00000740 inst: (0000006f) expanded: jal r 0 0x0

Cycle        529 ----------------------------------------------------
pc: 00000740 inst: (0000006f) expanded: jal r 0 0x0

Cycle        530 ----------------------------------------------------
pc: 00000740 inst: (0000006f) expanded: jal r 0 0x0

Cycle        531 ----------------------------------------------------
pc: 00000740 inst: (0000006f) expanded: jal r 0 0x0

Cycle        532 ----------------------------------------------------
pc: 00000740 inst: (0000006f) expanded: jal r 0 0x0

Cycle        533 ----------------------------------------------------
pc: 00000740 inst: (0000006f) expanded: jal r 0 0x0

Cycle        534 ----------------------------------------------------
pc: 00000740 inst: (0000006f) expanded: jal r 0 0x0

Cycle        535 ----------------------------------------------------
pc: 00000740 inst: (0000006f) expanded: jal r 0 0x0

Cycle        536 ----------------------------------------------------
pc: 00000740 inst: (0000006f) expanded: jal r 0 0x0

Cycle        537 ----------------------------------------------------
pc: 00000740 inst: (0000006f) expanded: jal r 0 0x0

Cycle        538 ----------------------------------------------------
pc: 00000740 inst: (0000006f) expanded: jal r 0 0x0

Cycle        539 ----------------------------------------------------
pc: 00000740 inst: (0000006f) expanded: jal r 0 0x0

Cycle        540 ----------------------------------------------------
pc: 00000740 inst: (0000006f) expanded: jal r 0 0x0

Cycle        541 ----------------------------------------------------
pc: 00000740 inst: (0000006f) expanded: jal r 0 0x0

Cycle        542 ----------------------------------------------------
pc: 00000740 inst: (0000006f) expanded: jal r 0 0x0

Cycle        543 ----------------------------------------------------
pc: 00000740 inst: (0000006f) expanded: jal r 0 0x0

Cycle        544 ----------------------------------------------------
pc: 00000740 inst: (0000006f) expanded: jal r 0 0x0

Cycle        545 ----------------------------------------------------
pc: 00000740 inst: (0000006f) expanded: jal r 0 0x0

Cycle        546 ----------------------------------------------------
pc: 00000740 inst: (0000006f) expanded: jal r 0 0x0

Cycle        547 ----------------------------------------------------
pc: 00000740 inst: (0000006f) expanded: jal r 0 0x0

Cycle        548 ----------------------------------------------------
pc: 00000740 inst: (0000006f) expanded: jal r 0 0x0

Cycle        549 ----------------------------------------------------
pc: 00000740 inst: (0000006f) expanded: jal r 0 0x0

Cycle        550 ----------------------------------------------------
pc: 00000740 inst: (0000006f) expanded: jal r 0 0x0

Cycle        551 ----------------------------------------------------
pc: 00000740 inst: (0000006f) expanded: jal r 0 0x0

Cycle        552 ----------------------------------------------------
pc: 00000740 inst: (0000006f) expanded: jal r 0 0x0

Cycle        553 ----------------------------------------------------
pc: 00000740 inst: (0000006f) expanded: jal r 0 0x0

Cycle        554 ----------------------------------------------------
pc: 00000740 inst: (0000006f) expanded: jal r 0 0x0

Cycle        555 ----------------------------------------------------
pc: 00000740 inst: (0000006f) expanded: jal r 0 0x0

Cycle        556 ----------------------------------------------------
pc: 00000740 inst: (0000006f) expanded: jal r 0 0x0

Cycle        557 ----------------------------------------------------
pc: 00000740 inst: (0000006f) expanded: jal r 0 0x0

Cycle        558 ----------------------------------------------------
pc: 00000740 inst: (0000006f) expanded: jal r 0 0x0

Cycle        559 ----------------------------------------------------
pc: 00000740 inst: (0000006f) expanded: jal r 0 0x0

Cycle        560 ----------------------------------------------------
pc: 00000740 inst: (0000006f) expanded: jal r 0 0x0

Cycle        561 ----------------------------------------------------
pc: 00000740 inst: (0000006f) expanded: jal r 0 0x0

Cycle        562 ----------------------------------------------------
pc: 00000740 inst: (0000006f) expanded: jal r 0 0x0

Cycle        563 ----------------------------------------------------
pc: 00000740 inst: (0000006f) expanded: jal r 0 0x0

Cycle        564 ----------------------------------------------------
pc: 00000740 inst: (0000006f) expanded: jal r 0 0x0

Cycle        565 ----------------------------------------------------
pc: 00000740 inst: (0000006f) expanded: jal r 0 0x0

Cycle        566 ----------------------------------------------------
pc: 00000740 inst: (0000006f) expanded: jal r 0 0x0

Cycle        567 ----------------------------------------------------
pc: 00000740 inst: (0000006f) expanded: jal r 0 0x0

Cycle        568 ----------------------------------------------------
pc: 00000740 inst: (0000006f) expanded: jal r 0 0x0

Cycle        569 ----------------------------------------------------
pc: 00000740 inst: (0000006f) expanded: jal r 0 0x0

Cycle        570 ----------------------------------------------------
pc: 00000740 inst: (0000006f) expanded: jal r 0 0x0

Cycle        571 ----------------------------------------------------
pc: 00000740 inst: (0000006f) expanded: jal r 0 0x0

Cycle        572 ----------------------------------------------------
pc: 00000740 inst: (0000006f) expanded: jal r 0 0x0

Cycle        573 ----------------------------------------------------
pc: 00000740 inst: (0000006f) expanded: jal r 0 0x0

Cycle        574 ----------------------------------------------------
pc: 00000740 inst: (0000006f) expanded: jal r 0 0x0

Cycle        575 ----------------------------------------------------
pc: 00000740 inst: (0000006f) expanded: jal r 0 0x0

Cycle        576 ----------------------------------------------------
pc: 00000740 inst: (0000006f) expanded: jal r 0 0x0

Cycle        577 ----------------------------------------------------
pc: 00000740 inst: (0000006f) expanded: jal r 0 0x0

Cycle        578 ----------------------------------------------------
pc: 00000740 inst: (0000006f) expanded: jal r 0 0x0

Cycle        579 ----------------------------------------------------
pc: 00000740 inst: (0000006f) expanded: jal r 0 0x0

Cycle        580 ----------------------------------------------------
pc: 00000740 inst: (0000006f) expanded: jal r 0 0x0

Cycle        581 ----------------------------------------------------
pc: 00000740 inst: (0000006f) expanded: jal r 0 0x0

Cycle        582 ----------------------------------------------------
pc: 00000740 inst: (0000006f) expanded: jal r 0 0x0

Cycle        583 ----------------------------------------------------
pc: 00000740 inst: (0000006f) expanded: jal r 0 0x0

Cycle        584 ----------------------------------------------------
pc: 00000740 inst: (0000006f) expanded: jal r 0 0x0

Cycle        585 ----------------------------------------------------
pc: 00000740 inst: (0000006f) expanded: jal r 0 0x0

Cycle        586 ----------------------------------------------------
pc: 00000740 inst: (0000006f) expanded: jal r 0 0x0

Cycle        587 ----------------------------------------------------
pc: 00000740 inst: (0000006f) expanded: jal r 0 0x0

Cycle        588 ----------------------------------------------------
pc: 00000740 inst: (0000006f) expanded: jal r 0 0x0

Cycle        589 ----------------------------------------------------
pc: 00000740 inst: (0000006f) expanded: jal r 0 0x0

Cycle        590 ----------------------------------------------------
pc: 00000740 inst: (0000006f) expanded: jal r 0 0x0

Cycle        591 ----------------------------------------------------
pc: 00000740 inst: (0000006f) expanded: jal r 0 0x0

Cycle        592 ----------------------------------------------------
pc: 00000740 inst: (0000006f) expanded: jal r 0 0x0

Cycle        593 ----------------------------------------------------
pc: 00000740 inst: (0000006f) expanded: jal r 0 0x0

Cycle        594 ----------------------------------------------------
pc: 00000740 inst: (0000006f) expanded: jal r 0 0x0

Cycle        595 ----------------------------------------------------
pc: 00000740 inst: (0000006f) expanded: jal r 0 0x0

Cycle        596 ----------------------------------------------------
pc: 00000740 inst: (0000006f) expanded: jal r 0 0x0

Cycle        597 ----------------------------------------------------
pc: 00000740 inst: (0000006f) expanded: jal r 0 0x0

Cycle        598 ----------------------------------------------------
pc: 00000740 inst: (0000006f) expanded: jal r 0 0x0

Cycle        599 ----------------------------------------------------
pc: 00000740 inst: (0000006f) expanded: jal r 0 0x0

Cycle        600 ----------------------------------------------------
pc: 00000740 inst: (0000006f) expanded: jal r 0 0x0

Cycle        601 ----------------------------------------------------
pc: 00000740 inst: (0000006f) expanded: jal r 0 0x0

Cycle        602 ----------------------------------------------------
pc: 00000740 inst: (0000006f) expanded: jal r 0 0x0

Cycle        603 ----------------------------------------------------
pc: 00000740 inst: (0000006f) expanded: jal r 0 0x0

Cycle        604 ----------------------------------------------------
pc: 00000740 inst: (0000006f) expanded: jal r 0 0x0

Cycle        605 ----------------------------------------------------
pc: 00000740 inst: (0000006f) expanded: jal r 0 0x0

Cycle        606 ----------------------------------------------------
pc: 00000740 inst: (0000006f) expanded: jal r 0 0x0

Cycle        607 ----------------------------------------------------
pc: 00000740 inst: (0000006f) expanded: jal r 0 0x0

Cycle        608 ----------------------------------------------------
simulator calling $finish
