make -C bluesim --no-print-directory run
LD_PRELOAD=libSegFault.so SEGFAULT_USE_ALTSTACK=1 SEGFAULT_OUTPUT_NAME=bin/bsimexe-segv-output.txt  ./bin/ubuntu.exe ; retcode=$?; exit $retcode
Start testbench:
Warning: file 'mem.vmh' for memory 'mem' has a gap at addresses 194 to 65535.
Warning: file 'mem.vmh' for memory 'mem' has a gap at addresses 194 to 65535.
[init_xsim:61]
[init_xsim:61]
Processor startedXsimTop starting
Received software req to start pc

Start at pc 200

pc: 00000200 inst: (00000093) expanded: addi r 1 = r 0 0x0

Cycle          0 ----------------------------------------------------
pc: 00000204 inst: (0000a193) expanded: slti r 3 = r 1 0x0

Cycle          1 ----------------------------------------------------
pc: 00000208 inst: (00000e93) expanded: addi r29 = r 0 0x0

Cycle          2 ----------------------------------------------------
pc: 0000020c inst: (00200e13) expanded: addi r28 = r 0 0x2

Cycle          3 ----------------------------------------------------
pc: 00000210 inst: (27d19463) expanded: bne r 3 r29 0x268

Cycle          4 ----------------------------------------------------
pc: 00000214 inst: (00100093) expanded: addi r 1 = r 0 0x1

Cycle          5 ----------------------------------------------------
pc: 00000218 inst: (0010a193) expanded: slti r 3 = r 1 0x1

Cycle          6 ----------------------------------------------------
pc: 0000021c inst: (00000e93) expanded: addi r29 = r 0 0x0

Cycle          7 ----------------------------------------------------
pc: 00000220 inst: (00300e13) expanded: addi r28 = r 0 0x3

Cycle          8 ----------------------------------------------------
pc: 00000224 inst: (25d19a63) expanded: bne r 3 r29 0x254

Cycle          9 ----------------------------------------------------
pc: 00000228 inst: (00300093) expanded: addi r 1 = r 0 0x3

Cycle         10 ----------------------------------------------------
pc: 0000022c inst: (0070a193) expanded: slti r 3 = r 1 0x7

Cycle         11 ----------------------------------------------------
pc: 00000230 inst: (00100e93) expanded: addi r29 = r 0 0x1

Cycle         12 ----------------------------------------------------
pc: 00000234 inst: (00400e13) expanded: addi r28 = r 0 0x4

Cycle         13 ----------------------------------------------------
pc: 00000238 inst: (25d19063) expanded: bne r 3 r29 0x240

Cycle         14 ----------------------------------------------------
pc: 0000023c inst: (00700093) expanded: addi r 1 = r 0 0x7

Cycle         15 ----------------------------------------------------
pc: 00000240 inst: (0030a193) expanded: slti r 3 = r 1 0x3

Cycle         16 ----------------------------------------------------
pc: 00000244 inst: (00000e93) expanded: addi r29 = r 0 0x0

Cycle         17 ----------------------------------------------------
pc: 00000248 inst: (00500e13) expanded: addi r28 = r 0 0x5

Cycle         18 ----------------------------------------------------
pc: 0000024c inst: (23d19663) expanded: bne r 3 r29 0x22c

Cycle         19 ----------------------------------------------------
pc: 00000250 inst: (00000093) expanded: addi r 1 = r 0 0x0

Cycle         20 ----------------------------------------------------
pc: 00000254 inst: (8000a193) expanded: slti r 3 = r 1 0xfffff800

Cycle         21 ----------------------------------------------------
pc: 00000258 inst: (00000e93) expanded: addi r29 = r 0 0x0

Cycle         22 ----------------------------------------------------
pc: 0000025c inst: (00600e13) expanded: addi r28 = r 0 0x6

Cycle         23 ----------------------------------------------------
pc: 00000260 inst: (21d19c63) expanded: bne r 3 r29 0x218

Cycle         24 ----------------------------------------------------
pc: 00000264 inst: (800000b7) expanded: lui r 1 0x80000000

Cycle         25 ----------------------------------------------------
pc: 00000268 inst: (0000a193) expanded: slti r 3 = r 1 0x0

Cycle         26 ----------------------------------------------------
pc: 0000026c inst: (00100e93) expanded: addi r29 = r 0 0x1

Cycle         27 ----------------------------------------------------
pc: 00000270 inst: (00700e13) expanded: addi r28 = r 0 0x7

Cycle         28 ----------------------------------------------------
pc: 00000274 inst: (21d19263) expanded: bne r 3 r29 0x204

Cycle         29 ----------------------------------------------------
pc: 00000278 inst: (800000b7) expanded: lui r 1 0x80000000

Cycle         30 ----------------------------------------------------
pc: 0000027c inst: (8000a193) expanded: slti r 3 = r 1 0xfffff800

Cycle         31 ----------------------------------------------------
pc: 00000280 inst: (00100e93) expanded: addi r29 = r 0 0x1

Cycle         32 ----------------------------------------------------
pc: 00000284 inst: (00800e13) expanded: addi r28 = r 0 0x8

Cycle         33 ----------------------------------------------------
pc: 00000288 inst: (1fd19863) expanded: bne r 3 r29 0x1f0

Cycle         34 ----------------------------------------------------
pc: 0000028c inst: (00000093) expanded: addi r 1 = r 0 0x0

Cycle         35 ----------------------------------------------------
pc: 00000290 inst: (7ff0a193) expanded: slti r 3 = r 1 0x7ff

Cycle         36 ----------------------------------------------------
pc: 00000294 inst: (00100e93) expanded: addi r29 = r 0 0x1

Cycle         37 ----------------------------------------------------
pc: 00000298 inst: (00900e13) expanded: addi r28 = r 0 0x9

Cycle         38 ----------------------------------------------------
pc: 0000029c inst: (1dd19e63) expanded: bne r 3 r29 0x1dc

Cycle         39 ----------------------------------------------------
pc: 000002a0 inst: (800000b7) expanded: lui r 1 0x80000000

Cycle         40 ----------------------------------------------------
pc: 000002a4 inst: (fff08093) expanded: addi r 1 = r 1 0xffffffff

Cycle         41 ----------------------------------------------------
pc: 000002a8 inst: (0000a193) expanded: slti r 3 = r 1 0x0

Cycle         42 ----------------------------------------------------
pc: 000002ac inst: (00000e93) expanded: addi r29 = r 0 0x0

Cycle         43 ----------------------------------------------------
pc: 000002b0 inst: (00a00e13) expanded: addi r28 = r 0 0xa

Cycle         44 ----------------------------------------------------
pc: 000002b4 inst: (1dd19263) expanded: bne r 3 r29 0x1c4

Cycle         45 ----------------------------------------------------
pc: 000002b8 inst: (800000b7) expanded: lui r 1 0x80000000

Cycle         46 ----------------------------------------------------
pc: 000002bc inst: (fff08093) expanded: addi r 1 = r 1 0xffffffff

Cycle         47 ----------------------------------------------------
pc: 000002c0 inst: (7ff0a193) expanded: slti r 3 = r 1 0x7ff

Cycle         48 ----------------------------------------------------
pc: 000002c4 inst: (00000e93) expanded: addi r29 = r 0 0x0

Cycle         49 ----------------------------------------------------
pc: 000002c8 inst: (00b00e13) expanded: addi r28 = r 0 0xb

Cycle         50 ----------------------------------------------------
pc: 000002cc inst: (1bd19663) expanded: bne r 3 r29 0x1ac

Cycle         51 ----------------------------------------------------
pc: 000002d0 inst: (800000b7) expanded: lui r 1 0x80000000

Cycle         52 ----------------------------------------------------
pc: 000002d4 inst: (7ff0a193) expanded: slti r 3 = r 1 0x7ff

Cycle         53 ----------------------------------------------------
pc: 000002d8 inst: (00100e93) expanded: addi r29 = r 0 0x1

Cycle         54 ----------------------------------------------------
pc: 000002dc inst: (00c00e13) expanded: addi r28 = r 0 0xc

Cycle         55 ----------------------------------------------------
pc: 000002e0 inst: (19d19c63) expanded: bne r 3 r29 0x198

Cycle         56 ----------------------------------------------------
pc: 000002e4 inst: (800000b7) expanded: lui r 1 0x80000000

Cycle         57 ----------------------------------------------------
pc: 000002e8 inst: (fff08093) expanded: addi r 1 = r 1 0xffffffff

Cycle         58 ----------------------------------------------------
pc: 000002ec inst: (8000a193) expanded: slti r 3 = r 1 0xfffff800

Cycle         59 ----------------------------------------------------
pc: 000002f0 inst: (00000e93) expanded: addi r29 = r 0 0x0

Cycle         60 ----------------------------------------------------
pc: 000002f4 inst: (00d00e13) expanded: addi r28 = r 0 0xd

Cycle         61 ----------------------------------------------------
pc: 000002f8 inst: (19d19063) expanded: bne r 3 r29 0x180

Cycle         62 ----------------------------------------------------
pc: 000002fc inst: (00000093) expanded: addi r 1 = r 0 0x0

Cycle         63 ----------------------------------------------------
pc: 00000300 inst: (fff0a193) expanded: slti r 3 = r 1 0xffffffff

Cycle         64 ----------------------------------------------------
pc: 00000304 inst: (00000e93) expanded: addi r29 = r 0 0x0

Cycle         65 ----------------------------------------------------
pc: 00000308 inst: (00e00e13) expanded: addi r28 = r 0 0xe

Cycle         66 ----------------------------------------------------
pc: 0000030c inst: (17d19663) expanded: bne r 3 r29 0x16c

Cycle         67 ----------------------------------------------------
pc: 00000310 inst: (fff00093) expanded: addi r 1 = r 0 0xffffffff

Cycle         68 ----------------------------------------------------
pc: 00000314 inst: (0010a193) expanded: slti r 3 = r 1 0x1

Cycle         69 ----------------------------------------------------
pc: 00000318 inst: (00100e93) expanded: addi r29 = r 0 0x1

Cycle         70 ----------------------------------------------------
pc: 0000031c inst: (00f00e13) expanded: addi r28 = r 0 0xf

Cycle         71 ----------------------------------------------------
pc: 00000320 inst: (15d19c63) expanded: bne r 3 r29 0x158

Cycle         72 ----------------------------------------------------
pc: 00000324 inst: (fff00093) expanded: addi r 1 = r 0 0xffffffff

Cycle         73 ----------------------------------------------------
pc: 00000328 inst: (fff0a193) expanded: slti r 3 = r 1 0xffffffff

Cycle         74 ----------------------------------------------------
pc: 0000032c inst: (00000e93) expanded: addi r29 = r 0 0x0

Cycle         75 ----------------------------------------------------
pc: 00000330 inst: (01000e13) expanded: addi r28 = r 0 0x10

Cycle         76 ----------------------------------------------------
pc: 00000334 inst: (15d19263) expanded: bne r 3 r29 0x144

Cycle         77 ----------------------------------------------------
pc: 00000338 inst: (00b00093) expanded: addi r 1 = r 0 0xb

Cycle         78 ----------------------------------------------------
pc: 0000033c inst: (00d0b093) expanded: sltiu r 1 = r 1 0xd

Cycle         79 ----------------------------------------------------
pc: 00000340 inst: (00100e93) expanded: addi r29 = r 0 0x1

Cycle         80 ----------------------------------------------------
pc: 00000344 inst: (01100e13) expanded: addi r28 = r 0 0x11

Cycle         81 ----------------------------------------------------
pc: 00000348 inst: (13d09863) expanded: bne r 1 r29 0x130

Cycle         82 ----------------------------------------------------
pc: 0000034c inst: (00000213) expanded: addi r 4 = r 0 0x0

Cycle         83 ----------------------------------------------------
pc: 00000350 inst: (00f00093) expanded: addi r 1 = r 0 0xf

Cycle         84 ----------------------------------------------------
pc: 00000354 inst: (00a0a193) expanded: slti r 3 = r 1 0xa

Cycle         85 ----------------------------------------------------
pc: 00000358 inst: (00018313) expanded: addi r 6 = r 3 0x0

Cycle         86 ----------------------------------------------------
pc: 0000035c inst: (00120213) expanded: addi r 4 = r 4 0x1

Cycle         87 ----------------------------------------------------
pc: 00000360 inst: (00200293) expanded: addi r 5 = r 0 0x2

Cycle         88 ----------------------------------------------------
pc: 00000364 inst: (fe5216e3) expanded: bne r 4 r 5 0xffffffec

Cycle         89 ----------------------------------------------------
pc: 00000350 inst: (00f00093) expanded: addi r 1 = r 0 0xf

Cycle         90 ----------------------------------------------------
pc: 00000354 inst: (00a0a193) expanded: slti r 3 = r 1 0xa

Cycle         91 ----------------------------------------------------
pc: 00000358 inst: (00018313) expanded: addi r 6 = r 3 0x0

Cycle         92 ----------------------------------------------------
pc: 0000035c inst: (00120213) expanded: addi r 4 = r 4 0x1

Cycle         93 ----------------------------------------------------
pc: 00000360 inst: (00200293) expanded: addi r 5 = r 0 0x2

Cycle         94 ----------------------------------------------------
pc: 00000364 inst: (fe5216e3) expanded: bne r 4 r 5 0xffffffec

Cycle         95 ----------------------------------------------------
pc: 00000368 inst: (00000e93) expanded: addi r29 = r 0 0x0

Cycle         96 ----------------------------------------------------
pc: 0000036c inst: (01200e13) expanded: addi r28 = r 0 0x12

Cycle         97 ----------------------------------------------------
pc: 00000370 inst: (11d31463) expanded: bne r 6 r29 0x108

Cycle         98 ----------------------------------------------------
pc: 00000374 inst: (00000213) expanded: addi r 4 = r 0 0x0

Cycle         99 ----------------------------------------------------
pc: 00000378 inst: (00a00093) expanded: addi r 1 = r 0 0xa

Cycle        100 ----------------------------------------------------
pc: 0000037c inst: (0100a193) expanded: slti r 3 = r 1 0x10

Cycle        101 ----------------------------------------------------
pc: 00000380 inst: (00000013) expanded: addi r 0 = r 0 0x0

Cycle        102 ----------------------------------------------------
pc: 00000384 inst: (00018313) expanded: addi r 6 = r 3 0x0

Cycle        103 ----------------------------------------------------
pc: 00000388 inst: (00120213) expanded: addi r 4 = r 4 0x1

Cycle        104 ----------------------------------------------------
pc: 0000038c inst: (00200293) expanded: addi r 5 = r 0 0x2

Cycle        105 ----------------------------------------------------
pc: 00000390 inst: (fe5214e3) expanded: bne r 4 r 5 0xffffffe8

Cycle        106 ----------------------------------------------------
pc: 00000378 inst: (00a00093) expanded: addi r 1 = r 0 0xa

Cycle        107 ----------------------------------------------------
pc: 0000037c inst: (0100a193) expanded: slti r 3 = r 1 0x10

Cycle        108 ----------------------------------------------------
pc: 00000380 inst: (00000013) expanded: addi r 0 = r 0 0x0

Cycle        109 ----------------------------------------------------
pc: 00000384 inst: (00018313) expanded: addi r 6 = r 3 0x0

Cycle        110 ----------------------------------------------------
pc: 00000388 inst: (00120213) expanded: addi r 4 = r 4 0x1

Cycle        111 ----------------------------------------------------
pc: 0000038c inst: (00200293) expanded: addi r 5 = r 0 0x2

Cycle        112 ----------------------------------------------------
pc: 00000390 inst: (fe5214e3) expanded: bne r 4 r 5 0xffffffe8

Cycle        113 ----------------------------------------------------
pc: 00000394 inst: (00100e93) expanded: addi r29 = r 0 0x1

Cycle        114 ----------------------------------------------------
pc: 00000398 inst: (01300e13) expanded: addi r28 = r 0 0x13

Cycle        115 ----------------------------------------------------
pc: 0000039c inst: (0dd31e63) expanded: bne r 6 r29 0xdc

Cycle        116 ----------------------------------------------------
pc: 000003a0 inst: (00000213) expanded: addi r 4 = r 0 0x0

Cycle        117 ----------------------------------------------------
pc: 000003a4 inst: (01000093) expanded: addi r 1 = r 0 0x10

Cycle        118 ----------------------------------------------------
pc: 000003a8 inst: (0090a193) expanded: slti r 3 = r 1 0x9

Cycle        119 ----------------------------------------------------
pc: 000003ac inst: (00000013) expanded: addi r 0 = r 0 0x0

Cycle        120 ----------------------------------------------------
pc: 000003b0 inst: (00000013) expanded: addi r 0 = r 0 0x0

Cycle        121 ----------------------------------------------------
pc: 000003b4 inst: (00018313) expanded: addi r 6 = r 3 0x0

Cycle        122 ----------------------------------------------------
pc: 000003b8 inst: (00120213) expanded: addi r 4 = r 4 0x1

Cycle        123 ----------------------------------------------------
pc: 000003bc inst: (00200293) expanded: addi r 5 = r 0 0x2

Cycle        124 ----------------------------------------------------
pc: 000003c0 inst: (fe5212e3) expanded: bne r 4 r 5 0xffffffe4

Cycle        125 ----------------------------------------------------
pc: 000003a4 inst: (01000093) expanded: addi r 1 = r 0 0x10

Cycle        126 ----------------------------------------------------
pc: 000003a8 inst: (0090a193) expanded: slti r 3 = r 1 0x9

Cycle        127 ----------------------------------------------------
pc: 000003ac inst: (00000013) expanded: addi r 0 = r 0 0x0

Cycle        128 ----------------------------------------------------
pc: 000003b0 inst: (00000013) expanded: addi r 0 = r 0 0x0

Cycle        129 ----------------------------------------------------
pc: 000003b4 inst: (00018313) expanded: addi r 6 = r 3 0x0

Cycle        130 ----------------------------------------------------
pc: 000003b8 inst: (00120213) expanded: addi r 4 = r 4 0x1

Cycle        131 ----------------------------------------------------
pc: 000003bc inst: (00200293) expanded: addi r 5 = r 0 0x2

Cycle        132 ----------------------------------------------------
pc: 000003c0 inst: (fe5212e3) expanded: bne r 4 r 5 0xffffffe4

Cycle        133 ----------------------------------------------------
pc: 000003c4 inst: (00000e93) expanded: addi r29 = r 0 0x0

Cycle        134 ----------------------------------------------------
pc: 000003c8 inst: (01400e13) expanded: addi r28 = r 0 0x14

Cycle        135 ----------------------------------------------------
pc: 000003cc inst: (0bd31663) expanded: bne r 6 r29 0xac

Cycle        136 ----------------------------------------------------
pc: 000003d0 inst: (00000213) expanded: addi r 4 = r 0 0x0

Cycle        137 ----------------------------------------------------
pc: 000003d4 inst: (00b00093) expanded: addi r 1 = r 0 0xb

Cycle        138 ----------------------------------------------------
pc: 000003d8 inst: (00f0a193) expanded: slti r 3 = r 1 0xf

Cycle        139 ----------------------------------------------------
pc: 000003dc inst: (00120213) expanded: addi r 4 = r 4 0x1

Cycle        140 ----------------------------------------------------
pc: 000003e0 inst: (00200293) expanded: addi r 5 = r 0 0x2

Cycle        141 ----------------------------------------------------
pc: 000003e4 inst: (fe5218e3) expanded: bne r 4 r 5 0xfffffff0

Cycle        142 ----------------------------------------------------
pc: 000003d4 inst: (00b00093) expanded: addi r 1 = r 0 0xb

Cycle        143 ----------------------------------------------------
pc: 000003d8 inst: (00f0a193) expanded: slti r 3 = r 1 0xf

Cycle        144 ----------------------------------------------------
pc: 000003dc inst: (00120213) expanded: addi r 4 = r 4 0x1

Cycle        145 ----------------------------------------------------
pc: 000003e0 inst: (00200293) expanded: addi r 5 = r 0 0x2

Cycle        146 ----------------------------------------------------
pc: 000003e4 inst: (fe5218e3) expanded: bne r 4 r 5 0xfffffff0

Cycle        147 ----------------------------------------------------
pc: 000003e8 inst: (00100e93) expanded: addi r29 = r 0 0x1

Cycle        148 ----------------------------------------------------
pc: 000003ec inst: (01500e13) expanded: addi r28 = r 0 0x15

Cycle        149 ----------------------------------------------------
pc: 000003f0 inst: (09d19463) expanded: bne r 3 r29 0x88

Cycle        150 ----------------------------------------------------
pc: 000003f4 inst: (00000213) expanded: addi r 4 = r 0 0x0

Cycle        151 ----------------------------------------------------
pc: 000003f8 inst: (01100093) expanded: addi r 1 = r 0 0x11

Cycle        152 ----------------------------------------------------
pc: 000003fc inst: (00000013) expanded: addi r 0 = r 0 0x0

Cycle        153 ----------------------------------------------------
pc: 00000400 inst: (0080a193) expanded: slti r 3 = r 1 0x8

Cycle        154 ----------------------------------------------------
pc: 00000404 inst: (00120213) expanded: addi r 4 = r 4 0x1

Cycle        155 ----------------------------------------------------
pc: 00000408 inst: (00200293) expanded: addi r 5 = r 0 0x2

Cycle        156 ----------------------------------------------------
pc: 0000040c inst: (fe5216e3) expanded: bne r 4 r 5 0xffffffec

Cycle        157 ----------------------------------------------------
pc: 000003f8 inst: (01100093) expanded: addi r 1 = r 0 0x11

Cycle        158 ----------------------------------------------------
pc: 000003fc inst: (00000013) expanded: addi r 0 = r 0 0x0

Cycle        159 ----------------------------------------------------
pc: 00000400 inst: (0080a193) expanded: slti r 3 = r 1 0x8

Cycle        160 ----------------------------------------------------
pc: 00000404 inst: (00120213) expanded: addi r 4 = r 4 0x1

Cycle        161 ----------------------------------------------------
pc: 00000408 inst: (00200293) expanded: addi r 5 = r 0 0x2

Cycle        162 ----------------------------------------------------
pc: 0000040c inst: (fe5216e3) expanded: bne r 4 r 5 0xffffffec

Cycle        163 ----------------------------------------------------
pc: 00000410 inst: (00000e93) expanded: addi r29 = r 0 0x0

Cycle        164 ----------------------------------------------------
pc: 00000414 inst: (01600e13) expanded: addi r28 = r 0 0x16

Cycle        165 ----------------------------------------------------
pc: 00000418 inst: (07d19063) expanded: bne r 3 r29 0x60

Cycle        166 ----------------------------------------------------
pc: 0000041c inst: (00000213) expanded: addi r 4 = r 0 0x0

Cycle        167 ----------------------------------------------------
pc: 00000420 inst: (00c00093) expanded: addi r 1 = r 0 0xc

Cycle        168 ----------------------------------------------------
pc: 00000424 inst: (00000013) expanded: addi r 0 = r 0 0x0

Cycle        169 ----------------------------------------------------
pc: 00000428 inst: (00000013) expanded: addi r 0 = r 0 0x0

Cycle        170 ----------------------------------------------------
pc: 0000042c inst: (00e0a193) expanded: slti r 3 = r 1 0xe

Cycle        171 ----------------------------------------------------
pc: 00000430 inst: (00120213) expanded: addi r 4 = r 4 0x1

Cycle        172 ----------------------------------------------------
pc: 00000434 inst: (00200293) expanded: addi r 5 = r 0 0x2

Cycle        173 ----------------------------------------------------
pc: 00000438 inst: (fe5214e3) expanded: bne r 4 r 5 0xffffffe8

Cycle        174 ----------------------------------------------------
pc: 00000420 inst: (00c00093) expanded: addi r 1 = r 0 0xc

Cycle        175 ----------------------------------------------------
pc: 00000424 inst: (00000013) expanded: addi r 0 = r 0 0x0

Cycle        176 ----------------------------------------------------
pc: 00000428 inst: (00000013) expanded: addi r 0 = r 0 0x0

Cycle        177 ----------------------------------------------------
pc: 0000042c inst: (00e0a193) expanded: slti r 3 = r 1 0xe

Cycle        178 ----------------------------------------------------
pc: 00000430 inst: (00120213) expanded: addi r 4 = r 4 0x1

Cycle        179 ----------------------------------------------------
pc: 00000434 inst: (00200293) expanded: addi r 5 = r 0 0x2

Cycle        180 ----------------------------------------------------
pc: 00000438 inst: (fe5214e3) expanded: bne r 4 r 5 0xffffffe8

Cycle        181 ----------------------------------------------------
pc: 0000043c inst: (00100e93) expanded: addi r29 = r 0 0x1

Cycle        182 ----------------------------------------------------
pc: 00000440 inst: (01700e13) expanded: addi r28 = r 0 0x17

Cycle        183 ----------------------------------------------------
pc: 00000444 inst: (03d19a63) expanded: bne r 3 r29 0x34

Cycle        184 ----------------------------------------------------
pc: 00000448 inst: (fff02093) expanded: slti r 1 = r 0 0xffffffff

Cycle        185 ----------------------------------------------------
pc: 0000044c inst: (00000e93) expanded: addi r29 = r 0 0x0

Cycle        186 ----------------------------------------------------
pc: 00000450 inst: (01800e13) expanded: addi r28 = r 0 0x18

Cycle        187 ----------------------------------------------------
pc: 00000454 inst: (03d09263) expanded: bne r 1 r29 0x24

Cycle        188 ----------------------------------------------------
pc: 00000458 inst: (00ff00b7) expanded: lui r 1 0xff0000

Cycle        189 ----------------------------------------------------
pc: 0000045c inst: (0ff08093) expanded: addi r 1 = r 1 0xff

Cycle        190 ----------------------------------------------------
pc: 00000460 inst: (fff0a013) expanded: slti r 0 = r 1 0xffffffff

Cycle        191 ----------------------------------------------------
pc: 00000464 inst: (00000e93) expanded: addi r29 = r 0 0x0

Cycle        192 ----------------------------------------------------
pc: 00000468 inst: (01900e13) expanded: addi r28 = r 0 0x19

Cycle        193 ----------------------------------------------------
pc: 0000046c inst: (01d01663) expanded: bne r 0 r29 0xc

Cycle        194 ----------------------------------------------------
pc: 00000470 inst: (01c01663) expanded: bne r 0 r28 0xc

Cycle        195 ----------------------------------------------------
pc: 0000047c inst: (00000e13) expanded: addi r28 = r 0 0x0

Cycle        196 ----------------------------------------------------
pc: 00000480 inst: (0040006f) expanded: jal r 0 0x4

Cycle        197 ----------------------------------------------------
pc: 00000484 inst: (c0002573) expanded: csrrs r10 csr0xc00 r 0

Cycle        198 ----------------------------------------------------
pc: 00000488 inst: (c02025f3) expanded: csrrs r11 csr0xc02 r 0

Cycle        199 ----------------------------------------------------
pc: 0000048c inst: (01051613) expanded: slli r12 = r10 0x10

Cycle        200 ----------------------------------------------------
pc: 00000490 inst: (01065613) expanded: srli r12 = r12 0x10

Cycle        201 ----------------------------------------------------
pc: 00000494 inst: (000206b7) expanded: lui r13 0x20000

Cycle        202 ----------------------------------------------------
pc: 00000498 inst: (00d666b3) expanded: or r13 = r12 r13

Cycle        203 ----------------------------------------------------
pc: 0000049c inst: (78069073) expanded: csrrw r 0 csr0x780 r13

Cycle        204 ----------------------------------------------------
pc: 000004a0 inst: (01055613) expanded: srli r12 = r10 0x10

Cycle        205 ----------------------------------------------------
pc: 000004a4 inst: (000306b7) expanded: lui r13 0x30000

Cycle        206 ----------------------------------------------------
pc: 000004a8 inst: (00d666b3) expanded: or r13 = r12 r13

Cycle        207 ----------------------------------------------------
pc: 000004ac inst: (78069073) expanded: csrrw r 0 csr0x780 r13

Cycle        208 ----------------------------------------------------
pc: 000004b0 inst: (00010637) expanded: lui r12 0x10000

Cycle        209 ----------------------------------------------------
pc: 000004b4 inst: (00a60613) expanded: addi r12 = r12 0xa

Cycle        210 ----------------------------------------------------
pc: 000004b8 inst: (78061073) expanded: csrrw r 0 csr0x780 r12

Cycle        211 ----------------------------------------------------
pc: 000004bc inst: (01059613) expanded: slli r12 = r11 0x10

Cycle        212 ----------------------------------------------------
pc: 000004c0 inst: (01065613) expanded: srli r12 = r12 0x10

Cycle        213 ----------------------------------------------------
pc: 000004c4 inst: (000201b7) expanded: lui r 3 0x20000

Cycle        214 ----------------------------------------------------
pc: 000004c8 inst: (003661b3) expanded: or r 3 = r12 r 3

Cycle        215 ----------------------------------------------------
pc: 000004cc inst: (78019073) expanded: csrrw r 0 csr0x780 r 3

Cycle        216 ----------------------------------------------------
pc: 000004d0 inst: (0105d613) expanded: srli r12 = r11 0x10

Cycle        217 ----------------------------------------------------
pc: 000004d4 inst: (000301b7) expanded: lui r 3 0x30000

Cycle        218 ----------------------------------------------------
pc: 000004d8 inst: (003661b3) expanded: or r 3 = r12 r 3

Cycle        219 ----------------------------------------------------
pc: 000004dc inst: (78019073) expanded: csrrw r 0 csr0x780 r 3

Cycle        220 ----------------------------------------------------
pc: 000004e0 inst: (00010637) expanded: lui r12 0x10000

Cycle        221 ----------------------------------------------------
pc: 000004e4 inst: (00a60613) expanded: addi r12 = r12 0xa

Cycle        222 ----------------------------------------------------
pc: 000004e8 inst: (78061073) expanded: csrrw r 0 csr0x780 r12

Cycle        223 ----------------------------------------------------
pc: 000004ec inst: (780e1073) expanded: csrrw r 0 csr0x780 r28

Cycle        224 ----------------------------------------------------
pc: 000004f0 inst: (0000006f) expanded: jal r 0 0x0

Cycle        225 ----------------------------------------------------
pc: 000004f0 inst: (0000006f) expanded: jal r 0 0x0

Cycle        226 ----------------------------------------------------
pc: 000004f0 inst: (0000006f) expanded: jal r 0 0x0

Cycle        227 ----------------------------------------------------
pc: 000004f0 inst: (0000006f) expanded: jal r 0 0x0

Cycle        228 ----------------------------------------------------
pc: 000004f0 inst: (0000006f) expanded: jal r 0 0x0

Cycle        229 ----------------------------------------------------
pc: 000004f0 inst: (0000006f) expanded: jal r 0 0x0

Cycle        230 ----------------------------------------------------
pc: 000004f0 inst: (0000006f) expanded: jal r 0 0x0

Cycle        231 ----------------------------------------------------
pc: 000004f0 inst: (0000006f) expanded: jal r 0 0x0

Cycle        232 ----------------------------------------------------
pc: 000004f0 inst: (0000006f) expanded: jal r 0 0x0

Cycle        233 ----------------------------------------------------
pc: 000004f0 inst: (0000006f) expanded: jal r 0 0x0

Cycle        234 ----------------------------------------------------
pc: 000004f0 inst: (0000006f) expanded: jal r 0 0x0

Cycle        235 ----------------------------------------------------
pc: 000004f0 inst: (0000006f) expanded: jal r 0 0x0

Cycle        236 ----------------------------------------------------
pc: 000004f0 inst: (0000006f) expanded: jal r 0 0x0

Cycle        237 ----------------------------------------------------
pc: 000004f0 inst: (0000006f) expanded: jal r 0 0x0

Cycle        238 ----------------------------------------------------
pc: 000004f0 inst: (0000006f) expanded: jal r 0 0x0

Cycle        239 ----------------------------------------------------
pc: 000004f0 inst: (0000006f) expanded: jal r 0 0x0

Cycle        240 ----------------------------------------------------
pc: 000004f0 inst: (0000006f) expanded: jal r 0 0x0

Cycle        241 ----------------------------------------------------
pc: 000004f0 inst: (0000006f) expanded: jal r 0 0x0

Cycle        242 ----------------------------------------------------
pc: 000004f0 inst: (0000006f) expanded: jal r 0 0x0

Cycle        243 ----------------------------------------------------
pc: 000004f0 inst: (0000006f) expanded: jal r 0 0x0

Cycle        244 ----------------------------------------------------
pc: 000004f0 inst: (0000006f) expanded: jal r 0 0x0

Cycle        245 ----------------------------------------------------
pc: 000004f0 inst: (0000006f) expanded: jal r 0 0x0

Cycle        246 ----------------------------------------------------
pc: 000004f0 inst: (0000006f) expanded: jal r 0 0x0

Cycle        247 ----------------------------------------------------
pc: 000004f0 inst: (0000006f) expanded: jal r 0 0x0

Cycle        248 ----------------------------------------------------
pc: 000004f0 inst: (0000006f) expanded: jal r 0 0x0

Cycle        249 ----------------------------------------------------
pc: 000004f0 inst: (0000006f) expanded: jal r 0 0x0

Cycle        250 ----------------------------------------------------
pc: 000004f0 inst: (0000006f) expanded: jal r 0 0x0

Cycle        251 ----------------------------------------------------
pc: 000004f0 inst: (0000006f) expanded: jal r 0 0x0

Cycle        252 ----------------------------------------------------
pc: 000004f0 inst: (0000006f) expanded: jal r 0 0x0

Cycle        253 ----------------------------------------------------
pc: 000004f0 inst: (0000006f) expanded: jal r 0 0x0

Cycle        254 ----------------------------------------------------
pc: 000004f0 inst: (0000006f) expanded: jal r 0 0x0

Cycle        255 ----------------------------------------------------
pc: 000004f0 inst: (0000006f) expanded: jal r 0 0x0

Cycle        256 ----------------------------------------------------
pc: 000004f0 inst: (0000006f) expanded: jal r 0 0x0

Cycle        257 ----------------------------------------------------
pc: 000004f0 inst: (0000006f) expanded: jal r 0 0x0

Cycle        258 ----------------------------------------------------
pc: 000004f0 inst: (0000006f) expanded: jal r 0 0x0

Cycle        259 ----------------------------------------------------
pc: 000004f0 inst: (0000006f) expanded: jal r 0 0x0

Cycle        260 ----------------------------------------------------
pc: 000004f0 inst: (0000006f) expanded: jal r 0 0x0

Cycle        261 ----------------------------------------------------
pc: 000004f0 inst: (0000006f) expanded: jal r 0 0x0

Cycle        262 ----------------------------------------------------
pc: 000004f0 inst: (0000006f) expanded: jal r 0 0x0

Cycle        263 ----------------------------------------------------
pc: 000004f0 inst: (0000006f) expanded: jal r 0 0x0

Cycle        264 ----------------------------------------------------
pc: 000004f0 inst: (0000006f) expanded: jal r 0 0x0

Cycle        265 ----------------------------------------------------
pc: 000004f0 inst: (0000006f) expanded: jal r 0 0x0

Cycle        266 ----------------------------------------------------
pc: 000004f0 inst: (0000006f) expanded: jal r 0 0x0

Cycle        267 ----------------------------------------------------
pc: 000004f0 inst: (0000006f) expanded: jal r 0 0x0

Cycle        268 ----------------------------------------------------
pc: 000004f0 inst: (0000006f) expanded: jal r 0 0x0

Cycle        269 ----------------------------------------------------
pc: 000004f0 inst: (0000006f) expanded: jal r 0 0x0

Cycle        270 ----------------------------------------------------
pc: 000004f0 inst: (0000006f) expanded: jal r 0 0x0

Cycle        271 ----------------------------------------------------
pc: 000004f0 inst: (0000006f) expanded: jal r 0 0x0

Cycle        272 ----------------------------------------------------
pc: 000004f0 inst: (0000006f) expanded: jal r 0 0x0

Cycle        273 ----------------------------------------------------
pc: 000004f0 inst: (0000006f) expanded: jal r 0 0x0

Cycle        274 ----------------------------------------------------
pc: 000004f0 inst: (0000006f) expanded: jal r 0 0x0

Cycle        275 ----------------------------------------------------
pc: 000004f0 inst: (0000006f) expanded: jal r 0 0x0

Cycle        276 ----------------------------------------------------
pc: 000004f0 inst: (0000006f) expanded: jal r 0 0x0

Cycle        277 ----------------------------------------------------
pc: 000004f0 inst: (0000006f) expanded: jal r 0 0x0

Cycle        278 ----------------------------------------------------
pc: 000004f0 inst: (0000006f) expanded: jal r 0 0x0

Cycle        279 ----------------------------------------------------
pc: 000004f0 inst: (0000006f) expanded: jal r 0 0x0

Cycle        280 ----------------------------------------------------
pc: 000004f0 inst: (0000006f) expanded: jal r 0 0x0

Cycle        281 ----------------------------------------------------
pc: 000004f0 inst: (0000006f) expanded: jal r 0 0x0

Cycle        282 ----------------------------------------------------
pc: 000004f0 inst: (0000006f) expanded: jal r 0 0x0

Cycle        283 ----------------------------------------------------
pc: 000004f0 inst: (0000006f) expanded: jal r 0 0x0

Cycle        284 ----------------------------------------------------
pc: 000004f0 inst: (0000006f) expanded: jal r 0 0x0

Cycle        285 ----------------------------------------------------
pc: 000004f0 inst: (0000006f) expanded: jal r 0 0x0

Cycle        286 ----------------------------------------------------
pc: 000004f0 inst: (0000006f) expanded: jal r 0 0x0

Cycle        287 ----------------------------------------------------
pc: 000004f0 inst: (0000006f) expanded: jal r 0 0x0

Cycle        288 ----------------------------------------------------
pc: 000004f0 inst: (0000006f) expanded: jal r 0 0x0

Cycle        289 ----------------------------------------------------
pc: 000004f0 inst: (0000006f) expanded: jal r 0 0x0

Cycle        290 ----------------------------------------------------
pc: 000004f0 inst: (0000006f) expanded: jal r 0 0x0

Cycle        291 ----------------------------------------------------
pc: 000004f0 inst: (0000006f) expanded: jal r 0 0x0

Cycle        292 ----------------------------------------------------
pc: 000004f0 inst: (0000006f) expanded: jal r 0 0x0

Cycle        293 ----------------------------------------------------
pc: 000004f0 inst: (0000006f) expanded: jal r 0 0x0

Cycle        294 ----------------------------------------------------
pc: 000004f0 inst: (0000006f) expanded: jal r 0 0x0

Cycle        295 ----------------------------------------------------
pc: 000004f0 inst: (0000006f) expanded: jal r 0 0x0

Cycle        296 ----------------------------------------------------
pc: 000004f0 inst: (0000006f) expanded: jal r 0 0x0

Cycle        297 ----------------------------------------------------
pc: 000004f0 inst: (0000006f) expanded: jal r 0 0x0

Cycle        298 ----------------------------------------------------
pc: 000004f0 inst: (0000006f) expanded: jal r 0 0x0

Cycle        299 ----------------------------------------------------
simulator calling $finish
