make -C bluesim --no-print-directory run
LD_PRELOAD=libSegFault.so SEGFAULT_USE_ALTSTACK=1 SEGFAULT_OUTPUT_NAME=bin/bsimexe-segv-output.txt  ./bin/ubuntu.exe ; retcode=$?; exit $retcode
Start testbench:
Warning: file 'mem.vmh' for memory 'mem' has a gap at addresses 210 to 65535.
Warning: file 'mem.vmh' for memory 'mem' has a gap at addresses 210 to 65535.
[init_xsim:61]
[init_xsim:61]
Processor startedXsimTop starting
Received software req to start pc

Start at pc 200

pc: 00000200 inst: (ffff80b7) expanded: lui r 1 0xffff8000

Cycle          0 ----------------------------------------------------
pc: 00000204 inst: (0000d193) expanded: srli r 3 = r 1 0x0

Cycle          1 ----------------------------------------------------
pc: 00000208 inst: (ffff8eb7) expanded: lui r29 0xffff8000

Cycle          2 ----------------------------------------------------
pc: 0000020c inst: (00200e13) expanded: addi r28 = r 0 0x2

Cycle          3 ----------------------------------------------------
pc: 00000210 inst: (2bd19463) expanded: bne r 3 r29 0x2a8

Cycle          4 ----------------------------------------------------
pc: 00000214 inst: (ffff80b7) expanded: lui r 1 0xffff8000

Cycle          5 ----------------------------------------------------
pc: 00000218 inst: (0010d193) expanded: srli r 3 = r 1 0x1

Cycle          6 ----------------------------------------------------
pc: 0000021c inst: (7fffceb7) expanded: lui r29 0x7fffc000

Cycle          7 ----------------------------------------------------
pc: 00000220 inst: (00300e13) expanded: addi r28 = r 0 0x3

Cycle          8 ----------------------------------------------------
pc: 00000224 inst: (29d19a63) expanded: bne r 3 r29 0x294

Cycle          9 ----------------------------------------------------
pc: 00000228 inst: (ffff80b7) expanded: lui r 1 0xffff8000

Cycle         10 ----------------------------------------------------
pc: 0000022c inst: (0070d193) expanded: srli r 3 = r 1 0x7

Cycle         11 ----------------------------------------------------
pc: 00000230 inst: (02000eb7) expanded: lui r29 0x2000000

Cycle         12 ----------------------------------------------------
pc: 00000234 inst: (f00e8e93) expanded: addi r29 = r29 0xffffff00

Cycle         13 ----------------------------------------------------
pc: 00000238 inst: (00400e13) expanded: addi r28 = r 0 0x4

Cycle         14 ----------------------------------------------------
pc: 0000023c inst: (27d19e63) expanded: bne r 3 r29 0x27c

Cycle         15 ----------------------------------------------------
pc: 00000240 inst: (ffff80b7) expanded: lui r 1 0xffff8000

Cycle         16 ----------------------------------------------------
pc: 00000244 inst: (00e0d193) expanded: srli r 3 = r 1 0xe

Cycle         17 ----------------------------------------------------
pc: 00000248 inst: (00040eb7) expanded: lui r29 0x40000

Cycle         18 ----------------------------------------------------
pc: 0000024c inst: (ffee8e93) expanded: addi r29 = r29 0xfffffffe

Cycle         19 ----------------------------------------------------
pc: 00000250 inst: (00500e13) expanded: addi r28 = r 0 0x5

Cycle         20 ----------------------------------------------------
pc: 00000254 inst: (27d19263) expanded: bne r 3 r29 0x264

Cycle         21 ----------------------------------------------------
pc: 00000258 inst: (ffff80b7) expanded: lui r 1 0xffff8000

Cycle         22 ----------------------------------------------------
pc: 0000025c inst: (00108093) expanded: addi r 1 = r 1 0x1

Cycle         23 ----------------------------------------------------
pc: 00000260 inst: (00f0d193) expanded: srli r 3 = r 1 0xf

Cycle         24 ----------------------------------------------------
pc: 00000264 inst: (00020eb7) expanded: lui r29 0x20000

Cycle         25 ----------------------------------------------------
pc: 00000268 inst: (fffe8e93) expanded: addi r29 = r29 0xffffffff

Cycle         26 ----------------------------------------------------
pc: 0000026c inst: (00600e13) expanded: addi r28 = r 0 0x6

Cycle         27 ----------------------------------------------------
pc: 00000270 inst: (25d19463) expanded: bne r 3 r29 0x248

Cycle         28 ----------------------------------------------------
pc: 00000274 inst: (fff00093) expanded: addi r 1 = r 0 0xffffffff

Cycle         29 ----------------------------------------------------
pc: 00000278 inst: (0000d193) expanded: srli r 3 = r 1 0x0

Cycle         30 ----------------------------------------------------
pc: 0000027c inst: (fff00e93) expanded: addi r29 = r 0 0xffffffff

Cycle         31 ----------------------------------------------------
pc: 00000280 inst: (00700e13) expanded: addi r28 = r 0 0x7

Cycle         32 ----------------------------------------------------
pc: 00000284 inst: (23d19a63) expanded: bne r 3 r29 0x234

Cycle         33 ----------------------------------------------------
pc: 00000288 inst: (fff00093) expanded: addi r 1 = r 0 0xffffffff

Cycle         34 ----------------------------------------------------
pc: 0000028c inst: (0010d193) expanded: srli r 3 = r 1 0x1

Cycle         35 ----------------------------------------------------
pc: 00000290 inst: (80000eb7) expanded: lui r29 0x80000000

Cycle         36 ----------------------------------------------------
pc: 00000294 inst: (fffe8e93) expanded: addi r29 = r29 0xffffffff

Cycle         37 ----------------------------------------------------
pc: 00000298 inst: (00800e13) expanded: addi r28 = r 0 0x8

Cycle         38 ----------------------------------------------------
pc: 0000029c inst: (21d19e63) expanded: bne r 3 r29 0x21c

Cycle         39 ----------------------------------------------------
pc: 000002a0 inst: (fff00093) expanded: addi r 1 = r 0 0xffffffff

Cycle         40 ----------------------------------------------------
pc: 000002a4 inst: (0070d193) expanded: srli r 3 = r 1 0x7

Cycle         41 ----------------------------------------------------
pc: 000002a8 inst: (02000eb7) expanded: lui r29 0x2000000

Cycle         42 ----------------------------------------------------
pc: 000002ac inst: (fffe8e93) expanded: addi r29 = r29 0xffffffff

Cycle         43 ----------------------------------------------------
pc: 000002b0 inst: (00900e13) expanded: addi r28 = r 0 0x9

Cycle         44 ----------------------------------------------------
pc: 000002b4 inst: (21d19263) expanded: bne r 3 r29 0x204

Cycle         45 ----------------------------------------------------
pc: 000002b8 inst: (fff00093) expanded: addi r 1 = r 0 0xffffffff

Cycle         46 ----------------------------------------------------
pc: 000002bc inst: (00e0d193) expanded: srli r 3 = r 1 0xe

Cycle         47 ----------------------------------------------------
pc: 000002c0 inst: (00040eb7) expanded: lui r29 0x40000

Cycle         48 ----------------------------------------------------
pc: 000002c4 inst: (fffe8e93) expanded: addi r29 = r29 0xffffffff

Cycle         49 ----------------------------------------------------
pc: 000002c8 inst: (00a00e13) expanded: addi r28 = r 0 0xa

Cycle         50 ----------------------------------------------------
pc: 000002cc inst: (1fd19663) expanded: bne r 3 r29 0x1ec

Cycle         51 ----------------------------------------------------
pc: 000002d0 inst: (fff00093) expanded: addi r 1 = r 0 0xffffffff

Cycle         52 ----------------------------------------------------
pc: 000002d4 inst: (01f0d193) expanded: srli r 3 = r 1 0x1f

Cycle         53 ----------------------------------------------------
pc: 000002d8 inst: (00100e93) expanded: addi r29 = r 0 0x1

Cycle         54 ----------------------------------------------------
pc: 000002dc inst: (00b00e13) expanded: addi r28 = r 0 0xb

Cycle         55 ----------------------------------------------------
pc: 000002e0 inst: (1dd19c63) expanded: bne r 3 r29 0x1d8

Cycle         56 ----------------------------------------------------
pc: 000002e4 inst: (212120b7) expanded: lui r 1 0x21212000

Cycle         57 ----------------------------------------------------
pc: 000002e8 inst: (12108093) expanded: addi r 1 = r 1 0x121

Cycle         58 ----------------------------------------------------
pc: 000002ec inst: (0000d193) expanded: srli r 3 = r 1 0x0

Cycle         59 ----------------------------------------------------
pc: 000002f0 inst: (21212eb7) expanded: lui r29 0x21212000

Cycle         60 ----------------------------------------------------
pc: 000002f4 inst: (121e8e93) expanded: addi r29 = r29 0x121

Cycle         61 ----------------------------------------------------
pc: 000002f8 inst: (00c00e13) expanded: addi r28 = r 0 0xc

Cycle         62 ----------------------------------------------------
pc: 000002fc inst: (1bd19e63) expanded: bne r 3 r29 0x1bc

Cycle         63 ----------------------------------------------------
pc: 00000300 inst: (212120b7) expanded: lui r 1 0x21212000

Cycle         64 ----------------------------------------------------
pc: 00000304 inst: (12108093) expanded: addi r 1 = r 1 0x121

Cycle         65 ----------------------------------------------------
pc: 00000308 inst: (0010d193) expanded: srli r 3 = r 1 0x1

Cycle         66 ----------------------------------------------------
pc: 0000030c inst: (10909eb7) expanded: lui r29 0x10909000

Cycle         67 ----------------------------------------------------
pc: 00000310 inst: (090e8e93) expanded: addi r29 = r29 0x90

Cycle         68 ----------------------------------------------------
pc: 00000314 inst: (00d00e13) expanded: addi r28 = r 0 0xd

Cycle         69 ----------------------------------------------------
pc: 00000318 inst: (1bd19063) expanded: bne r 3 r29 0x1a0

Cycle         70 ----------------------------------------------------
pc: 0000031c inst: (212120b7) expanded: lui r 1 0x21212000

Cycle         71 ----------------------------------------------------
pc: 00000320 inst: (12108093) expanded: addi r 1 = r 1 0x121

Cycle         72 ----------------------------------------------------
pc: 00000324 inst: (0070d193) expanded: srli r 3 = r 1 0x7

Cycle         73 ----------------------------------------------------
pc: 00000328 inst: (00424eb7) expanded: lui r29 0x424000

Cycle         74 ----------------------------------------------------
pc: 0000032c inst: (242e8e93) expanded: addi r29 = r29 0x242

Cycle         75 ----------------------------------------------------
pc: 00000330 inst: (00e00e13) expanded: addi r28 = r 0 0xe

Cycle         76 ----------------------------------------------------
pc: 00000334 inst: (19d19263) expanded: bne r 3 r29 0x184

Cycle         77 ----------------------------------------------------
pc: 00000338 inst: (212120b7) expanded: lui r 1 0x21212000

Cycle         78 ----------------------------------------------------
pc: 0000033c inst: (12108093) expanded: addi r 1 = r 1 0x121

Cycle         79 ----------------------------------------------------
pc: 00000340 inst: (00e0d193) expanded: srli r 3 = r 1 0xe

Cycle         80 ----------------------------------------------------
pc: 00000344 inst: (00008eb7) expanded: lui r29 0x8000

Cycle         81 ----------------------------------------------------
pc: 00000348 inst: (484e8e93) expanded: addi r29 = r29 0x484

Cycle         82 ----------------------------------------------------
pc: 0000034c inst: (00f00e13) expanded: addi r28 = r 0 0xf

Cycle         83 ----------------------------------------------------
pc: 00000350 inst: (17d19463) expanded: bne r 3 r29 0x168

Cycle         84 ----------------------------------------------------
pc: 00000354 inst: (212120b7) expanded: lui r 1 0x21212000

Cycle         85 ----------------------------------------------------
pc: 00000358 inst: (12108093) expanded: addi r 1 = r 1 0x121

Cycle         86 ----------------------------------------------------
pc: 0000035c inst: (01f0d193) expanded: srli r 3 = r 1 0x1f

Cycle         87 ----------------------------------------------------
pc: 00000360 inst: (00000e93) expanded: addi r29 = r 0 0x0

Cycle         88 ----------------------------------------------------
pc: 00000364 inst: (01000e13) expanded: addi r28 = r 0 0x10

Cycle         89 ----------------------------------------------------
pc: 00000368 inst: (15d19863) expanded: bne r 3 r29 0x150

Cycle         90 ----------------------------------------------------
pc: 0000036c inst: (ffff80b7) expanded: lui r 1 0xffff8000

Cycle         91 ----------------------------------------------------
pc: 00000370 inst: (0010d093) expanded: srli r 1 = r 1 0x1

Cycle         92 ----------------------------------------------------
pc: 00000374 inst: (7fffceb7) expanded: lui r29 0x7fffc000

Cycle         93 ----------------------------------------------------
pc: 00000378 inst: (01500e13) expanded: addi r28 = r 0 0x15

Cycle         94 ----------------------------------------------------
pc: 0000037c inst: (13d09e63) expanded: bne r 1 r29 0x13c

Cycle         95 ----------------------------------------------------
pc: 00000380 inst: (00000213) expanded: addi r 4 = r 0 0x0

Cycle         96 ----------------------------------------------------
pc: 00000384 inst: (ffff80b7) expanded: lui r 1 0xffff8000

Cycle         97 ----------------------------------------------------
pc: 00000388 inst: (0010d193) expanded: srli r 3 = r 1 0x1

Cycle         98 ----------------------------------------------------
pc: 0000038c inst: (00018313) expanded: addi r 6 = r 3 0x0

Cycle         99 ----------------------------------------------------
pc: 00000390 inst: (00120213) expanded: addi r 4 = r 4 0x1

Cycle        100 ----------------------------------------------------
pc: 00000394 inst: (00200293) expanded: addi r 5 = r 0 0x2

Cycle        101 ----------------------------------------------------
pc: 00000398 inst: (fe5216e3) expanded: bne r 4 r 5 0xffffffec

Cycle        102 ----------------------------------------------------
pc: 00000384 inst: (ffff80b7) expanded: lui r 1 0xffff8000

Cycle        103 ----------------------------------------------------
pc: 00000388 inst: (0010d193) expanded: srli r 3 = r 1 0x1

Cycle        104 ----------------------------------------------------
pc: 0000038c inst: (00018313) expanded: addi r 6 = r 3 0x0

Cycle        105 ----------------------------------------------------
pc: 00000390 inst: (00120213) expanded: addi r 4 = r 4 0x1

Cycle        106 ----------------------------------------------------
pc: 00000394 inst: (00200293) expanded: addi r 5 = r 0 0x2

Cycle        107 ----------------------------------------------------
pc: 00000398 inst: (fe5216e3) expanded: bne r 4 r 5 0xffffffec

Cycle        108 ----------------------------------------------------
pc: 0000039c inst: (7fffceb7) expanded: lui r29 0x7fffc000

Cycle        109 ----------------------------------------------------
pc: 000003a0 inst: (01600e13) expanded: addi r28 = r 0 0x16

Cycle        110 ----------------------------------------------------
pc: 000003a4 inst: (11d31a63) expanded: bne r 6 r29 0x114

Cycle        111 ----------------------------------------------------
pc: 000003a8 inst: (00000213) expanded: addi r 4 = r 0 0x0

Cycle        112 ----------------------------------------------------
pc: 000003ac inst: (ffff80b7) expanded: lui r 1 0xffff8000

Cycle        113 ----------------------------------------------------
pc: 000003b0 inst: (00e0d193) expanded: srli r 3 = r 1 0xe

Cycle        114 ----------------------------------------------------
pc: 000003b4 inst: (00000013) expanded: addi r 0 = r 0 0x0

Cycle        115 ----------------------------------------------------
pc: 000003b8 inst: (00018313) expanded: addi r 6 = r 3 0x0

Cycle        116 ----------------------------------------------------
pc: 000003bc inst: (00120213) expanded: addi r 4 = r 4 0x1

Cycle        117 ----------------------------------------------------
pc: 000003c0 inst: (00200293) expanded: addi r 5 = r 0 0x2

Cycle        118 ----------------------------------------------------
pc: 000003c4 inst: (fe5214e3) expanded: bne r 4 r 5 0xffffffe8

Cycle        119 ----------------------------------------------------
pc: 000003ac inst: (ffff80b7) expanded: lui r 1 0xffff8000

Cycle        120 ----------------------------------------------------
pc: 000003b0 inst: (00e0d193) expanded: srli r 3 = r 1 0xe

Cycle        121 ----------------------------------------------------
pc: 000003b4 inst: (00000013) expanded: addi r 0 = r 0 0x0

Cycle        122 ----------------------------------------------------
pc: 000003b8 inst: (00018313) expanded: addi r 6 = r 3 0x0

Cycle        123 ----------------------------------------------------
pc: 000003bc inst: (00120213) expanded: addi r 4 = r 4 0x1

Cycle        124 ----------------------------------------------------
pc: 000003c0 inst: (00200293) expanded: addi r 5 = r 0 0x2

Cycle        125 ----------------------------------------------------
pc: 000003c4 inst: (fe5214e3) expanded: bne r 4 r 5 0xffffffe8

Cycle        126 ----------------------------------------------------
pc: 000003c8 inst: (00040eb7) expanded: lui r29 0x40000

Cycle        127 ----------------------------------------------------
pc: 000003cc inst: (ffee8e93) expanded: addi r29 = r29 0xfffffffe

Cycle        128 ----------------------------------------------------
pc: 000003d0 inst: (01700e13) expanded: addi r28 = r 0 0x17

Cycle        129 ----------------------------------------------------
pc: 000003d4 inst: (0fd31263) expanded: bne r 6 r29 0xe4

Cycle        130 ----------------------------------------------------
pc: 000003d8 inst: (00000213) expanded: addi r 4 = r 0 0x0

Cycle        131 ----------------------------------------------------
pc: 000003dc inst: (ffff80b7) expanded: lui r 1 0xffff8000

Cycle        132 ----------------------------------------------------
pc: 000003e0 inst: (00f0d193) expanded: srli r 3 = r 1 0xf

Cycle        133 ----------------------------------------------------
pc: 000003e4 inst: (00000013) expanded: addi r 0 = r 0 0x0

Cycle        134 ----------------------------------------------------
pc: 000003e8 inst: (00000013) expanded: addi r 0 = r 0 0x0

Cycle        135 ----------------------------------------------------
pc: 000003ec inst: (00018313) expanded: addi r 6 = r 3 0x0

Cycle        136 ----------------------------------------------------
pc: 000003f0 inst: (00120213) expanded: addi r 4 = r 4 0x1

Cycle        137 ----------------------------------------------------
pc: 000003f4 inst: (00200293) expanded: addi r 5 = r 0 0x2

Cycle        138 ----------------------------------------------------
pc: 000003f8 inst: (fe5212e3) expanded: bne r 4 r 5 0xffffffe4

Cycle        139 ----------------------------------------------------
pc: 000003dc inst: (ffff80b7) expanded: lui r 1 0xffff8000

Cycle        140 ----------------------------------------------------
pc: 000003e0 inst: (00f0d193) expanded: srli r 3 = r 1 0xf

Cycle        141 ----------------------------------------------------
pc: 000003e4 inst: (00000013) expanded: addi r 0 = r 0 0x0

Cycle        142 ----------------------------------------------------
pc: 000003e8 inst: (00000013) expanded: addi r 0 = r 0 0x0

Cycle        143 ----------------------------------------------------
pc: 000003ec inst: (00018313) expanded: addi r 6 = r 3 0x0

Cycle        144 ----------------------------------------------------
pc: 000003f0 inst: (00120213) expanded: addi r 4 = r 4 0x1

Cycle        145 ----------------------------------------------------
pc: 000003f4 inst: (00200293) expanded: addi r 5 = r 0 0x2

Cycle        146 ----------------------------------------------------
pc: 000003f8 inst: (fe5212e3) expanded: bne r 4 r 5 0xffffffe4

Cycle        147 ----------------------------------------------------
pc: 000003fc inst: (00020eb7) expanded: lui r29 0x20000

Cycle        148 ----------------------------------------------------
pc: 00000400 inst: (fffe8e93) expanded: addi r29 = r29 0xffffffff

Cycle        149 ----------------------------------------------------
pc: 00000404 inst: (01800e13) expanded: addi r28 = r 0 0x18

Cycle        150 ----------------------------------------------------
pc: 00000408 inst: (0bd31863) expanded: bne r 6 r29 0xb0

Cycle        151 ----------------------------------------------------
pc: 0000040c inst: (00000213) expanded: addi r 4 = r 0 0x0

Cycle        152 ----------------------------------------------------
pc: 00000410 inst: (ffff80b7) expanded: lui r 1 0xffff8000

Cycle        153 ----------------------------------------------------
pc: 00000414 inst: (0010d193) expanded: srli r 3 = r 1 0x1

Cycle        154 ----------------------------------------------------
pc: 00000418 inst: (00120213) expanded: addi r 4 = r 4 0x1

Cycle        155 ----------------------------------------------------
pc: 0000041c inst: (00200293) expanded: addi r 5 = r 0 0x2

Cycle        156 ----------------------------------------------------
pc: 00000420 inst: (fe5218e3) expanded: bne r 4 r 5 0xfffffff0

Cycle        157 ----------------------------------------------------
pc: 00000410 inst: (ffff80b7) expanded: lui r 1 0xffff8000

Cycle        158 ----------------------------------------------------
pc: 00000414 inst: (0010d193) expanded: srli r 3 = r 1 0x1

Cycle        159 ----------------------------------------------------
pc: 00000418 inst: (00120213) expanded: addi r 4 = r 4 0x1

Cycle        160 ----------------------------------------------------
pc: 0000041c inst: (00200293) expanded: addi r 5 = r 0 0x2

Cycle        161 ----------------------------------------------------
pc: 00000420 inst: (fe5218e3) expanded: bne r 4 r 5 0xfffffff0

Cycle        162 ----------------------------------------------------
pc: 00000424 inst: (7fffceb7) expanded: lui r29 0x7fffc000

Cycle        163 ----------------------------------------------------
pc: 00000428 inst: (01900e13) expanded: addi r28 = r 0 0x19

Cycle        164 ----------------------------------------------------
pc: 0000042c inst: (09d19663) expanded: bne r 3 r29 0x8c

Cycle        165 ----------------------------------------------------
pc: 00000430 inst: (00000213) expanded: addi r 4 = r 0 0x0

Cycle        166 ----------------------------------------------------
pc: 00000434 inst: (ffff80b7) expanded: lui r 1 0xffff8000

Cycle        167 ----------------------------------------------------
pc: 00000438 inst: (00000013) expanded: addi r 0 = r 0 0x0

Cycle        168 ----------------------------------------------------
pc: 0000043c inst: (00e0d193) expanded: srli r 3 = r 1 0xe

Cycle        169 ----------------------------------------------------
pc: 00000440 inst: (00120213) expanded: addi r 4 = r 4 0x1

Cycle        170 ----------------------------------------------------
pc: 00000444 inst: (00200293) expanded: addi r 5 = r 0 0x2

Cycle        171 ----------------------------------------------------
pc: 00000448 inst: (fe5216e3) expanded: bne r 4 r 5 0xffffffec

Cycle        172 ----------------------------------------------------
pc: 00000434 inst: (ffff80b7) expanded: lui r 1 0xffff8000

Cycle        173 ----------------------------------------------------
pc: 00000438 inst: (00000013) expanded: addi r 0 = r 0 0x0

Cycle        174 ----------------------------------------------------
pc: 0000043c inst: (00e0d193) expanded: srli r 3 = r 1 0xe

Cycle        175 ----------------------------------------------------
pc: 00000440 inst: (00120213) expanded: addi r 4 = r 4 0x1

Cycle        176 ----------------------------------------------------
pc: 00000444 inst: (00200293) expanded: addi r 5 = r 0 0x2

Cycle        177 ----------------------------------------------------
pc: 00000448 inst: (fe5216e3) expanded: bne r 4 r 5 0xffffffec

Cycle        178 ----------------------------------------------------
pc: 0000044c inst: (00040eb7) expanded: lui r29 0x40000

Cycle        179 ----------------------------------------------------
pc: 00000450 inst: (ffee8e93) expanded: addi r29 = r29 0xfffffffe

Cycle        180 ----------------------------------------------------
pc: 00000454 inst: (01a00e13) expanded: addi r28 = r 0 0x1a

Cycle        181 ----------------------------------------------------
pc: 00000458 inst: (07d19063) expanded: bne r 3 r29 0x60

Cycle        182 ----------------------------------------------------
pc: 0000045c inst: (00000213) expanded: addi r 4 = r 0 0x0

Cycle        183 ----------------------------------------------------
pc: 00000460 inst: (ffff80b7) expanded: lui r 1 0xffff8000

Cycle        184 ----------------------------------------------------
pc: 00000464 inst: (00000013) expanded: addi r 0 = r 0 0x0

Cycle        185 ----------------------------------------------------
pc: 00000468 inst: (00000013) expanded: addi r 0 = r 0 0x0

Cycle        186 ----------------------------------------------------
pc: 0000046c inst: (00f0d193) expanded: srli r 3 = r 1 0xf

Cycle        187 ----------------------------------------------------
pc: 00000470 inst: (00120213) expanded: addi r 4 = r 4 0x1

Cycle        188 ----------------------------------------------------
pc: 00000474 inst: (00200293) expanded: addi r 5 = r 0 0x2

Cycle        189 ----------------------------------------------------
pc: 00000478 inst: (fe5214e3) expanded: bne r 4 r 5 0xffffffe8

Cycle        190 ----------------------------------------------------
pc: 00000460 inst: (ffff80b7) expanded: lui r 1 0xffff8000

Cycle        191 ----------------------------------------------------
pc: 00000464 inst: (00000013) expanded: addi r 0 = r 0 0x0

Cycle        192 ----------------------------------------------------
pc: 00000468 inst: (00000013) expanded: addi r 0 = r 0 0x0

Cycle        193 ----------------------------------------------------
pc: 0000046c inst: (00f0d193) expanded: srli r 3 = r 1 0xf

Cycle        194 ----------------------------------------------------
pc: 00000470 inst: (00120213) expanded: addi r 4 = r 4 0x1

Cycle        195 ----------------------------------------------------
pc: 00000474 inst: (00200293) expanded: addi r 5 = r 0 0x2

Cycle        196 ----------------------------------------------------
pc: 00000478 inst: (fe5214e3) expanded: bne r 4 r 5 0xffffffe8

Cycle        197 ----------------------------------------------------
pc: 0000047c inst: (00020eb7) expanded: lui r29 0x20000

Cycle        198 ----------------------------------------------------
pc: 00000480 inst: (fffe8e93) expanded: addi r29 = r29 0xffffffff

Cycle        199 ----------------------------------------------------
pc: 00000484 inst: (01b00e13) expanded: addi r28 = r 0 0x1b

Cycle        200 ----------------------------------------------------
pc: 00000488 inst: (03d19863) expanded: bne r 3 r29 0x30

Cycle        201 ----------------------------------------------------
pc: 0000048c inst: (01f05093) expanded: srli r 1 = r 0 0x1f

Cycle        202 ----------------------------------------------------
pc: 00000490 inst: (00000e93) expanded: addi r29 = r 0 0x0

Cycle        203 ----------------------------------------------------
pc: 00000494 inst: (01c00e13) expanded: addi r28 = r 0 0x1c

Cycle        204 ----------------------------------------------------
pc: 00000498 inst: (03d09063) expanded: bne r 1 r29 0x20

Cycle        205 ----------------------------------------------------
pc: 0000049c inst: (02100093) expanded: addi r 1 = r 0 0x21

Cycle        206 ----------------------------------------------------
pc: 000004a0 inst: (0140d013) expanded: srli r 0 = r 1 0x14

Cycle        207 ----------------------------------------------------
pc: 000004a4 inst: (00000e93) expanded: addi r29 = r 0 0x0

Cycle        208 ----------------------------------------------------
pc: 000004a8 inst: (01d00e13) expanded: addi r28 = r 0 0x1d

Cycle        209 ----------------------------------------------------
pc: 000004ac inst: (01d01663) expanded: bne r 0 r29 0xc

Cycle        210 ----------------------------------------------------
pc: 000004b0 inst: (01c01663) expanded: bne r 0 r28 0xc

Cycle        211 ----------------------------------------------------
pc: 000004bc inst: (00000e13) expanded: addi r28 = r 0 0x0

Cycle        212 ----------------------------------------------------
pc: 000004c0 inst: (0040006f) expanded: jal r 0 0x4

Cycle        213 ----------------------------------------------------
pc: 000004c4 inst: (c0002573) expanded: csrrs r10 csr0xc00 r 0

Cycle        214 ----------------------------------------------------
pc: 000004c8 inst: (c02025f3) expanded: csrrs r11 csr0xc02 r 0

Cycle        215 ----------------------------------------------------
pc: 000004cc inst: (01051613) expanded: slli r12 = r10 0x10

Cycle        216 ----------------------------------------------------
pc: 000004d0 inst: (01065613) expanded: srli r12 = r12 0x10

Cycle        217 ----------------------------------------------------
pc: 000004d4 inst: (000206b7) expanded: lui r13 0x20000

Cycle        218 ----------------------------------------------------
pc: 000004d8 inst: (00d666b3) expanded: or r13 = r12 r13

Cycle        219 ----------------------------------------------------
pc: 000004dc inst: (78069073) expanded: csrrw r 0 csr0x780 r13

Cycle        220 ----------------------------------------------------
pc: 000004e0 inst: (01055613) expanded: srli r12 = r10 0x10

Cycle        221 ----------------------------------------------------
pc: 000004e4 inst: (000306b7) expanded: lui r13 0x30000

Cycle        222 ----------------------------------------------------
pc: 000004e8 inst: (00d666b3) expanded: or r13 = r12 r13

Cycle        223 ----------------------------------------------------
pc: 000004ec inst: (78069073) expanded: csrrw r 0 csr0x780 r13

Cycle        224 ----------------------------------------------------
pc: 000004f0 inst: (00010637) expanded: lui r12 0x10000

Cycle        225 ----------------------------------------------------
pc: 000004f4 inst: (00a60613) expanded: addi r12 = r12 0xa

Cycle        226 ----------------------------------------------------
pc: 000004f8 inst: (78061073) expanded: csrrw r 0 csr0x780 r12

Cycle        227 ----------------------------------------------------
pc: 000004fc inst: (01059613) expanded: slli r12 = r11 0x10

Cycle        228 ----------------------------------------------------
pc: 00000500 inst: (01065613) expanded: srli r12 = r12 0x10

Cycle        229 ----------------------------------------------------
pc: 00000504 inst: (000201b7) expanded: lui r 3 0x20000

Cycle        230 ----------------------------------------------------
pc: 00000508 inst: (003661b3) expanded: or r 3 = r12 r 3

Cycle        231 ----------------------------------------------------
pc: 0000050c inst: (78019073) expanded: csrrw r 0 csr0x780 r 3

Cycle        232 ----------------------------------------------------
pc: 00000510 inst: (0105d613) expanded: srli r12 = r11 0x10

Cycle        233 ----------------------------------------------------
pc: 00000514 inst: (000301b7) expanded: lui r 3 0x30000

Cycle        234 ----------------------------------------------------
pc: 00000518 inst: (003661b3) expanded: or r 3 = r12 r 3

Cycle        235 ----------------------------------------------------
pc: 0000051c inst: (78019073) expanded: csrrw r 0 csr0x780 r 3

Cycle        236 ----------------------------------------------------
pc: 00000520 inst: (00010637) expanded: lui r12 0x10000

Cycle        237 ----------------------------------------------------
pc: 00000524 inst: (00a60613) expanded: addi r12 = r12 0xa

Cycle        238 ----------------------------------------------------
pc: 00000528 inst: (78061073) expanded: csrrw r 0 csr0x780 r12

Cycle        239 ----------------------------------------------------
pc: 0000052c inst: (780e1073) expanded: csrrw r 0 csr0x780 r28

Cycle        240 ----------------------------------------------------
pc: 00000530 inst: (0000006f) expanded: jal r 0 0x0

Cycle        241 ----------------------------------------------------
pc: 00000530 inst: (0000006f) expanded: jal r 0 0x0

Cycle        242 ----------------------------------------------------
pc: 00000530 inst: (0000006f) expanded: jal r 0 0x0

Cycle        243 ----------------------------------------------------
pc: 00000530 inst: (0000006f) expanded: jal r 0 0x0

Cycle        244 ----------------------------------------------------
pc: 00000530 inst: (0000006f) expanded: jal r 0 0x0

Cycle        245 ----------------------------------------------------
pc: 00000530 inst: (0000006f) expanded: jal r 0 0x0

Cycle        246 ----------------------------------------------------
pc: 00000530 inst: (0000006f) expanded: jal r 0 0x0

Cycle        247 ----------------------------------------------------
pc: 00000530 inst: (0000006f) expanded: jal r 0 0x0

Cycle        248 ----------------------------------------------------
pc: 00000530 inst: (0000006f) expanded: jal r 0 0x0

Cycle        249 ----------------------------------------------------
pc: 00000530 inst: (0000006f) expanded: jal r 0 0x0

Cycle        250 ----------------------------------------------------
pc: 00000530 inst: (0000006f) expanded: jal r 0 0x0

Cycle        251 ----------------------------------------------------
pc: 00000530 inst: (0000006f) expanded: jal r 0 0x0

Cycle        252 ----------------------------------------------------
pc: 00000530 inst: (0000006f) expanded: jal r 0 0x0

Cycle        253 ----------------------------------------------------
pc: 00000530 inst: (0000006f) expanded: jal r 0 0x0

Cycle        254 ----------------------------------------------------
pc: 00000530 inst: (0000006f) expanded: jal r 0 0x0

Cycle        255 ----------------------------------------------------
pc: 00000530 inst: (0000006f) expanded: jal r 0 0x0

Cycle        256 ----------------------------------------------------
pc: 00000530 inst: (0000006f) expanded: jal r 0 0x0

Cycle        257 ----------------------------------------------------
pc: 00000530 inst: (0000006f) expanded: jal r 0 0x0

Cycle        258 ----------------------------------------------------
pc: 00000530 inst: (0000006f) expanded: jal r 0 0x0

Cycle        259 ----------------------------------------------------
pc: 00000530 inst: (0000006f) expanded: jal r 0 0x0

Cycle        260 ----------------------------------------------------
pc: 00000530 inst: (0000006f) expanded: jal r 0 0x0

Cycle        261 ----------------------------------------------------
pc: 00000530 inst: (0000006f) expanded: jal r 0 0x0

Cycle        262 ----------------------------------------------------
pc: 00000530 inst: (0000006f) expanded: jal r 0 0x0

Cycle        263 ----------------------------------------------------
pc: 00000530 inst: (0000006f) expanded: jal r 0 0x0

Cycle        264 ----------------------------------------------------
pc: 00000530 inst: (0000006f) expanded: jal r 0 0x0

Cycle        265 ----------------------------------------------------
pc: 00000530 inst: (0000006f) expanded: jal r 0 0x0

Cycle        266 ----------------------------------------------------
pc: 00000530 inst: (0000006f) expanded: jal r 0 0x0

Cycle        267 ----------------------------------------------------
pc: 00000530 inst: (0000006f) expanded: jal r 0 0x0

Cycle        268 ----------------------------------------------------
pc: 00000530 inst: (0000006f) expanded: jal r 0 0x0

Cycle        269 ----------------------------------------------------
pc: 00000530 inst: (0000006f) expanded: jal r 0 0x0

Cycle        270 ----------------------------------------------------
pc: 00000530 inst: (0000006f) expanded: jal r 0 0x0

Cycle        271 ----------------------------------------------------
pc: 00000530 inst: (0000006f) expanded: jal r 0 0x0

Cycle        272 ----------------------------------------------------
pc: 00000530 inst: (0000006f) expanded: jal r 0 0x0

Cycle        273 ----------------------------------------------------
pc: 00000530 inst: (0000006f) expanded: jal r 0 0x0

Cycle        274 ----------------------------------------------------
pc: 00000530 inst: (0000006f) expanded: jal r 0 0x0

Cycle        275 ----------------------------------------------------
pc: 00000530 inst: (0000006f) expanded: jal r 0 0x0

Cycle        276 ----------------------------------------------------
pc: 00000530 inst: (0000006f) expanded: jal r 0 0x0

Cycle        277 ----------------------------------------------------
pc: 00000530 inst: (0000006f) expanded: jal r 0 0x0

Cycle        278 ----------------------------------------------------
pc: 00000530 inst: (0000006f) expanded: jal r 0 0x0

Cycle        279 ----------------------------------------------------
pc: 00000530 inst: (0000006f) expanded: jal r 0 0x0

Cycle        280 ----------------------------------------------------
pc: 00000530 inst: (0000006f) expanded: jal r 0 0x0

Cycle        281 ----------------------------------------------------
pc: 00000530 inst: (0000006f) expanded: jal r 0 0x0

Cycle        282 ----------------------------------------------------
pc: 00000530 inst: (0000006f) expanded: jal r 0 0x0

Cycle        283 ----------------------------------------------------
pc: 00000530 inst: (0000006f) expanded: jal r 0 0x0

Cycle        284 ----------------------------------------------------
pc: 00000530 inst: (0000006f) expanded: jal r 0 0x0

Cycle        285 ----------------------------------------------------
pc: 00000530 inst: (0000006f) expanded: jal r 0 0x0

Cycle        286 ----------------------------------------------------
pc: 00000530 inst: (0000006f) expanded: jal r 0 0x0

Cycle        287 ----------------------------------------------------
pc: 00000530 inst: (0000006f) expanded: jal r 0 0x0

Cycle        288 ----------------------------------------------------
pc: 00000530 inst: (0000006f) expanded: jal r 0 0x0

Cycle        289 ----------------------------------------------------
pc: 00000530 inst: (0000006f) expanded: jal r 0 0x0

Cycle        290 ----------------------------------------------------
pc: 00000530 inst: (0000006f) expanded: jal r 0 0x0

Cycle        291 ----------------------------------------------------
pc: 00000530 inst: (0000006f) expanded: jal r 0 0x0

Cycle        292 ----------------------------------------------------
pc: 00000530 inst: (0000006f) expanded: jal r 0 0x0

Cycle        293 ----------------------------------------------------
pc: 00000530 inst: (0000006f) expanded: jal r 0 0x0

Cycle        294 ----------------------------------------------------
pc: 00000530 inst: (0000006f) expanded: jal r 0 0x0

Cycle        295 ----------------------------------------------------
pc: 00000530 inst: (0000006f) expanded: jal r 0 0x0

Cycle        296 ----------------------------------------------------
pc: 00000530 inst: (0000006f) expanded: jal r 0 0x0

Cycle        297 ----------------------------------------------------
pc: 00000530 inst: (0000006f) expanded: jal r 0 0x0

Cycle        298 ----------------------------------------------------
pc: 00000530 inst: (0000006f) expanded: jal r 0 0x0

Cycle        299 ----------------------------------------------------
pc: 00000530 inst: (0000006f) expanded: jal r 0 0x0

Cycle        300 ----------------------------------------------------
pc: 00000530 inst: (0000006f) expanded: jal r 0 0x0

Cycle        301 ----------------------------------------------------
pc: 00000530 inst: (0000006f) expanded: jal r 0 0x0

Cycle        302 ----------------------------------------------------
pc: 00000530 inst: (0000006f) expanded: jal r 0 0x0

Cycle        303 ----------------------------------------------------
pc: 00000530 inst: (0000006f) expanded: jal r 0 0x0

Cycle        304 ----------------------------------------------------
pc: 00000530 inst: (0000006f) expanded: jal r 0 0x0

Cycle        305 ----------------------------------------------------
pc: 00000530 inst: (0000006f) expanded: jal r 0 0x0

Cycle        306 ----------------------------------------------------
pc: 00000530 inst: (0000006f) expanded: jal r 0 0x0

Cycle        307 ----------------------------------------------------
pc: 00000530 inst: (0000006f) expanded: jal r 0 0x0

Cycle        308 ----------------------------------------------------
pc: 00000530 inst: (0000006f) expanded: jal r 0 0x0

Cycle        309 ----------------------------------------------------
pc: 00000530 inst: (0000006f) expanded: jal r 0 0x0

Cycle        310 ----------------------------------------------------
pc: 00000530 inst: (0000006f) expanded: jal r 0 0x0

Cycle        311 ----------------------------------------------------
pc: 00000530 inst: (0000006f) expanded: jal r 0 0x0

Cycle        312 ----------------------------------------------------
pc: 00000530 inst: (0000006f) expanded: jal r 0 0x0

Cycle        313 ----------------------------------------------------
pc: 00000530 inst: (0000006f) expanded: jal r 0 0x0

Cycle        314 ----------------------------------------------------
pc: 00000530 inst: (0000006f) expanded: jal r 0 0x0

Cycle        315 ----------------------------------------------------
pc: 00000530 inst: (0000006f) expanded: jal r 0 0x0

Cycle        316 ----------------------------------------------------
pc: 00000530 inst: (0000006f) expanded: jal r 0 0x0

Cycle        317 ----------------------------------------------------
pc: 00000530 inst: (0000006f) expanded: jal r 0 0x0

Cycle        318 ----------------------------------------------------
pc: 00000530 inst: (0000006f) expanded: jal r 0 0x0

Cycle        319 ----------------------------------------------------
pc: 00000530 inst: (0000006f) expanded: jal r 0 0x0

Cycle        320 ----------------------------------------------------
pc: 00000530 inst: (0000006f) expanded: jal r 0 0x0

Cycle        321 ----------------------------------------------------
pc: 00000530 inst: (0000006f) expanded: jal r 0 0x0

Cycle        322 ----------------------------------------------------
pc: 00000530 inst: (0000006f) expanded: jal r 0 0x0

Cycle        323 ----------------------------------------------------
pc: 00000530 inst: (0000006f) expanded: jal r 0 0x0

Cycle        324 ----------------------------------------------------
pc: 00000530 inst: (0000006f) expanded: jal r 0 0x0

Cycle        325 ----------------------------------------------------
pc: 00000530 inst: (0000006f) expanded: jal r 0 0x0

Cycle        326 ----------------------------------------------------
pc: 00000530 inst: (0000006f) expanded: jal r 0 0x0

Cycle        327 ----------------------------------------------------
pc: 00000530 inst: (0000006f) expanded: jal r 0 0x0

Cycle        328 ----------------------------------------------------
simulator calling $finish
