make -C bluesim --no-print-directory run
LD_PRELOAD=libSegFault.so SEGFAULT_USE_ALTSTACK=1 SEGFAULT_OUTPUT_NAME=bin/bsimexe-segv-output.txt  ./bin/ubuntu.exe ; retcode=$?; exit $retcode
Start testbench:
Warning: file 'mem.vmh' for memory 'mem' has a gap at addresses 82 to 65535.
Warning: file 'mem.vmh' for memory 'mem' has a gap at addresses 82 to 65535.
[init_xsim:61]
[init_xsim:61]
Processor startedXsimTop starting
Received software req to start pc

Start at pc 200

pc: 00000200 inst: (00c000ef) expanded: jal r 1 0xc

Cycle          0 ----------------------------------------------------
pc: 0000020c inst: (00008493) expanded: addi r 9 = r 1 0x0

Cycle          1 ----------------------------------------------------
pc: 00000210 inst: (00200e13) expanded: addi r28 = r 0 0x2

Cycle          2 ----------------------------------------------------
pc: 00000214 inst: (014000ef) expanded: jal r 1 0x14

Cycle          3 ----------------------------------------------------
pc: 00000228 inst: (00008913) expanded: addi r18 = r 1 0x0

Cycle          4 ----------------------------------------------------
pc: 0000022c inst: (00300e13) expanded: addi r28 = r 0 0x3

Cycle          5 ----------------------------------------------------
pc: 00000230 inst: (014000ef) expanded: jal r 1 0x14

Cycle          6 ----------------------------------------------------
pc: 00000244 inst: (00008993) expanded: addi r19 = r 1 0x0

Cycle          7 ----------------------------------------------------
pc: 00000248 inst: (00400e13) expanded: addi r28 = r 0 0x4

Cycle          8 ----------------------------------------------------
pc: 0000024c inst: (014000ef) expanded: jal r 1 0x14

Cycle          9 ----------------------------------------------------
pc: 00000260 inst: (00008a13) expanded: addi r20 = r 1 0x0

Cycle         10 ----------------------------------------------------
pc: 00000264 inst: (00500e13) expanded: addi r28 = r 0 0x5

Cycle         11 ----------------------------------------------------
pc: 00000268 inst: (014000ef) expanded: jal r 1 0x14

Cycle         12 ----------------------------------------------------
pc: 0000027c inst: (00008a93) expanded: addi r21 = r 1 0x0

Cycle         13 ----------------------------------------------------
pc: 00000280 inst: (00600e13) expanded: addi r28 = r 0 0x6

Cycle         14 ----------------------------------------------------
pc: 00000284 inst: (014000ef) expanded: jal r 1 0x14

Cycle         15 ----------------------------------------------------
pc: 00000298 inst: (00000e13) expanded: addi r28 = r 0 0x0

Cycle         16 ----------------------------------------------------
pc: 0000029c inst: (00008067) expanded: jalr r 0 [r 1 0x0]

Cycle         17 ----------------------------------------------------
pc: 00000288 inst: (00b00e13) expanded: addi r28 = r 0 0xb

Cycle         18 ----------------------------------------------------
pc: 0000028c inst: (00c000ef) expanded: jal r 1 0xc

Cycle         19 ----------------------------------------------------
pc: 00000298 inst: (00000e13) expanded: addi r28 = r 0 0x0

Cycle         20 ----------------------------------------------------
pc: 0000029c inst: (00008067) expanded: jalr r 0 [r 1 0x0]

Cycle         21 ----------------------------------------------------
pc: 00000290 inst: (000a8093) expanded: addi r 1 = r21 0x0

Cycle         22 ----------------------------------------------------
pc: 00000294 inst: (00008067) expanded: jalr r 0 [r 1 0x0]

Cycle         23 ----------------------------------------------------
pc: 0000026c inst: (00a00e13) expanded: addi r28 = r 0 0xa

Cycle         24 ----------------------------------------------------
pc: 00000270 inst: (00c000ef) expanded: jal r 1 0xc

Cycle         25 ----------------------------------------------------
pc: 0000027c inst: (00008a93) expanded: addi r21 = r 1 0x0

Cycle         26 ----------------------------------------------------
pc: 00000280 inst: (00600e13) expanded: addi r28 = r 0 0x6

Cycle         27 ----------------------------------------------------
pc: 00000284 inst: (014000ef) expanded: jal r 1 0x14

Cycle         28 ----------------------------------------------------
pc: 00000298 inst: (00000e13) expanded: addi r28 = r 0 0x0

Cycle         29 ----------------------------------------------------
pc: 0000029c inst: (00008067) expanded: jalr r 0 [r 1 0x0]

Cycle         30 ----------------------------------------------------
pc: 00000288 inst: (00b00e13) expanded: addi r28 = r 0 0xb

Cycle         31 ----------------------------------------------------
pc: 0000028c inst: (00c000ef) expanded: jal r 1 0xc

Cycle         32 ----------------------------------------------------
pc: 00000298 inst: (00000e13) expanded: addi r28 = r 0 0x0

Cycle         33 ----------------------------------------------------
pc: 0000029c inst: (00008067) expanded: jalr r 0 [r 1 0x0]

Cycle         34 ----------------------------------------------------
pc: 00000290 inst: (000a8093) expanded: addi r 1 = r21 0x0

Cycle         35 ----------------------------------------------------
pc: 00000294 inst: (00008067) expanded: jalr r 0 [r 1 0x0]

Cycle         36 ----------------------------------------------------
pc: 00000274 inst: (000a0093) expanded: addi r 1 = r20 0x0

Cycle         37 ----------------------------------------------------
pc: 00000278 inst: (00008067) expanded: jalr r 0 [r 1 0x0]

Cycle         38 ----------------------------------------------------
pc: 00000250 inst: (00900e13) expanded: addi r28 = r 0 0x9

Cycle         39 ----------------------------------------------------
pc: 00000254 inst: (00c000ef) expanded: jal r 1 0xc

Cycle         40 ----------------------------------------------------
pc: 00000260 inst: (00008a13) expanded: addi r20 = r 1 0x0

Cycle         41 ----------------------------------------------------
pc: 00000264 inst: (00500e13) expanded: addi r28 = r 0 0x5

Cycle         42 ----------------------------------------------------
pc: 00000268 inst: (014000ef) expanded: jal r 1 0x14

Cycle         43 ----------------------------------------------------
pc: 0000027c inst: (00008a93) expanded: addi r21 = r 1 0x0

Cycle         44 ----------------------------------------------------
pc: 00000280 inst: (00600e13) expanded: addi r28 = r 0 0x6

Cycle         45 ----------------------------------------------------
pc: 00000284 inst: (014000ef) expanded: jal r 1 0x14

Cycle         46 ----------------------------------------------------
pc: 00000298 inst: (00000e13) expanded: addi r28 = r 0 0x0

Cycle         47 ----------------------------------------------------
pc: 0000029c inst: (00008067) expanded: jalr r 0 [r 1 0x0]

Cycle         48 ----------------------------------------------------
pc: 00000288 inst: (00b00e13) expanded: addi r28 = r 0 0xb

Cycle         49 ----------------------------------------------------
pc: 0000028c inst: (00c000ef) expanded: jal r 1 0xc

Cycle         50 ----------------------------------------------------
pc: 00000298 inst: (00000e13) expanded: addi r28 = r 0 0x0

Cycle         51 ----------------------------------------------------
pc: 0000029c inst: (00008067) expanded: jalr r 0 [r 1 0x0]

Cycle         52 ----------------------------------------------------
pc: 00000290 inst: (000a8093) expanded: addi r 1 = r21 0x0

Cycle         53 ----------------------------------------------------
pc: 00000294 inst: (00008067) expanded: jalr r 0 [r 1 0x0]

Cycle         54 ----------------------------------------------------
pc: 0000026c inst: (00a00e13) expanded: addi r28 = r 0 0xa

Cycle         55 ----------------------------------------------------
pc: 00000270 inst: (00c000ef) expanded: jal r 1 0xc

Cycle         56 ----------------------------------------------------
pc: 0000027c inst: (00008a93) expanded: addi r21 = r 1 0x0

Cycle         57 ----------------------------------------------------
pc: 00000280 inst: (00600e13) expanded: addi r28 = r 0 0x6

Cycle         58 ----------------------------------------------------
pc: 00000284 inst: (014000ef) expanded: jal r 1 0x14

Cycle         59 ----------------------------------------------------
pc: 00000298 inst: (00000e13) expanded: addi r28 = r 0 0x0

Cycle         60 ----------------------------------------------------
pc: 0000029c inst: (00008067) expanded: jalr r 0 [r 1 0x0]

Cycle         61 ----------------------------------------------------
pc: 00000288 inst: (00b00e13) expanded: addi r28 = r 0 0xb

Cycle         62 ----------------------------------------------------
pc: 0000028c inst: (00c000ef) expanded: jal r 1 0xc

Cycle         63 ----------------------------------------------------
pc: 00000298 inst: (00000e13) expanded: addi r28 = r 0 0x0

Cycle         64 ----------------------------------------------------
pc: 0000029c inst: (00008067) expanded: jalr r 0 [r 1 0x0]

Cycle         65 ----------------------------------------------------
pc: 00000290 inst: (000a8093) expanded: addi r 1 = r21 0x0

Cycle         66 ----------------------------------------------------
pc: 00000294 inst: (00008067) expanded: jalr r 0 [r 1 0x0]

Cycle         67 ----------------------------------------------------
pc: 00000274 inst: (000a0093) expanded: addi r 1 = r20 0x0

Cycle         68 ----------------------------------------------------
pc: 00000278 inst: (00008067) expanded: jalr r 0 [r 1 0x0]

Cycle         69 ----------------------------------------------------
pc: 00000258 inst: (00098093) expanded: addi r 1 = r19 0x0

Cycle         70 ----------------------------------------------------
pc: 0000025c inst: (00008067) expanded: jalr r 0 [r 1 0x0]

Cycle         71 ----------------------------------------------------
pc: 00000234 inst: (00800e13) expanded: addi r28 = r 0 0x8

Cycle         72 ----------------------------------------------------
pc: 00000238 inst: (00c000ef) expanded: jal r 1 0xc

Cycle         73 ----------------------------------------------------
pc: 00000244 inst: (00008993) expanded: addi r19 = r 1 0x0

Cycle         74 ----------------------------------------------------
pc: 00000248 inst: (00400e13) expanded: addi r28 = r 0 0x4

Cycle         75 ----------------------------------------------------
pc: 0000024c inst: (014000ef) expanded: jal r 1 0x14

Cycle         76 ----------------------------------------------------
pc: 00000260 inst: (00008a13) expanded: addi r20 = r 1 0x0

Cycle         77 ----------------------------------------------------
pc: 00000264 inst: (00500e13) expanded: addi r28 = r 0 0x5

Cycle         78 ----------------------------------------------------
pc: 00000268 inst: (014000ef) expanded: jal r 1 0x14

Cycle         79 ----------------------------------------------------
pc: 0000027c inst: (00008a93) expanded: addi r21 = r 1 0x0

Cycle         80 ----------------------------------------------------
pc: 00000280 inst: (00600e13) expanded: addi r28 = r 0 0x6

Cycle         81 ----------------------------------------------------
pc: 00000284 inst: (014000ef) expanded: jal r 1 0x14

Cycle         82 ----------------------------------------------------
pc: 00000298 inst: (00000e13) expanded: addi r28 = r 0 0x0

Cycle         83 ----------------------------------------------------
pc: 0000029c inst: (00008067) expanded: jalr r 0 [r 1 0x0]

Cycle         84 ----------------------------------------------------
pc: 00000288 inst: (00b00e13) expanded: addi r28 = r 0 0xb

Cycle         85 ----------------------------------------------------
pc: 0000028c inst: (00c000ef) expanded: jal r 1 0xc

Cycle         86 ----------------------------------------------------
pc: 00000298 inst: (00000e13) expanded: addi r28 = r 0 0x0

Cycle         87 ----------------------------------------------------
pc: 0000029c inst: (00008067) expanded: jalr r 0 [r 1 0x0]

Cycle         88 ----------------------------------------------------
pc: 00000290 inst: (000a8093) expanded: addi r 1 = r21 0x0

Cycle         89 ----------------------------------------------------
pc: 00000294 inst: (00008067) expanded: jalr r 0 [r 1 0x0]

Cycle         90 ----------------------------------------------------
pc: 0000026c inst: (00a00e13) expanded: addi r28 = r 0 0xa

Cycle         91 ----------------------------------------------------
pc: 00000270 inst: (00c000ef) expanded: jal r 1 0xc

Cycle         92 ----------------------------------------------------
pc: 0000027c inst: (00008a93) expanded: addi r21 = r 1 0x0

Cycle         93 ----------------------------------------------------
pc: 00000280 inst: (00600e13) expanded: addi r28 = r 0 0x6

Cycle         94 ----------------------------------------------------
pc: 00000284 inst: (014000ef) expanded: jal r 1 0x14

Cycle         95 ----------------------------------------------------
pc: 00000298 inst: (00000e13) expanded: addi r28 = r 0 0x0

Cycle         96 ----------------------------------------------------
pc: 0000029c inst: (00008067) expanded: jalr r 0 [r 1 0x0]

Cycle         97 ----------------------------------------------------
pc: 00000288 inst: (00b00e13) expanded: addi r28 = r 0 0xb

Cycle         98 ----------------------------------------------------
pc: 0000028c inst: (00c000ef) expanded: jal r 1 0xc

Cycle         99 ----------------------------------------------------
pc: 00000298 inst: (00000e13) expanded: addi r28 = r 0 0x0

Cycle        100 ----------------------------------------------------
pc: 0000029c inst: (00008067) expanded: jalr r 0 [r 1 0x0]

Cycle        101 ----------------------------------------------------
pc: 00000290 inst: (000a8093) expanded: addi r 1 = r21 0x0

Cycle        102 ----------------------------------------------------
pc: 00000294 inst: (00008067) expanded: jalr r 0 [r 1 0x0]

Cycle        103 ----------------------------------------------------
pc: 00000274 inst: (000a0093) expanded: addi r 1 = r20 0x0

Cycle        104 ----------------------------------------------------
pc: 00000278 inst: (00008067) expanded: jalr r 0 [r 1 0x0]

Cycle        105 ----------------------------------------------------
pc: 00000250 inst: (00900e13) expanded: addi r28 = r 0 0x9

Cycle        106 ----------------------------------------------------
pc: 00000254 inst: (00c000ef) expanded: jal r 1 0xc

Cycle        107 ----------------------------------------------------
pc: 00000260 inst: (00008a13) expanded: addi r20 = r 1 0x0

Cycle        108 ----------------------------------------------------
pc: 00000264 inst: (00500e13) expanded: addi r28 = r 0 0x5

Cycle        109 ----------------------------------------------------
pc: 00000268 inst: (014000ef) expanded: jal r 1 0x14

Cycle        110 ----------------------------------------------------
pc: 0000027c inst: (00008a93) expanded: addi r21 = r 1 0x0

Cycle        111 ----------------------------------------------------
pc: 00000280 inst: (00600e13) expanded: addi r28 = r 0 0x6

Cycle        112 ----------------------------------------------------
pc: 00000284 inst: (014000ef) expanded: jal r 1 0x14

Cycle        113 ----------------------------------------------------
pc: 00000298 inst: (00000e13) expanded: addi r28 = r 0 0x0

Cycle        114 ----------------------------------------------------
pc: 0000029c inst: (00008067) expanded: jalr r 0 [r 1 0x0]

Cycle        115 ----------------------------------------------------
pc: 00000288 inst: (00b00e13) expanded: addi r28 = r 0 0xb

Cycle        116 ----------------------------------------------------
pc: 0000028c inst: (00c000ef) expanded: jal r 1 0xc

Cycle        117 ----------------------------------------------------
pc: 00000298 inst: (00000e13) expanded: addi r28 = r 0 0x0

Cycle        118 ----------------------------------------------------
pc: 0000029c inst: (00008067) expanded: jalr r 0 [r 1 0x0]

Cycle        119 ----------------------------------------------------
pc: 00000290 inst: (000a8093) expanded: addi r 1 = r21 0x0

Cycle        120 ----------------------------------------------------
pc: 00000294 inst: (00008067) expanded: jalr r 0 [r 1 0x0]

Cycle        121 ----------------------------------------------------
pc: 0000026c inst: (00a00e13) expanded: addi r28 = r 0 0xa

Cycle        122 ----------------------------------------------------
pc: 00000270 inst: (00c000ef) expanded: jal r 1 0xc

Cycle        123 ----------------------------------------------------
pc: 0000027c inst: (00008a93) expanded: addi r21 = r 1 0x0

Cycle        124 ----------------------------------------------------
pc: 00000280 inst: (00600e13) expanded: addi r28 = r 0 0x6

Cycle        125 ----------------------------------------------------
pc: 00000284 inst: (014000ef) expanded: jal r 1 0x14

Cycle        126 ----------------------------------------------------
pc: 00000298 inst: (00000e13) expanded: addi r28 = r 0 0x0

Cycle        127 ----------------------------------------------------
pc: 0000029c inst: (00008067) expanded: jalr r 0 [r 1 0x0]

Cycle        128 ----------------------------------------------------
pc: 00000288 inst: (00b00e13) expanded: addi r28 = r 0 0xb

Cycle        129 ----------------------------------------------------
pc: 0000028c inst: (00c000ef) expanded: jal r 1 0xc

Cycle        130 ----------------------------------------------------
pc: 00000298 inst: (00000e13) expanded: addi r28 = r 0 0x0

Cycle        131 ----------------------------------------------------
pc: 0000029c inst: (00008067) expanded: jalr r 0 [r 1 0x0]

Cycle        132 ----------------------------------------------------
pc: 00000290 inst: (000a8093) expanded: addi r 1 = r21 0x0

Cycle        133 ----------------------------------------------------
pc: 00000294 inst: (00008067) expanded: jalr r 0 [r 1 0x0]

Cycle        134 ----------------------------------------------------
pc: 00000274 inst: (000a0093) expanded: addi r 1 = r20 0x0

Cycle        135 ----------------------------------------------------
pc: 00000278 inst: (00008067) expanded: jalr r 0 [r 1 0x0]

Cycle        136 ----------------------------------------------------
pc: 00000258 inst: (00098093) expanded: addi r 1 = r19 0x0

Cycle        137 ----------------------------------------------------
pc: 0000025c inst: (00008067) expanded: jalr r 0 [r 1 0x0]

Cycle        138 ----------------------------------------------------
pc: 0000023c inst: (00090093) expanded: addi r 1 = r18 0x0

Cycle        139 ----------------------------------------------------
pc: 00000240 inst: (00008067) expanded: jalr r 0 [r 1 0x0]

Cycle        140 ----------------------------------------------------
pc: 00000218 inst: (00700e13) expanded: addi r28 = r 0 0x7

Cycle        141 ----------------------------------------------------
pc: 0000021c inst: (00c000ef) expanded: jal r 1 0xc

Cycle        142 ----------------------------------------------------
pc: 00000228 inst: (00008913) expanded: addi r18 = r 1 0x0

Cycle        143 ----------------------------------------------------
pc: 0000022c inst: (00300e13) expanded: addi r28 = r 0 0x3

Cycle        144 ----------------------------------------------------
pc: 00000230 inst: (014000ef) expanded: jal r 1 0x14

Cycle        145 ----------------------------------------------------
pc: 00000244 inst: (00008993) expanded: addi r19 = r 1 0x0

Cycle        146 ----------------------------------------------------
pc: 00000248 inst: (00400e13) expanded: addi r28 = r 0 0x4

Cycle        147 ----------------------------------------------------
pc: 0000024c inst: (014000ef) expanded: jal r 1 0x14

Cycle        148 ----------------------------------------------------
pc: 00000260 inst: (00008a13) expanded: addi r20 = r 1 0x0

Cycle        149 ----------------------------------------------------
pc: 00000264 inst: (00500e13) expanded: addi r28 = r 0 0x5

Cycle        150 ----------------------------------------------------
pc: 00000268 inst: (014000ef) expanded: jal r 1 0x14

Cycle        151 ----------------------------------------------------
pc: 0000027c inst: (00008a93) expanded: addi r21 = r 1 0x0

Cycle        152 ----------------------------------------------------
pc: 00000280 inst: (00600e13) expanded: addi r28 = r 0 0x6

Cycle        153 ----------------------------------------------------
pc: 00000284 inst: (014000ef) expanded: jal r 1 0x14

Cycle        154 ----------------------------------------------------
pc: 00000298 inst: (00000e13) expanded: addi r28 = r 0 0x0

Cycle        155 ----------------------------------------------------
pc: 0000029c inst: (00008067) expanded: jalr r 0 [r 1 0x0]

Cycle        156 ----------------------------------------------------
pc: 00000288 inst: (00b00e13) expanded: addi r28 = r 0 0xb

Cycle        157 ----------------------------------------------------
pc: 0000028c inst: (00c000ef) expanded: jal r 1 0xc

Cycle        158 ----------------------------------------------------
pc: 00000298 inst: (00000e13) expanded: addi r28 = r 0 0x0

Cycle        159 ----------------------------------------------------
pc: 0000029c inst: (00008067) expanded: jalr r 0 [r 1 0x0]

Cycle        160 ----------------------------------------------------
pc: 00000290 inst: (000a8093) expanded: addi r 1 = r21 0x0

Cycle        161 ----------------------------------------------------
pc: 00000294 inst: (00008067) expanded: jalr r 0 [r 1 0x0]

Cycle        162 ----------------------------------------------------
pc: 0000026c inst: (00a00e13) expanded: addi r28 = r 0 0xa

Cycle        163 ----------------------------------------------------
pc: 00000270 inst: (00c000ef) expanded: jal r 1 0xc

Cycle        164 ----------------------------------------------------
pc: 0000027c inst: (00008a93) expanded: addi r21 = r 1 0x0

Cycle        165 ----------------------------------------------------
pc: 00000280 inst: (00600e13) expanded: addi r28 = r 0 0x6

Cycle        166 ----------------------------------------------------
pc: 00000284 inst: (014000ef) expanded: jal r 1 0x14

Cycle        167 ----------------------------------------------------
pc: 00000298 inst: (00000e13) expanded: addi r28 = r 0 0x0

Cycle        168 ----------------------------------------------------
pc: 0000029c inst: (00008067) expanded: jalr r 0 [r 1 0x0]

Cycle        169 ----------------------------------------------------
pc: 00000288 inst: (00b00e13) expanded: addi r28 = r 0 0xb

Cycle        170 ----------------------------------------------------
pc: 0000028c inst: (00c000ef) expanded: jal r 1 0xc

Cycle        171 ----------------------------------------------------
pc: 00000298 inst: (00000e13) expanded: addi r28 = r 0 0x0

Cycle        172 ----------------------------------------------------
pc: 0000029c inst: (00008067) expanded: jalr r 0 [r 1 0x0]

Cycle        173 ----------------------------------------------------
pc: 00000290 inst: (000a8093) expanded: addi r 1 = r21 0x0

Cycle        174 ----------------------------------------------------
pc: 00000294 inst: (00008067) expanded: jalr r 0 [r 1 0x0]

Cycle        175 ----------------------------------------------------
pc: 00000274 inst: (000a0093) expanded: addi r 1 = r20 0x0

Cycle        176 ----------------------------------------------------
pc: 00000278 inst: (00008067) expanded: jalr r 0 [r 1 0x0]

Cycle        177 ----------------------------------------------------
pc: 00000250 inst: (00900e13) expanded: addi r28 = r 0 0x9

Cycle        178 ----------------------------------------------------
pc: 00000254 inst: (00c000ef) expanded: jal r 1 0xc

Cycle        179 ----------------------------------------------------
pc: 00000260 inst: (00008a13) expanded: addi r20 = r 1 0x0

Cycle        180 ----------------------------------------------------
pc: 00000264 inst: (00500e13) expanded: addi r28 = r 0 0x5

Cycle        181 ----------------------------------------------------
pc: 00000268 inst: (014000ef) expanded: jal r 1 0x14

Cycle        182 ----------------------------------------------------
pc: 0000027c inst: (00008a93) expanded: addi r21 = r 1 0x0

Cycle        183 ----------------------------------------------------
pc: 00000280 inst: (00600e13) expanded: addi r28 = r 0 0x6

Cycle        184 ----------------------------------------------------
pc: 00000284 inst: (014000ef) expanded: jal r 1 0x14

Cycle        185 ----------------------------------------------------
pc: 00000298 inst: (00000e13) expanded: addi r28 = r 0 0x0

Cycle        186 ----------------------------------------------------
pc: 0000029c inst: (00008067) expanded: jalr r 0 [r 1 0x0]

Cycle        187 ----------------------------------------------------
pc: 00000288 inst: (00b00e13) expanded: addi r28 = r 0 0xb

Cycle        188 ----------------------------------------------------
pc: 0000028c inst: (00c000ef) expanded: jal r 1 0xc

Cycle        189 ----------------------------------------------------
pc: 00000298 inst: (00000e13) expanded: addi r28 = r 0 0x0

Cycle        190 ----------------------------------------------------
pc: 0000029c inst: (00008067) expanded: jalr r 0 [r 1 0x0]

Cycle        191 ----------------------------------------------------
pc: 00000290 inst: (000a8093) expanded: addi r 1 = r21 0x0

Cycle        192 ----------------------------------------------------
pc: 00000294 inst: (00008067) expanded: jalr r 0 [r 1 0x0]

Cycle        193 ----------------------------------------------------
pc: 0000026c inst: (00a00e13) expanded: addi r28 = r 0 0xa

Cycle        194 ----------------------------------------------------
pc: 00000270 inst: (00c000ef) expanded: jal r 1 0xc

Cycle        195 ----------------------------------------------------
pc: 0000027c inst: (00008a93) expanded: addi r21 = r 1 0x0

Cycle        196 ----------------------------------------------------
pc: 00000280 inst: (00600e13) expanded: addi r28 = r 0 0x6

Cycle        197 ----------------------------------------------------
pc: 00000284 inst: (014000ef) expanded: jal r 1 0x14

Cycle        198 ----------------------------------------------------
pc: 00000298 inst: (00000e13) expanded: addi r28 = r 0 0x0

Cycle        199 ----------------------------------------------------
pc: 0000029c inst: (00008067) expanded: jalr r 0 [r 1 0x0]

Cycle        200 ----------------------------------------------------
pc: 00000288 inst: (00b00e13) expanded: addi r28 = r 0 0xb

Cycle        201 ----------------------------------------------------
pc: 0000028c inst: (00c000ef) expanded: jal r 1 0xc

Cycle        202 ----------------------------------------------------
pc: 00000298 inst: (00000e13) expanded: addi r28 = r 0 0x0

Cycle        203 ----------------------------------------------------
pc: 0000029c inst: (00008067) expanded: jalr r 0 [r 1 0x0]

Cycle        204 ----------------------------------------------------
pc: 00000290 inst: (000a8093) expanded: addi r 1 = r21 0x0

Cycle        205 ----------------------------------------------------
pc: 00000294 inst: (00008067) expanded: jalr r 0 [r 1 0x0]

Cycle        206 ----------------------------------------------------
pc: 00000274 inst: (000a0093) expanded: addi r 1 = r20 0x0

Cycle        207 ----------------------------------------------------
pc: 00000278 inst: (00008067) expanded: jalr r 0 [r 1 0x0]

Cycle        208 ----------------------------------------------------
pc: 00000258 inst: (00098093) expanded: addi r 1 = r19 0x0

Cycle        209 ----------------------------------------------------
pc: 0000025c inst: (00008067) expanded: jalr r 0 [r 1 0x0]

Cycle        210 ----------------------------------------------------
pc: 00000234 inst: (00800e13) expanded: addi r28 = r 0 0x8

Cycle        211 ----------------------------------------------------
pc: 00000238 inst: (00c000ef) expanded: jal r 1 0xc

Cycle        212 ----------------------------------------------------
pc: 00000244 inst: (00008993) expanded: addi r19 = r 1 0x0

Cycle        213 ----------------------------------------------------
pc: 00000248 inst: (00400e13) expanded: addi r28 = r 0 0x4

Cycle        214 ----------------------------------------------------
pc: 0000024c inst: (014000ef) expanded: jal r 1 0x14

Cycle        215 ----------------------------------------------------
pc: 00000260 inst: (00008a13) expanded: addi r20 = r 1 0x0

Cycle        216 ----------------------------------------------------
pc: 00000264 inst: (00500e13) expanded: addi r28 = r 0 0x5

Cycle        217 ----------------------------------------------------
pc: 00000268 inst: (014000ef) expanded: jal r 1 0x14

Cycle        218 ----------------------------------------------------
pc: 0000027c inst: (00008a93) expanded: addi r21 = r 1 0x0

Cycle        219 ----------------------------------------------------
pc: 00000280 inst: (00600e13) expanded: addi r28 = r 0 0x6

Cycle        220 ----------------------------------------------------
pc: 00000284 inst: (014000ef) expanded: jal r 1 0x14

Cycle        221 ----------------------------------------------------
pc: 00000298 inst: (00000e13) expanded: addi r28 = r 0 0x0

Cycle        222 ----------------------------------------------------
pc: 0000029c inst: (00008067) expanded: jalr r 0 [r 1 0x0]

Cycle        223 ----------------------------------------------------
pc: 00000288 inst: (00b00e13) expanded: addi r28 = r 0 0xb

Cycle        224 ----------------------------------------------------
pc: 0000028c inst: (00c000ef) expanded: jal r 1 0xc

Cycle        225 ----------------------------------------------------
pc: 00000298 inst: (00000e13) expanded: addi r28 = r 0 0x0

Cycle        226 ----------------------------------------------------
pc: 0000029c inst: (00008067) expanded: jalr r 0 [r 1 0x0]

Cycle        227 ----------------------------------------------------
pc: 00000290 inst: (000a8093) expanded: addi r 1 = r21 0x0

Cycle        228 ----------------------------------------------------
pc: 00000294 inst: (00008067) expanded: jalr r 0 [r 1 0x0]

Cycle        229 ----------------------------------------------------
pc: 0000026c inst: (00a00e13) expanded: addi r28 = r 0 0xa

Cycle        230 ----------------------------------------------------
pc: 00000270 inst: (00c000ef) expanded: jal r 1 0xc

Cycle        231 ----------------------------------------------------
pc: 0000027c inst: (00008a93) expanded: addi r21 = r 1 0x0

Cycle        232 ----------------------------------------------------
pc: 00000280 inst: (00600e13) expanded: addi r28 = r 0 0x6

Cycle        233 ----------------------------------------------------
pc: 00000284 inst: (014000ef) expanded: jal r 1 0x14

Cycle        234 ----------------------------------------------------
pc: 00000298 inst: (00000e13) expanded: addi r28 = r 0 0x0

Cycle        235 ----------------------------------------------------
pc: 0000029c inst: (00008067) expanded: jalr r 0 [r 1 0x0]

Cycle        236 ----------------------------------------------------
pc: 00000288 inst: (00b00e13) expanded: addi r28 = r 0 0xb

Cycle        237 ----------------------------------------------------
pc: 0000028c inst: (00c000ef) expanded: jal r 1 0xc

Cycle        238 ----------------------------------------------------
pc: 00000298 inst: (00000e13) expanded: addi r28 = r 0 0x0

Cycle        239 ----------------------------------------------------
pc: 0000029c inst: (00008067) expanded: jalr r 0 [r 1 0x0]

Cycle        240 ----------------------------------------------------
pc: 00000290 inst: (000a8093) expanded: addi r 1 = r21 0x0

Cycle        241 ----------------------------------------------------
pc: 00000294 inst: (00008067) expanded: jalr r 0 [r 1 0x0]

Cycle        242 ----------------------------------------------------
pc: 00000274 inst: (000a0093) expanded: addi r 1 = r20 0x0

Cycle        243 ----------------------------------------------------
pc: 00000278 inst: (00008067) expanded: jalr r 0 [r 1 0x0]

Cycle        244 ----------------------------------------------------
pc: 00000250 inst: (00900e13) expanded: addi r28 = r 0 0x9

Cycle        245 ----------------------------------------------------
pc: 00000254 inst: (00c000ef) expanded: jal r 1 0xc

Cycle        246 ----------------------------------------------------
pc: 00000260 inst: (00008a13) expanded: addi r20 = r 1 0x0

Cycle        247 ----------------------------------------------------
pc: 00000264 inst: (00500e13) expanded: addi r28 = r 0 0x5

Cycle        248 ----------------------------------------------------
pc: 00000268 inst: (014000ef) expanded: jal r 1 0x14

Cycle        249 ----------------------------------------------------
pc: 0000027c inst: (00008a93) expanded: addi r21 = r 1 0x0

Cycle        250 ----------------------------------------------------
pc: 00000280 inst: (00600e13) expanded: addi r28 = r 0 0x6

Cycle        251 ----------------------------------------------------
pc: 00000284 inst: (014000ef) expanded: jal r 1 0x14

Cycle        252 ----------------------------------------------------
pc: 00000298 inst: (00000e13) expanded: addi r28 = r 0 0x0

Cycle        253 ----------------------------------------------------
pc: 0000029c inst: (00008067) expanded: jalr r 0 [r 1 0x0]

Cycle        254 ----------------------------------------------------
pc: 00000288 inst: (00b00e13) expanded: addi r28 = r 0 0xb

Cycle        255 ----------------------------------------------------
pc: 0000028c inst: (00c000ef) expanded: jal r 1 0xc

Cycle        256 ----------------------------------------------------
pc: 00000298 inst: (00000e13) expanded: addi r28 = r 0 0x0

Cycle        257 ----------------------------------------------------
pc: 0000029c inst: (00008067) expanded: jalr r 0 [r 1 0x0]

Cycle        258 ----------------------------------------------------
pc: 00000290 inst: (000a8093) expanded: addi r 1 = r21 0x0

Cycle        259 ----------------------------------------------------
pc: 00000294 inst: (00008067) expanded: jalr r 0 [r 1 0x0]

Cycle        260 ----------------------------------------------------
pc: 0000026c inst: (00a00e13) expanded: addi r28 = r 0 0xa

Cycle        261 ----------------------------------------------------
pc: 00000270 inst: (00c000ef) expanded: jal r 1 0xc

Cycle        262 ----------------------------------------------------
pc: 0000027c inst: (00008a93) expanded: addi r21 = r 1 0x0

Cycle        263 ----------------------------------------------------
pc: 00000280 inst: (00600e13) expanded: addi r28 = r 0 0x6

Cycle        264 ----------------------------------------------------
pc: 00000284 inst: (014000ef) expanded: jal r 1 0x14

Cycle        265 ----------------------------------------------------
pc: 00000298 inst: (00000e13) expanded: addi r28 = r 0 0x0

Cycle        266 ----------------------------------------------------
pc: 0000029c inst: (00008067) expanded: jalr r 0 [r 1 0x0]

Cycle        267 ----------------------------------------------------
pc: 00000288 inst: (00b00e13) expanded: addi r28 = r 0 0xb

Cycle        268 ----------------------------------------------------
pc: 0000028c inst: (00c000ef) expanded: jal r 1 0xc

Cycle        269 ----------------------------------------------------
pc: 00000298 inst: (00000e13) expanded: addi r28 = r 0 0x0

Cycle        270 ----------------------------------------------------
pc: 0000029c inst: (00008067) expanded: jalr r 0 [r 1 0x0]

Cycle        271 ----------------------------------------------------
pc: 00000290 inst: (000a8093) expanded: addi r 1 = r21 0x0

Cycle        272 ----------------------------------------------------
pc: 00000294 inst: (00008067) expanded: jalr r 0 [r 1 0x0]

Cycle        273 ----------------------------------------------------
pc: 00000274 inst: (000a0093) expanded: addi r 1 = r20 0x0

Cycle        274 ----------------------------------------------------
pc: 00000278 inst: (00008067) expanded: jalr r 0 [r 1 0x0]

Cycle        275 ----------------------------------------------------
pc: 00000258 inst: (00098093) expanded: addi r 1 = r19 0x0

Cycle        276 ----------------------------------------------------
pc: 0000025c inst: (00008067) expanded: jalr r 0 [r 1 0x0]

Cycle        277 ----------------------------------------------------
pc: 0000023c inst: (00090093) expanded: addi r 1 = r18 0x0

Cycle        278 ----------------------------------------------------
pc: 00000240 inst: (00008067) expanded: jalr r 0 [r 1 0x0]

Cycle        279 ----------------------------------------------------
pc: 00000220 inst: (00048093) expanded: addi r 1 = r 9 0x0

Cycle        280 ----------------------------------------------------
pc: 00000224 inst: (00008067) expanded: jalr r 0 [r 1 0x0]

Cycle        281 ----------------------------------------------------
pc: 00000204 inst: (0a0e0463) expanded: beq r28 r 0 0xa8

Cycle        282 ----------------------------------------------------
pc: 000002ac inst: (00000e13) expanded: addi r28 = r 0 0x0

Cycle        283 ----------------------------------------------------
pc: 000002b0 inst: (0040006f) expanded: jal r 0 0x4

Cycle        284 ----------------------------------------------------
pc: 000002b4 inst: (c0002573) expanded: csrrs r10 csr0xc00 r 0

Cycle        285 ----------------------------------------------------
pc: 000002b8 inst: (c02025f3) expanded: csrrs r11 csr0xc02 r 0

Cycle        286 ----------------------------------------------------
pc: 000002bc inst: (01051613) expanded: slli r12 = r10 0x10

Cycle        287 ----------------------------------------------------
pc: 000002c0 inst: (01065613) expanded: srli r12 = r12 0x10

Cycle        288 ----------------------------------------------------
pc: 000002c4 inst: (000206b7) expanded: lui r13 0x20000

Cycle        289 ----------------------------------------------------
pc: 000002c8 inst: (00d666b3) expanded: or r13 = r12 r13

Cycle        290 ----------------------------------------------------
pc: 000002cc inst: (78069073) expanded: csrrw r 0 csr0x780 r13

Cycle        291 ----------------------------------------------------
pc: 000002d0 inst: (01055613) expanded: srli r12 = r10 0x10

Cycle        292 ----------------------------------------------------
pc: 000002d4 inst: (000306b7) expanded: lui r13 0x30000

Cycle        293 ----------------------------------------------------
pc: 000002d8 inst: (00d666b3) expanded: or r13 = r12 r13

Cycle        294 ----------------------------------------------------
pc: 000002dc inst: (78069073) expanded: csrrw r 0 csr0x780 r13

Cycle        295 ----------------------------------------------------
pc: 000002e0 inst: (00010637) expanded: lui r12 0x10000

Cycle        296 ----------------------------------------------------
pc: 000002e4 inst: (00a60613) expanded: addi r12 = r12 0xa

Cycle        297 ----------------------------------------------------
pc: 000002e8 inst: (78061073) expanded: csrrw r 0 csr0x780 r12

Cycle        298 ----------------------------------------------------
pc: 000002ec inst: (01059613) expanded: slli r12 = r11 0x10

Cycle        299 ----------------------------------------------------
pc: 000002f0 inst: (01065613) expanded: srli r12 = r12 0x10

Cycle        300 ----------------------------------------------------
pc: 000002f4 inst: (000201b7) expanded: lui r 3 0x20000

Cycle        301 ----------------------------------------------------
pc: 000002f8 inst: (003661b3) expanded: or r 3 = r12 r 3

Cycle        302 ----------------------------------------------------
pc: 000002fc inst: (78019073) expanded: csrrw r 0 csr0x780 r 3

Cycle        303 ----------------------------------------------------
pc: 00000300 inst: (0105d613) expanded: srli r12 = r11 0x10

Cycle        304 ----------------------------------------------------
pc: 00000304 inst: (000301b7) expanded: lui r 3 0x30000

Cycle        305 ----------------------------------------------------
pc: 00000308 inst: (003661b3) expanded: or r 3 = r12 r 3

Cycle        306 ----------------------------------------------------
pc: 0000030c inst: (78019073) expanded: csrrw r 0 csr0x780 r 3

Cycle        307 ----------------------------------------------------
pc: 00000310 inst: (00010637) expanded: lui r12 0x10000

Cycle        308 ----------------------------------------------------
pc: 00000314 inst: (00a60613) expanded: addi r12 = r12 0xa

Cycle        309 ----------------------------------------------------
pc: 00000318 inst: (78061073) expanded: csrrw r 0 csr0x780 r12

Cycle        310 ----------------------------------------------------
pc: 0000031c inst: (780e1073) expanded: csrrw r 0 csr0x780 r28

Cycle        311 ----------------------------------------------------
pc: 00000320 inst: (0000006f) expanded: jal r 0 0x0

Cycle        312 ----------------------------------------------------
pc: 00000320 inst: (0000006f) expanded: jal r 0 0x0

Cycle        313 ----------------------------------------------------
pc: 00000320 inst: (0000006f) expanded: jal r 0 0x0

Cycle        314 ----------------------------------------------------
pc: 00000320 inst: (0000006f) expanded: jal r 0 0x0

Cycle        315 ----------------------------------------------------
pc: 00000320 inst: (0000006f) expanded: jal r 0 0x0

Cycle        316 ----------------------------------------------------
pc: 00000320 inst: (0000006f) expanded: jal r 0 0x0

Cycle        317 ----------------------------------------------------
pc: 00000320 inst: (0000006f) expanded: jal r 0 0x0

Cycle        318 ----------------------------------------------------
pc: 00000320 inst: (0000006f) expanded: jal r 0 0x0

Cycle        319 ----------------------------------------------------
pc: 00000320 inst: (0000006f) expanded: jal r 0 0x0

Cycle        320 ----------------------------------------------------
pc: 00000320 inst: (0000006f) expanded: jal r 0 0x0

Cycle        321 ----------------------------------------------------
pc: 00000320 inst: (0000006f) expanded: jal r 0 0x0

Cycle        322 ----------------------------------------------------
pc: 00000320 inst: (0000006f) expanded: jal r 0 0x0

Cycle        323 ----------------------------------------------------
pc: 00000320 inst: (0000006f) expanded: jal r 0 0x0

Cycle        324 ----------------------------------------------------
pc: 00000320 inst: (0000006f) expanded: jal r 0 0x0

Cycle        325 ----------------------------------------------------
pc: 00000320 inst: (0000006f) expanded: jal r 0 0x0

Cycle        326 ----------------------------------------------------
pc: 00000320 inst: (0000006f) expanded: jal r 0 0x0

Cycle        327 ----------------------------------------------------
pc: 00000320 inst: (0000006f) expanded: jal r 0 0x0

Cycle        328 ----------------------------------------------------
pc: 00000320 inst: (0000006f) expanded: jal r 0 0x0

Cycle        329 ----------------------------------------------------
pc: 00000320 inst: (0000006f) expanded: jal r 0 0x0

Cycle        330 ----------------------------------------------------
pc: 00000320 inst: (0000006f) expanded: jal r 0 0x0

Cycle        331 ----------------------------------------------------
pc: 00000320 inst: (0000006f) expanded: jal r 0 0x0

Cycle        332 ----------------------------------------------------
pc: 00000320 inst: (0000006f) expanded: jal r 0 0x0

Cycle        333 ----------------------------------------------------
pc: 00000320 inst: (0000006f) expanded: jal r 0 0x0

Cycle        334 ----------------------------------------------------
pc: 00000320 inst: (0000006f) expanded: jal r 0 0x0

Cycle        335 ----------------------------------------------------
pc: 00000320 inst: (0000006f) expanded: jal r 0 0x0

Cycle        336 ----------------------------------------------------
pc: 00000320 inst: (0000006f) expanded: jal r 0 0x0

Cycle        337 ----------------------------------------------------
pc: 00000320 inst: (0000006f) expanded: jal r 0 0x0

Cycle        338 ----------------------------------------------------
pc: 00000320 inst: (0000006f) expanded: jal r 0 0x0

Cycle        339 ----------------------------------------------------
pc: 00000320 inst: (0000006f) expanded: jal r 0 0x0

Cycle        340 ----------------------------------------------------
pc: 00000320 inst: (0000006f) expanded: jal r 0 0x0

Cycle        341 ----------------------------------------------------
pc: 00000320 inst: (0000006f) expanded: jal r 0 0x0

Cycle        342 ----------------------------------------------------
pc: 00000320 inst: (0000006f) expanded: jal r 0 0x0

Cycle        343 ----------------------------------------------------
pc: 00000320 inst: (0000006f) expanded: jal r 0 0x0

Cycle        344 ----------------------------------------------------
pc: 00000320 inst: (0000006f) expanded: jal r 0 0x0

Cycle        345 ----------------------------------------------------
pc: 00000320 inst: (0000006f) expanded: jal r 0 0x0

Cycle        346 ----------------------------------------------------
pc: 00000320 inst: (0000006f) expanded: jal r 0 0x0

Cycle        347 ----------------------------------------------------
pc: 00000320 inst: (0000006f) expanded: jal r 0 0x0

Cycle        348 ----------------------------------------------------
pc: 00000320 inst: (0000006f) expanded: jal r 0 0x0

Cycle        349 ----------------------------------------------------
pc: 00000320 inst: (0000006f) expanded: jal r 0 0x0

Cycle        350 ----------------------------------------------------
pc: 00000320 inst: (0000006f) expanded: jal r 0 0x0

Cycle        351 ----------------------------------------------------
pc: 00000320 inst: (0000006f) expanded: jal r 0 0x0

Cycle        352 ----------------------------------------------------
pc: 00000320 inst: (0000006f) expanded: jal r 0 0x0

Cycle        353 ----------------------------------------------------
pc: 00000320 inst: (0000006f) expanded: jal r 0 0x0

Cycle        354 ----------------------------------------------------
pc: 00000320 inst: (0000006f) expanded: jal r 0 0x0

Cycle        355 ----------------------------------------------------
pc: 00000320 inst: (0000006f) expanded: jal r 0 0x0

Cycle        356 ----------------------------------------------------
pc: 00000320 inst: (0000006f) expanded: jal r 0 0x0

Cycle        357 ----------------------------------------------------
pc: 00000320 inst: (0000006f) expanded: jal r 0 0x0

Cycle        358 ----------------------------------------------------
pc: 00000320 inst: (0000006f) expanded: jal r 0 0x0

Cycle        359 ----------------------------------------------------
pc: 00000320 inst: (0000006f) expanded: jal r 0 0x0

Cycle        360 ----------------------------------------------------
pc: 00000320 inst: (0000006f) expanded: jal r 0 0x0

Cycle        361 ----------------------------------------------------
pc: 00000320 inst: (0000006f) expanded: jal r 0 0x0

Cycle        362 ----------------------------------------------------
pc: 00000320 inst: (0000006f) expanded: jal r 0 0x0

Cycle        363 ----------------------------------------------------
pc: 00000320 inst: (0000006f) expanded: jal r 0 0x0

Cycle        364 ----------------------------------------------------
pc: 00000320 inst: (0000006f) expanded: jal r 0 0x0

Cycle        365 ----------------------------------------------------
pc: 00000320 inst: (0000006f) expanded: jal r 0 0x0

Cycle        366 ----------------------------------------------------
pc: 00000320 inst: (0000006f) expanded: jal r 0 0x0

Cycle        367 ----------------------------------------------------
pc: 00000320 inst: (0000006f) expanded: jal r 0 0x0

Cycle        368 ----------------------------------------------------
pc: 00000320 inst: (0000006f) expanded: jal r 0 0x0

Cycle        369 ----------------------------------------------------
pc: 00000320 inst: (0000006f) expanded: jal r 0 0x0

Cycle        370 ----------------------------------------------------
pc: 00000320 inst: (0000006f) expanded: jal r 0 0x0

Cycle        371 ----------------------------------------------------
pc: 00000320 inst: (0000006f) expanded: jal r 0 0x0

Cycle        372 ----------------------------------------------------
pc: 00000320 inst: (0000006f) expanded: jal r 0 0x0

Cycle        373 ----------------------------------------------------
pc: 00000320 inst: (0000006f) expanded: jal r 0 0x0

Cycle        374 ----------------------------------------------------
pc: 00000320 inst: (0000006f) expanded: jal r 0 0x0

Cycle        375 ----------------------------------------------------
pc: 00000320 inst: (0000006f) expanded: jal r 0 0x0

Cycle        376 ----------------------------------------------------
pc: 00000320 inst: (0000006f) expanded: jal r 0 0x0

Cycle        377 ----------------------------------------------------
pc: 00000320 inst: (0000006f) expanded: jal r 0 0x0

Cycle        378 ----------------------------------------------------
pc: 00000320 inst: (0000006f) expanded: jal r 0 0x0

Cycle        379 ----------------------------------------------------
pc: 00000320 inst: (0000006f) expanded: jal r 0 0x0

Cycle        380 ----------------------------------------------------
pc: 00000320 inst: (0000006f) expanded: jal r 0 0x0

Cycle        381 ----------------------------------------------------
pc: 00000320 inst: (0000006f) expanded: jal r 0 0x0

Cycle        382 ----------------------------------------------------
pc: 00000320 inst: (0000006f) expanded: jal r 0 0x0

Cycle        383 ----------------------------------------------------
pc: 00000320 inst: (0000006f) expanded: jal r 0 0x0

Cycle        384 ----------------------------------------------------
pc: 00000320 inst: (0000006f) expanded: jal r 0 0x0

Cycle        385 ----------------------------------------------------
pc: 00000320 inst: (0000006f) expanded: jal r 0 0x0

Cycle        386 ----------------------------------------------------
pc: 00000320 inst: (0000006f) expanded: jal r 0 0x0

Cycle        387 ----------------------------------------------------
pc: 00000320 inst: (0000006f) expanded: jal r 0 0x0

Cycle        388 ----------------------------------------------------
pc: 00000320 inst: (0000006f) expanded: jal r 0 0x0

Cycle        389 ----------------------------------------------------
pc: 00000320 inst: (0000006f) expanded: jal r 0 0x0

Cycle        390 ----------------------------------------------------
pc: 00000320 inst: (0000006f) expanded: jal r 0 0x0

Cycle        391 ----------------------------------------------------
pc: 00000320 inst: (0000006f) expanded: jal r 0 0x0

Cycle        392 ----------------------------------------------------
pc: 00000320 inst: (0000006f) expanded: jal r 0 0x0

Cycle        393 ----------------------------------------------------
pc: 00000320 inst: (0000006f) expanded: jal r 0 0x0

Cycle        394 ----------------------------------------------------
pc: 00000320 inst: (0000006f) expanded: jal r 0 0x0

Cycle        395 ----------------------------------------------------
pc: 00000320 inst: (0000006f) expanded: jal r 0 0x0

Cycle        396 ----------------------------------------------------
pc: 00000320 inst: (0000006f) expanded: jal r 0 0x0

Cycle        397 ----------------------------------------------------
pc: 00000320 inst: (0000006f) expanded: jal r 0 0x0

Cycle        398 ----------------------------------------------------
pc: 00000320 inst: (0000006f) expanded: jal r 0 0x0

Cycle        399 ----------------------------------------------------
pc: 00000320 inst: (0000006f) expanded: jal r 0 0x0

Cycle        400 ----------------------------------------------------
pc: 00000320 inst: (0000006f) expanded: jal r 0 0x0

Cycle        401 ----------------------------------------------------
pc: 00000320 inst: (0000006f) expanded: jal r 0 0x0

Cycle        402 ----------------------------------------------------
pc: 00000320 inst: (0000006f) expanded: jal r 0 0x0

Cycle        403 ----------------------------------------------------
pc: 00000320 inst: (0000006f) expanded: jal r 0 0x0

Cycle        404 ----------------------------------------------------
pc: 00000320 inst: (0000006f) expanded: jal r 0 0x0

Cycle        405 ----------------------------------------------------
pc: 00000320 inst: (0000006f) expanded: jal r 0 0x0

Cycle        406 ----------------------------------------------------
pc: 00000320 inst: (0000006f) expanded: jal r 0 0x0

Cycle        407 ----------------------------------------------------
pc: 00000320 inst: (0000006f) expanded: jal r 0 0x0

Cycle        408 ----------------------------------------------------
pc: 00000320 inst: (0000006f) expanded: jal r 0 0x0

Cycle        409 ----------------------------------------------------
pc: 00000320 inst: (0000006f) expanded: jal r 0 0x0

Cycle        410 ----------------------------------------------------
pc: 00000320 inst: (0000006f) expanded: jal r 0 0x0

Cycle        411 ----------------------------------------------------
pc: 00000320 inst: (0000006f) expanded: jal r 0 0x0

Cycle        412 ----------------------------------------------------
pc: 00000320 inst: (0000006f) expanded: jal r 0 0x0

Cycle        413 ----------------------------------------------------
pc: 00000320 inst: (0000006f) expanded: jal r 0 0x0

Cycle        414 ----------------------------------------------------
pc: 00000320 inst: (0000006f) expanded: jal r 0 0x0

Cycle        415 ----------------------------------------------------
pc: 00000320 inst: (0000006f) expanded: jal r 0 0x0

Cycle        416 ----------------------------------------------------
pc: 00000320 inst: (0000006f) expanded: jal r 0 0x0

Cycle        417 ----------------------------------------------------
pc: 00000320 inst: (0000006f) expanded: jal r 0 0x0

Cycle        418 ----------------------------------------------------
pc: 00000320 inst: (0000006f) expanded: jal r 0 0x0

Cycle        419 ----------------------------------------------------
pc: 00000320 inst: (0000006f) expanded: jal r 0 0x0

Cycle        420 ----------------------------------------------------
pc: 00000320 inst: (0000006f) expanded: jal r 0 0x0

Cycle        421 ----------------------------------------------------
pc: 00000320 inst: (0000006f) expanded: jal r 0 0x0

Cycle        422 ----------------------------------------------------
simulator calling $finish
