make -C bluesim --no-print-directory run
LD_PRELOAD=libSegFault.so SEGFAULT_USE_ALTSTACK=1 SEGFAULT_OUTPUT_NAME=bin/bsimexe-segv-output.txt  ./bin/ubuntu.exe ; retcode=$?; exit $retcode
Start testbench:
Warning: file 'mem.vmh' for memory 'mem' has a gap at addresses 4512 to 65535.
Warning: file 'mem.vmh' for memory 'mem' has a gap at addresses 4512 to 65535.
[init_xsim:61]
[init_xsim:61]
Processor startedXsimTop starting
Received software req to start pc

Start at pc 200

pc: 00000200 inst: (1ac0006f) expanded: jal r 0 0x1ac

Cycle          0 ----------------------------------------------------
pc: 000003ac inst: (ef010113) expanded: addi r 2 = r 2 0xfffffef0

Cycle          1 ----------------------------------------------------
pc: 000003b0 inst: (00112423) expanded: sw [r 2 0x8] = r 1

Cycle          2 ----------------------------------------------------
pc: 000003b4 inst: (00212823) expanded: sw [r 2 0x10] = r 2

Cycle          3 ----------------------------------------------------
pc: 000003b8 inst: (00312c23) expanded: sw [r 2 0x18] = r 3

Cycle          4 ----------------------------------------------------
pc: 000003bc inst: (02412023) expanded: sw [r 2 0x20] = r 4

Cycle          5 ----------------------------------------------------
pc: 000003c0 inst: (02512423) expanded: sw [r 2 0x28] = r 5

Cycle          6 ----------------------------------------------------
pc: 000003c4 inst: (02612823) expanded: sw [r 2 0x30] = r 6

Cycle          7 ----------------------------------------------------
pc: 000003c8 inst: (02712c23) expanded: sw [r 2 0x38] = r 7

Cycle          8 ----------------------------------------------------
pc: 000003cc inst: (04812023) expanded: sw [r 2 0x40] = r 8

Cycle          9 ----------------------------------------------------
pc: 000003d0 inst: (04912423) expanded: sw [r 2 0x48] = r 9

Cycle         10 ----------------------------------------------------
pc: 000003d4 inst: (04a12823) expanded: sw [r 2 0x50] = r10

Cycle         11 ----------------------------------------------------
pc: 000003d8 inst: (04b12c23) expanded: sw [r 2 0x58] = r11

Cycle         12 ----------------------------------------------------
pc: 000003dc inst: (06c12023) expanded: sw [r 2 0x60] = r12

Cycle         13 ----------------------------------------------------
pc: 000003e0 inst: (06d12423) expanded: sw [r 2 0x68] = r13

Cycle         14 ----------------------------------------------------
pc: 000003e4 inst: (06e12823) expanded: sw [r 2 0x70] = r14

Cycle         15 ----------------------------------------------------
pc: 000003e8 inst: (06f12c23) expanded: sw [r 2 0x78] = r15

Cycle         16 ----------------------------------------------------
pc: 000003ec inst: (09012023) expanded: sw [r 2 0x80] = r16

Cycle         17 ----------------------------------------------------
pc: 000003f0 inst: (09112423) expanded: sw [r 2 0x88] = r17

Cycle         18 ----------------------------------------------------
pc: 000003f4 inst: (09212823) expanded: sw [r 2 0x90] = r18

Cycle         19 ----------------------------------------------------
pc: 000003f8 inst: (09312c23) expanded: sw [r 2 0x98] = r19

Cycle         20 ----------------------------------------------------
pc: 000003fc inst: (0b412023) expanded: sw [r 2 0xa0] = r20

Cycle         21 ----------------------------------------------------
pc: 00000400 inst: (0b512423) expanded: sw [r 2 0xa8] = r21

Cycle         22 ----------------------------------------------------
pc: 00000404 inst: (0b612823) expanded: sw [r 2 0xb0] = r22

Cycle         23 ----------------------------------------------------
pc: 00000408 inst: (0b712c23) expanded: sw [r 2 0xb8] = r23

Cycle         24 ----------------------------------------------------
pc: 0000040c inst: (0d812023) expanded: sw [r 2 0xc0] = r24

Cycle         25 ----------------------------------------------------
pc: 00000410 inst: (0d912423) expanded: sw [r 2 0xc8] = r25

Cycle         26 ----------------------------------------------------
pc: 00000414 inst: (0da12823) expanded: sw [r 2 0xd0] = r26

Cycle         27 ----------------------------------------------------
pc: 00000418 inst: (0db12c23) expanded: sw [r 2 0xd8] = r27

Cycle         28 ----------------------------------------------------
pc: 0000041c inst: (0fc12023) expanded: sw [r 2 0xe0] = r28

Cycle         29 ----------------------------------------------------
pc: 00000420 inst: (0fd12423) expanded: sw [r 2 0xe8] = r29

Cycle         30 ----------------------------------------------------
pc: 00000424 inst: (0fe12823) expanded: sw [r 2 0xf0] = r30

Cycle         31 ----------------------------------------------------
pc: 00000428 inst: (0ff12c23) expanded: sw [r 2 0xf8] = r31

Cycle         32 ----------------------------------------------------
pc: 0000042c inst: (34202573) expanded: csrrs r10 csr0x342 r 0

Cycle         33 ----------------------------------------------------
pc: 00000430 inst: (341025f3) expanded: csrrs r11 csr0x341 r 0

Cycle         34 ----------------------------------------------------
pc: 00000434 inst: (00010613) expanded: addi r12 = r 2 0x0

Cycle         35 ----------------------------------------------------
pc: 00000438 inst: (2c4000ef) expanded: jal r 1 0x2c4

Cycle         36 ----------------------------------------------------
pc: 000006fc inst: (00458513) expanded: addi r10 = r11 0x4

Cycle         37 ----------------------------------------------------
pc: 00000700 inst: (00008067) expanded: jalr r 0 [r 1 0x0]

Cycle         38 ----------------------------------------------------
pc: 0000043c inst: (34151073) expanded: csrrw r 0 csr0x341 r10

Cycle         39 ----------------------------------------------------
pc: 00000440 inst: (00812083) expanded: lw r 1 = [r 2 0x8]

Cycle         40 ----------------------------------------------------
pc: 00000444 inst: (01012103) expanded: lw r 2 = [r 2 0x10]

Cycle         41 ----------------------------------------------------
pc: 00000448 inst: (01812183) expanded: lw r 3 = [r 2 0x18]

Cycle         42 ----------------------------------------------------
pc: 0000044c inst: (02012203) expanded: lw r 4 = [r 2 0x20]

Cycle         43 ----------------------------------------------------
pc: 00000450 inst: (02812283) expanded: lw r 5 = [r 2 0x28]

Cycle         44 ----------------------------------------------------
pc: 00000454 inst: (03012303) expanded: lw r 6 = [r 2 0x30]

Cycle         45 ----------------------------------------------------
pc: 00000458 inst: (03812383) expanded: lw r 7 = [r 2 0x38]

Cycle         46 ----------------------------------------------------
pc: 0000045c inst: (04012403) expanded: lw r 8 = [r 2 0x40]

Cycle         47 ----------------------------------------------------
pc: 00000460 inst: (04812483) expanded: lw r 9 = [r 2 0x48]

Cycle         48 ----------------------------------------------------
pc: 00000464 inst: (05012503) expanded: lw r10 = [r 2 0x50]

Cycle         49 ----------------------------------------------------
pc: 00000468 inst: (05812583) expanded: lw r11 = [r 2 0x58]

Cycle         50 ----------------------------------------------------
pc: 0000046c inst: (06012603) expanded: lw r12 = [r 2 0x60]

Cycle         51 ----------------------------------------------------
pc: 00000470 inst: (06812683) expanded: lw r13 = [r 2 0x68]

Cycle         52 ----------------------------------------------------
pc: 00000474 inst: (07012703) expanded: lw r14 = [r 2 0x70]

Cycle         53 ----------------------------------------------------
pc: 00000478 inst: (07812783) expanded: lw r15 = [r 2 0x78]

Cycle         54 ----------------------------------------------------
pc: 0000047c inst: (08012803) expanded: lw r16 = [r 2 0x80]

Cycle         55 ----------------------------------------------------
pc: 00000480 inst: (08812883) expanded: lw r17 = [r 2 0x88]

Cycle         56 ----------------------------------------------------
pc: 00000484 inst: (09012903) expanded: lw r18 = [r 2 0x90]

Cycle         57 ----------------------------------------------------
pc: 00000488 inst: (09812983) expanded: lw r19 = [r 2 0x98]

Cycle         58 ----------------------------------------------------
pc: 0000048c inst: (0a012a03) expanded: lw r20 = [r 2 0xa0]

Cycle         59 ----------------------------------------------------
pc: 00000490 inst: (0a812a83) expanded: lw r21 = [r 2 0xa8]

Cycle         60 ----------------------------------------------------
pc: 00000494 inst: (0b012b03) expanded: lw r22 = [r 2 0xb0]

Cycle         61 ----------------------------------------------------
pc: 00000498 inst: (0b812b83) expanded: lw r23 = [r 2 0xb8]

Cycle         62 ----------------------------------------------------
pc: 0000049c inst: (0c012c03) expanded: lw r24 = [r 2 0xc0]

Cycle         63 ----------------------------------------------------
pc: 000004a0 inst: (0c812c83) expanded: lw r25 = [r 2 0xc8]

Cycle         64 ----------------------------------------------------
pc: 000004a4 inst: (0d012d03) expanded: lw r26 = [r 2 0xd0]

Cycle         65 ----------------------------------------------------
pc: 000004a8 inst: (0d812d83) expanded: lw r27 = [r 2 0xd8]

Cycle         66 ----------------------------------------------------
pc: 000004ac inst: (0e012e03) expanded: lw r28 = [r 2 0xe0]

Cycle         67 ----------------------------------------------------
pc: 000004b0 inst: (0e812e83) expanded: lw r29 = [r 2 0xe8]

Cycle         68 ----------------------------------------------------
pc: 000004b4 inst: (0f012f03) expanded: lw r30 = [r 2 0xf0]

Cycle         69 ----------------------------------------------------
pc: 000004b8 inst: (0f812f83) expanded: lw r31 = [r 2 0xf8]

Cycle         70 ----------------------------------------------------
pc: 000004bc inst: (11010113) expanded: addi r 2 = r 2 0x110

Cycle         71 ----------------------------------------------------
pc: 000004c0 inst: (30200073) expanded: unsupport System PRIV 0x30200073
