make -C bluesim --no-print-directory run
LD_PRELOAD=libSegFault.so SEGFAULT_USE_ALTSTACK=1 SEGFAULT_OUTPUT_NAME=bin/bsimexe-segv-output.txt  ./bin/ubuntu.exe ; retcode=$?; exit $retcode
Start testbench:
Warning: file 'mem.vmh' for memory 'mem' has a gap at addresses 0 to 127.
Warning: file 'mem.vmh' for memory 'mem' has a gap at addresses 386 to 65535.
Warning: file 'mem.vmh' for memory 'mem' has a gap at addresses 0 to 127.
Warning: file 'mem.vmh' for memory 'mem' has a gap at addresses 386 to 65535.
[init_xsim:61]
[init_xsim:61]
Processor startedXsimTop starting
Received software req to start pc

Start at pc 200

pc: 00000200 inst: (00200e13) expanded: addi r28 = r 0 0x2

Cycle          0 ----------------------------------------------------
pc: 00000204 inst: (00000093) expanded: addi r 1 = r 0 0x0

Cycle          1 ----------------------------------------------------
pc: 00000208 inst: (00000113) expanded: addi r 2 = r 0 0x0

Cycle          2 ----------------------------------------------------
pc: 0000020c inst: (0020f663) expanded: bgeu r 1 r 2 0xc

Cycle          3 ----------------------------------------------------
pc: 00000218 inst: (fe20fee3) expanded: bgeu r 1 r 2 0xfffffffc

Cycle          4 ----------------------------------------------------
pc: 00000214 inst: (01c01663) expanded: bne r 0 r28 0xc

Cycle          5 ----------------------------------------------------
pc: 00000220 inst: (00300e13) expanded: addi r28 = r 0 0x3

Cycle          6 ----------------------------------------------------
pc: 00000224 inst: (00100093) expanded: addi r 1 = r 0 0x1

Cycle          7 ----------------------------------------------------
pc: 00000228 inst: (00100113) expanded: addi r 2 = r 0 0x1

Cycle          8 ----------------------------------------------------
pc: 0000022c inst: (0020f663) expanded: bgeu r 1 r 2 0xc

Cycle          9 ----------------------------------------------------
pc: 00000238 inst: (fe20fee3) expanded: bgeu r 1 r 2 0xfffffffc

Cycle         10 ----------------------------------------------------
pc: 00000234 inst: (01c01663) expanded: bne r 0 r28 0xc

Cycle         11 ----------------------------------------------------
pc: 00000240 inst: (00400e13) expanded: addi r28 = r 0 0x4

Cycle         12 ----------------------------------------------------
pc: 00000244 inst: (fff00093) expanded: addi r 1 = r 0 0xffffffff

Cycle         13 ----------------------------------------------------
pc: 00000248 inst: (fff00113) expanded: addi r 2 = r 0 0xffffffff

Cycle         14 ----------------------------------------------------
pc: 0000024c inst: (0020f663) expanded: bgeu r 1 r 2 0xc

Cycle         15 ----------------------------------------------------
pc: 00000258 inst: (fe20fee3) expanded: bgeu r 1 r 2 0xfffffffc

Cycle         16 ----------------------------------------------------
pc: 00000254 inst: (01c01663) expanded: bne r 0 r28 0xc

Cycle         17 ----------------------------------------------------
pc: 00000260 inst: (00500e13) expanded: addi r28 = r 0 0x5

Cycle         18 ----------------------------------------------------
pc: 00000264 inst: (00100093) expanded: addi r 1 = r 0 0x1

Cycle         19 ----------------------------------------------------
pc: 00000268 inst: (00000113) expanded: addi r 2 = r 0 0x0

Cycle         20 ----------------------------------------------------
pc: 0000026c inst: (0020f663) expanded: bgeu r 1 r 2 0xc

Cycle         21 ----------------------------------------------------
pc: 00000278 inst: (fe20fee3) expanded: bgeu r 1 r 2 0xfffffffc

Cycle         22 ----------------------------------------------------
pc: 00000274 inst: (01c01663) expanded: bne r 0 r28 0xc

Cycle         23 ----------------------------------------------------
pc: 00000280 inst: (00600e13) expanded: addi r28 = r 0 0x6

Cycle         24 ----------------------------------------------------
pc: 00000284 inst: (fff00093) expanded: addi r 1 = r 0 0xffffffff

Cycle         25 ----------------------------------------------------
pc: 00000288 inst: (ffe00113) expanded: addi r 2 = r 0 0xfffffffe

Cycle         26 ----------------------------------------------------
pc: 0000028c inst: (0020f663) expanded: bgeu r 1 r 2 0xc

Cycle         27 ----------------------------------------------------
pc: 00000298 inst: (fe20fee3) expanded: bgeu r 1 r 2 0xfffffffc

Cycle         28 ----------------------------------------------------
pc: 00000294 inst: (01c01663) expanded: bne r 0 r28 0xc

Cycle         29 ----------------------------------------------------
pc: 000002a0 inst: (00700e13) expanded: addi r28 = r 0 0x7

Cycle         30 ----------------------------------------------------
pc: 000002a4 inst: (fff00093) expanded: addi r 1 = r 0 0xffffffff

Cycle         31 ----------------------------------------------------
pc: 000002a8 inst: (00000113) expanded: addi r 2 = r 0 0x0

Cycle         32 ----------------------------------------------------
pc: 000002ac inst: (0020f663) expanded: bgeu r 1 r 2 0xc

Cycle         33 ----------------------------------------------------
pc: 000002b8 inst: (fe20fee3) expanded: bgeu r 1 r 2 0xfffffffc

Cycle         34 ----------------------------------------------------
pc: 000002b4 inst: (01c01663) expanded: bne r 0 r28 0xc

Cycle         35 ----------------------------------------------------
pc: 000002c0 inst: (00800e13) expanded: addi r28 = r 0 0x8

Cycle         36 ----------------------------------------------------
pc: 000002c4 inst: (00000093) expanded: addi r 1 = r 0 0x0

Cycle         37 ----------------------------------------------------
pc: 000002c8 inst: (00100113) expanded: addi r 2 = r 0 0x1

Cycle         38 ----------------------------------------------------
pc: 000002cc inst: (0020f463) expanded: bgeu r 1 r 2 0x8

Cycle         39 ----------------------------------------------------
pc: 000002d0 inst: (01c01463) expanded: bne r 0 r28 0x8

Cycle         40 ----------------------------------------------------
pc: 000002d8 inst: (fe20fee3) expanded: bgeu r 1 r 2 0xfffffffc

Cycle         41 ----------------------------------------------------
pc: 000002dc inst: (00900e13) expanded: addi r28 = r 0 0x9

Cycle         42 ----------------------------------------------------
pc: 000002e0 inst: (ffe00093) expanded: addi r 1 = r 0 0xfffffffe

Cycle         43 ----------------------------------------------------
pc: 000002e4 inst: (fff00113) expanded: addi r 2 = r 0 0xffffffff

Cycle         44 ----------------------------------------------------
pc: 000002e8 inst: (0020f463) expanded: bgeu r 1 r 2 0x8

Cycle         45 ----------------------------------------------------
pc: 000002ec inst: (01c01463) expanded: bne r 0 r28 0x8

Cycle         46 ----------------------------------------------------
pc: 000002f4 inst: (fe20fee3) expanded: bgeu r 1 r 2 0xfffffffc

Cycle         47 ----------------------------------------------------
pc: 000002f8 inst: (00a00e13) expanded: addi r28 = r 0 0xa

Cycle         48 ----------------------------------------------------
pc: 000002fc inst: (00000093) expanded: addi r 1 = r 0 0x0

Cycle         49 ----------------------------------------------------
pc: 00000300 inst: (fff00113) expanded: addi r 2 = r 0 0xffffffff

Cycle         50 ----------------------------------------------------
pc: 00000304 inst: (0020f463) expanded: bgeu r 1 r 2 0x8

Cycle         51 ----------------------------------------------------
pc: 00000308 inst: (01c01463) expanded: bne r 0 r28 0x8

Cycle         52 ----------------------------------------------------
pc: 00000310 inst: (fe20fee3) expanded: bgeu r 1 r 2 0xfffffffc

Cycle         53 ----------------------------------------------------
pc: 00000314 inst: (00b00e13) expanded: addi r28 = r 0 0xb

Cycle         54 ----------------------------------------------------
pc: 00000318 inst: (800000b7) expanded: lui r 1 0x80000000

Cycle         55 ----------------------------------------------------
pc: 0000031c inst: (fff08093) expanded: addi r 1 = r 1 0xffffffff

Cycle         56 ----------------------------------------------------
pc: 00000320 inst: (80000137) expanded: lui r 2 0x80000000

Cycle         57 ----------------------------------------------------
pc: 00000324 inst: (0020f463) expanded: bgeu r 1 r 2 0x8

Cycle         58 ----------------------------------------------------
pc: 00000328 inst: (01c01463) expanded: bne r 0 r28 0x8

Cycle         59 ----------------------------------------------------
pc: 00000330 inst: (fe20fee3) expanded: bgeu r 1 r 2 0xfffffffc

Cycle         60 ----------------------------------------------------
pc: 00000334 inst: (00c00e13) expanded: addi r28 = r 0 0xc

Cycle         61 ----------------------------------------------------
pc: 00000338 inst: (00000213) expanded: addi r 4 = r 0 0x0

Cycle         62 ----------------------------------------------------
pc: 0000033c inst: (f00000b7) expanded: lui r 1 0xf0000000

Cycle         63 ----------------------------------------------------
pc: 00000340 inst: (fff08093) expanded: addi r 1 = r 1 0xffffffff

Cycle         64 ----------------------------------------------------
pc: 00000344 inst: (f0000137) expanded: lui r 2 0xf0000000

Cycle         65 ----------------------------------------------------
pc: 00000348 inst: (2020f863) expanded: bgeu r 1 r 2 0x210

Cycle         66 ----------------------------------------------------
pc: 0000034c inst: (00120213) expanded: addi r 4 = r 4 0x1

Cycle         67 ----------------------------------------------------
pc: 00000350 inst: (00200293) expanded: addi r 5 = r 0 0x2

Cycle         68 ----------------------------------------------------
pc: 00000354 inst: (fe5214e3) expanded: bne r 4 r 5 0xffffffe8

Cycle         69 ----------------------------------------------------
pc: 0000033c inst: (f00000b7) expanded: lui r 1 0xf0000000

Cycle         70 ----------------------------------------------------
pc: 00000340 inst: (fff08093) expanded: addi r 1 = r 1 0xffffffff

Cycle         71 ----------------------------------------------------
pc: 00000344 inst: (f0000137) expanded: lui r 2 0xf0000000

Cycle         72 ----------------------------------------------------
pc: 00000348 inst: (2020f863) expanded: bgeu r 1 r 2 0x210

Cycle         73 ----------------------------------------------------
pc: 0000034c inst: (00120213) expanded: addi r 4 = r 4 0x1

Cycle         74 ----------------------------------------------------
pc: 00000350 inst: (00200293) expanded: addi r 5 = r 0 0x2

Cycle         75 ----------------------------------------------------
pc: 00000354 inst: (fe5214e3) expanded: bne r 4 r 5 0xffffffe8

Cycle         76 ----------------------------------------------------
pc: 00000358 inst: (00d00e13) expanded: addi r28 = r 0 0xd

Cycle         77 ----------------------------------------------------
pc: 0000035c inst: (00000213) expanded: addi r 4 = r 0 0x0

Cycle         78 ----------------------------------------------------
pc: 00000360 inst: (f00000b7) expanded: lui r 1 0xf0000000

Cycle         79 ----------------------------------------------------
pc: 00000364 inst: (fff08093) expanded: addi r 1 = r 1 0xffffffff

Cycle         80 ----------------------------------------------------
pc: 00000368 inst: (f0000137) expanded: lui r 2 0xf0000000

Cycle         81 ----------------------------------------------------
pc: 0000036c inst: (00000013) expanded: addi r 0 = r 0 0x0

Cycle         82 ----------------------------------------------------
pc: 00000370 inst: (1e20f463) expanded: bgeu r 1 r 2 0x1e8

Cycle         83 ----------------------------------------------------
pc: 00000374 inst: (00120213) expanded: addi r 4 = r 4 0x1

Cycle         84 ----------------------------------------------------
pc: 00000378 inst: (00200293) expanded: addi r 5 = r 0 0x2

Cycle         85 ----------------------------------------------------
pc: 0000037c inst: (fe5212e3) expanded: bne r 4 r 5 0xffffffe4

Cycle         86 ----------------------------------------------------
pc: 00000360 inst: (f00000b7) expanded: lui r 1 0xf0000000

Cycle         87 ----------------------------------------------------
pc: 00000364 inst: (fff08093) expanded: addi r 1 = r 1 0xffffffff

Cycle         88 ----------------------------------------------------
pc: 00000368 inst: (f0000137) expanded: lui r 2 0xf0000000

Cycle         89 ----------------------------------------------------
pc: 0000036c inst: (00000013) expanded: addi r 0 = r 0 0x0

Cycle         90 ----------------------------------------------------
pc: 00000370 inst: (1e20f463) expanded: bgeu r 1 r 2 0x1e8

Cycle         91 ----------------------------------------------------
pc: 00000374 inst: (00120213) expanded: addi r 4 = r 4 0x1

Cycle         92 ----------------------------------------------------
pc: 00000378 inst: (00200293) expanded: addi r 5 = r 0 0x2

Cycle         93 ----------------------------------------------------
pc: 0000037c inst: (fe5212e3) expanded: bne r 4 r 5 0xffffffe4

Cycle         94 ----------------------------------------------------
pc: 00000380 inst: (00e00e13) expanded: addi r28 = r 0 0xe

Cycle         95 ----------------------------------------------------
pc: 00000384 inst: (00000213) expanded: addi r 4 = r 0 0x0

Cycle         96 ----------------------------------------------------
pc: 00000388 inst: (f00000b7) expanded: lui r 1 0xf0000000

Cycle         97 ----------------------------------------------------
pc: 0000038c inst: (fff08093) expanded: addi r 1 = r 1 0xffffffff

Cycle         98 ----------------------------------------------------
pc: 00000390 inst: (f0000137) expanded: lui r 2 0xf0000000

Cycle         99 ----------------------------------------------------
pc: 00000394 inst: (00000013) expanded: addi r 0 = r 0 0x0

Cycle        100 ----------------------------------------------------
pc: 00000398 inst: (00000013) expanded: addi r 0 = r 0 0x0

Cycle        101 ----------------------------------------------------
pc: 0000039c inst: (1a20fe63) expanded: bgeu r 1 r 2 0x1bc

Cycle        102 ----------------------------------------------------
pc: 000003a0 inst: (00120213) expanded: addi r 4 = r 4 0x1

Cycle        103 ----------------------------------------------------
pc: 000003a4 inst: (00200293) expanded: addi r 5 = r 0 0x2

Cycle        104 ----------------------------------------------------
pc: 000003a8 inst: (fe5210e3) expanded: bne r 4 r 5 0xffffffe0

Cycle        105 ----------------------------------------------------
pc: 00000388 inst: (f00000b7) expanded: lui r 1 0xf0000000

Cycle        106 ----------------------------------------------------
pc: 0000038c inst: (fff08093) expanded: addi r 1 = r 1 0xffffffff

Cycle        107 ----------------------------------------------------
pc: 00000390 inst: (f0000137) expanded: lui r 2 0xf0000000

Cycle        108 ----------------------------------------------------
pc: 00000394 inst: (00000013) expanded: addi r 0 = r 0 0x0

Cycle        109 ----------------------------------------------------
pc: 00000398 inst: (00000013) expanded: addi r 0 = r 0 0x0

Cycle        110 ----------------------------------------------------
pc: 0000039c inst: (1a20fe63) expanded: bgeu r 1 r 2 0x1bc

Cycle        111 ----------------------------------------------------
pc: 000003a0 inst: (00120213) expanded: addi r 4 = r 4 0x1

Cycle        112 ----------------------------------------------------
pc: 000003a4 inst: (00200293) expanded: addi r 5 = r 0 0x2

Cycle        113 ----------------------------------------------------
pc: 000003a8 inst: (fe5210e3) expanded: bne r 4 r 5 0xffffffe0

Cycle        114 ----------------------------------------------------
pc: 000003ac inst: (00f00e13) expanded: addi r28 = r 0 0xf

Cycle        115 ----------------------------------------------------
pc: 000003b0 inst: (00000213) expanded: addi r 4 = r 0 0x0

Cycle        116 ----------------------------------------------------
pc: 000003b4 inst: (f00000b7) expanded: lui r 1 0xf0000000

Cycle        117 ----------------------------------------------------
pc: 000003b8 inst: (fff08093) expanded: addi r 1 = r 1 0xffffffff

Cycle        118 ----------------------------------------------------
pc: 000003bc inst: (00000013) expanded: addi r 0 = r 0 0x0

Cycle        119 ----------------------------------------------------
pc: 000003c0 inst: (f0000137) expanded: lui r 2 0xf0000000

Cycle        120 ----------------------------------------------------
pc: 000003c4 inst: (1820fa63) expanded: bgeu r 1 r 2 0x194

Cycle        121 ----------------------------------------------------
pc: 000003c8 inst: (00120213) expanded: addi r 4 = r 4 0x1

Cycle        122 ----------------------------------------------------
pc: 000003cc inst: (00200293) expanded: addi r 5 = r 0 0x2

Cycle        123 ----------------------------------------------------
pc: 000003d0 inst: (fe5212e3) expanded: bne r 4 r 5 0xffffffe4

Cycle        124 ----------------------------------------------------
pc: 000003b4 inst: (f00000b7) expanded: lui r 1 0xf0000000

Cycle        125 ----------------------------------------------------
pc: 000003b8 inst: (fff08093) expanded: addi r 1 = r 1 0xffffffff

Cycle        126 ----------------------------------------------------
pc: 000003bc inst: (00000013) expanded: addi r 0 = r 0 0x0

Cycle        127 ----------------------------------------------------
pc: 000003c0 inst: (f0000137) expanded: lui r 2 0xf0000000

Cycle        128 ----------------------------------------------------
pc: 000003c4 inst: (1820fa63) expanded: bgeu r 1 r 2 0x194

Cycle        129 ----------------------------------------------------
pc: 000003c8 inst: (00120213) expanded: addi r 4 = r 4 0x1

Cycle        130 ----------------------------------------------------
pc: 000003cc inst: (00200293) expanded: addi r 5 = r 0 0x2

Cycle        131 ----------------------------------------------------
pc: 000003d0 inst: (fe5212e3) expanded: bne r 4 r 5 0xffffffe4

Cycle        132 ----------------------------------------------------
pc: 000003d4 inst: (01000e13) expanded: addi r28 = r 0 0x10

Cycle        133 ----------------------------------------------------
pc: 000003d8 inst: (00000213) expanded: addi r 4 = r 0 0x0

Cycle        134 ----------------------------------------------------
pc: 000003dc inst: (f00000b7) expanded: lui r 1 0xf0000000

Cycle        135 ----------------------------------------------------
pc: 000003e0 inst: (fff08093) expanded: addi r 1 = r 1 0xffffffff

Cycle        136 ----------------------------------------------------
pc: 000003e4 inst: (00000013) expanded: addi r 0 = r 0 0x0

Cycle        137 ----------------------------------------------------
pc: 000003e8 inst: (f0000137) expanded: lui r 2 0xf0000000

Cycle        138 ----------------------------------------------------
pc: 000003ec inst: (00000013) expanded: addi r 0 = r 0 0x0

Cycle        139 ----------------------------------------------------
pc: 000003f0 inst: (1620f463) expanded: bgeu r 1 r 2 0x168

Cycle        140 ----------------------------------------------------
pc: 000003f4 inst: (00120213) expanded: addi r 4 = r 4 0x1

Cycle        141 ----------------------------------------------------
pc: 000003f8 inst: (00200293) expanded: addi r 5 = r 0 0x2

Cycle        142 ----------------------------------------------------
pc: 000003fc inst: (fe5210e3) expanded: bne r 4 r 5 0xffffffe0

Cycle        143 ----------------------------------------------------
pc: 000003dc inst: (f00000b7) expanded: lui r 1 0xf0000000

Cycle        144 ----------------------------------------------------
pc: 000003e0 inst: (fff08093) expanded: addi r 1 = r 1 0xffffffff

Cycle        145 ----------------------------------------------------
pc: 000003e4 inst: (00000013) expanded: addi r 0 = r 0 0x0

Cycle        146 ----------------------------------------------------
pc: 000003e8 inst: (f0000137) expanded: lui r 2 0xf0000000

Cycle        147 ----------------------------------------------------
pc: 000003ec inst: (00000013) expanded: addi r 0 = r 0 0x0

Cycle        148 ----------------------------------------------------
pc: 000003f0 inst: (1620f463) expanded: bgeu r 1 r 2 0x168

Cycle        149 ----------------------------------------------------
pc: 000003f4 inst: (00120213) expanded: addi r 4 = r 4 0x1

Cycle        150 ----------------------------------------------------
pc: 000003f8 inst: (00200293) expanded: addi r 5 = r 0 0x2

Cycle        151 ----------------------------------------------------
pc: 000003fc inst: (fe5210e3) expanded: bne r 4 r 5 0xffffffe0

Cycle        152 ----------------------------------------------------
pc: 00000400 inst: (01100e13) expanded: addi r28 = r 0 0x11

Cycle        153 ----------------------------------------------------
pc: 00000404 inst: (00000213) expanded: addi r 4 = r 0 0x0

Cycle        154 ----------------------------------------------------
pc: 00000408 inst: (f00000b7) expanded: lui r 1 0xf0000000

Cycle        155 ----------------------------------------------------
pc: 0000040c inst: (fff08093) expanded: addi r 1 = r 1 0xffffffff

Cycle        156 ----------------------------------------------------
pc: 00000410 inst: (00000013) expanded: addi r 0 = r 0 0x0

Cycle        157 ----------------------------------------------------
pc: 00000414 inst: (00000013) expanded: addi r 0 = r 0 0x0

Cycle        158 ----------------------------------------------------
pc: 00000418 inst: (f0000137) expanded: lui r 2 0xf0000000

Cycle        159 ----------------------------------------------------
pc: 0000041c inst: (1220fe63) expanded: bgeu r 1 r 2 0x13c

Cycle        160 ----------------------------------------------------
pc: 00000420 inst: (00120213) expanded: addi r 4 = r 4 0x1

Cycle        161 ----------------------------------------------------
pc: 00000424 inst: (00200293) expanded: addi r 5 = r 0 0x2

Cycle        162 ----------------------------------------------------
pc: 00000428 inst: (fe5210e3) expanded: bne r 4 r 5 0xffffffe0

Cycle        163 ----------------------------------------------------
pc: 00000408 inst: (f00000b7) expanded: lui r 1 0xf0000000

Cycle        164 ----------------------------------------------------
pc: 0000040c inst: (fff08093) expanded: addi r 1 = r 1 0xffffffff

Cycle        165 ----------------------------------------------------
pc: 00000410 inst: (00000013) expanded: addi r 0 = r 0 0x0

Cycle        166 ----------------------------------------------------
pc: 00000414 inst: (00000013) expanded: addi r 0 = r 0 0x0

Cycle        167 ----------------------------------------------------
pc: 00000418 inst: (f0000137) expanded: lui r 2 0xf0000000

Cycle        168 ----------------------------------------------------
pc: 0000041c inst: (1220fe63) expanded: bgeu r 1 r 2 0x13c

Cycle        169 ----------------------------------------------------
pc: 00000420 inst: (00120213) expanded: addi r 4 = r 4 0x1

Cycle        170 ----------------------------------------------------
pc: 00000424 inst: (00200293) expanded: addi r 5 = r 0 0x2

Cycle        171 ----------------------------------------------------
pc: 00000428 inst: (fe5210e3) expanded: bne r 4 r 5 0xffffffe0

Cycle        172 ----------------------------------------------------
pc: 0000042c inst: (01200e13) expanded: addi r28 = r 0 0x12

Cycle        173 ----------------------------------------------------
pc: 00000430 inst: (00000213) expanded: addi r 4 = r 0 0x0

Cycle        174 ----------------------------------------------------
pc: 00000434 inst: (f00000b7) expanded: lui r 1 0xf0000000

Cycle        175 ----------------------------------------------------
pc: 00000438 inst: (fff08093) expanded: addi r 1 = r 1 0xffffffff

Cycle        176 ----------------------------------------------------
pc: 0000043c inst: (f0000137) expanded: lui r 2 0xf0000000

Cycle        177 ----------------------------------------------------
pc: 00000440 inst: (1020fc63) expanded: bgeu r 1 r 2 0x118

Cycle        178 ----------------------------------------------------
pc: 00000444 inst: (00120213) expanded: addi r 4 = r 4 0x1

Cycle        179 ----------------------------------------------------
pc: 00000448 inst: (00200293) expanded: addi r 5 = r 0 0x2

Cycle        180 ----------------------------------------------------
pc: 0000044c inst: (fe5214e3) expanded: bne r 4 r 5 0xffffffe8

Cycle        181 ----------------------------------------------------
pc: 00000434 inst: (f00000b7) expanded: lui r 1 0xf0000000

Cycle        182 ----------------------------------------------------
pc: 00000438 inst: (fff08093) expanded: addi r 1 = r 1 0xffffffff

Cycle        183 ----------------------------------------------------
pc: 0000043c inst: (f0000137) expanded: lui r 2 0xf0000000

Cycle        184 ----------------------------------------------------
pc: 00000440 inst: (1020fc63) expanded: bgeu r 1 r 2 0x118

Cycle        185 ----------------------------------------------------
pc: 00000444 inst: (00120213) expanded: addi r 4 = r 4 0x1

Cycle        186 ----------------------------------------------------
pc: 00000448 inst: (00200293) expanded: addi r 5 = r 0 0x2

Cycle        187 ----------------------------------------------------
pc: 0000044c inst: (fe5214e3) expanded: bne r 4 r 5 0xffffffe8

Cycle        188 ----------------------------------------------------
pc: 00000450 inst: (01300e13) expanded: addi r28 = r 0 0x13

Cycle        189 ----------------------------------------------------
pc: 00000454 inst: (00000213) expanded: addi r 4 = r 0 0x0

Cycle        190 ----------------------------------------------------
pc: 00000458 inst: (f00000b7) expanded: lui r 1 0xf0000000

Cycle        191 ----------------------------------------------------
pc: 0000045c inst: (fff08093) expanded: addi r 1 = r 1 0xffffffff

Cycle        192 ----------------------------------------------------
pc: 00000460 inst: (f0000137) expanded: lui r 2 0xf0000000

Cycle        193 ----------------------------------------------------
pc: 00000464 inst: (00000013) expanded: addi r 0 = r 0 0x0

Cycle        194 ----------------------------------------------------
pc: 00000468 inst: (0e20f863) expanded: bgeu r 1 r 2 0xf0

Cycle        195 ----------------------------------------------------
pc: 0000046c inst: (00120213) expanded: addi r 4 = r 4 0x1

Cycle        196 ----------------------------------------------------
pc: 00000470 inst: (00200293) expanded: addi r 5 = r 0 0x2

Cycle        197 ----------------------------------------------------
pc: 00000474 inst: (fe5212e3) expanded: bne r 4 r 5 0xffffffe4

Cycle        198 ----------------------------------------------------
pc: 00000458 inst: (f00000b7) expanded: lui r 1 0xf0000000

Cycle        199 ----------------------------------------------------
pc: 0000045c inst: (fff08093) expanded: addi r 1 = r 1 0xffffffff

Cycle        200 ----------------------------------------------------
pc: 00000460 inst: (f0000137) expanded: lui r 2 0xf0000000

Cycle        201 ----------------------------------------------------
pc: 00000464 inst: (00000013) expanded: addi r 0 = r 0 0x0

Cycle        202 ----------------------------------------------------
pc: 00000468 inst: (0e20f863) expanded: bgeu r 1 r 2 0xf0

Cycle        203 ----------------------------------------------------
pc: 0000046c inst: (00120213) expanded: addi r 4 = r 4 0x1

Cycle        204 ----------------------------------------------------
pc: 00000470 inst: (00200293) expanded: addi r 5 = r 0 0x2

Cycle        205 ----------------------------------------------------
pc: 00000474 inst: (fe5212e3) expanded: bne r 4 r 5 0xffffffe4

Cycle        206 ----------------------------------------------------
pc: 00000478 inst: (01400e13) expanded: addi r28 = r 0 0x14

Cycle        207 ----------------------------------------------------
pc: 0000047c inst: (00000213) expanded: addi r 4 = r 0 0x0

Cycle        208 ----------------------------------------------------
pc: 00000480 inst: (f00000b7) expanded: lui r 1 0xf0000000

Cycle        209 ----------------------------------------------------
pc: 00000484 inst: (fff08093) expanded: addi r 1 = r 1 0xffffffff

Cycle        210 ----------------------------------------------------
pc: 00000488 inst: (f0000137) expanded: lui r 2 0xf0000000

Cycle        211 ----------------------------------------------------
pc: 0000048c inst: (00000013) expanded: addi r 0 = r 0 0x0

Cycle        212 ----------------------------------------------------
pc: 00000490 inst: (00000013) expanded: addi r 0 = r 0 0x0

Cycle        213 ----------------------------------------------------
pc: 00000494 inst: (0c20f263) expanded: bgeu r 1 r 2 0xc4

Cycle        214 ----------------------------------------------------
pc: 00000498 inst: (00120213) expanded: addi r 4 = r 4 0x1

Cycle        215 ----------------------------------------------------
pc: 0000049c inst: (00200293) expanded: addi r 5 = r 0 0x2

Cycle        216 ----------------------------------------------------
pc: 000004a0 inst: (fe5210e3) expanded: bne r 4 r 5 0xffffffe0

Cycle        217 ----------------------------------------------------
pc: 00000480 inst: (f00000b7) expanded: lui r 1 0xf0000000

Cycle        218 ----------------------------------------------------
pc: 00000484 inst: (fff08093) expanded: addi r 1 = r 1 0xffffffff

Cycle        219 ----------------------------------------------------
pc: 00000488 inst: (f0000137) expanded: lui r 2 0xf0000000

Cycle        220 ----------------------------------------------------
pc: 0000048c inst: (00000013) expanded: addi r 0 = r 0 0x0

Cycle        221 ----------------------------------------------------
pc: 00000490 inst: (00000013) expanded: addi r 0 = r 0 0x0

Cycle        222 ----------------------------------------------------
pc: 00000494 inst: (0c20f263) expanded: bgeu r 1 r 2 0xc4

Cycle        223 ----------------------------------------------------
pc: 00000498 inst: (00120213) expanded: addi r 4 = r 4 0x1

Cycle        224 ----------------------------------------------------
pc: 0000049c inst: (00200293) expanded: addi r 5 = r 0 0x2

Cycle        225 ----------------------------------------------------
pc: 000004a0 inst: (fe5210e3) expanded: bne r 4 r 5 0xffffffe0

Cycle        226 ----------------------------------------------------
pc: 000004a4 inst: (01500e13) expanded: addi r28 = r 0 0x15

Cycle        227 ----------------------------------------------------
pc: 000004a8 inst: (00000213) expanded: addi r 4 = r 0 0x0

Cycle        228 ----------------------------------------------------
pc: 000004ac inst: (f00000b7) expanded: lui r 1 0xf0000000

Cycle        229 ----------------------------------------------------
pc: 000004b0 inst: (fff08093) expanded: addi r 1 = r 1 0xffffffff

Cycle        230 ----------------------------------------------------
pc: 000004b4 inst: (00000013) expanded: addi r 0 = r 0 0x0

Cycle        231 ----------------------------------------------------
pc: 000004b8 inst: (f0000137) expanded: lui r 2 0xf0000000

Cycle        232 ----------------------------------------------------
pc: 000004bc inst: (0820fe63) expanded: bgeu r 1 r 2 0x9c

Cycle        233 ----------------------------------------------------
pc: 000004c0 inst: (00120213) expanded: addi r 4 = r 4 0x1

Cycle        234 ----------------------------------------------------
pc: 000004c4 inst: (00200293) expanded: addi r 5 = r 0 0x2

Cycle        235 ----------------------------------------------------
pc: 000004c8 inst: (fe5212e3) expanded: bne r 4 r 5 0xffffffe4

Cycle        236 ----------------------------------------------------
pc: 000004ac inst: (f00000b7) expanded: lui r 1 0xf0000000

Cycle        237 ----------------------------------------------------
pc: 000004b0 inst: (fff08093) expanded: addi r 1 = r 1 0xffffffff

Cycle        238 ----------------------------------------------------
pc: 000004b4 inst: (00000013) expanded: addi r 0 = r 0 0x0

Cycle        239 ----------------------------------------------------
pc: 000004b8 inst: (f0000137) expanded: lui r 2 0xf0000000

Cycle        240 ----------------------------------------------------
pc: 000004bc inst: (0820fe63) expanded: bgeu r 1 r 2 0x9c

Cycle        241 ----------------------------------------------------
pc: 000004c0 inst: (00120213) expanded: addi r 4 = r 4 0x1

Cycle        242 ----------------------------------------------------
pc: 000004c4 inst: (00200293) expanded: addi r 5 = r 0 0x2

Cycle        243 ----------------------------------------------------
pc: 000004c8 inst: (fe5212e3) expanded: bne r 4 r 5 0xffffffe4

Cycle        244 ----------------------------------------------------
pc: 000004cc inst: (01600e13) expanded: addi r28 = r 0 0x16

Cycle        245 ----------------------------------------------------
pc: 000004d0 inst: (00000213) expanded: addi r 4 = r 0 0x0

Cycle        246 ----------------------------------------------------
pc: 000004d4 inst: (f00000b7) expanded: lui r 1 0xf0000000

Cycle        247 ----------------------------------------------------
pc: 000004d8 inst: (fff08093) expanded: addi r 1 = r 1 0xffffffff

Cycle        248 ----------------------------------------------------
pc: 000004dc inst: (00000013) expanded: addi r 0 = r 0 0x0

Cycle        249 ----------------------------------------------------
pc: 000004e0 inst: (f0000137) expanded: lui r 2 0xf0000000

Cycle        250 ----------------------------------------------------
pc: 000004e4 inst: (00000013) expanded: addi r 0 = r 0 0x0

Cycle        251 ----------------------------------------------------
pc: 000004e8 inst: (0620f863) expanded: bgeu r 1 r 2 0x70

Cycle        252 ----------------------------------------------------
pc: 000004ec inst: (00120213) expanded: addi r 4 = r 4 0x1

Cycle        253 ----------------------------------------------------
pc: 000004f0 inst: (00200293) expanded: addi r 5 = r 0 0x2

Cycle        254 ----------------------------------------------------
pc: 000004f4 inst: (fe5210e3) expanded: bne r 4 r 5 0xffffffe0

Cycle        255 ----------------------------------------------------
pc: 000004d4 inst: (f00000b7) expanded: lui r 1 0xf0000000

Cycle        256 ----------------------------------------------------
pc: 000004d8 inst: (fff08093) expanded: addi r 1 = r 1 0xffffffff

Cycle        257 ----------------------------------------------------
pc: 000004dc inst: (00000013) expanded: addi r 0 = r 0 0x0

Cycle        258 ----------------------------------------------------
pc: 000004e0 inst: (f0000137) expanded: lui r 2 0xf0000000

Cycle        259 ----------------------------------------------------
pc: 000004e4 inst: (00000013) expanded: addi r 0 = r 0 0x0

Cycle        260 ----------------------------------------------------
pc: 000004e8 inst: (0620f863) expanded: bgeu r 1 r 2 0x70

Cycle        261 ----------------------------------------------------
pc: 000004ec inst: (00120213) expanded: addi r 4 = r 4 0x1

Cycle        262 ----------------------------------------------------
pc: 000004f0 inst: (00200293) expanded: addi r 5 = r 0 0x2

Cycle        263 ----------------------------------------------------
pc: 000004f4 inst: (fe5210e3) expanded: bne r 4 r 5 0xffffffe0

Cycle        264 ----------------------------------------------------
pc: 000004f8 inst: (01700e13) expanded: addi r28 = r 0 0x17

Cycle        265 ----------------------------------------------------
pc: 000004fc inst: (00000213) expanded: addi r 4 = r 0 0x0

Cycle        266 ----------------------------------------------------
pc: 00000500 inst: (f00000b7) expanded: lui r 1 0xf0000000

Cycle        267 ----------------------------------------------------
pc: 00000504 inst: (fff08093) expanded: addi r 1 = r 1 0xffffffff

Cycle        268 ----------------------------------------------------
pc: 00000508 inst: (00000013) expanded: addi r 0 = r 0 0x0

Cycle        269 ----------------------------------------------------
pc: 0000050c inst: (00000013) expanded: addi r 0 = r 0 0x0

Cycle        270 ----------------------------------------------------
pc: 00000510 inst: (f0000137) expanded: lui r 2 0xf0000000

Cycle        271 ----------------------------------------------------
pc: 00000514 inst: (0420f263) expanded: bgeu r 1 r 2 0x44

Cycle        272 ----------------------------------------------------
pc: 00000518 inst: (00120213) expanded: addi r 4 = r 4 0x1

Cycle        273 ----------------------------------------------------
pc: 0000051c inst: (00200293) expanded: addi r 5 = r 0 0x2

Cycle        274 ----------------------------------------------------
pc: 00000520 inst: (fe5210e3) expanded: bne r 4 r 5 0xffffffe0

Cycle        275 ----------------------------------------------------
pc: 00000500 inst: (f00000b7) expanded: lui r 1 0xf0000000

Cycle        276 ----------------------------------------------------
pc: 00000504 inst: (fff08093) expanded: addi r 1 = r 1 0xffffffff

Cycle        277 ----------------------------------------------------
pc: 00000508 inst: (00000013) expanded: addi r 0 = r 0 0x0

Cycle        278 ----------------------------------------------------
pc: 0000050c inst: (00000013) expanded: addi r 0 = r 0 0x0

Cycle        279 ----------------------------------------------------
pc: 00000510 inst: (f0000137) expanded: lui r 2 0xf0000000

Cycle        280 ----------------------------------------------------
pc: 00000514 inst: (0420f263) expanded: bgeu r 1 r 2 0x44

Cycle        281 ----------------------------------------------------
pc: 00000518 inst: (00120213) expanded: addi r 4 = r 4 0x1

Cycle        282 ----------------------------------------------------
pc: 0000051c inst: (00200293) expanded: addi r 5 = r 0 0x2

Cycle        283 ----------------------------------------------------
pc: 00000520 inst: (fe5210e3) expanded: bne r 4 r 5 0xffffffe0

Cycle        284 ----------------------------------------------------
pc: 00000524 inst: (00100093) expanded: addi r 1 = r 0 0x1

Cycle        285 ----------------------------------------------------
pc: 00000528 inst: (0000fa63) expanded: bgeu r 1 r 0 0x14

Cycle        286 ----------------------------------------------------
pc: 0000053c inst: (00108093) expanded: addi r 1 = r 1 0x1

Cycle        287 ----------------------------------------------------
pc: 00000540 inst: (00108093) expanded: addi r 1 = r 1 0x1

Cycle        288 ----------------------------------------------------
pc: 00000544 inst: (00300e93) expanded: addi r29 = r 0 0x3

Cycle        289 ----------------------------------------------------
pc: 00000548 inst: (01800e13) expanded: addi r28 = r 0 0x18

Cycle        290 ----------------------------------------------------
pc: 0000054c inst: (01d09663) expanded: bne r 1 r29 0xc

Cycle        291 ----------------------------------------------------
pc: 00000550 inst: (01c01663) expanded: bne r 0 r28 0xc

Cycle        292 ----------------------------------------------------
pc: 0000055c inst: (00000e13) expanded: addi r28 = r 0 0x0

Cycle        293 ----------------------------------------------------
pc: 00000560 inst: (0040006f) expanded: jal r 0 0x4

Cycle        294 ----------------------------------------------------
pc: 00000564 inst: (c0002573) expanded: csrrs r10 csr0xc00 r 0

Cycle        295 ----------------------------------------------------
pc: 00000568 inst: (c02025f3) expanded: csrrs r11 csr0xc02 r 0

Cycle        296 ----------------------------------------------------
pc: 0000056c inst: (01051613) expanded: slli r12 = r10 0x10

Cycle        297 ----------------------------------------------------
pc: 00000570 inst: (01065613) expanded: srli r12 = r12 0x10

Cycle        298 ----------------------------------------------------
pc: 00000574 inst: (000206b7) expanded: lui r13 0x20000

Cycle        299 ----------------------------------------------------
pc: 00000578 inst: (00d666b3) expanded: or r13 = r12 r13

Cycle        300 ----------------------------------------------------
pc: 0000057c inst: (78069073) expanded: csrrw r 0 csr0x780 r13

Cycle        301 ----------------------------------------------------
pc: 00000580 inst: (01055613) expanded: srli r12 = r10 0x10

Cycle        302 ----------------------------------------------------
pc: 00000584 inst: (000306b7) expanded: lui r13 0x30000

Cycle        303 ----------------------------------------------------
pc: 00000588 inst: (00d666b3) expanded: or r13 = r12 r13

Cycle        304 ----------------------------------------------------
pc: 0000058c inst: (78069073) expanded: csrrw r 0 csr0x780 r13

Cycle        305 ----------------------------------------------------
pc: 00000590 inst: (00010637) expanded: lui r12 0x10000

Cycle        306 ----------------------------------------------------
pc: 00000594 inst: (00a60613) expanded: addi r12 = r12 0xa

Cycle        307 ----------------------------------------------------
pc: 00000598 inst: (78061073) expanded: csrrw r 0 csr0x780 r12

Cycle        308 ----------------------------------------------------
pc: 0000059c inst: (01059613) expanded: slli r12 = r11 0x10

Cycle        309 ----------------------------------------------------
pc: 000005a0 inst: (01065613) expanded: srli r12 = r12 0x10

Cycle        310 ----------------------------------------------------
pc: 000005a4 inst: (000201b7) expanded: lui r 3 0x20000

Cycle        311 ----------------------------------------------------
pc: 000005a8 inst: (003661b3) expanded: or r 3 = r12 r 3

Cycle        312 ----------------------------------------------------
pc: 000005ac inst: (78019073) expanded: csrrw r 0 csr0x780 r 3

Cycle        313 ----------------------------------------------------
pc: 000005b0 inst: (0105d613) expanded: srli r12 = r11 0x10

Cycle        314 ----------------------------------------------------
pc: 000005b4 inst: (000301b7) expanded: lui r 3 0x30000

Cycle        315 ----------------------------------------------------
pc: 000005b8 inst: (003661b3) expanded: or r 3 = r12 r 3

Cycle        316 ----------------------------------------------------
pc: 000005bc inst: (78019073) expanded: csrrw r 0 csr0x780 r 3

Cycle        317 ----------------------------------------------------
pc: 000005c0 inst: (00010637) expanded: lui r12 0x10000

Cycle        318 ----------------------------------------------------
pc: 000005c4 inst: (00a60613) expanded: addi r12 = r12 0xa

Cycle        319 ----------------------------------------------------
pc: 000005c8 inst: (78061073) expanded: csrrw r 0 csr0x780 r12

Cycle        320 ----------------------------------------------------
pc: 000005cc inst: (780e1073) expanded: csrrw r 0 csr0x780 r28

Cycle        321 ----------------------------------------------------
pc: 000005d0 inst: (0000006f) expanded: jal r 0 0x0

Cycle        322 ----------------------------------------------------
pc: 000005d0 inst: (0000006f) expanded: jal r 0 0x0

Cycle        323 ----------------------------------------------------
pc: 000005d0 inst: (0000006f) expanded: jal r 0 0x0

Cycle        324 ----------------------------------------------------
pc: 000005d0 inst: (0000006f) expanded: jal r 0 0x0

Cycle        325 ----------------------------------------------------
pc: 000005d0 inst: (0000006f) expanded: jal r 0 0x0

Cycle        326 ----------------------------------------------------
pc: 000005d0 inst: (0000006f) expanded: jal r 0 0x0

Cycle        327 ----------------------------------------------------
pc: 000005d0 inst: (0000006f) expanded: jal r 0 0x0

Cycle        328 ----------------------------------------------------
pc: 000005d0 inst: (0000006f) expanded: jal r 0 0x0

Cycle        329 ----------------------------------------------------
pc: 000005d0 inst: (0000006f) expanded: jal r 0 0x0

Cycle        330 ----------------------------------------------------
pc: 000005d0 inst: (0000006f) expanded: jal r 0 0x0

Cycle        331 ----------------------------------------------------
pc: 000005d0 inst: (0000006f) expanded: jal r 0 0x0

Cycle        332 ----------------------------------------------------
pc: 000005d0 inst: (0000006f) expanded: jal r 0 0x0

Cycle        333 ----------------------------------------------------
pc: 000005d0 inst: (0000006f) expanded: jal r 0 0x0

Cycle        334 ----------------------------------------------------
pc: 000005d0 inst: (0000006f) expanded: jal r 0 0x0

Cycle        335 ----------------------------------------------------
pc: 000005d0 inst: (0000006f) expanded: jal r 0 0x0

Cycle        336 ----------------------------------------------------
pc: 000005d0 inst: (0000006f) expanded: jal r 0 0x0

Cycle        337 ----------------------------------------------------
pc: 000005d0 inst: (0000006f) expanded: jal r 0 0x0

Cycle        338 ----------------------------------------------------
pc: 000005d0 inst: (0000006f) expanded: jal r 0 0x0

Cycle        339 ----------------------------------------------------
pc: 000005d0 inst: (0000006f) expanded: jal r 0 0x0

Cycle        340 ----------------------------------------------------
pc: 000005d0 inst: (0000006f) expanded: jal r 0 0x0

Cycle        341 ----------------------------------------------------
pc: 000005d0 inst: (0000006f) expanded: jal r 0 0x0

Cycle        342 ----------------------------------------------------
pc: 000005d0 inst: (0000006f) expanded: jal r 0 0x0

Cycle        343 ----------------------------------------------------
pc: 000005d0 inst: (0000006f) expanded: jal r 0 0x0

Cycle        344 ----------------------------------------------------
pc: 000005d0 inst: (0000006f) expanded: jal r 0 0x0

Cycle        345 ----------------------------------------------------
pc: 000005d0 inst: (0000006f) expanded: jal r 0 0x0

Cycle        346 ----------------------------------------------------
pc: 000005d0 inst: (0000006f) expanded: jal r 0 0x0

Cycle        347 ----------------------------------------------------
pc: 000005d0 inst: (0000006f) expanded: jal r 0 0x0

Cycle        348 ----------------------------------------------------
pc: 000005d0 inst: (0000006f) expanded: jal r 0 0x0

Cycle        349 ----------------------------------------------------
pc: 000005d0 inst: (0000006f) expanded: jal r 0 0x0

Cycle        350 ----------------------------------------------------
pc: 000005d0 inst: (0000006f) expanded: jal r 0 0x0

Cycle        351 ----------------------------------------------------
pc: 000005d0 inst: (0000006f) expanded: jal r 0 0x0

Cycle        352 ----------------------------------------------------
pc: 000005d0 inst: (0000006f) expanded: jal r 0 0x0

Cycle        353 ----------------------------------------------------
pc: 000005d0 inst: (0000006f) expanded: jal r 0 0x0

Cycle        354 ----------------------------------------------------
pc: 000005d0 inst: (0000006f) expanded: jal r 0 0x0

Cycle        355 ----------------------------------------------------
pc: 000005d0 inst: (0000006f) expanded: jal r 0 0x0

Cycle        356 ----------------------------------------------------
pc: 000005d0 inst: (0000006f) expanded: jal r 0 0x0

Cycle        357 ----------------------------------------------------
pc: 000005d0 inst: (0000006f) expanded: jal r 0 0x0

Cycle        358 ----------------------------------------------------
pc: 000005d0 inst: (0000006f) expanded: jal r 0 0x0

Cycle        359 ----------------------------------------------------
pc: 000005d0 inst: (0000006f) expanded: jal r 0 0x0

Cycle        360 ----------------------------------------------------
pc: 000005d0 inst: (0000006f) expanded: jal r 0 0x0

Cycle        361 ----------------------------------------------------
pc: 000005d0 inst: (0000006f) expanded: jal r 0 0x0

Cycle        362 ----------------------------------------------------
pc: 000005d0 inst: (0000006f) expanded: jal r 0 0x0

Cycle        363 ----------------------------------------------------
pc: 000005d0 inst: (0000006f) expanded: jal r 0 0x0

Cycle        364 ----------------------------------------------------
pc: 000005d0 inst: (0000006f) expanded: jal r 0 0x0

Cycle        365 ----------------------------------------------------
pc: 000005d0 inst: (0000006f) expanded: jal r 0 0x0

Cycle        366 ----------------------------------------------------
pc: 000005d0 inst: (0000006f) expanded: jal r 0 0x0

Cycle        367 ----------------------------------------------------
pc: 000005d0 inst: (0000006f) expanded: jal r 0 0x0

Cycle        368 ----------------------------------------------------
pc: 000005d0 inst: (0000006f) expanded: jal r 0 0x0

Cycle        369 ----------------------------------------------------
pc: 000005d0 inst: (0000006f) expanded: jal r 0 0x0

Cycle        370 ----------------------------------------------------
pc: 000005d0 inst: (0000006f) expanded: jal r 0 0x0

Cycle        371 ----------------------------------------------------
pc: 000005d0 inst: (0000006f) expanded: jal r 0 0x0

Cycle        372 ----------------------------------------------------
pc: 000005d0 inst: (0000006f) expanded: jal r 0 0x0

Cycle        373 ----------------------------------------------------
pc: 000005d0 inst: (0000006f) expanded: jal r 0 0x0

Cycle        374 ----------------------------------------------------
pc: 000005d0 inst: (0000006f) expanded: jal r 0 0x0

Cycle        375 ----------------------------------------------------
pc: 000005d0 inst: (0000006f) expanded: jal r 0 0x0

Cycle        376 ----------------------------------------------------
pc: 000005d0 inst: (0000006f) expanded: jal r 0 0x0

Cycle        377 ----------------------------------------------------
pc: 000005d0 inst: (0000006f) expanded: jal r 0 0x0

Cycle        378 ----------------------------------------------------
pc: 000005d0 inst: (0000006f) expanded: jal r 0 0x0

Cycle        379 ----------------------------------------------------
pc: 000005d0 inst: (0000006f) expanded: jal r 0 0x0

Cycle        380 ----------------------------------------------------
pc: 000005d0 inst: (0000006f) expanded: jal r 0 0x0

Cycle        381 ----------------------------------------------------
pc: 000005d0 inst: (0000006f) expanded: jal r 0 0x0

Cycle        382 ----------------------------------------------------
pc: 000005d0 inst: (0000006f) expanded: jal r 0 0x0

Cycle        383 ----------------------------------------------------
pc: 000005d0 inst: (0000006f) expanded: jal r 0 0x0

Cycle        384 ----------------------------------------------------
pc: 000005d0 inst: (0000006f) expanded: jal r 0 0x0

Cycle        385 ----------------------------------------------------
pc: 000005d0 inst: (0000006f) expanded: jal r 0 0x0

Cycle        386 ----------------------------------------------------
pc: 000005d0 inst: (0000006f) expanded: jal r 0 0x0

Cycle        387 ----------------------------------------------------
pc: 000005d0 inst: (0000006f) expanded: jal r 0 0x0

Cycle        388 ----------------------------------------------------
pc: 000005d0 inst: (0000006f) expanded: jal r 0 0x0

Cycle        389 ----------------------------------------------------
pc: 000005d0 inst: (0000006f) expanded: jal r 0 0x0

Cycle        390 ----------------------------------------------------
pc: 000005d0 inst: (0000006f) expanded: jal r 0 0x0

Cycle        391 ----------------------------------------------------
pc: 000005d0 inst: (0000006f) expanded: jal r 0 0x0

Cycle        392 ----------------------------------------------------
pc: 000005d0 inst: (0000006f) expanded: jal r 0 0x0

Cycle        393 ----------------------------------------------------
pc: 000005d0 inst: (0000006f) expanded: jal r 0 0x0

Cycle        394 ----------------------------------------------------
pc: 000005d0 inst: (0000006f) expanded: jal r 0 0x0

Cycle        395 ----------------------------------------------------
pc: 000005d0 inst: (0000006f) expanded: jal r 0 0x0

Cycle        396 ----------------------------------------------------
pc: 000005d0 inst: (0000006f) expanded: jal r 0 0x0

Cycle        397 ----------------------------------------------------
pc: 000005d0 inst: (0000006f) expanded: jal r 0 0x0

Cycle        398 ----------------------------------------------------
pc: 000005d0 inst: (0000006f) expanded: jal r 0 0x0

Cycle        399 ----------------------------------------------------
pc: 000005d0 inst: (0000006f) expanded: jal r 0 0x0

Cycle        400 ----------------------------------------------------
pc: 000005d0 inst: (0000006f) expanded: jal r 0 0x0

Cycle        401 ----------------------------------------------------
pc: 000005d0 inst: (0000006f) expanded: jal r 0 0x0

Cycle        402 ----------------------------------------------------
pc: 000005d0 inst: (0000006f) expanded: jal r 0 0x0

Cycle        403 ----------------------------------------------------
pc: 000005d0 inst: (0000006f) expanded: jal r 0 0x0

Cycle        404 ----------------------------------------------------
pc: 000005d0 inst: (0000006f) expanded: jal r 0 0x0

Cycle        405 ----------------------------------------------------
pc: 000005d0 inst: (0000006f) expanded: jal r 0 0x0

Cycle        406 ----------------------------------------------------
pc: 000005d0 inst: (0000006f) expanded: jal r 0 0x0

Cycle        407 ----------------------------------------------------
pc: 000005d0 inst: (0000006f) expanded: jal r 0 0x0

Cycle        408 ----------------------------------------------------
pc: 000005d0 inst: (0000006f) expanded: jal r 0 0x0

Cycle        409 ----------------------------------------------------
pc: 000005d0 inst: (0000006f) expanded: jal r 0 0x0

Cycle        410 ----------------------------------------------------
pc: 000005d0 inst: (0000006f) expanded: jal r 0 0x0

Cycle        411 ----------------------------------------------------
pc: 000005d0 inst: (0000006f) expanded: jal r 0 0x0

Cycle        412 ----------------------------------------------------
pc: 000005d0 inst: (0000006f) expanded: jal r 0 0x0

Cycle        413 ----------------------------------------------------
pc: 000005d0 inst: (0000006f) expanded: jal r 0 0x0

Cycle        414 ----------------------------------------------------
pc: 000005d0 inst: (0000006f) expanded: jal r 0 0x0

Cycle        415 ----------------------------------------------------
pc: 000005d0 inst: (0000006f) expanded: jal r 0 0x0

Cycle        416 ----------------------------------------------------
pc: 000005d0 inst: (0000006f) expanded: jal r 0 0x0

Cycle        417 ----------------------------------------------------
pc: 000005d0 inst: (0000006f) expanded: jal r 0 0x0

Cycle        418 ----------------------------------------------------
pc: 000005d0 inst: (0000006f) expanded: jal r 0 0x0

Cycle        419 ----------------------------------------------------
pc: 000005d0 inst: (0000006f) expanded: jal r 0 0x0

Cycle        420 ----------------------------------------------------
pc: 000005d0 inst: (0000006f) expanded: jal r 0 0x0

Cycle        421 ----------------------------------------------------
pc: 000005d0 inst: (0000006f) expanded: jal r 0 0x0

Cycle        422 ----------------------------------------------------
pc: 000005d0 inst: (0000006f) expanded: jal r 0 0x0

Cycle        423 ----------------------------------------------------
pc: 000005d0 inst: (0000006f) expanded: jal r 0 0x0

Cycle        424 ----------------------------------------------------
pc: 000005d0 inst: (0000006f) expanded: jal r 0 0x0

Cycle        425 ----------------------------------------------------
pc: 000005d0 inst: (0000006f) expanded: jal r 0 0x0

Cycle        426 ----------------------------------------------------
pc: 000005d0 inst: (0000006f) expanded: jal r 0 0x0

Cycle        427 ----------------------------------------------------
pc: 000005d0 inst: (0000006f) expanded: jal r 0 0x0

Cycle        428 ----------------------------------------------------
pc: 000005d0 inst: (0000006f) expanded: jal r 0 0x0

Cycle        429 ----------------------------------------------------
pc: 000005d0 inst: (0000006f) expanded: jal r 0 0x0

Cycle        430 ----------------------------------------------------
pc: 000005d0 inst: (0000006f) expanded: jal r 0 0x0

Cycle        431 ----------------------------------------------------
pc: 000005d0 inst: (0000006f) expanded: jal r 0 0x0

Cycle        432 ----------------------------------------------------
pc: 000005d0 inst: (0000006f) expanded: jal r 0 0x0

Cycle        433 ----------------------------------------------------
pc: 000005d0 inst: (0000006f) expanded: jal r 0 0x0

Cycle        434 ----------------------------------------------------
pc: 000005d0 inst: (0000006f) expanded: jal r 0 0x0

Cycle        435 ----------------------------------------------------
pc: 000005d0 inst: (0000006f) expanded: jal r 0 0x0

Cycle        436 ----------------------------------------------------
simulator calling $finish
