make -C bluesim --no-print-directory run
LD_PRELOAD=libSegFault.so SEGFAULT_USE_ALTSTACK=1 SEGFAULT_OUTPUT_NAME=bin/bsimexe-segv-output.txt  ./bin/ubuntu.exe ; retcode=$?; exit $retcode
Start testbench:
Warning: file 'mem.vmh' for memory 'mem' has a gap at addresses 0 to 127.
Warning: file 'mem.vmh' for memory 'mem' has a gap at addresses 338 to 65535.
Warning: file 'mem.vmh' for memory 'mem' has a gap at addresses 0 to 127.
Warning: file 'mem.vmh' for memory 'mem' has a gap at addresses 338 to 65535.
[init_xsim:61]
[init_xsim:61]
Processor startedXsimTop starting
Received software req to start pc

Start at pc 200

pc: 00000200 inst: (00200e13) expanded: addi r28 = r 0 0x2

Cycle          0 ----------------------------------------------------
pc: 00000204 inst: (00000093) expanded: addi r 1 = r 0 0x0

Cycle          1 ----------------------------------------------------
pc: 00000208 inst: (00100113) expanded: addi r 2 = r 0 0x1

Cycle          2 ----------------------------------------------------
pc: 0000020c inst: (0020c663) expanded: blt r 1 r 2 0xc

Cycle          3 ----------------------------------------------------
pc: 00000218 inst: (fe20cee3) expanded: blt r 1 r 2 0xfffffffc

Cycle          4 ----------------------------------------------------
pc: 00000214 inst: (01c01663) expanded: bne r 0 r28 0xc

Cycle          5 ----------------------------------------------------
pc: 00000220 inst: (00300e13) expanded: addi r28 = r 0 0x3

Cycle          6 ----------------------------------------------------
pc: 00000224 inst: (fff00093) expanded: addi r 1 = r 0 0xffffffff

Cycle          7 ----------------------------------------------------
pc: 00000228 inst: (00100113) expanded: addi r 2 = r 0 0x1

Cycle          8 ----------------------------------------------------
pc: 0000022c inst: (0020c663) expanded: blt r 1 r 2 0xc

Cycle          9 ----------------------------------------------------
pc: 00000238 inst: (fe20cee3) expanded: blt r 1 r 2 0xfffffffc

Cycle         10 ----------------------------------------------------
pc: 00000234 inst: (01c01663) expanded: bne r 0 r28 0xc

Cycle         11 ----------------------------------------------------
pc: 00000240 inst: (00400e13) expanded: addi r28 = r 0 0x4

Cycle         12 ----------------------------------------------------
pc: 00000244 inst: (ffe00093) expanded: addi r 1 = r 0 0xfffffffe

Cycle         13 ----------------------------------------------------
pc: 00000248 inst: (fff00113) expanded: addi r 2 = r 0 0xffffffff

Cycle         14 ----------------------------------------------------
pc: 0000024c inst: (0020c663) expanded: blt r 1 r 2 0xc

Cycle         15 ----------------------------------------------------
pc: 00000258 inst: (fe20cee3) expanded: blt r 1 r 2 0xfffffffc

Cycle         16 ----------------------------------------------------
pc: 00000254 inst: (01c01663) expanded: bne r 0 r28 0xc

Cycle         17 ----------------------------------------------------
pc: 00000260 inst: (00500e13) expanded: addi r28 = r 0 0x5

Cycle         18 ----------------------------------------------------
pc: 00000264 inst: (00100093) expanded: addi r 1 = r 0 0x1

Cycle         19 ----------------------------------------------------
pc: 00000268 inst: (00000113) expanded: addi r 2 = r 0 0x0

Cycle         20 ----------------------------------------------------
pc: 0000026c inst: (0020c463) expanded: blt r 1 r 2 0x8

Cycle         21 ----------------------------------------------------
pc: 00000270 inst: (01c01463) expanded: bne r 0 r28 0x8

Cycle         22 ----------------------------------------------------
pc: 00000278 inst: (fe20cee3) expanded: blt r 1 r 2 0xfffffffc

Cycle         23 ----------------------------------------------------
pc: 0000027c inst: (00600e13) expanded: addi r28 = r 0 0x6

Cycle         24 ----------------------------------------------------
pc: 00000280 inst: (00100093) expanded: addi r 1 = r 0 0x1

Cycle         25 ----------------------------------------------------
pc: 00000284 inst: (fff00113) expanded: addi r 2 = r 0 0xffffffff

Cycle         26 ----------------------------------------------------
pc: 00000288 inst: (0020c463) expanded: blt r 1 r 2 0x8

Cycle         27 ----------------------------------------------------
pc: 0000028c inst: (01c01463) expanded: bne r 0 r28 0x8

Cycle         28 ----------------------------------------------------
pc: 00000294 inst: (fe20cee3) expanded: blt r 1 r 2 0xfffffffc

Cycle         29 ----------------------------------------------------
pc: 00000298 inst: (00700e13) expanded: addi r28 = r 0 0x7

Cycle         30 ----------------------------------------------------
pc: 0000029c inst: (fff00093) expanded: addi r 1 = r 0 0xffffffff

Cycle         31 ----------------------------------------------------
pc: 000002a0 inst: (ffe00113) expanded: addi r 2 = r 0 0xfffffffe

Cycle         32 ----------------------------------------------------
pc: 000002a4 inst: (0020c463) expanded: blt r 1 r 2 0x8

Cycle         33 ----------------------------------------------------
pc: 000002a8 inst: (01c01463) expanded: bne r 0 r28 0x8

Cycle         34 ----------------------------------------------------
pc: 000002b0 inst: (fe20cee3) expanded: blt r 1 r 2 0xfffffffc

Cycle         35 ----------------------------------------------------
pc: 000002b4 inst: (00800e13) expanded: addi r28 = r 0 0x8

Cycle         36 ----------------------------------------------------
pc: 000002b8 inst: (00100093) expanded: addi r 1 = r 0 0x1

Cycle         37 ----------------------------------------------------
pc: 000002bc inst: (ffe00113) expanded: addi r 2 = r 0 0xfffffffe

Cycle         38 ----------------------------------------------------
pc: 000002c0 inst: (0020c463) expanded: blt r 1 r 2 0x8

Cycle         39 ----------------------------------------------------
pc: 000002c4 inst: (01c01463) expanded: bne r 0 r28 0x8

Cycle         40 ----------------------------------------------------
pc: 000002cc inst: (fe20cee3) expanded: blt r 1 r 2 0xfffffffc

Cycle         41 ----------------------------------------------------
pc: 000002d0 inst: (00900e13) expanded: addi r28 = r 0 0x9

Cycle         42 ----------------------------------------------------
pc: 000002d4 inst: (00000213) expanded: addi r 4 = r 0 0x0

Cycle         43 ----------------------------------------------------
pc: 000002d8 inst: (00000093) expanded: addi r 1 = r 0 0x0

Cycle         44 ----------------------------------------------------
pc: 000002dc inst: (fff00113) expanded: addi r 2 = r 0 0xffffffff

Cycle         45 ----------------------------------------------------
pc: 000002e0 inst: (1e20c263) expanded: blt r 1 r 2 0x1e4

Cycle         46 ----------------------------------------------------
pc: 000002e4 inst: (00120213) expanded: addi r 4 = r 4 0x1

Cycle         47 ----------------------------------------------------
pc: 000002e8 inst: (00200293) expanded: addi r 5 = r 0 0x2

Cycle         48 ----------------------------------------------------
pc: 000002ec inst: (fe5216e3) expanded: bne r 4 r 5 0xffffffec

Cycle         49 ----------------------------------------------------
pc: 000002d8 inst: (00000093) expanded: addi r 1 = r 0 0x0

Cycle         50 ----------------------------------------------------
pc: 000002dc inst: (fff00113) expanded: addi r 2 = r 0 0xffffffff

Cycle         51 ----------------------------------------------------
pc: 000002e0 inst: (1e20c263) expanded: blt r 1 r 2 0x1e4

Cycle         52 ----------------------------------------------------
pc: 000002e4 inst: (00120213) expanded: addi r 4 = r 4 0x1

Cycle         53 ----------------------------------------------------
pc: 000002e8 inst: (00200293) expanded: addi r 5 = r 0 0x2

Cycle         54 ----------------------------------------------------
pc: 000002ec inst: (fe5216e3) expanded: bne r 4 r 5 0xffffffec

Cycle         55 ----------------------------------------------------
pc: 000002f0 inst: (00a00e13) expanded: addi r28 = r 0 0xa

Cycle         56 ----------------------------------------------------
pc: 000002f4 inst: (00000213) expanded: addi r 4 = r 0 0x0

Cycle         57 ----------------------------------------------------
pc: 000002f8 inst: (00000093) expanded: addi r 1 = r 0 0x0

Cycle         58 ----------------------------------------------------
pc: 000002fc inst: (fff00113) expanded: addi r 2 = r 0 0xffffffff

Cycle         59 ----------------------------------------------------
pc: 00000300 inst: (00000013) expanded: addi r 0 = r 0 0x0

Cycle         60 ----------------------------------------------------
pc: 00000304 inst: (1c20c063) expanded: blt r 1 r 2 0x1c0

Cycle         61 ----------------------------------------------------
pc: 00000308 inst: (00120213) expanded: addi r 4 = r 4 0x1

Cycle         62 ----------------------------------------------------
pc: 0000030c inst: (00200293) expanded: addi r 5 = r 0 0x2

Cycle         63 ----------------------------------------------------
pc: 00000310 inst: (fe5214e3) expanded: bne r 4 r 5 0xffffffe8

Cycle         64 ----------------------------------------------------
pc: 000002f8 inst: (00000093) expanded: addi r 1 = r 0 0x0

Cycle         65 ----------------------------------------------------
pc: 000002fc inst: (fff00113) expanded: addi r 2 = r 0 0xffffffff

Cycle         66 ----------------------------------------------------
pc: 00000300 inst: (00000013) expanded: addi r 0 = r 0 0x0

Cycle         67 ----------------------------------------------------
pc: 00000304 inst: (1c20c063) expanded: blt r 1 r 2 0x1c0

Cycle         68 ----------------------------------------------------
pc: 00000308 inst: (00120213) expanded: addi r 4 = r 4 0x1

Cycle         69 ----------------------------------------------------
pc: 0000030c inst: (00200293) expanded: addi r 5 = r 0 0x2

Cycle         70 ----------------------------------------------------
pc: 00000310 inst: (fe5214e3) expanded: bne r 4 r 5 0xffffffe8

Cycle         71 ----------------------------------------------------
pc: 00000314 inst: (00b00e13) expanded: addi r28 = r 0 0xb

Cycle         72 ----------------------------------------------------
pc: 00000318 inst: (00000213) expanded: addi r 4 = r 0 0x0

Cycle         73 ----------------------------------------------------
pc: 0000031c inst: (00000093) expanded: addi r 1 = r 0 0x0

Cycle         74 ----------------------------------------------------
pc: 00000320 inst: (fff00113) expanded: addi r 2 = r 0 0xffffffff

Cycle         75 ----------------------------------------------------
pc: 00000324 inst: (00000013) expanded: addi r 0 = r 0 0x0

Cycle         76 ----------------------------------------------------
pc: 00000328 inst: (00000013) expanded: addi r 0 = r 0 0x0

Cycle         77 ----------------------------------------------------
pc: 0000032c inst: (1820cc63) expanded: blt r 1 r 2 0x198

Cycle         78 ----------------------------------------------------
pc: 00000330 inst: (00120213) expanded: addi r 4 = r 4 0x1

Cycle         79 ----------------------------------------------------
pc: 00000334 inst: (00200293) expanded: addi r 5 = r 0 0x2

Cycle         80 ----------------------------------------------------
pc: 00000338 inst: (fe5212e3) expanded: bne r 4 r 5 0xffffffe4

Cycle         81 ----------------------------------------------------
pc: 0000031c inst: (00000093) expanded: addi r 1 = r 0 0x0

Cycle         82 ----------------------------------------------------
pc: 00000320 inst: (fff00113) expanded: addi r 2 = r 0 0xffffffff

Cycle         83 ----------------------------------------------------
pc: 00000324 inst: (00000013) expanded: addi r 0 = r 0 0x0

Cycle         84 ----------------------------------------------------
pc: 00000328 inst: (00000013) expanded: addi r 0 = r 0 0x0

Cycle         85 ----------------------------------------------------
pc: 0000032c inst: (1820cc63) expanded: blt r 1 r 2 0x198

Cycle         86 ----------------------------------------------------
pc: 00000330 inst: (00120213) expanded: addi r 4 = r 4 0x1

Cycle         87 ----------------------------------------------------
pc: 00000334 inst: (00200293) expanded: addi r 5 = r 0 0x2

Cycle         88 ----------------------------------------------------
pc: 00000338 inst: (fe5212e3) expanded: bne r 4 r 5 0xffffffe4

Cycle         89 ----------------------------------------------------
pc: 0000033c inst: (00c00e13) expanded: addi r28 = r 0 0xc

Cycle         90 ----------------------------------------------------
pc: 00000340 inst: (00000213) expanded: addi r 4 = r 0 0x0

Cycle         91 ----------------------------------------------------
pc: 00000344 inst: (00000093) expanded: addi r 1 = r 0 0x0

Cycle         92 ----------------------------------------------------
pc: 00000348 inst: (00000013) expanded: addi r 0 = r 0 0x0

Cycle         93 ----------------------------------------------------
pc: 0000034c inst: (fff00113) expanded: addi r 2 = r 0 0xffffffff

Cycle         94 ----------------------------------------------------
pc: 00000350 inst: (1620ca63) expanded: blt r 1 r 2 0x174

Cycle         95 ----------------------------------------------------
pc: 00000354 inst: (00120213) expanded: addi r 4 = r 4 0x1

Cycle         96 ----------------------------------------------------
pc: 00000358 inst: (00200293) expanded: addi r 5 = r 0 0x2

Cycle         97 ----------------------------------------------------
pc: 0000035c inst: (fe5214e3) expanded: bne r 4 r 5 0xffffffe8

Cycle         98 ----------------------------------------------------
pc: 00000344 inst: (00000093) expanded: addi r 1 = r 0 0x0

Cycle         99 ----------------------------------------------------
pc: 00000348 inst: (00000013) expanded: addi r 0 = r 0 0x0

Cycle        100 ----------------------------------------------------
pc: 0000034c inst: (fff00113) expanded: addi r 2 = r 0 0xffffffff

Cycle        101 ----------------------------------------------------
pc: 00000350 inst: (1620ca63) expanded: blt r 1 r 2 0x174

Cycle        102 ----------------------------------------------------
pc: 00000354 inst: (00120213) expanded: addi r 4 = r 4 0x1

Cycle        103 ----------------------------------------------------
pc: 00000358 inst: (00200293) expanded: addi r 5 = r 0 0x2

Cycle        104 ----------------------------------------------------
pc: 0000035c inst: (fe5214e3) expanded: bne r 4 r 5 0xffffffe8

Cycle        105 ----------------------------------------------------
pc: 00000360 inst: (00d00e13) expanded: addi r28 = r 0 0xd

Cycle        106 ----------------------------------------------------
pc: 00000364 inst: (00000213) expanded: addi r 4 = r 0 0x0

Cycle        107 ----------------------------------------------------
pc: 00000368 inst: (00000093) expanded: addi r 1 = r 0 0x0

Cycle        108 ----------------------------------------------------
pc: 0000036c inst: (00000013) expanded: addi r 0 = r 0 0x0

Cycle        109 ----------------------------------------------------
pc: 00000370 inst: (fff00113) expanded: addi r 2 = r 0 0xffffffff

Cycle        110 ----------------------------------------------------
pc: 00000374 inst: (00000013) expanded: addi r 0 = r 0 0x0

Cycle        111 ----------------------------------------------------
pc: 00000378 inst: (1420c663) expanded: blt r 1 r 2 0x14c

Cycle        112 ----------------------------------------------------
pc: 0000037c inst: (00120213) expanded: addi r 4 = r 4 0x1

Cycle        113 ----------------------------------------------------
pc: 00000380 inst: (00200293) expanded: addi r 5 = r 0 0x2

Cycle        114 ----------------------------------------------------
pc: 00000384 inst: (fe5212e3) expanded: bne r 4 r 5 0xffffffe4

Cycle        115 ----------------------------------------------------
pc: 00000368 inst: (00000093) expanded: addi r 1 = r 0 0x0

Cycle        116 ----------------------------------------------------
pc: 0000036c inst: (00000013) expanded: addi r 0 = r 0 0x0

Cycle        117 ----------------------------------------------------
pc: 00000370 inst: (fff00113) expanded: addi r 2 = r 0 0xffffffff

Cycle        118 ----------------------------------------------------
pc: 00000374 inst: (00000013) expanded: addi r 0 = r 0 0x0

Cycle        119 ----------------------------------------------------
pc: 00000378 inst: (1420c663) expanded: blt r 1 r 2 0x14c

Cycle        120 ----------------------------------------------------
pc: 0000037c inst: (00120213) expanded: addi r 4 = r 4 0x1

Cycle        121 ----------------------------------------------------
pc: 00000380 inst: (00200293) expanded: addi r 5 = r 0 0x2

Cycle        122 ----------------------------------------------------
pc: 00000384 inst: (fe5212e3) expanded: bne r 4 r 5 0xffffffe4

Cycle        123 ----------------------------------------------------
pc: 00000388 inst: (00e00e13) expanded: addi r28 = r 0 0xe

Cycle        124 ----------------------------------------------------
pc: 0000038c inst: (00000213) expanded: addi r 4 = r 0 0x0

Cycle        125 ----------------------------------------------------
pc: 00000390 inst: (00000093) expanded: addi r 1 = r 0 0x0

Cycle        126 ----------------------------------------------------
pc: 00000394 inst: (00000013) expanded: addi r 0 = r 0 0x0

Cycle        127 ----------------------------------------------------
pc: 00000398 inst: (00000013) expanded: addi r 0 = r 0 0x0

Cycle        128 ----------------------------------------------------
pc: 0000039c inst: (fff00113) expanded: addi r 2 = r 0 0xffffffff

Cycle        129 ----------------------------------------------------
pc: 000003a0 inst: (1220c263) expanded: blt r 1 r 2 0x124

Cycle        130 ----------------------------------------------------
pc: 000003a4 inst: (00120213) expanded: addi r 4 = r 4 0x1

Cycle        131 ----------------------------------------------------
pc: 000003a8 inst: (00200293) expanded: addi r 5 = r 0 0x2

Cycle        132 ----------------------------------------------------
pc: 000003ac inst: (fe5212e3) expanded: bne r 4 r 5 0xffffffe4

Cycle        133 ----------------------------------------------------
pc: 00000390 inst: (00000093) expanded: addi r 1 = r 0 0x0

Cycle        134 ----------------------------------------------------
pc: 00000394 inst: (00000013) expanded: addi r 0 = r 0 0x0

Cycle        135 ----------------------------------------------------
pc: 00000398 inst: (00000013) expanded: addi r 0 = r 0 0x0

Cycle        136 ----------------------------------------------------
pc: 0000039c inst: (fff00113) expanded: addi r 2 = r 0 0xffffffff

Cycle        137 ----------------------------------------------------
pc: 000003a0 inst: (1220c263) expanded: blt r 1 r 2 0x124

Cycle        138 ----------------------------------------------------
pc: 000003a4 inst: (00120213) expanded: addi r 4 = r 4 0x1

Cycle        139 ----------------------------------------------------
pc: 000003a8 inst: (00200293) expanded: addi r 5 = r 0 0x2

Cycle        140 ----------------------------------------------------
pc: 000003ac inst: (fe5212e3) expanded: bne r 4 r 5 0xffffffe4

Cycle        141 ----------------------------------------------------
pc: 000003b0 inst: (00f00e13) expanded: addi r28 = r 0 0xf

Cycle        142 ----------------------------------------------------
pc: 000003b4 inst: (00000213) expanded: addi r 4 = r 0 0x0

Cycle        143 ----------------------------------------------------
pc: 000003b8 inst: (00000093) expanded: addi r 1 = r 0 0x0

Cycle        144 ----------------------------------------------------
pc: 000003bc inst: (fff00113) expanded: addi r 2 = r 0 0xffffffff

Cycle        145 ----------------------------------------------------
pc: 000003c0 inst: (1020c263) expanded: blt r 1 r 2 0x104

Cycle        146 ----------------------------------------------------
pc: 000003c4 inst: (00120213) expanded: addi r 4 = r 4 0x1

Cycle        147 ----------------------------------------------------
pc: 000003c8 inst: (00200293) expanded: addi r 5 = r 0 0x2

Cycle        148 ----------------------------------------------------
pc: 000003cc inst: (fe5216e3) expanded: bne r 4 r 5 0xffffffec

Cycle        149 ----------------------------------------------------
pc: 000003b8 inst: (00000093) expanded: addi r 1 = r 0 0x0

Cycle        150 ----------------------------------------------------
pc: 000003bc inst: (fff00113) expanded: addi r 2 = r 0 0xffffffff

Cycle        151 ----------------------------------------------------
pc: 000003c0 inst: (1020c263) expanded: blt r 1 r 2 0x104

Cycle        152 ----------------------------------------------------
pc: 000003c4 inst: (00120213) expanded: addi r 4 = r 4 0x1

Cycle        153 ----------------------------------------------------
pc: 000003c8 inst: (00200293) expanded: addi r 5 = r 0 0x2

Cycle        154 ----------------------------------------------------
pc: 000003cc inst: (fe5216e3) expanded: bne r 4 r 5 0xffffffec

Cycle        155 ----------------------------------------------------
pc: 000003d0 inst: (01000e13) expanded: addi r28 = r 0 0x10

Cycle        156 ----------------------------------------------------
pc: 000003d4 inst: (00000213) expanded: addi r 4 = r 0 0x0

Cycle        157 ----------------------------------------------------
pc: 000003d8 inst: (00000093) expanded: addi r 1 = r 0 0x0

Cycle        158 ----------------------------------------------------
pc: 000003dc inst: (fff00113) expanded: addi r 2 = r 0 0xffffffff

Cycle        159 ----------------------------------------------------
pc: 000003e0 inst: (00000013) expanded: addi r 0 = r 0 0x0

Cycle        160 ----------------------------------------------------
pc: 000003e4 inst: (0e20c063) expanded: blt r 1 r 2 0xe0

Cycle        161 ----------------------------------------------------
pc: 000003e8 inst: (00120213) expanded: addi r 4 = r 4 0x1

Cycle        162 ----------------------------------------------------
pc: 000003ec inst: (00200293) expanded: addi r 5 = r 0 0x2

Cycle        163 ----------------------------------------------------
pc: 000003f0 inst: (fe5214e3) expanded: bne r 4 r 5 0xffffffe8

Cycle        164 ----------------------------------------------------
pc: 000003d8 inst: (00000093) expanded: addi r 1 = r 0 0x0

Cycle        165 ----------------------------------------------------
pc: 000003dc inst: (fff00113) expanded: addi r 2 = r 0 0xffffffff

Cycle        166 ----------------------------------------------------
pc: 000003e0 inst: (00000013) expanded: addi r 0 = r 0 0x0

Cycle        167 ----------------------------------------------------
pc: 000003e4 inst: (0e20c063) expanded: blt r 1 r 2 0xe0

Cycle        168 ----------------------------------------------------
pc: 000003e8 inst: (00120213) expanded: addi r 4 = r 4 0x1

Cycle        169 ----------------------------------------------------
pc: 000003ec inst: (00200293) expanded: addi r 5 = r 0 0x2

Cycle        170 ----------------------------------------------------
pc: 000003f0 inst: (fe5214e3) expanded: bne r 4 r 5 0xffffffe8

Cycle        171 ----------------------------------------------------
pc: 000003f4 inst: (01100e13) expanded: addi r28 = r 0 0x11

Cycle        172 ----------------------------------------------------
pc: 000003f8 inst: (00000213) expanded: addi r 4 = r 0 0x0

Cycle        173 ----------------------------------------------------
pc: 000003fc inst: (00000093) expanded: addi r 1 = r 0 0x0

Cycle        174 ----------------------------------------------------
pc: 00000400 inst: (fff00113) expanded: addi r 2 = r 0 0xffffffff

Cycle        175 ----------------------------------------------------
pc: 00000404 inst: (00000013) expanded: addi r 0 = r 0 0x0

Cycle        176 ----------------------------------------------------
pc: 00000408 inst: (00000013) expanded: addi r 0 = r 0 0x0

Cycle        177 ----------------------------------------------------
pc: 0000040c inst: (0a20cc63) expanded: blt r 1 r 2 0xb8

Cycle        178 ----------------------------------------------------
pc: 00000410 inst: (00120213) expanded: addi r 4 = r 4 0x1

Cycle        179 ----------------------------------------------------
pc: 00000414 inst: (00200293) expanded: addi r 5 = r 0 0x2

Cycle        180 ----------------------------------------------------
pc: 00000418 inst: (fe5212e3) expanded: bne r 4 r 5 0xffffffe4

Cycle        181 ----------------------------------------------------
pc: 000003fc inst: (00000093) expanded: addi r 1 = r 0 0x0

Cycle        182 ----------------------------------------------------
pc: 00000400 inst: (fff00113) expanded: addi r 2 = r 0 0xffffffff

Cycle        183 ----------------------------------------------------
pc: 00000404 inst: (00000013) expanded: addi r 0 = r 0 0x0

Cycle        184 ----------------------------------------------------
pc: 00000408 inst: (00000013) expanded: addi r 0 = r 0 0x0

Cycle        185 ----------------------------------------------------
pc: 0000040c inst: (0a20cc63) expanded: blt r 1 r 2 0xb8

Cycle        186 ----------------------------------------------------
pc: 00000410 inst: (00120213) expanded: addi r 4 = r 4 0x1

Cycle        187 ----------------------------------------------------
pc: 00000414 inst: (00200293) expanded: addi r 5 = r 0 0x2

Cycle        188 ----------------------------------------------------
pc: 00000418 inst: (fe5212e3) expanded: bne r 4 r 5 0xffffffe4

Cycle        189 ----------------------------------------------------
pc: 0000041c inst: (01200e13) expanded: addi r28 = r 0 0x12

Cycle        190 ----------------------------------------------------
pc: 00000420 inst: (00000213) expanded: addi r 4 = r 0 0x0

Cycle        191 ----------------------------------------------------
pc: 00000424 inst: (00000093) expanded: addi r 1 = r 0 0x0

Cycle        192 ----------------------------------------------------
pc: 00000428 inst: (00000013) expanded: addi r 0 = r 0 0x0

Cycle        193 ----------------------------------------------------
pc: 0000042c inst: (fff00113) expanded: addi r 2 = r 0 0xffffffff

Cycle        194 ----------------------------------------------------
pc: 00000430 inst: (0820ca63) expanded: blt r 1 r 2 0x94

Cycle        195 ----------------------------------------------------
pc: 00000434 inst: (00120213) expanded: addi r 4 = r 4 0x1

Cycle        196 ----------------------------------------------------
pc: 00000438 inst: (00200293) expanded: addi r 5 = r 0 0x2

Cycle        197 ----------------------------------------------------
pc: 0000043c inst: (fe5214e3) expanded: bne r 4 r 5 0xffffffe8

Cycle        198 ----------------------------------------------------
pc: 00000424 inst: (00000093) expanded: addi r 1 = r 0 0x0

Cycle        199 ----------------------------------------------------
pc: 00000428 inst: (00000013) expanded: addi r 0 = r 0 0x0

Cycle        200 ----------------------------------------------------
pc: 0000042c inst: (fff00113) expanded: addi r 2 = r 0 0xffffffff

Cycle        201 ----------------------------------------------------
pc: 00000430 inst: (0820ca63) expanded: blt r 1 r 2 0x94

Cycle        202 ----------------------------------------------------
pc: 00000434 inst: (00120213) expanded: addi r 4 = r 4 0x1

Cycle        203 ----------------------------------------------------
pc: 00000438 inst: (00200293) expanded: addi r 5 = r 0 0x2

Cycle        204 ----------------------------------------------------
pc: 0000043c inst: (fe5214e3) expanded: bne r 4 r 5 0xffffffe8

Cycle        205 ----------------------------------------------------
pc: 00000440 inst: (01300e13) expanded: addi r28 = r 0 0x13

Cycle        206 ----------------------------------------------------
pc: 00000444 inst: (00000213) expanded: addi r 4 = r 0 0x0

Cycle        207 ----------------------------------------------------
pc: 00000448 inst: (00000093) expanded: addi r 1 = r 0 0x0

Cycle        208 ----------------------------------------------------
pc: 0000044c inst: (00000013) expanded: addi r 0 = r 0 0x0

Cycle        209 ----------------------------------------------------
pc: 00000450 inst: (fff00113) expanded: addi r 2 = r 0 0xffffffff

Cycle        210 ----------------------------------------------------
pc: 00000454 inst: (00000013) expanded: addi r 0 = r 0 0x0

Cycle        211 ----------------------------------------------------
pc: 00000458 inst: (0620c663) expanded: blt r 1 r 2 0x6c

Cycle        212 ----------------------------------------------------
pc: 0000045c inst: (00120213) expanded: addi r 4 = r 4 0x1

Cycle        213 ----------------------------------------------------
pc: 00000460 inst: (00200293) expanded: addi r 5 = r 0 0x2

Cycle        214 ----------------------------------------------------
pc: 00000464 inst: (fe5212e3) expanded: bne r 4 r 5 0xffffffe4

Cycle        215 ----------------------------------------------------
pc: 00000448 inst: (00000093) expanded: addi r 1 = r 0 0x0

Cycle        216 ----------------------------------------------------
pc: 0000044c inst: (00000013) expanded: addi r 0 = r 0 0x0

Cycle        217 ----------------------------------------------------
pc: 00000450 inst: (fff00113) expanded: addi r 2 = r 0 0xffffffff

Cycle        218 ----------------------------------------------------
pc: 00000454 inst: (00000013) expanded: addi r 0 = r 0 0x0

Cycle        219 ----------------------------------------------------
pc: 00000458 inst: (0620c663) expanded: blt r 1 r 2 0x6c

Cycle        220 ----------------------------------------------------
pc: 0000045c inst: (00120213) expanded: addi r 4 = r 4 0x1

Cycle        221 ----------------------------------------------------
pc: 00000460 inst: (00200293) expanded: addi r 5 = r 0 0x2

Cycle        222 ----------------------------------------------------
pc: 00000464 inst: (fe5212e3) expanded: bne r 4 r 5 0xffffffe4

Cycle        223 ----------------------------------------------------
pc: 00000468 inst: (01400e13) expanded: addi r28 = r 0 0x14

Cycle        224 ----------------------------------------------------
pc: 0000046c inst: (00000213) expanded: addi r 4 = r 0 0x0

Cycle        225 ----------------------------------------------------
pc: 00000470 inst: (00000093) expanded: addi r 1 = r 0 0x0

Cycle        226 ----------------------------------------------------
pc: 00000474 inst: (00000013) expanded: addi r 0 = r 0 0x0

Cycle        227 ----------------------------------------------------
pc: 00000478 inst: (00000013) expanded: addi r 0 = r 0 0x0

Cycle        228 ----------------------------------------------------
pc: 0000047c inst: (fff00113) expanded: addi r 2 = r 0 0xffffffff

Cycle        229 ----------------------------------------------------
pc: 00000480 inst: (0420c263) expanded: blt r 1 r 2 0x44

Cycle        230 ----------------------------------------------------
pc: 00000484 inst: (00120213) expanded: addi r 4 = r 4 0x1

Cycle        231 ----------------------------------------------------
pc: 00000488 inst: (00200293) expanded: addi r 5 = r 0 0x2

Cycle        232 ----------------------------------------------------
pc: 0000048c inst: (fe5212e3) expanded: bne r 4 r 5 0xffffffe4

Cycle        233 ----------------------------------------------------
pc: 00000470 inst: (00000093) expanded: addi r 1 = r 0 0x0

Cycle        234 ----------------------------------------------------
pc: 00000474 inst: (00000013) expanded: addi r 0 = r 0 0x0

Cycle        235 ----------------------------------------------------
pc: 00000478 inst: (00000013) expanded: addi r 0 = r 0 0x0

Cycle        236 ----------------------------------------------------
pc: 0000047c inst: (fff00113) expanded: addi r 2 = r 0 0xffffffff

Cycle        237 ----------------------------------------------------
pc: 00000480 inst: (0420c263) expanded: blt r 1 r 2 0x44

Cycle        238 ----------------------------------------------------
pc: 00000484 inst: (00120213) expanded: addi r 4 = r 4 0x1

Cycle        239 ----------------------------------------------------
pc: 00000488 inst: (00200293) expanded: addi r 5 = r 0 0x2

Cycle        240 ----------------------------------------------------
pc: 0000048c inst: (fe5212e3) expanded: bne r 4 r 5 0xffffffe4

Cycle        241 ----------------------------------------------------
pc: 00000490 inst: (00100093) expanded: addi r 1 = r 0 0x1

Cycle        242 ----------------------------------------------------
pc: 00000494 inst: (00104a63) expanded: blt r 0 r 1 0x14

Cycle        243 ----------------------------------------------------
pc: 000004a8 inst: (00108093) expanded: addi r 1 = r 1 0x1

Cycle        244 ----------------------------------------------------
pc: 000004ac inst: (00108093) expanded: addi r 1 = r 1 0x1

Cycle        245 ----------------------------------------------------
pc: 000004b0 inst: (00300e93) expanded: addi r29 = r 0 0x3

Cycle        246 ----------------------------------------------------
pc: 000004b4 inst: (01500e13) expanded: addi r28 = r 0 0x15

Cycle        247 ----------------------------------------------------
pc: 000004b8 inst: (01d09663) expanded: bne r 1 r29 0xc

Cycle        248 ----------------------------------------------------
pc: 000004bc inst: (01c01663) expanded: bne r 0 r28 0xc

Cycle        249 ----------------------------------------------------
pc: 000004c8 inst: (00000e13) expanded: addi r28 = r 0 0x0

Cycle        250 ----------------------------------------------------
pc: 000004cc inst: (0040006f) expanded: jal r 0 0x4

Cycle        251 ----------------------------------------------------
pc: 000004d0 inst: (c0002573) expanded: csrrs r10 csr0xc00 r 0

Cycle        252 ----------------------------------------------------
pc: 000004d4 inst: (c02025f3) expanded: csrrs r11 csr0xc02 r 0

Cycle        253 ----------------------------------------------------
pc: 000004d8 inst: (01051613) expanded: slli r12 = r10 0x10

Cycle        254 ----------------------------------------------------
pc: 000004dc inst: (01065613) expanded: srli r12 = r12 0x10

Cycle        255 ----------------------------------------------------
pc: 000004e0 inst: (000206b7) expanded: lui r13 0x20000

Cycle        256 ----------------------------------------------------
pc: 000004e4 inst: (00d666b3) expanded: or r13 = r12 r13

Cycle        257 ----------------------------------------------------
pc: 000004e8 inst: (78069073) expanded: csrrw r 0 csr0x780 r13

Cycle        258 ----------------------------------------------------
pc: 000004ec inst: (01055613) expanded: srli r12 = r10 0x10

Cycle        259 ----------------------------------------------------
pc: 000004f0 inst: (000306b7) expanded: lui r13 0x30000

Cycle        260 ----------------------------------------------------
pc: 000004f4 inst: (00d666b3) expanded: or r13 = r12 r13

Cycle        261 ----------------------------------------------------
pc: 000004f8 inst: (78069073) expanded: csrrw r 0 csr0x780 r13

Cycle        262 ----------------------------------------------------
pc: 000004fc inst: (00010637) expanded: lui r12 0x10000

Cycle        263 ----------------------------------------------------
pc: 00000500 inst: (00a60613) expanded: addi r12 = r12 0xa

Cycle        264 ----------------------------------------------------
pc: 00000504 inst: (78061073) expanded: csrrw r 0 csr0x780 r12

Cycle        265 ----------------------------------------------------
pc: 00000508 inst: (01059613) expanded: slli r12 = r11 0x10

Cycle        266 ----------------------------------------------------
pc: 0000050c inst: (01065613) expanded: srli r12 = r12 0x10

Cycle        267 ----------------------------------------------------
pc: 00000510 inst: (000201b7) expanded: lui r 3 0x20000

Cycle        268 ----------------------------------------------------
pc: 00000514 inst: (003661b3) expanded: or r 3 = r12 r 3

Cycle        269 ----------------------------------------------------
pc: 00000518 inst: (78019073) expanded: csrrw r 0 csr0x780 r 3

Cycle        270 ----------------------------------------------------
pc: 0000051c inst: (0105d613) expanded: srli r12 = r11 0x10

Cycle        271 ----------------------------------------------------
pc: 00000520 inst: (000301b7) expanded: lui r 3 0x30000

Cycle        272 ----------------------------------------------------
pc: 00000524 inst: (003661b3) expanded: or r 3 = r12 r 3

Cycle        273 ----------------------------------------------------
pc: 00000528 inst: (78019073) expanded: csrrw r 0 csr0x780 r 3

Cycle        274 ----------------------------------------------------
pc: 0000052c inst: (00010637) expanded: lui r12 0x10000

Cycle        275 ----------------------------------------------------
pc: 00000530 inst: (00a60613) expanded: addi r12 = r12 0xa

Cycle        276 ----------------------------------------------------
pc: 00000534 inst: (78061073) expanded: csrrw r 0 csr0x780 r12

Cycle        277 ----------------------------------------------------
pc: 00000538 inst: (780e1073) expanded: csrrw r 0 csr0x780 r28

Cycle        278 ----------------------------------------------------
pc: 0000053c inst: (0000006f) expanded: jal r 0 0x0

Cycle        279 ----------------------------------------------------
pc: 0000053c inst: (0000006f) expanded: jal r 0 0x0

Cycle        280 ----------------------------------------------------
pc: 0000053c inst: (0000006f) expanded: jal r 0 0x0

Cycle        281 ----------------------------------------------------
pc: 0000053c inst: (0000006f) expanded: jal r 0 0x0

Cycle        282 ----------------------------------------------------
pc: 0000053c inst: (0000006f) expanded: jal r 0 0x0

Cycle        283 ----------------------------------------------------
pc: 0000053c inst: (0000006f) expanded: jal r 0 0x0

Cycle        284 ----------------------------------------------------
pc: 0000053c inst: (0000006f) expanded: jal r 0 0x0

Cycle        285 ----------------------------------------------------
pc: 0000053c inst: (0000006f) expanded: jal r 0 0x0

Cycle        286 ----------------------------------------------------
pc: 0000053c inst: (0000006f) expanded: jal r 0 0x0

Cycle        287 ----------------------------------------------------
pc: 0000053c inst: (0000006f) expanded: jal r 0 0x0

Cycle        288 ----------------------------------------------------
pc: 0000053c inst: (0000006f) expanded: jal r 0 0x0

Cycle        289 ----------------------------------------------------
pc: 0000053c inst: (0000006f) expanded: jal r 0 0x0

Cycle        290 ----------------------------------------------------
pc: 0000053c inst: (0000006f) expanded: jal r 0 0x0

Cycle        291 ----------------------------------------------------
pc: 0000053c inst: (0000006f) expanded: jal r 0 0x0

Cycle        292 ----------------------------------------------------
pc: 0000053c inst: (0000006f) expanded: jal r 0 0x0

Cycle        293 ----------------------------------------------------
pc: 0000053c inst: (0000006f) expanded: jal r 0 0x0

Cycle        294 ----------------------------------------------------
pc: 0000053c inst: (0000006f) expanded: jal r 0 0x0

Cycle        295 ----------------------------------------------------
pc: 0000053c inst: (0000006f) expanded: jal r 0 0x0

Cycle        296 ----------------------------------------------------
pc: 0000053c inst: (0000006f) expanded: jal r 0 0x0

Cycle        297 ----------------------------------------------------
pc: 0000053c inst: (0000006f) expanded: jal r 0 0x0

Cycle        298 ----------------------------------------------------
pc: 0000053c inst: (0000006f) expanded: jal r 0 0x0

Cycle        299 ----------------------------------------------------
pc: 0000053c inst: (0000006f) expanded: jal r 0 0x0

Cycle        300 ----------------------------------------------------
pc: 0000053c inst: (0000006f) expanded: jal r 0 0x0

Cycle        301 ----------------------------------------------------
pc: 0000053c inst: (0000006f) expanded: jal r 0 0x0

Cycle        302 ----------------------------------------------------
pc: 0000053c inst: (0000006f) expanded: jal r 0 0x0

Cycle        303 ----------------------------------------------------
pc: 0000053c inst: (0000006f) expanded: jal r 0 0x0

Cycle        304 ----------------------------------------------------
pc: 0000053c inst: (0000006f) expanded: jal r 0 0x0

Cycle        305 ----------------------------------------------------
pc: 0000053c inst: (0000006f) expanded: jal r 0 0x0

Cycle        306 ----------------------------------------------------
pc: 0000053c inst: (0000006f) expanded: jal r 0 0x0

Cycle        307 ----------------------------------------------------
pc: 0000053c inst: (0000006f) expanded: jal r 0 0x0

Cycle        308 ----------------------------------------------------
pc: 0000053c inst: (0000006f) expanded: jal r 0 0x0

Cycle        309 ----------------------------------------------------
pc: 0000053c inst: (0000006f) expanded: jal r 0 0x0

Cycle        310 ----------------------------------------------------
pc: 0000053c inst: (0000006f) expanded: jal r 0 0x0

Cycle        311 ----------------------------------------------------
pc: 0000053c inst: (0000006f) expanded: jal r 0 0x0

Cycle        312 ----------------------------------------------------
pc: 0000053c inst: (0000006f) expanded: jal r 0 0x0

Cycle        313 ----------------------------------------------------
pc: 0000053c inst: (0000006f) expanded: jal r 0 0x0

Cycle        314 ----------------------------------------------------
pc: 0000053c inst: (0000006f) expanded: jal r 0 0x0

Cycle        315 ----------------------------------------------------
pc: 0000053c inst: (0000006f) expanded: jal r 0 0x0

Cycle        316 ----------------------------------------------------
pc: 0000053c inst: (0000006f) expanded: jal r 0 0x0

Cycle        317 ----------------------------------------------------
pc: 0000053c inst: (0000006f) expanded: jal r 0 0x0

Cycle        318 ----------------------------------------------------
pc: 0000053c inst: (0000006f) expanded: jal r 0 0x0

Cycle        319 ----------------------------------------------------
pc: 0000053c inst: (0000006f) expanded: jal r 0 0x0

Cycle        320 ----------------------------------------------------
pc: 0000053c inst: (0000006f) expanded: jal r 0 0x0

Cycle        321 ----------------------------------------------------
pc: 0000053c inst: (0000006f) expanded: jal r 0 0x0

Cycle        322 ----------------------------------------------------
pc: 0000053c inst: (0000006f) expanded: jal r 0 0x0

Cycle        323 ----------------------------------------------------
pc: 0000053c inst: (0000006f) expanded: jal r 0 0x0

Cycle        324 ----------------------------------------------------
pc: 0000053c inst: (0000006f) expanded: jal r 0 0x0

Cycle        325 ----------------------------------------------------
pc: 0000053c inst: (0000006f) expanded: jal r 0 0x0

Cycle        326 ----------------------------------------------------
pc: 0000053c inst: (0000006f) expanded: jal r 0 0x0

Cycle        327 ----------------------------------------------------
pc: 0000053c inst: (0000006f) expanded: jal r 0 0x0

Cycle        328 ----------------------------------------------------
pc: 0000053c inst: (0000006f) expanded: jal r 0 0x0

Cycle        329 ----------------------------------------------------
pc: 0000053c inst: (0000006f) expanded: jal r 0 0x0

Cycle        330 ----------------------------------------------------
pc: 0000053c inst: (0000006f) expanded: jal r 0 0x0

Cycle        331 ----------------------------------------------------
pc: 0000053c inst: (0000006f) expanded: jal r 0 0x0

Cycle        332 ----------------------------------------------------
pc: 0000053c inst: (0000006f) expanded: jal r 0 0x0

Cycle        333 ----------------------------------------------------
pc: 0000053c inst: (0000006f) expanded: jal r 0 0x0

Cycle        334 ----------------------------------------------------
pc: 0000053c inst: (0000006f) expanded: jal r 0 0x0

Cycle        335 ----------------------------------------------------
pc: 0000053c inst: (0000006f) expanded: jal r 0 0x0

Cycle        336 ----------------------------------------------------
pc: 0000053c inst: (0000006f) expanded: jal r 0 0x0

Cycle        337 ----------------------------------------------------
pc: 0000053c inst: (0000006f) expanded: jal r 0 0x0

Cycle        338 ----------------------------------------------------
pc: 0000053c inst: (0000006f) expanded: jal r 0 0x0

Cycle        339 ----------------------------------------------------
pc: 0000053c inst: (0000006f) expanded: jal r 0 0x0

Cycle        340 ----------------------------------------------------
pc: 0000053c inst: (0000006f) expanded: jal r 0 0x0

Cycle        341 ----------------------------------------------------
pc: 0000053c inst: (0000006f) expanded: jal r 0 0x0

Cycle        342 ----------------------------------------------------
pc: 0000053c inst: (0000006f) expanded: jal r 0 0x0

Cycle        343 ----------------------------------------------------
pc: 0000053c inst: (0000006f) expanded: jal r 0 0x0

Cycle        344 ----------------------------------------------------
pc: 0000053c inst: (0000006f) expanded: jal r 0 0x0

Cycle        345 ----------------------------------------------------
pc: 0000053c inst: (0000006f) expanded: jal r 0 0x0

Cycle        346 ----------------------------------------------------
pc: 0000053c inst: (0000006f) expanded: jal r 0 0x0

Cycle        347 ----------------------------------------------------
pc: 0000053c inst: (0000006f) expanded: jal r 0 0x0

Cycle        348 ----------------------------------------------------
pc: 0000053c inst: (0000006f) expanded: jal r 0 0x0

Cycle        349 ----------------------------------------------------
pc: 0000053c inst: (0000006f) expanded: jal r 0 0x0

Cycle        350 ----------------------------------------------------
pc: 0000053c inst: (0000006f) expanded: jal r 0 0x0

Cycle        351 ----------------------------------------------------
pc: 0000053c inst: (0000006f) expanded: jal r 0 0x0

Cycle        352 ----------------------------------------------------
pc: 0000053c inst: (0000006f) expanded: jal r 0 0x0

Cycle        353 ----------------------------------------------------
pc: 0000053c inst: (0000006f) expanded: jal r 0 0x0

Cycle        354 ----------------------------------------------------
pc: 0000053c inst: (0000006f) expanded: jal r 0 0x0

Cycle        355 ----------------------------------------------------
pc: 0000053c inst: (0000006f) expanded: jal r 0 0x0

Cycle        356 ----------------------------------------------------
pc: 0000053c inst: (0000006f) expanded: jal r 0 0x0

Cycle        357 ----------------------------------------------------
pc: 0000053c inst: (0000006f) expanded: jal r 0 0x0

Cycle        358 ----------------------------------------------------
pc: 0000053c inst: (0000006f) expanded: jal r 0 0x0

Cycle        359 ----------------------------------------------------
pc: 0000053c inst: (0000006f) expanded: jal r 0 0x0

Cycle        360 ----------------------------------------------------
pc: 0000053c inst: (0000006f) expanded: jal r 0 0x0

Cycle        361 ----------------------------------------------------
pc: 0000053c inst: (0000006f) expanded: jal r 0 0x0

Cycle        362 ----------------------------------------------------
pc: 0000053c inst: (0000006f) expanded: jal r 0 0x0

Cycle        363 ----------------------------------------------------
pc: 0000053c inst: (0000006f) expanded: jal r 0 0x0

Cycle        364 ----------------------------------------------------
pc: 0000053c inst: (0000006f) expanded: jal r 0 0x0

Cycle        365 ----------------------------------------------------
pc: 0000053c inst: (0000006f) expanded: jal r 0 0x0

Cycle        366 ----------------------------------------------------
pc: 0000053c inst: (0000006f) expanded: jal r 0 0x0

Cycle        367 ----------------------------------------------------
pc: 0000053c inst: (0000006f) expanded: jal r 0 0x0

Cycle        368 ----------------------------------------------------
pc: 0000053c inst: (0000006f) expanded: jal r 0 0x0

Cycle        369 ----------------------------------------------------
pc: 0000053c inst: (0000006f) expanded: jal r 0 0x0

Cycle        370 ----------------------------------------------------
pc: 0000053c inst: (0000006f) expanded: jal r 0 0x0

Cycle        371 ----------------------------------------------------
pc: 0000053c inst: (0000006f) expanded: jal r 0 0x0

Cycle        372 ----------------------------------------------------
pc: 0000053c inst: (0000006f) expanded: jal r 0 0x0

Cycle        373 ----------------------------------------------------
pc: 0000053c inst: (0000006f) expanded: jal r 0 0x0

Cycle        374 ----------------------------------------------------
pc: 0000053c inst: (0000006f) expanded: jal r 0 0x0

Cycle        375 ----------------------------------------------------
pc: 0000053c inst: (0000006f) expanded: jal r 0 0x0

Cycle        376 ----------------------------------------------------
pc: 0000053c inst: (0000006f) expanded: jal r 0 0x0

Cycle        377 ----------------------------------------------------
pc: 0000053c inst: (0000006f) expanded: jal r 0 0x0

Cycle        378 ----------------------------------------------------
pc: 0000053c inst: (0000006f) expanded: jal r 0 0x0

Cycle        379 ----------------------------------------------------
pc: 0000053c inst: (0000006f) expanded: jal r 0 0x0

Cycle        380 ----------------------------------------------------
pc: 0000053c inst: (0000006f) expanded: jal r 0 0x0

Cycle        381 ----------------------------------------------------
pc: 0000053c inst: (0000006f) expanded: jal r 0 0x0

Cycle        382 ----------------------------------------------------
pc: 0000053c inst: (0000006f) expanded: jal r 0 0x0

Cycle        383 ----------------------------------------------------
pc: 0000053c inst: (0000006f) expanded: jal r 0 0x0

Cycle        384 ----------------------------------------------------
pc: 0000053c inst: (0000006f) expanded: jal r 0 0x0

Cycle        385 ----------------------------------------------------
pc: 0000053c inst: (0000006f) expanded: jal r 0 0x0

Cycle        386 ----------------------------------------------------
simulator calling $finish
