make -C bluesim --no-print-directory run
LD_PRELOAD=libSegFault.so SEGFAULT_USE_ALTSTACK=1 SEGFAULT_OUTPUT_NAME=bin/bsimexe-segv-output.txt  ./bin/ubuntu.exe ; retcode=$?; exit $retcode
Start testbench:
Warning: file 'mem.vmh' for memory 'mem' has a gap at addresses 0 to 127.
Warning: file 'mem.vmh' for memory 'mem' has a gap at addresses 226 to 65535.
Warning: file 'mem.vmh' for memory 'mem' has a gap at addresses 0 to 127.
Warning: file 'mem.vmh' for memory 'mem' has a gap at addresses 226 to 65535.
[init_xsim:61]
[init_xsim:61]
Processor startedXsimTop starting
Received software req to start pc

Start at pc 200

pc: 00000200 inst: (00200e13) expanded: addi r28 = r 0 0x2

Cycle          0 ----------------------------------------------------
pc: 00000204 inst: (00000f93) expanded: addi r31 = r 0 0x0

Cycle          1 ----------------------------------------------------
pc: 00000208 inst: (00000117) expanded: auipc r 2 0x0

Cycle          2 ----------------------------------------------------
pc: 0000020c inst: (01810113) expanded: addi r 2 = r 2 0x18

Cycle          3 ----------------------------------------------------
pc: 00000210 inst: (000109e7) expanded: jalr r19 [r 2 0x0]

Cycle          4 ----------------------------------------------------
pc: 00000220 inst: (00000097) expanded: auipc r 1 0x0

Cycle          5 ----------------------------------------------------
pc: 00000224 inst: (ff008093) expanded: addi r 1 = r 1 0xfffffff0

Cycle          6 ----------------------------------------------------
pc: 00000228 inst: (00408093) expanded: addi r 1 = r 1 0x4

Cycle          7 ----------------------------------------------------
pc: 0000022c inst: (0d309c63) expanded: bne r 1 r19 0xd8

Cycle          8 ----------------------------------------------------
pc: 00000230 inst: (00300e13) expanded: addi r28 = r 0 0x3

Cycle          9 ----------------------------------------------------
pc: 00000234 inst: (00000f93) expanded: addi r31 = r 0 0x0

Cycle         10 ----------------------------------------------------
pc: 00000238 inst: (00000197) expanded: auipc r 3 0x0

Cycle         11 ----------------------------------------------------
pc: 0000023c inst: (01418193) expanded: addi r 3 = r 3 0x14

Cycle         12 ----------------------------------------------------
pc: 00000240 inst: (00018067) expanded: jalr r 0 [r 3 0x0]

Cycle         13 ----------------------------------------------------
pc: 0000024c inst: (0a0f9c63) expanded: bne r31 r 0 0xb8

Cycle         14 ----------------------------------------------------
pc: 00000250 inst: (00400e13) expanded: addi r28 = r 0 0x4

Cycle         15 ----------------------------------------------------
pc: 00000254 inst: (00000213) expanded: addi r 4 = r 0 0x0

Cycle         16 ----------------------------------------------------
pc: 00000258 inst: (00000317) expanded: auipc r 6 0x0

Cycle         17 ----------------------------------------------------
pc: 0000025c inst: (01030313) expanded: addi r 6 = r 6 0x10

Cycle         18 ----------------------------------------------------
pc: 00000260 inst: (000309e7) expanded: jalr r19 [r 6 0x0]

Cycle         19 ----------------------------------------------------
pc: 00000268 inst: (00120213) expanded: addi r 4 = r 4 0x1

Cycle         20 ----------------------------------------------------
pc: 0000026c inst: (00200293) expanded: addi r 5 = r 0 0x2

Cycle         21 ----------------------------------------------------
pc: 00000270 inst: (fe5214e3) expanded: bne r 4 r 5 0xffffffe8

Cycle         22 ----------------------------------------------------
pc: 00000258 inst: (00000317) expanded: auipc r 6 0x0

Cycle         23 ----------------------------------------------------
pc: 0000025c inst: (01030313) expanded: addi r 6 = r 6 0x10

Cycle         24 ----------------------------------------------------
pc: 00000260 inst: (000309e7) expanded: jalr r19 [r 6 0x0]

Cycle         25 ----------------------------------------------------
pc: 00000268 inst: (00120213) expanded: addi r 4 = r 4 0x1

Cycle         26 ----------------------------------------------------
pc: 0000026c inst: (00200293) expanded: addi r 5 = r 0 0x2

Cycle         27 ----------------------------------------------------
pc: 00000270 inst: (fe5214e3) expanded: bne r 4 r 5 0xffffffe8

Cycle         28 ----------------------------------------------------
pc: 00000274 inst: (00500e13) expanded: addi r28 = r 0 0x5

Cycle         29 ----------------------------------------------------
pc: 00000278 inst: (00000213) expanded: addi r 4 = r 0 0x0

Cycle         30 ----------------------------------------------------
pc: 0000027c inst: (00000317) expanded: auipc r 6 0x0

Cycle         31 ----------------------------------------------------
pc: 00000280 inst: (01430313) expanded: addi r 6 = r 6 0x14

Cycle         32 ----------------------------------------------------
pc: 00000284 inst: (00000013) expanded: addi r 0 = r 0 0x0

Cycle         33 ----------------------------------------------------
pc: 00000288 inst: (000309e7) expanded: jalr r19 [r 6 0x0]

Cycle         34 ----------------------------------------------------
pc: 00000290 inst: (00120213) expanded: addi r 4 = r 4 0x1

Cycle         35 ----------------------------------------------------
pc: 00000294 inst: (00200293) expanded: addi r 5 = r 0 0x2

Cycle         36 ----------------------------------------------------
pc: 00000298 inst: (fe5212e3) expanded: bne r 4 r 5 0xffffffe4

Cycle         37 ----------------------------------------------------
pc: 0000027c inst: (00000317) expanded: auipc r 6 0x0

Cycle         38 ----------------------------------------------------
pc: 00000280 inst: (01430313) expanded: addi r 6 = r 6 0x14

Cycle         39 ----------------------------------------------------
pc: 00000284 inst: (00000013) expanded: addi r 0 = r 0 0x0

Cycle         40 ----------------------------------------------------
pc: 00000288 inst: (000309e7) expanded: jalr r19 [r 6 0x0]

Cycle         41 ----------------------------------------------------
pc: 00000290 inst: (00120213) expanded: addi r 4 = r 4 0x1

Cycle         42 ----------------------------------------------------
pc: 00000294 inst: (00200293) expanded: addi r 5 = r 0 0x2

Cycle         43 ----------------------------------------------------
pc: 00000298 inst: (fe5212e3) expanded: bne r 4 r 5 0xffffffe4

Cycle         44 ----------------------------------------------------
pc: 0000029c inst: (00600e13) expanded: addi r28 = r 0 0x6

Cycle         45 ----------------------------------------------------
pc: 000002a0 inst: (00000213) expanded: addi r 4 = r 0 0x0

Cycle         46 ----------------------------------------------------
pc: 000002a4 inst: (00000317) expanded: auipc r 6 0x0

Cycle         47 ----------------------------------------------------
pc: 000002a8 inst: (01830313) expanded: addi r 6 = r 6 0x18

Cycle         48 ----------------------------------------------------
pc: 000002ac inst: (00000013) expanded: addi r 0 = r 0 0x0

Cycle         49 ----------------------------------------------------
pc: 000002b0 inst: (00000013) expanded: addi r 0 = r 0 0x0

Cycle         50 ----------------------------------------------------
pc: 000002b4 inst: (000309e7) expanded: jalr r19 [r 6 0x0]

Cycle         51 ----------------------------------------------------
pc: 000002bc inst: (00120213) expanded: addi r 4 = r 4 0x1

Cycle         52 ----------------------------------------------------
pc: 000002c0 inst: (00200293) expanded: addi r 5 = r 0 0x2

Cycle         53 ----------------------------------------------------
pc: 000002c4 inst: (fe5210e3) expanded: bne r 4 r 5 0xffffffe0

Cycle         54 ----------------------------------------------------
pc: 000002a4 inst: (00000317) expanded: auipc r 6 0x0

Cycle         55 ----------------------------------------------------
pc: 000002a8 inst: (01830313) expanded: addi r 6 = r 6 0x18

Cycle         56 ----------------------------------------------------
pc: 000002ac inst: (00000013) expanded: addi r 0 = r 0 0x0

Cycle         57 ----------------------------------------------------
pc: 000002b0 inst: (00000013) expanded: addi r 0 = r 0 0x0

Cycle         58 ----------------------------------------------------
pc: 000002b4 inst: (000309e7) expanded: jalr r19 [r 6 0x0]

Cycle         59 ----------------------------------------------------
pc: 000002bc inst: (00120213) expanded: addi r 4 = r 4 0x1

Cycle         60 ----------------------------------------------------
pc: 000002c0 inst: (00200293) expanded: addi r 5 = r 0 0x2

Cycle         61 ----------------------------------------------------
pc: 000002c4 inst: (fe5210e3) expanded: bne r 4 r 5 0xffffffe0

Cycle         62 ----------------------------------------------------
pc: 000002c8 inst: (00100093) expanded: addi r 1 = r 0 0x1

Cycle         63 ----------------------------------------------------
pc: 000002cc inst: (00000117) expanded: auipc r 2 0x0

Cycle         64 ----------------------------------------------------
pc: 000002d0 inst: (01c10113) expanded: addi r 2 = r 2 0x1c

Cycle         65 ----------------------------------------------------
pc: 000002d4 inst: (ffc109e7) expanded: jalr r19 [r 2 0xfffffffc]

Cycle         66 ----------------------------------------------------
pc: 000002e4 inst: (00108093) expanded: addi r 1 = r 1 0x1

Cycle         67 ----------------------------------------------------
pc: 000002e8 inst: (00108093) expanded: addi r 1 = r 1 0x1

Cycle         68 ----------------------------------------------------
pc: 000002ec inst: (00108093) expanded: addi r 1 = r 1 0x1

Cycle         69 ----------------------------------------------------
pc: 000002f0 inst: (00400e93) expanded: addi r29 = r 0 0x4

Cycle         70 ----------------------------------------------------
pc: 000002f4 inst: (00700e13) expanded: addi r28 = r 0 0x7

Cycle         71 ----------------------------------------------------
pc: 000002f8 inst: (01d09663) expanded: bne r 1 r29 0xc

Cycle         72 ----------------------------------------------------
pc: 000002fc inst: (01c01663) expanded: bne r 0 r28 0xc

Cycle         73 ----------------------------------------------------
pc: 00000308 inst: (00000e13) expanded: addi r28 = r 0 0x0

Cycle         74 ----------------------------------------------------
pc: 0000030c inst: (0040006f) expanded: jal r 0 0x4

Cycle         75 ----------------------------------------------------
pc: 00000310 inst: (c0002573) expanded: csrrs r10 csr0xc00 r 0

Cycle         76 ----------------------------------------------------
pc: 00000314 inst: (c02025f3) expanded: csrrs r11 csr0xc02 r 0

Cycle         77 ----------------------------------------------------
pc: 00000318 inst: (01051613) expanded: slli r12 = r10 0x10

Cycle         78 ----------------------------------------------------
pc: 0000031c inst: (01065613) expanded: srli r12 = r12 0x10

Cycle         79 ----------------------------------------------------
pc: 00000320 inst: (000206b7) expanded: lui r13 0x20000

Cycle         80 ----------------------------------------------------
pc: 00000324 inst: (00d666b3) expanded: or r13 = r12 r13

Cycle         81 ----------------------------------------------------
pc: 00000328 inst: (78069073) expanded: csrrw r 0 csr0x780 r13

Cycle         82 ----------------------------------------------------
pc: 0000032c inst: (01055613) expanded: srli r12 = r10 0x10

Cycle         83 ----------------------------------------------------
pc: 00000330 inst: (000306b7) expanded: lui r13 0x30000

Cycle         84 ----------------------------------------------------
pc: 00000334 inst: (00d666b3) expanded: or r13 = r12 r13

Cycle         85 ----------------------------------------------------
pc: 00000338 inst: (78069073) expanded: csrrw r 0 csr0x780 r13

Cycle         86 ----------------------------------------------------
pc: 0000033c inst: (00010637) expanded: lui r12 0x10000

Cycle         87 ----------------------------------------------------
pc: 00000340 inst: (00a60613) expanded: addi r12 = r12 0xa

Cycle         88 ----------------------------------------------------
pc: 00000344 inst: (78061073) expanded: csrrw r 0 csr0x780 r12

Cycle         89 ----------------------------------------------------
pc: 00000348 inst: (01059613) expanded: slli r12 = r11 0x10

Cycle         90 ----------------------------------------------------
pc: 0000034c inst: (01065613) expanded: srli r12 = r12 0x10

Cycle         91 ----------------------------------------------------
pc: 00000350 inst: (000201b7) expanded: lui r 3 0x20000

Cycle         92 ----------------------------------------------------
pc: 00000354 inst: (003661b3) expanded: or r 3 = r12 r 3

Cycle         93 ----------------------------------------------------
pc: 00000358 inst: (78019073) expanded: csrrw r 0 csr0x780 r 3

Cycle         94 ----------------------------------------------------
pc: 0000035c inst: (0105d613) expanded: srli r12 = r11 0x10

Cycle         95 ----------------------------------------------------
pc: 00000360 inst: (000301b7) expanded: lui r 3 0x30000

Cycle         96 ----------------------------------------------------
pc: 00000364 inst: (003661b3) expanded: or r 3 = r12 r 3

Cycle         97 ----------------------------------------------------
pc: 00000368 inst: (78019073) expanded: csrrw r 0 csr0x780 r 3

Cycle         98 ----------------------------------------------------
pc: 0000036c inst: (00010637) expanded: lui r12 0x10000

Cycle         99 ----------------------------------------------------
pc: 00000370 inst: (00a60613) expanded: addi r12 = r12 0xa

Cycle        100 ----------------------------------------------------
pc: 00000374 inst: (78061073) expanded: csrrw r 0 csr0x780 r12

Cycle        101 ----------------------------------------------------
pc: 00000378 inst: (780e1073) expanded: csrrw r 0 csr0x780 r28

Cycle        102 ----------------------------------------------------
pc: 0000037c inst: (0000006f) expanded: jal r 0 0x0

Cycle        103 ----------------------------------------------------
pc: 0000037c inst: (0000006f) expanded: jal r 0 0x0

Cycle        104 ----------------------------------------------------
pc: 0000037c inst: (0000006f) expanded: jal r 0 0x0

Cycle        105 ----------------------------------------------------
pc: 0000037c inst: (0000006f) expanded: jal r 0 0x0

Cycle        106 ----------------------------------------------------
pc: 0000037c inst: (0000006f) expanded: jal r 0 0x0

Cycle        107 ----------------------------------------------------
pc: 0000037c inst: (0000006f) expanded: jal r 0 0x0

Cycle        108 ----------------------------------------------------
pc: 0000037c inst: (0000006f) expanded: jal r 0 0x0

Cycle        109 ----------------------------------------------------
pc: 0000037c inst: (0000006f) expanded: jal r 0 0x0

Cycle        110 ----------------------------------------------------
pc: 0000037c inst: (0000006f) expanded: jal r 0 0x0

Cycle        111 ----------------------------------------------------
pc: 0000037c inst: (0000006f) expanded: jal r 0 0x0

Cycle        112 ----------------------------------------------------
pc: 0000037c inst: (0000006f) expanded: jal r 0 0x0

Cycle        113 ----------------------------------------------------
pc: 0000037c inst: (0000006f) expanded: jal r 0 0x0

Cycle        114 ----------------------------------------------------
pc: 0000037c inst: (0000006f) expanded: jal r 0 0x0

Cycle        115 ----------------------------------------------------
pc: 0000037c inst: (0000006f) expanded: jal r 0 0x0

Cycle        116 ----------------------------------------------------
pc: 0000037c inst: (0000006f) expanded: jal r 0 0x0

Cycle        117 ----------------------------------------------------
pc: 0000037c inst: (0000006f) expanded: jal r 0 0x0

Cycle        118 ----------------------------------------------------
pc: 0000037c inst: (0000006f) expanded: jal r 0 0x0

Cycle        119 ----------------------------------------------------
pc: 0000037c inst: (0000006f) expanded: jal r 0 0x0

Cycle        120 ----------------------------------------------------
pc: 0000037c inst: (0000006f) expanded: jal r 0 0x0

Cycle        121 ----------------------------------------------------
pc: 0000037c inst: (0000006f) expanded: jal r 0 0x0

Cycle        122 ----------------------------------------------------
pc: 0000037c inst: (0000006f) expanded: jal r 0 0x0

Cycle        123 ----------------------------------------------------
pc: 0000037c inst: (0000006f) expanded: jal r 0 0x0

Cycle        124 ----------------------------------------------------
pc: 0000037c inst: (0000006f) expanded: jal r 0 0x0

Cycle        125 ----------------------------------------------------
pc: 0000037c inst: (0000006f) expanded: jal r 0 0x0

Cycle        126 ----------------------------------------------------
pc: 0000037c inst: (0000006f) expanded: jal r 0 0x0

Cycle        127 ----------------------------------------------------
pc: 0000037c inst: (0000006f) expanded: jal r 0 0x0

Cycle        128 ----------------------------------------------------
pc: 0000037c inst: (0000006f) expanded: jal r 0 0x0

Cycle        129 ----------------------------------------------------
pc: 0000037c inst: (0000006f) expanded: jal r 0 0x0

Cycle        130 ----------------------------------------------------
pc: 0000037c inst: (0000006f) expanded: jal r 0 0x0

Cycle        131 ----------------------------------------------------
pc: 0000037c inst: (0000006f) expanded: jal r 0 0x0

Cycle        132 ----------------------------------------------------
pc: 0000037c inst: (0000006f) expanded: jal r 0 0x0

Cycle        133 ----------------------------------------------------
pc: 0000037c inst: (0000006f) expanded: jal r 0 0x0

Cycle        134 ----------------------------------------------------
pc: 0000037c inst: (0000006f) expanded: jal r 0 0x0

Cycle        135 ----------------------------------------------------
pc: 0000037c inst: (0000006f) expanded: jal r 0 0x0

Cycle        136 ----------------------------------------------------
pc: 0000037c inst: (0000006f) expanded: jal r 0 0x0

Cycle        137 ----------------------------------------------------
pc: 0000037c inst: (0000006f) expanded: jal r 0 0x0

Cycle        138 ----------------------------------------------------
pc: 0000037c inst: (0000006f) expanded: jal r 0 0x0

Cycle        139 ----------------------------------------------------
pc: 0000037c inst: (0000006f) expanded: jal r 0 0x0

Cycle        140 ----------------------------------------------------
pc: 0000037c inst: (0000006f) expanded: jal r 0 0x0

Cycle        141 ----------------------------------------------------
pc: 0000037c inst: (0000006f) expanded: jal r 0 0x0

Cycle        142 ----------------------------------------------------
pc: 0000037c inst: (0000006f) expanded: jal r 0 0x0

Cycle        143 ----------------------------------------------------
pc: 0000037c inst: (0000006f) expanded: jal r 0 0x0

Cycle        144 ----------------------------------------------------
pc: 0000037c inst: (0000006f) expanded: jal r 0 0x0

Cycle        145 ----------------------------------------------------
pc: 0000037c inst: (0000006f) expanded: jal r 0 0x0

Cycle        146 ----------------------------------------------------
pc: 0000037c inst: (0000006f) expanded: jal r 0 0x0

Cycle        147 ----------------------------------------------------
pc: 0000037c inst: (0000006f) expanded: jal r 0 0x0

Cycle        148 ----------------------------------------------------
pc: 0000037c inst: (0000006f) expanded: jal r 0 0x0

Cycle        149 ----------------------------------------------------
pc: 0000037c inst: (0000006f) expanded: jal r 0 0x0

Cycle        150 ----------------------------------------------------
pc: 0000037c inst: (0000006f) expanded: jal r 0 0x0

Cycle        151 ----------------------------------------------------
pc: 0000037c inst: (0000006f) expanded: jal r 0 0x0

Cycle        152 ----------------------------------------------------
pc: 0000037c inst: (0000006f) expanded: jal r 0 0x0

Cycle        153 ----------------------------------------------------
pc: 0000037c inst: (0000006f) expanded: jal r 0 0x0

Cycle        154 ----------------------------------------------------
pc: 0000037c inst: (0000006f) expanded: jal r 0 0x0

Cycle        155 ----------------------------------------------------
pc: 0000037c inst: (0000006f) expanded: jal r 0 0x0

Cycle        156 ----------------------------------------------------
pc: 0000037c inst: (0000006f) expanded: jal r 0 0x0

Cycle        157 ----------------------------------------------------
pc: 0000037c inst: (0000006f) expanded: jal r 0 0x0

Cycle        158 ----------------------------------------------------
pc: 0000037c inst: (0000006f) expanded: jal r 0 0x0

Cycle        159 ----------------------------------------------------
pc: 0000037c inst: (0000006f) expanded: jal r 0 0x0

Cycle        160 ----------------------------------------------------
pc: 0000037c inst: (0000006f) expanded: jal r 0 0x0

Cycle        161 ----------------------------------------------------
pc: 0000037c inst: (0000006f) expanded: jal r 0 0x0

Cycle        162 ----------------------------------------------------
pc: 0000037c inst: (0000006f) expanded: jal r 0 0x0

Cycle        163 ----------------------------------------------------
pc: 0000037c inst: (0000006f) expanded: jal r 0 0x0

Cycle        164 ----------------------------------------------------
pc: 0000037c inst: (0000006f) expanded: jal r 0 0x0

Cycle        165 ----------------------------------------------------
pc: 0000037c inst: (0000006f) expanded: jal r 0 0x0

Cycle        166 ----------------------------------------------------
pc: 0000037c inst: (0000006f) expanded: jal r 0 0x0

Cycle        167 ----------------------------------------------------
pc: 0000037c inst: (0000006f) expanded: jal r 0 0x0

Cycle        168 ----------------------------------------------------
pc: 0000037c inst: (0000006f) expanded: jal r 0 0x0

Cycle        169 ----------------------------------------------------
pc: 0000037c inst: (0000006f) expanded: jal r 0 0x0

Cycle        170 ----------------------------------------------------
pc: 0000037c inst: (0000006f) expanded: jal r 0 0x0

Cycle        171 ----------------------------------------------------
pc: 0000037c inst: (0000006f) expanded: jal r 0 0x0

Cycle        172 ----------------------------------------------------
pc: 0000037c inst: (0000006f) expanded: jal r 0 0x0

Cycle        173 ----------------------------------------------------
pc: 0000037c inst: (0000006f) expanded: jal r 0 0x0

Cycle        174 ----------------------------------------------------
pc: 0000037c inst: (0000006f) expanded: jal r 0 0x0

Cycle        175 ----------------------------------------------------
pc: 0000037c inst: (0000006f) expanded: jal r 0 0x0

Cycle        176 ----------------------------------------------------
pc: 0000037c inst: (0000006f) expanded: jal r 0 0x0

Cycle        177 ----------------------------------------------------
pc: 0000037c inst: (0000006f) expanded: jal r 0 0x0

Cycle        178 ----------------------------------------------------
pc: 0000037c inst: (0000006f) expanded: jal r 0 0x0

Cycle        179 ----------------------------------------------------
pc: 0000037c inst: (0000006f) expanded: jal r 0 0x0

Cycle        180 ----------------------------------------------------
pc: 0000037c inst: (0000006f) expanded: jal r 0 0x0

Cycle        181 ----------------------------------------------------
pc: 0000037c inst: (0000006f) expanded: jal r 0 0x0

Cycle        182 ----------------------------------------------------
pc: 0000037c inst: (0000006f) expanded: jal r 0 0x0

Cycle        183 ----------------------------------------------------
pc: 0000037c inst: (0000006f) expanded: jal r 0 0x0

Cycle        184 ----------------------------------------------------
pc: 0000037c inst: (0000006f) expanded: jal r 0 0x0

Cycle        185 ----------------------------------------------------
pc: 0000037c inst: (0000006f) expanded: jal r 0 0x0

Cycle        186 ----------------------------------------------------
pc: 0000037c inst: (0000006f) expanded: jal r 0 0x0

Cycle        187 ----------------------------------------------------
pc: 0000037c inst: (0000006f) expanded: jal r 0 0x0

Cycle        188 ----------------------------------------------------
pc: 0000037c inst: (0000006f) expanded: jal r 0 0x0

Cycle        189 ----------------------------------------------------
pc: 0000037c inst: (0000006f) expanded: jal r 0 0x0

Cycle        190 ----------------------------------------------------
pc: 0000037c inst: (0000006f) expanded: jal r 0 0x0

Cycle        191 ----------------------------------------------------
pc: 0000037c inst: (0000006f) expanded: jal r 0 0x0

Cycle        192 ----------------------------------------------------
pc: 0000037c inst: (0000006f) expanded: jal r 0 0x0

Cycle        193 ----------------------------------------------------
pc: 0000037c inst: (0000006f) expanded: jal r 0 0x0

Cycle        194 ----------------------------------------------------
pc: 0000037c inst: (0000006f) expanded: jal r 0 0x0

Cycle        195 ----------------------------------------------------
pc: 0000037c inst: (0000006f) expanded: jal r 0 0x0

Cycle        196 ----------------------------------------------------
pc: 0000037c inst: (0000006f) expanded: jal r 0 0x0

Cycle        197 ----------------------------------------------------
pc: 0000037c inst: (0000006f) expanded: jal r 0 0x0

Cycle        198 ----------------------------------------------------
pc: 0000037c inst: (0000006f) expanded: jal r 0 0x0

Cycle        199 ----------------------------------------------------
pc: 0000037c inst: (0000006f) expanded: jal r 0 0x0

Cycle        200 ----------------------------------------------------
pc: 0000037c inst: (0000006f) expanded: jal r 0 0x0

Cycle        201 ----------------------------------------------------
pc: 0000037c inst: (0000006f) expanded: jal r 0 0x0

Cycle        202 ----------------------------------------------------
pc: 0000037c inst: (0000006f) expanded: jal r 0 0x0

Cycle        203 ----------------------------------------------------
pc: 0000037c inst: (0000006f) expanded: jal r 0 0x0

Cycle        204 ----------------------------------------------------
pc: 0000037c inst: (0000006f) expanded: jal r 0 0x0

Cycle        205 ----------------------------------------------------
pc: 0000037c inst: (0000006f) expanded: jal r 0 0x0

Cycle        206 ----------------------------------------------------
pc: 0000037c inst: (0000006f) expanded: jal r 0 0x0

Cycle        207 ----------------------------------------------------
pc: 0000037c inst: (0000006f) expanded: jal r 0 0x0

Cycle        208 ----------------------------------------------------
pc: 0000037c inst: (0000006f) expanded: jal r 0 0x0

Cycle        209 ----------------------------------------------------
pc: 0000037c inst: (0000006f) expanded: jal r 0 0x0

Cycle        210 ----------------------------------------------------
pc: 0000037c inst: (0000006f) expanded: jal r 0 0x0

Cycle        211 ----------------------------------------------------
pc: 0000037c inst: (0000006f) expanded: jal r 0 0x0

Cycle        212 ----------------------------------------------------
pc: 0000037c inst: (0000006f) expanded: jal r 0 0x0

Cycle        213 ----------------------------------------------------
pc: 0000037c inst: (0000006f) expanded: jal r 0 0x0

Cycle        214 ----------------------------------------------------
pc: 0000037c inst: (0000006f) expanded: jal r 0 0x0

Cycle        215 ----------------------------------------------------
pc: 0000037c inst: (0000006f) expanded: jal r 0 0x0

Cycle        216 ----------------------------------------------------
pc: 0000037c inst: (0000006f) expanded: jal r 0 0x0

Cycle        217 ----------------------------------------------------
pc: 0000037c inst: (0000006f) expanded: jal r 0 0x0

Cycle        218 ----------------------------------------------------
pc: 0000037c inst: (0000006f) expanded: jal r 0 0x0

Cycle        219 ----------------------------------------------------
pc: 0000037c inst: (0000006f) expanded: jal r 0 0x0

Cycle        220 ----------------------------------------------------
pc: 0000037c inst: (0000006f) expanded: jal r 0 0x0

Cycle        221 ----------------------------------------------------
pc: 0000037c inst: (0000006f) expanded: jal r 0 0x0

Cycle        222 ----------------------------------------------------
pc: 0000037c inst: (0000006f) expanded: jal r 0 0x0

Cycle        223 ----------------------------------------------------
pc: 0000037c inst: (0000006f) expanded: jal r 0 0x0

Cycle        224 ----------------------------------------------------
pc: 0000037c inst: (0000006f) expanded: jal r 0 0x0

Cycle        225 ----------------------------------------------------
pc: 0000037c inst: (0000006f) expanded: jal r 0 0x0

Cycle        226 ----------------------------------------------------
pc: 0000037c inst: (0000006f) expanded: jal r 0 0x0

Cycle        227 ----------------------------------------------------
pc: 0000037c inst: (0000006f) expanded: jal r 0 0x0

Cycle        228 ----------------------------------------------------
pc: 0000037c inst: (0000006f) expanded: jal r 0 0x0

Cycle        229 ----------------------------------------------------
pc: 0000037c inst: (0000006f) expanded: jal r 0 0x0

Cycle        230 ----------------------------------------------------
pc: 0000037c inst: (0000006f) expanded: jal r 0 0x0

Cycle        231 ----------------------------------------------------
pc: 0000037c inst: (0000006f) expanded: jal r 0 0x0

Cycle        232 ----------------------------------------------------
pc: 0000037c inst: (0000006f) expanded: jal r 0 0x0

Cycle        233 ----------------------------------------------------
pc: 0000037c inst: (0000006f) expanded: jal r 0 0x0

Cycle        234 ----------------------------------------------------
pc: 0000037c inst: (0000006f) expanded: jal r 0 0x0

Cycle        235 ----------------------------------------------------
pc: 0000037c inst: (0000006f) expanded: jal r 0 0x0

Cycle        236 ----------------------------------------------------
pc: 0000037c inst: (0000006f) expanded: jal r 0 0x0

Cycle        237 ----------------------------------------------------
pc: 0000037c inst: (0000006f) expanded: jal r 0 0x0

Cycle        238 ----------------------------------------------------
pc: 0000037c inst: (0000006f) expanded: jal r 0 0x0

Cycle        239 ----------------------------------------------------
pc: 0000037c inst: (0000006f) expanded: jal r 0 0x0

Cycle        240 ----------------------------------------------------
pc: 0000037c inst: (0000006f) expanded: jal r 0 0x0

Cycle        241 ----------------------------------------------------
pc: 0000037c inst: (0000006f) expanded: jal r 0 0x0

Cycle        242 ----------------------------------------------------
pc: 0000037c inst: (0000006f) expanded: jal r 0 0x0

Cycle        243 ----------------------------------------------------
pc: 0000037c inst: (0000006f) expanded: jal r 0 0x0

Cycle        244 ----------------------------------------------------
pc: 0000037c inst: (0000006f) expanded: jal r 0 0x0

Cycle        245 ----------------------------------------------------
pc: 0000037c inst: (0000006f) expanded: jal r 0 0x0

Cycle        246 ----------------------------------------------------
pc: 0000037c inst: (0000006f) expanded: jal r 0 0x0

Cycle        247 ----------------------------------------------------
pc: 0000037c inst: (0000006f) expanded: jal r 0 0x0

Cycle        248 ----------------------------------------------------
pc: 0000037c inst: (0000006f) expanded: jal r 0 0x0

Cycle        249 ----------------------------------------------------
pc: 0000037c inst: (0000006f) expanded: jal r 0 0x0

Cycle        250 ----------------------------------------------------
pc: 0000037c inst: (0000006f) expanded: jal r 0 0x0

Cycle        251 ----------------------------------------------------
pc: 0000037c inst: (0000006f) expanded: jal r 0 0x0

Cycle        252 ----------------------------------------------------
pc: 0000037c inst: (0000006f) expanded: jal r 0 0x0

Cycle        253 ----------------------------------------------------
pc: 0000037c inst: (0000006f) expanded: jal r 0 0x0

Cycle        254 ----------------------------------------------------
pc: 0000037c inst: (0000006f) expanded: jal r 0 0x0

Cycle        255 ----------------------------------------------------
pc: 0000037c inst: (0000006f) expanded: jal r 0 0x0

Cycle        256 ----------------------------------------------------
simulator calling $finish
