make -C bluesim --no-print-directory run
LD_PRELOAD=libSegFault.so SEGFAULT_USE_ALTSTACK=1 SEGFAULT_OUTPUT_NAME=bin/bsimexe-segv-output.txt  ./bin/ubuntu.exe ; retcode=$?; exit $retcode
Start testbench:
Warning: file 'mem.vmh' for memory 'mem' has a gap at addresses 0 to 127.
Warning: file 'mem.vmh' for memory 'mem' has a gap at addresses 1028 to 65535.
Warning: file 'mem.vmh' for memory 'mem' has a gap at addresses 0 to 127.
Warning: file 'mem.vmh' for memory 'mem' has a gap at addresses 1028 to 65535.
[init_xsim:61]
[init_xsim:61]
Processor startedXsimTop starting
Received software req to start pc

Start at pc 200

pc: 00000200 inst: (00001097) expanded: auipc r 1 0x1000

Cycle          0 ----------------------------------------------------
pc: 00000204 inst: (e0008093) expanded: addi r 1 = r 1 0xfffffe00

Cycle          1 ----------------------------------------------------
pc: 00000208 inst: (0000a183) expanded: lw r 3 = [r 1 0x0]

Cycle          2 ----------------------------------------------------
pc: 0000020c inst: (00ff0eb7) expanded: lui r29 0xff0000

Cycle          3 ----------------------------------------------------
pc: 00000210 inst: (0ffe8e93) expanded: addi r29 = r29 0xff

Cycle          4 ----------------------------------------------------
pc: 00000214 inst: (00200e13) expanded: addi r28 = r 0 0x2

Cycle          5 ----------------------------------------------------
pc: 00000218 inst: (27d19c63) expanded: bne r 3 r29 0x278

Cycle          6 ----------------------------------------------------
pc: 0000021c inst: (00001097) expanded: auipc r 1 0x1000

Cycle          7 ----------------------------------------------------
pc: 00000220 inst: (de408093) expanded: addi r 1 = r 1 0xfffffde4

Cycle          8 ----------------------------------------------------
pc: 00000224 inst: (0040a183) expanded: lw r 3 = [r 1 0x4]

Cycle          9 ----------------------------------------------------
pc: 00000228 inst: (ff010eb7) expanded: lui r29 0xff010000

Cycle         10 ----------------------------------------------------
pc: 0000022c inst: (f00e8e93) expanded: addi r29 = r29 0xffffff00

Cycle         11 ----------------------------------------------------
pc: 00000230 inst: (00300e13) expanded: addi r28 = r 0 0x3

Cycle         12 ----------------------------------------------------
pc: 00000234 inst: (25d19e63) expanded: bne r 3 r29 0x25c

Cycle         13 ----------------------------------------------------
pc: 00000238 inst: (00001097) expanded: auipc r 1 0x1000

Cycle         14 ----------------------------------------------------
pc: 0000023c inst: (dc808093) expanded: addi r 1 = r 1 0xfffffdc8

Cycle         15 ----------------------------------------------------
pc: 00000240 inst: (0080a183) expanded: lw r 3 = [r 1 0x8]

Cycle         16 ----------------------------------------------------
pc: 00000244 inst: (0ff01eb7) expanded: lui r29 0xff01000

Cycle         17 ----------------------------------------------------
pc: 00000248 inst: (ff0e8e93) expanded: addi r29 = r29 0xfffffff0

Cycle         18 ----------------------------------------------------
pc: 0000024c inst: (00400e13) expanded: addi r28 = r 0 0x4

Cycle         19 ----------------------------------------------------
pc: 00000250 inst: (25d19063) expanded: bne r 3 r29 0x240

Cycle         20 ----------------------------------------------------
pc: 00000254 inst: (00001097) expanded: auipc r 1 0x1000

Cycle         21 ----------------------------------------------------
pc: 00000258 inst: (dac08093) expanded: addi r 1 = r 1 0xfffffdac

Cycle         22 ----------------------------------------------------
pc: 0000025c inst: (00c0a183) expanded: lw r 3 = [r 1 0xc]

Cycle         23 ----------------------------------------------------
pc: 00000260 inst: (f00ffeb7) expanded: lui r29 0xf00ff000

Cycle         24 ----------------------------------------------------
pc: 00000264 inst: (00fe8e93) expanded: addi r29 = r29 0xf

Cycle         25 ----------------------------------------------------
pc: 00000268 inst: (00500e13) expanded: addi r28 = r 0 0x5

Cycle         26 ----------------------------------------------------
pc: 0000026c inst: (23d19263) expanded: bne r 3 r29 0x224

Cycle         27 ----------------------------------------------------
pc: 00000270 inst: (00001097) expanded: auipc r 1 0x1000

Cycle         28 ----------------------------------------------------
pc: 00000274 inst: (d9c08093) expanded: addi r 1 = r 1 0xfffffd9c

Cycle         29 ----------------------------------------------------
pc: 00000278 inst: (ff40a183) expanded: lw r 3 = [r 1 0xfffffff4]

Cycle         30 ----------------------------------------------------
pc: 0000027c inst: (00ff0eb7) expanded: lui r29 0xff0000

Cycle         31 ----------------------------------------------------
pc: 00000280 inst: (0ffe8e93) expanded: addi r29 = r29 0xff

Cycle         32 ----------------------------------------------------
pc: 00000284 inst: (00600e13) expanded: addi r28 = r 0 0x6

Cycle         33 ----------------------------------------------------
pc: 00000288 inst: (21d19463) expanded: bne r 3 r29 0x208

Cycle         34 ----------------------------------------------------
pc: 0000028c inst: (00001097) expanded: auipc r 1 0x1000

Cycle         35 ----------------------------------------------------
pc: 00000290 inst: (d8008093) expanded: addi r 1 = r 1 0xfffffd80

Cycle         36 ----------------------------------------------------
pc: 00000294 inst: (ff80a183) expanded: lw r 3 = [r 1 0xfffffff8]

Cycle         37 ----------------------------------------------------
pc: 00000298 inst: (ff010eb7) expanded: lui r29 0xff010000

Cycle         38 ----------------------------------------------------
pc: 0000029c inst: (f00e8e93) expanded: addi r29 = r29 0xffffff00

Cycle         39 ----------------------------------------------------
pc: 000002a0 inst: (00700e13) expanded: addi r28 = r 0 0x7

Cycle         40 ----------------------------------------------------
pc: 000002a4 inst: (1fd19663) expanded: bne r 3 r29 0x1ec

Cycle         41 ----------------------------------------------------
pc: 000002a8 inst: (00001097) expanded: auipc r 1 0x1000

Cycle         42 ----------------------------------------------------
pc: 000002ac inst: (d6408093) expanded: addi r 1 = r 1 0xfffffd64

Cycle         43 ----------------------------------------------------
pc: 000002b0 inst: (ffc0a183) expanded: lw r 3 = [r 1 0xfffffffc]

Cycle         44 ----------------------------------------------------
pc: 000002b4 inst: (0ff01eb7) expanded: lui r29 0xff01000

Cycle         45 ----------------------------------------------------
pc: 000002b8 inst: (ff0e8e93) expanded: addi r29 = r29 0xfffffff0

Cycle         46 ----------------------------------------------------
pc: 000002bc inst: (00800e13) expanded: addi r28 = r 0 0x8

Cycle         47 ----------------------------------------------------
pc: 000002c0 inst: (1dd19863) expanded: bne r 3 r29 0x1d0

Cycle         48 ----------------------------------------------------
pc: 000002c4 inst: (00001097) expanded: auipc r 1 0x1000

Cycle         49 ----------------------------------------------------
pc: 000002c8 inst: (d4808093) expanded: addi r 1 = r 1 0xfffffd48

Cycle         50 ----------------------------------------------------
pc: 000002cc inst: (0000a183) expanded: lw r 3 = [r 1 0x0]

Cycle         51 ----------------------------------------------------
pc: 000002d0 inst: (f00ffeb7) expanded: lui r29 0xf00ff000

Cycle         52 ----------------------------------------------------
pc: 000002d4 inst: (00fe8e93) expanded: addi r29 = r29 0xf

Cycle         53 ----------------------------------------------------
pc: 000002d8 inst: (00900e13) expanded: addi r28 = r 0 0x9

Cycle         54 ----------------------------------------------------
pc: 000002dc inst: (1bd19a63) expanded: bne r 3 r29 0x1b4

Cycle         55 ----------------------------------------------------
pc: 000002e0 inst: (00001097) expanded: auipc r 1 0x1000

Cycle         56 ----------------------------------------------------
pc: 000002e4 inst: (d2008093) expanded: addi r 1 = r 1 0xfffffd20

Cycle         57 ----------------------------------------------------
pc: 000002e8 inst: (fe008093) expanded: addi r 1 = r 1 0xffffffe0

Cycle         58 ----------------------------------------------------
pc: 000002ec inst: (0200a183) expanded: lw r 3 = [r 1 0x20]

Cycle         59 ----------------------------------------------------
pc: 000002f0 inst: (00ff0eb7) expanded: lui r29 0xff0000

Cycle         60 ----------------------------------------------------
pc: 000002f4 inst: (0ffe8e93) expanded: addi r29 = r29 0xff

Cycle         61 ----------------------------------------------------
pc: 000002f8 inst: (00a00e13) expanded: addi r28 = r 0 0xa

Cycle         62 ----------------------------------------------------
pc: 000002fc inst: (19d19a63) expanded: bne r 3 r29 0x194

Cycle         63 ----------------------------------------------------
pc: 00000300 inst: (00001097) expanded: auipc r 1 0x1000

Cycle         64 ----------------------------------------------------
pc: 00000304 inst: (d0008093) expanded: addi r 1 = r 1 0xfffffd00

Cycle         65 ----------------------------------------------------
pc: 00000308 inst: (ffd08093) expanded: addi r 1 = r 1 0xfffffffd

Cycle         66 ----------------------------------------------------
pc: 0000030c inst: (0070a183) expanded: lw r 3 = [r 1 0x7]

Cycle         67 ----------------------------------------------------
pc: 00000310 inst: (ff010eb7) expanded: lui r29 0xff010000

Cycle         68 ----------------------------------------------------
pc: 00000314 inst: (f00e8e93) expanded: addi r29 = r29 0xffffff00

Cycle         69 ----------------------------------------------------
pc: 00000318 inst: (00b00e13) expanded: addi r28 = r 0 0xb

Cycle         70 ----------------------------------------------------
pc: 0000031c inst: (17d19a63) expanded: bne r 3 r29 0x174

Cycle         71 ----------------------------------------------------
pc: 00000320 inst: (00c00e13) expanded: addi r28 = r 0 0xc

Cycle         72 ----------------------------------------------------
pc: 00000324 inst: (00000213) expanded: addi r 4 = r 0 0x0

Cycle         73 ----------------------------------------------------
pc: 00000328 inst: (00001097) expanded: auipc r 1 0x1000

Cycle         74 ----------------------------------------------------
pc: 0000032c inst: (cdc08093) expanded: addi r 1 = r 1 0xfffffcdc

Cycle         75 ----------------------------------------------------
pc: 00000330 inst: (0040a183) expanded: lw r 3 = [r 1 0x4]

Cycle         76 ----------------------------------------------------
pc: 00000334 inst: (00018313) expanded: addi r 6 = r 3 0x0

Cycle         77 ----------------------------------------------------
pc: 00000338 inst: (0ff01eb7) expanded: lui r29 0xff01000

Cycle         78 ----------------------------------------------------
pc: 0000033c inst: (ff0e8e93) expanded: addi r29 = r29 0xfffffff0

Cycle         79 ----------------------------------------------------
pc: 00000340 inst: (15d31863) expanded: bne r 6 r29 0x150

Cycle         80 ----------------------------------------------------
pc: 00000344 inst: (00120213) expanded: addi r 4 = r 4 0x1

Cycle         81 ----------------------------------------------------
pc: 00000348 inst: (00200293) expanded: addi r 5 = r 0 0x2

Cycle         82 ----------------------------------------------------
pc: 0000034c inst: (fc521ee3) expanded: bne r 4 r 5 0xffffffdc

Cycle         83 ----------------------------------------------------
pc: 00000328 inst: (00001097) expanded: auipc r 1 0x1000

Cycle         84 ----------------------------------------------------
pc: 0000032c inst: (cdc08093) expanded: addi r 1 = r 1 0xfffffcdc

Cycle         85 ----------------------------------------------------
pc: 00000330 inst: (0040a183) expanded: lw r 3 = [r 1 0x4]

Cycle         86 ----------------------------------------------------
pc: 00000334 inst: (00018313) expanded: addi r 6 = r 3 0x0

Cycle         87 ----------------------------------------------------
pc: 00000338 inst: (0ff01eb7) expanded: lui r29 0xff01000

Cycle         88 ----------------------------------------------------
pc: 0000033c inst: (ff0e8e93) expanded: addi r29 = r29 0xfffffff0

Cycle         89 ----------------------------------------------------
pc: 00000340 inst: (15d31863) expanded: bne r 6 r29 0x150

Cycle         90 ----------------------------------------------------
pc: 00000344 inst: (00120213) expanded: addi r 4 = r 4 0x1

Cycle         91 ----------------------------------------------------
pc: 00000348 inst: (00200293) expanded: addi r 5 = r 0 0x2

Cycle         92 ----------------------------------------------------
pc: 0000034c inst: (fc521ee3) expanded: bne r 4 r 5 0xffffffdc

Cycle         93 ----------------------------------------------------
pc: 00000350 inst: (00d00e13) expanded: addi r28 = r 0 0xd

Cycle         94 ----------------------------------------------------
pc: 00000354 inst: (00000213) expanded: addi r 4 = r 0 0x0

Cycle         95 ----------------------------------------------------
pc: 00000358 inst: (00001097) expanded: auipc r 1 0x1000

Cycle         96 ----------------------------------------------------
pc: 0000035c inst: (cb008093) expanded: addi r 1 = r 1 0xfffffcb0

Cycle         97 ----------------------------------------------------
pc: 00000360 inst: (0040a183) expanded: lw r 3 = [r 1 0x4]

Cycle         98 ----------------------------------------------------
pc: 00000364 inst: (00000013) expanded: addi r 0 = r 0 0x0

Cycle         99 ----------------------------------------------------
pc: 00000368 inst: (00018313) expanded: addi r 6 = r 3 0x0

Cycle        100 ----------------------------------------------------
pc: 0000036c inst: (f00ffeb7) expanded: lui r29 0xf00ff000

Cycle        101 ----------------------------------------------------
pc: 00000370 inst: (00fe8e93) expanded: addi r29 = r29 0xf

Cycle        102 ----------------------------------------------------
pc: 00000374 inst: (11d31e63) expanded: bne r 6 r29 0x11c

Cycle        103 ----------------------------------------------------
pc: 00000378 inst: (00120213) expanded: addi r 4 = r 4 0x1

Cycle        104 ----------------------------------------------------
pc: 0000037c inst: (00200293) expanded: addi r 5 = r 0 0x2

Cycle        105 ----------------------------------------------------
pc: 00000380 inst: (fc521ce3) expanded: bne r 4 r 5 0xffffffd8

Cycle        106 ----------------------------------------------------
pc: 00000358 inst: (00001097) expanded: auipc r 1 0x1000

Cycle        107 ----------------------------------------------------
pc: 0000035c inst: (cb008093) expanded: addi r 1 = r 1 0xfffffcb0

Cycle        108 ----------------------------------------------------
pc: 00000360 inst: (0040a183) expanded: lw r 3 = [r 1 0x4]

Cycle        109 ----------------------------------------------------
pc: 00000364 inst: (00000013) expanded: addi r 0 = r 0 0x0

Cycle        110 ----------------------------------------------------
pc: 00000368 inst: (00018313) expanded: addi r 6 = r 3 0x0

Cycle        111 ----------------------------------------------------
pc: 0000036c inst: (f00ffeb7) expanded: lui r29 0xf00ff000

Cycle        112 ----------------------------------------------------
pc: 00000370 inst: (00fe8e93) expanded: addi r29 = r29 0xf

Cycle        113 ----------------------------------------------------
pc: 00000374 inst: (11d31e63) expanded: bne r 6 r29 0x11c

Cycle        114 ----------------------------------------------------
pc: 00000378 inst: (00120213) expanded: addi r 4 = r 4 0x1

Cycle        115 ----------------------------------------------------
pc: 0000037c inst: (00200293) expanded: addi r 5 = r 0 0x2

Cycle        116 ----------------------------------------------------
pc: 00000380 inst: (fc521ce3) expanded: bne r 4 r 5 0xffffffd8

Cycle        117 ----------------------------------------------------
pc: 00000384 inst: (00e00e13) expanded: addi r28 = r 0 0xe

Cycle        118 ----------------------------------------------------
pc: 00000388 inst: (00000213) expanded: addi r 4 = r 0 0x0

Cycle        119 ----------------------------------------------------
pc: 0000038c inst: (00001097) expanded: auipc r 1 0x1000

Cycle        120 ----------------------------------------------------
pc: 00000390 inst: (c7408093) expanded: addi r 1 = r 1 0xfffffc74

Cycle        121 ----------------------------------------------------
pc: 00000394 inst: (0040a183) expanded: lw r 3 = [r 1 0x4]

Cycle        122 ----------------------------------------------------
pc: 00000398 inst: (00000013) expanded: addi r 0 = r 0 0x0

Cycle        123 ----------------------------------------------------
pc: 0000039c inst: (00000013) expanded: addi r 0 = r 0 0x0

Cycle        124 ----------------------------------------------------
pc: 000003a0 inst: (00018313) expanded: addi r 6 = r 3 0x0

Cycle        125 ----------------------------------------------------
pc: 000003a4 inst: (ff010eb7) expanded: lui r29 0xff010000

Cycle        126 ----------------------------------------------------
pc: 000003a8 inst: (f00e8e93) expanded: addi r29 = r29 0xffffff00

Cycle        127 ----------------------------------------------------
pc: 000003ac inst: (0fd31263) expanded: bne r 6 r29 0xe4

Cycle        128 ----------------------------------------------------
pc: 000003b0 inst: (00120213) expanded: addi r 4 = r 4 0x1

Cycle        129 ----------------------------------------------------
pc: 000003b4 inst: (00200293) expanded: addi r 5 = r 0 0x2

Cycle        130 ----------------------------------------------------
pc: 000003b8 inst: (fc521ae3) expanded: bne r 4 r 5 0xffffffd4

Cycle        131 ----------------------------------------------------
pc: 0000038c inst: (00001097) expanded: auipc r 1 0x1000

Cycle        132 ----------------------------------------------------
pc: 00000390 inst: (c7408093) expanded: addi r 1 = r 1 0xfffffc74

Cycle        133 ----------------------------------------------------
pc: 00000394 inst: (0040a183) expanded: lw r 3 = [r 1 0x4]

Cycle        134 ----------------------------------------------------
pc: 00000398 inst: (00000013) expanded: addi r 0 = r 0 0x0

Cycle        135 ----------------------------------------------------
pc: 0000039c inst: (00000013) expanded: addi r 0 = r 0 0x0

Cycle        136 ----------------------------------------------------
pc: 000003a0 inst: (00018313) expanded: addi r 6 = r 3 0x0

Cycle        137 ----------------------------------------------------
pc: 000003a4 inst: (ff010eb7) expanded: lui r29 0xff010000

Cycle        138 ----------------------------------------------------
pc: 000003a8 inst: (f00e8e93) expanded: addi r29 = r29 0xffffff00

Cycle        139 ----------------------------------------------------
pc: 000003ac inst: (0fd31263) expanded: bne r 6 r29 0xe4

Cycle        140 ----------------------------------------------------
pc: 000003b0 inst: (00120213) expanded: addi r 4 = r 4 0x1

Cycle        141 ----------------------------------------------------
pc: 000003b4 inst: (00200293) expanded: addi r 5 = r 0 0x2

Cycle        142 ----------------------------------------------------
pc: 000003b8 inst: (fc521ae3) expanded: bne r 4 r 5 0xffffffd4

Cycle        143 ----------------------------------------------------
pc: 000003bc inst: (00f00e13) expanded: addi r28 = r 0 0xf

Cycle        144 ----------------------------------------------------
pc: 000003c0 inst: (00000213) expanded: addi r 4 = r 0 0x0

Cycle        145 ----------------------------------------------------
pc: 000003c4 inst: (00001097) expanded: auipc r 1 0x1000

Cycle        146 ----------------------------------------------------
pc: 000003c8 inst: (c4008093) expanded: addi r 1 = r 1 0xfffffc40

Cycle        147 ----------------------------------------------------
pc: 000003cc inst: (0040a183) expanded: lw r 3 = [r 1 0x4]

Cycle        148 ----------------------------------------------------
pc: 000003d0 inst: (0ff01eb7) expanded: lui r29 0xff01000

Cycle        149 ----------------------------------------------------
pc: 000003d4 inst: (ff0e8e93) expanded: addi r29 = r29 0xfffffff0

Cycle        150 ----------------------------------------------------
pc: 000003d8 inst: (0bd19c63) expanded: bne r 3 r29 0xb8

Cycle        151 ----------------------------------------------------
pc: 000003dc inst: (00120213) expanded: addi r 4 = r 4 0x1

Cycle        152 ----------------------------------------------------
pc: 000003e0 inst: (00200293) expanded: addi r 5 = r 0 0x2

Cycle        153 ----------------------------------------------------
pc: 000003e4 inst: (fe5210e3) expanded: bne r 4 r 5 0xffffffe0

Cycle        154 ----------------------------------------------------
pc: 000003c4 inst: (00001097) expanded: auipc r 1 0x1000

Cycle        155 ----------------------------------------------------
pc: 000003c8 inst: (c4008093) expanded: addi r 1 = r 1 0xfffffc40

Cycle        156 ----------------------------------------------------
pc: 000003cc inst: (0040a183) expanded: lw r 3 = [r 1 0x4]

Cycle        157 ----------------------------------------------------
pc: 000003d0 inst: (0ff01eb7) expanded: lui r29 0xff01000

Cycle        158 ----------------------------------------------------
pc: 000003d4 inst: (ff0e8e93) expanded: addi r29 = r29 0xfffffff0

Cycle        159 ----------------------------------------------------
pc: 000003d8 inst: (0bd19c63) expanded: bne r 3 r29 0xb8

Cycle        160 ----------------------------------------------------
pc: 000003dc inst: (00120213) expanded: addi r 4 = r 4 0x1

Cycle        161 ----------------------------------------------------
pc: 000003e0 inst: (00200293) expanded: addi r 5 = r 0 0x2

Cycle        162 ----------------------------------------------------
pc: 000003e4 inst: (fe5210e3) expanded: bne r 4 r 5 0xffffffe0

Cycle        163 ----------------------------------------------------
pc: 000003e8 inst: (01000e13) expanded: addi r28 = r 0 0x10

Cycle        164 ----------------------------------------------------
pc: 000003ec inst: (00000213) expanded: addi r 4 = r 0 0x0

Cycle        165 ----------------------------------------------------
pc: 000003f0 inst: (00001097) expanded: auipc r 1 0x1000

Cycle        166 ----------------------------------------------------
pc: 000003f4 inst: (c1808093) expanded: addi r 1 = r 1 0xfffffc18

Cycle        167 ----------------------------------------------------
pc: 000003f8 inst: (00000013) expanded: addi r 0 = r 0 0x0

Cycle        168 ----------------------------------------------------
pc: 000003fc inst: (0040a183) expanded: lw r 3 = [r 1 0x4]

Cycle        169 ----------------------------------------------------
pc: 00000400 inst: (f00ffeb7) expanded: lui r29 0xf00ff000

Cycle        170 ----------------------------------------------------
pc: 00000404 inst: (00fe8e93) expanded: addi r29 = r29 0xf

Cycle        171 ----------------------------------------------------
pc: 00000408 inst: (09d19463) expanded: bne r 3 r29 0x88

Cycle        172 ----------------------------------------------------
pc: 0000040c inst: (00120213) expanded: addi r 4 = r 4 0x1

Cycle        173 ----------------------------------------------------
pc: 00000410 inst: (00200293) expanded: addi r 5 = r 0 0x2

Cycle        174 ----------------------------------------------------
pc: 00000414 inst: (fc521ee3) expanded: bne r 4 r 5 0xffffffdc

Cycle        175 ----------------------------------------------------
pc: 000003f0 inst: (00001097) expanded: auipc r 1 0x1000

Cycle        176 ----------------------------------------------------
pc: 000003f4 inst: (c1808093) expanded: addi r 1 = r 1 0xfffffc18

Cycle        177 ----------------------------------------------------
pc: 000003f8 inst: (00000013) expanded: addi r 0 = r 0 0x0

Cycle        178 ----------------------------------------------------
pc: 000003fc inst: (0040a183) expanded: lw r 3 = [r 1 0x4]

Cycle        179 ----------------------------------------------------
pc: 00000400 inst: (f00ffeb7) expanded: lui r29 0xf00ff000

Cycle        180 ----------------------------------------------------
pc: 00000404 inst: (00fe8e93) expanded: addi r29 = r29 0xf

Cycle        181 ----------------------------------------------------
pc: 00000408 inst: (09d19463) expanded: bne r 3 r29 0x88

Cycle        182 ----------------------------------------------------
pc: 0000040c inst: (00120213) expanded: addi r 4 = r 4 0x1

Cycle        183 ----------------------------------------------------
pc: 00000410 inst: (00200293) expanded: addi r 5 = r 0 0x2

Cycle        184 ----------------------------------------------------
pc: 00000414 inst: (fc521ee3) expanded: bne r 4 r 5 0xffffffdc

Cycle        185 ----------------------------------------------------
pc: 00000418 inst: (01100e13) expanded: addi r28 = r 0 0x11

Cycle        186 ----------------------------------------------------
pc: 0000041c inst: (00000213) expanded: addi r 4 = r 0 0x0

Cycle        187 ----------------------------------------------------
pc: 00000420 inst: (00001097) expanded: auipc r 1 0x1000

Cycle        188 ----------------------------------------------------
pc: 00000424 inst: (be008093) expanded: addi r 1 = r 1 0xfffffbe0

Cycle        189 ----------------------------------------------------
pc: 00000428 inst: (00000013) expanded: addi r 0 = r 0 0x0

Cycle        190 ----------------------------------------------------
pc: 0000042c inst: (00000013) expanded: addi r 0 = r 0 0x0

Cycle        191 ----------------------------------------------------
pc: 00000430 inst: (0040a183) expanded: lw r 3 = [r 1 0x4]

Cycle        192 ----------------------------------------------------
pc: 00000434 inst: (ff010eb7) expanded: lui r29 0xff010000

Cycle        193 ----------------------------------------------------
pc: 00000438 inst: (f00e8e93) expanded: addi r29 = r29 0xffffff00

Cycle        194 ----------------------------------------------------
pc: 0000043c inst: (05d19a63) expanded: bne r 3 r29 0x54

Cycle        195 ----------------------------------------------------
pc: 00000440 inst: (00120213) expanded: addi r 4 = r 4 0x1

Cycle        196 ----------------------------------------------------
pc: 00000444 inst: (00200293) expanded: addi r 5 = r 0 0x2

Cycle        197 ----------------------------------------------------
pc: 00000448 inst: (fc521ce3) expanded: bne r 4 r 5 0xffffffd8

Cycle        198 ----------------------------------------------------
pc: 00000420 inst: (00001097) expanded: auipc r 1 0x1000

Cycle        199 ----------------------------------------------------
pc: 00000424 inst: (be008093) expanded: addi r 1 = r 1 0xfffffbe0

Cycle        200 ----------------------------------------------------
pc: 00000428 inst: (00000013) expanded: addi r 0 = r 0 0x0

Cycle        201 ----------------------------------------------------
pc: 0000042c inst: (00000013) expanded: addi r 0 = r 0 0x0

Cycle        202 ----------------------------------------------------
pc: 00000430 inst: (0040a183) expanded: lw r 3 = [r 1 0x4]

Cycle        203 ----------------------------------------------------
pc: 00000434 inst: (ff010eb7) expanded: lui r29 0xff010000

Cycle        204 ----------------------------------------------------
pc: 00000438 inst: (f00e8e93) expanded: addi r29 = r29 0xffffff00

Cycle        205 ----------------------------------------------------
pc: 0000043c inst: (05d19a63) expanded: bne r 3 r29 0x54

Cycle        206 ----------------------------------------------------
pc: 00000440 inst: (00120213) expanded: addi r 4 = r 4 0x1

Cycle        207 ----------------------------------------------------
pc: 00000444 inst: (00200293) expanded: addi r 5 = r 0 0x2

Cycle        208 ----------------------------------------------------
pc: 00000448 inst: (fc521ce3) expanded: bne r 4 r 5 0xffffffd8

Cycle        209 ----------------------------------------------------
pc: 0000044c inst: (00001197) expanded: auipc r 3 0x1000

Cycle        210 ----------------------------------------------------
pc: 00000450 inst: (bb418193) expanded: addi r 3 = r 3 0xfffffbb4

Cycle        211 ----------------------------------------------------
pc: 00000454 inst: (0001a103) expanded: lw r 2 = [r 3 0x0]

Cycle        212 ----------------------------------------------------
pc: 00000458 inst: (00200113) expanded: addi r 2 = r 0 0x2

Cycle        213 ----------------------------------------------------
pc: 0000045c inst: (00200e93) expanded: addi r29 = r 0 0x2

Cycle        214 ----------------------------------------------------
pc: 00000460 inst: (01200e13) expanded: addi r28 = r 0 0x12

Cycle        215 ----------------------------------------------------
pc: 00000464 inst: (03d11663) expanded: bne r 2 r29 0x2c

Cycle        216 ----------------------------------------------------
pc: 00000468 inst: (00001197) expanded: auipc r 3 0x1000

Cycle        217 ----------------------------------------------------
pc: 0000046c inst: (b9818193) expanded: addi r 3 = r 3 0xfffffb98

Cycle        218 ----------------------------------------------------
pc: 00000470 inst: (0001a103) expanded: lw r 2 = [r 3 0x0]

Cycle        219 ----------------------------------------------------
pc: 00000474 inst: (00000013) expanded: addi r 0 = r 0 0x0

Cycle        220 ----------------------------------------------------
pc: 00000478 inst: (00200113) expanded: addi r 2 = r 0 0x2

Cycle        221 ----------------------------------------------------
pc: 0000047c inst: (00200e93) expanded: addi r29 = r 0 0x2

Cycle        222 ----------------------------------------------------
pc: 00000480 inst: (01300e13) expanded: addi r28 = r 0 0x13

Cycle        223 ----------------------------------------------------
pc: 00000484 inst: (01d11663) expanded: bne r 2 r29 0xc

Cycle        224 ----------------------------------------------------
pc: 00000488 inst: (01c01663) expanded: bne r 0 r28 0xc

Cycle        225 ----------------------------------------------------
pc: 00000494 inst: (00000e13) expanded: addi r28 = r 0 0x0

Cycle        226 ----------------------------------------------------
pc: 00000498 inst: (0040006f) expanded: jal r 0 0x4

Cycle        227 ----------------------------------------------------
pc: 0000049c inst: (c0002573) expanded: csrrs r10 csr0xc00 r 0

Cycle        228 ----------------------------------------------------
pc: 000004a0 inst: (c02025f3) expanded: csrrs r11 csr0xc02 r 0

Cycle        229 ----------------------------------------------------
pc: 000004a4 inst: (01051613) expanded: slli r12 = r10 0x10

Cycle        230 ----------------------------------------------------
pc: 000004a8 inst: (01065613) expanded: srli r12 = r12 0x10

Cycle        231 ----------------------------------------------------
pc: 000004ac inst: (000206b7) expanded: lui r13 0x20000

Cycle        232 ----------------------------------------------------
pc: 000004b0 inst: (00d666b3) expanded: or r13 = r12 r13

Cycle        233 ----------------------------------------------------
pc: 000004b4 inst: (78069073) expanded: csrrw r 0 csr0x780 r13

Cycle        234 ----------------------------------------------------
pc: 000004b8 inst: (01055613) expanded: srli r12 = r10 0x10

Cycle        235 ----------------------------------------------------
pc: 000004bc inst: (000306b7) expanded: lui r13 0x30000

Cycle        236 ----------------------------------------------------
pc: 000004c0 inst: (00d666b3) expanded: or r13 = r12 r13

Cycle        237 ----------------------------------------------------
pc: 000004c4 inst: (78069073) expanded: csrrw r 0 csr0x780 r13

Cycle        238 ----------------------------------------------------
pc: 000004c8 inst: (00010637) expanded: lui r12 0x10000

Cycle        239 ----------------------------------------------------
pc: 000004cc inst: (00a60613) expanded: addi r12 = r12 0xa

Cycle        240 ----------------------------------------------------
pc: 000004d0 inst: (78061073) expanded: csrrw r 0 csr0x780 r12

Cycle        241 ----------------------------------------------------
pc: 000004d4 inst: (01059613) expanded: slli r12 = r11 0x10

Cycle        242 ----------------------------------------------------
pc: 000004d8 inst: (01065613) expanded: srli r12 = r12 0x10

Cycle        243 ----------------------------------------------------
pc: 000004dc inst: (000201b7) expanded: lui r 3 0x20000

Cycle        244 ----------------------------------------------------
pc: 000004e0 inst: (003661b3) expanded: or r 3 = r12 r 3

Cycle        245 ----------------------------------------------------
pc: 000004e4 inst: (78019073) expanded: csrrw r 0 csr0x780 r 3

Cycle        246 ----------------------------------------------------
pc: 000004e8 inst: (0105d613) expanded: srli r12 = r11 0x10

Cycle        247 ----------------------------------------------------
pc: 000004ec inst: (000301b7) expanded: lui r 3 0x30000

Cycle        248 ----------------------------------------------------
pc: 000004f0 inst: (003661b3) expanded: or r 3 = r12 r 3

Cycle        249 ----------------------------------------------------
pc: 000004f4 inst: (78019073) expanded: csrrw r 0 csr0x780 r 3

Cycle        250 ----------------------------------------------------
pc: 000004f8 inst: (00010637) expanded: lui r12 0x10000

Cycle        251 ----------------------------------------------------
pc: 000004fc inst: (00a60613) expanded: addi r12 = r12 0xa

Cycle        252 ----------------------------------------------------
pc: 00000500 inst: (78061073) expanded: csrrw r 0 csr0x780 r12

Cycle        253 ----------------------------------------------------
pc: 00000504 inst: (780e1073) expanded: csrrw r 0 csr0x780 r28

Cycle        254 ----------------------------------------------------
pc: 00000508 inst: (0000006f) expanded: jal r 0 0x0

Cycle        255 ----------------------------------------------------
pc: 00000508 inst: (0000006f) expanded: jal r 0 0x0

Cycle        256 ----------------------------------------------------
pc: 00000508 inst: (0000006f) expanded: jal r 0 0x0

Cycle        257 ----------------------------------------------------
pc: 00000508 inst: (0000006f) expanded: jal r 0 0x0

Cycle        258 ----------------------------------------------------
pc: 00000508 inst: (0000006f) expanded: jal r 0 0x0

Cycle        259 ----------------------------------------------------
pc: 00000508 inst: (0000006f) expanded: jal r 0 0x0

Cycle        260 ----------------------------------------------------
pc: 00000508 inst: (0000006f) expanded: jal r 0 0x0

Cycle        261 ----------------------------------------------------
pc: 00000508 inst: (0000006f) expanded: jal r 0 0x0

Cycle        262 ----------------------------------------------------
pc: 00000508 inst: (0000006f) expanded: jal r 0 0x0

Cycle        263 ----------------------------------------------------
pc: 00000508 inst: (0000006f) expanded: jal r 0 0x0

Cycle        264 ----------------------------------------------------
pc: 00000508 inst: (0000006f) expanded: jal r 0 0x0

Cycle        265 ----------------------------------------------------
pc: 00000508 inst: (0000006f) expanded: jal r 0 0x0

Cycle        266 ----------------------------------------------------
pc: 00000508 inst: (0000006f) expanded: jal r 0 0x0

Cycle        267 ----------------------------------------------------
pc: 00000508 inst: (0000006f) expanded: jal r 0 0x0

Cycle        268 ----------------------------------------------------
pc: 00000508 inst: (0000006f) expanded: jal r 0 0x0

Cycle        269 ----------------------------------------------------
pc: 00000508 inst: (0000006f) expanded: jal r 0 0x0

Cycle        270 ----------------------------------------------------
pc: 00000508 inst: (0000006f) expanded: jal r 0 0x0

Cycle        271 ----------------------------------------------------
pc: 00000508 inst: (0000006f) expanded: jal r 0 0x0

Cycle        272 ----------------------------------------------------
pc: 00000508 inst: (0000006f) expanded: jal r 0 0x0

Cycle        273 ----------------------------------------------------
pc: 00000508 inst: (0000006f) expanded: jal r 0 0x0

Cycle        274 ----------------------------------------------------
pc: 00000508 inst: (0000006f) expanded: jal r 0 0x0

Cycle        275 ----------------------------------------------------
pc: 00000508 inst: (0000006f) expanded: jal r 0 0x0

Cycle        276 ----------------------------------------------------
pc: 00000508 inst: (0000006f) expanded: jal r 0 0x0

Cycle        277 ----------------------------------------------------
pc: 00000508 inst: (0000006f) expanded: jal r 0 0x0

Cycle        278 ----------------------------------------------------
pc: 00000508 inst: (0000006f) expanded: jal r 0 0x0

Cycle        279 ----------------------------------------------------
pc: 00000508 inst: (0000006f) expanded: jal r 0 0x0

Cycle        280 ----------------------------------------------------
pc: 00000508 inst: (0000006f) expanded: jal r 0 0x0

Cycle        281 ----------------------------------------------------
pc: 00000508 inst: (0000006f) expanded: jal r 0 0x0

Cycle        282 ----------------------------------------------------
pc: 00000508 inst: (0000006f) expanded: jal r 0 0x0

Cycle        283 ----------------------------------------------------
pc: 00000508 inst: (0000006f) expanded: jal r 0 0x0

Cycle        284 ----------------------------------------------------
pc: 00000508 inst: (0000006f) expanded: jal r 0 0x0

Cycle        285 ----------------------------------------------------
pc: 00000508 inst: (0000006f) expanded: jal r 0 0x0

Cycle        286 ----------------------------------------------------
pc: 00000508 inst: (0000006f) expanded: jal r 0 0x0

Cycle        287 ----------------------------------------------------
pc: 00000508 inst: (0000006f) expanded: jal r 0 0x0

Cycle        288 ----------------------------------------------------
pc: 00000508 inst: (0000006f) expanded: jal r 0 0x0

Cycle        289 ----------------------------------------------------
pc: 00000508 inst: (0000006f) expanded: jal r 0 0x0

Cycle        290 ----------------------------------------------------
pc: 00000508 inst: (0000006f) expanded: jal r 0 0x0

Cycle        291 ----------------------------------------------------
pc: 00000508 inst: (0000006f) expanded: jal r 0 0x0

Cycle        292 ----------------------------------------------------
pc: 00000508 inst: (0000006f) expanded: jal r 0 0x0

Cycle        293 ----------------------------------------------------
pc: 00000508 inst: (0000006f) expanded: jal r 0 0x0

Cycle        294 ----------------------------------------------------
pc: 00000508 inst: (0000006f) expanded: jal r 0 0x0

Cycle        295 ----------------------------------------------------
pc: 00000508 inst: (0000006f) expanded: jal r 0 0x0

Cycle        296 ----------------------------------------------------
pc: 00000508 inst: (0000006f) expanded: jal r 0 0x0

Cycle        297 ----------------------------------------------------
pc: 00000508 inst: (0000006f) expanded: jal r 0 0x0

Cycle        298 ----------------------------------------------------
pc: 00000508 inst: (0000006f) expanded: jal r 0 0x0

Cycle        299 ----------------------------------------------------
pc: 00000508 inst: (0000006f) expanded: jal r 0 0x0

Cycle        300 ----------------------------------------------------
pc: 00000508 inst: (0000006f) expanded: jal r 0 0x0

Cycle        301 ----------------------------------------------------
pc: 00000508 inst: (0000006f) expanded: jal r 0 0x0

Cycle        302 ----------------------------------------------------
pc: 00000508 inst: (0000006f) expanded: jal r 0 0x0

Cycle        303 ----------------------------------------------------
pc: 00000508 inst: (0000006f) expanded: jal r 0 0x0

Cycle        304 ----------------------------------------------------
pc: 00000508 inst: (0000006f) expanded: jal r 0 0x0

Cycle        305 ----------------------------------------------------
pc: 00000508 inst: (0000006f) expanded: jal r 0 0x0

Cycle        306 ----------------------------------------------------
pc: 00000508 inst: (0000006f) expanded: jal r 0 0x0

Cycle        307 ----------------------------------------------------
pc: 00000508 inst: (0000006f) expanded: jal r 0 0x0

Cycle        308 ----------------------------------------------------
pc: 00000508 inst: (0000006f) expanded: jal r 0 0x0

Cycle        309 ----------------------------------------------------
pc: 00000508 inst: (0000006f) expanded: jal r 0 0x0

Cycle        310 ----------------------------------------------------
pc: 00000508 inst: (0000006f) expanded: jal r 0 0x0

Cycle        311 ----------------------------------------------------
pc: 00000508 inst: (0000006f) expanded: jal r 0 0x0

Cycle        312 ----------------------------------------------------
pc: 00000508 inst: (0000006f) expanded: jal r 0 0x0

Cycle        313 ----------------------------------------------------
pc: 00000508 inst: (0000006f) expanded: jal r 0 0x0

Cycle        314 ----------------------------------------------------
pc: 00000508 inst: (0000006f) expanded: jal r 0 0x0

Cycle        315 ----------------------------------------------------
pc: 00000508 inst: (0000006f) expanded: jal r 0 0x0

Cycle        316 ----------------------------------------------------
pc: 00000508 inst: (0000006f) expanded: jal r 0 0x0

Cycle        317 ----------------------------------------------------
pc: 00000508 inst: (0000006f) expanded: jal r 0 0x0

Cycle        318 ----------------------------------------------------
pc: 00000508 inst: (0000006f) expanded: jal r 0 0x0

Cycle        319 ----------------------------------------------------
pc: 00000508 inst: (0000006f) expanded: jal r 0 0x0

Cycle        320 ----------------------------------------------------
pc: 00000508 inst: (0000006f) expanded: jal r 0 0x0

Cycle        321 ----------------------------------------------------
pc: 00000508 inst: (0000006f) expanded: jal r 0 0x0

Cycle        322 ----------------------------------------------------
pc: 00000508 inst: (0000006f) expanded: jal r 0 0x0

Cycle        323 ----------------------------------------------------
pc: 00000508 inst: (0000006f) expanded: jal r 0 0x0

Cycle        324 ----------------------------------------------------
pc: 00000508 inst: (0000006f) expanded: jal r 0 0x0

Cycle        325 ----------------------------------------------------
pc: 00000508 inst: (0000006f) expanded: jal r 0 0x0

Cycle        326 ----------------------------------------------------
pc: 00000508 inst: (0000006f) expanded: jal r 0 0x0

Cycle        327 ----------------------------------------------------
pc: 00000508 inst: (0000006f) expanded: jal r 0 0x0

Cycle        328 ----------------------------------------------------
pc: 00000508 inst: (0000006f) expanded: jal r 0 0x0

Cycle        329 ----------------------------------------------------
pc: 00000508 inst: (0000006f) expanded: jal r 0 0x0

Cycle        330 ----------------------------------------------------
pc: 00000508 inst: (0000006f) expanded: jal r 0 0x0

Cycle        331 ----------------------------------------------------
pc: 00000508 inst: (0000006f) expanded: jal r 0 0x0

Cycle        332 ----------------------------------------------------
pc: 00000508 inst: (0000006f) expanded: jal r 0 0x0

Cycle        333 ----------------------------------------------------
pc: 00000508 inst: (0000006f) expanded: jal r 0 0x0

Cycle        334 ----------------------------------------------------
pc: 00000508 inst: (0000006f) expanded: jal r 0 0x0

Cycle        335 ----------------------------------------------------
pc: 00000508 inst: (0000006f) expanded: jal r 0 0x0

Cycle        336 ----------------------------------------------------
pc: 00000508 inst: (0000006f) expanded: jal r 0 0x0

Cycle        337 ----------------------------------------------------
pc: 00000508 inst: (0000006f) expanded: jal r 0 0x0

Cycle        338 ----------------------------------------------------
pc: 00000508 inst: (0000006f) expanded: jal r 0 0x0

Cycle        339 ----------------------------------------------------
pc: 00000508 inst: (0000006f) expanded: jal r 0 0x0

Cycle        340 ----------------------------------------------------
pc: 00000508 inst: (0000006f) expanded: jal r 0 0x0

Cycle        341 ----------------------------------------------------
pc: 00000508 inst: (0000006f) expanded: jal r 0 0x0

Cycle        342 ----------------------------------------------------
pc: 00000508 inst: (0000006f) expanded: jal r 0 0x0

Cycle        343 ----------------------------------------------------
pc: 00000508 inst: (0000006f) expanded: jal r 0 0x0

Cycle        344 ----------------------------------------------------
pc: 00000508 inst: (0000006f) expanded: jal r 0 0x0

Cycle        345 ----------------------------------------------------
pc: 00000508 inst: (0000006f) expanded: jal r 0 0x0

Cycle        346 ----------------------------------------------------
pc: 00000508 inst: (0000006f) expanded: jal r 0 0x0

Cycle        347 ----------------------------------------------------
pc: 00000508 inst: (0000006f) expanded: jal r 0 0x0

Cycle        348 ----------------------------------------------------
pc: 00000508 inst: (0000006f) expanded: jal r 0 0x0

Cycle        349 ----------------------------------------------------
pc: 00000508 inst: (0000006f) expanded: jal r 0 0x0

Cycle        350 ----------------------------------------------------
pc: 00000508 inst: (0000006f) expanded: jal r 0 0x0

Cycle        351 ----------------------------------------------------
pc: 00000508 inst: (0000006f) expanded: jal r 0 0x0

Cycle        352 ----------------------------------------------------
pc: 00000508 inst: (0000006f) expanded: jal r 0 0x0

Cycle        353 ----------------------------------------------------
pc: 00000508 inst: (0000006f) expanded: jal r 0 0x0

Cycle        354 ----------------------------------------------------
pc: 00000508 inst: (0000006f) expanded: jal r 0 0x0

Cycle        355 ----------------------------------------------------
pc: 00000508 inst: (0000006f) expanded: jal r 0 0x0

Cycle        356 ----------------------------------------------------
pc: 00000508 inst: (0000006f) expanded: jal r 0 0x0

Cycle        357 ----------------------------------------------------
pc: 00000508 inst: (0000006f) expanded: jal r 0 0x0

Cycle        358 ----------------------------------------------------
pc: 00000508 inst: (0000006f) expanded: jal r 0 0x0

Cycle        359 ----------------------------------------------------
pc: 00000508 inst: (0000006f) expanded: jal r 0 0x0

Cycle        360 ----------------------------------------------------
pc: 00000508 inst: (0000006f) expanded: jal r 0 0x0

Cycle        361 ----------------------------------------------------
pc: 00000508 inst: (0000006f) expanded: jal r 0 0x0

Cycle        362 ----------------------------------------------------
pc: 00000508 inst: (0000006f) expanded: jal r 0 0x0

Cycle        363 ----------------------------------------------------
pc: 00000508 inst: (0000006f) expanded: jal r 0 0x0

Cycle        364 ----------------------------------------------------
pc: 00000508 inst: (0000006f) expanded: jal r 0 0x0

Cycle        365 ----------------------------------------------------
simulator calling $finish
