make -C bluesim --no-print-directory run
LD_PRELOAD=libSegFault.so SEGFAULT_USE_ALTSTACK=1 SEGFAULT_OUTPUT_NAME=bin/bsimexe-segv-output.txt  ./bin/ubuntu.exe ; retcode=$?; exit $retcode
Start testbench:
Warning: file 'mem.vmh' for memory 'mem' has a gap at addresses 0 to 127.
Warning: file 'mem.vmh' for memory 'mem' has a gap at addresses 1036 to 65535.
Warning: file 'mem.vmh' for memory 'mem' has a gap at addresses 0 to 127.
Warning: file 'mem.vmh' for memory 'mem' has a gap at addresses 1036 to 65535.
[init_xsim:61]
[init_xsim:61]
Processor startedXsimTop starting
Received software req to start pc

Start at pc 200

pc: 00000200 inst: (00001097) expanded: auipc r 1 0x1000

Cycle          0 ----------------------------------------------------
pc: 00000204 inst: (e0008093) expanded: addi r 1 = r 1 0xfffffe00

Cycle          1 ----------------------------------------------------
pc: 00000208 inst: (00aa0137) expanded: lui r 2 0xaa0000

Cycle          2 ----------------------------------------------------
pc: 0000020c inst: (0aa10113) expanded: addi r 2 = r 2 0xaa

Cycle          3 ----------------------------------------------------
pc: 00000210 inst: (0020a023) expanded: sw [r 1 0x0] = r 2

Cycle          4 ----------------------------------------------------
pc: 00000214 inst: (0000a183) expanded: lw r 3 = [r 1 0x0]

Cycle          5 ----------------------------------------------------
pc: 00000218 inst: (00aa0eb7) expanded: lui r29 0xaa0000

Cycle          6 ----------------------------------------------------
pc: 0000021c inst: (0aae8e93) expanded: addi r29 = r29 0xaa

Cycle          7 ----------------------------------------------------
pc: 00000220 inst: (00200e13) expanded: addi r28 = r 0 0x2

Cycle          8 ----------------------------------------------------
pc: 00000224 inst: (47d19263) expanded: bne r 3 r29 0x464

Cycle          9 ----------------------------------------------------
pc: 00000228 inst: (00001097) expanded: auipc r 1 0x1000

Cycle         10 ----------------------------------------------------
pc: 0000022c inst: (dd808093) expanded: addi r 1 = r 1 0xfffffdd8

Cycle         11 ----------------------------------------------------
pc: 00000230 inst: (aa00b137) expanded: lui r 2 0xaa00b000

Cycle         12 ----------------------------------------------------
pc: 00000234 inst: (a0010113) expanded: addi r 2 = r 2 0xfffffa00

Cycle         13 ----------------------------------------------------
pc: 00000238 inst: (0020a223) expanded: sw [r 1 0x4] = r 2

Cycle         14 ----------------------------------------------------
pc: 0000023c inst: (0040a183) expanded: lw r 3 = [r 1 0x4]

Cycle         15 ----------------------------------------------------
pc: 00000240 inst: (aa00beb7) expanded: lui r29 0xaa00b000

Cycle         16 ----------------------------------------------------
pc: 00000244 inst: (a00e8e93) expanded: addi r29 = r29 0xfffffa00

Cycle         17 ----------------------------------------------------
pc: 00000248 inst: (00300e13) expanded: addi r28 = r 0 0x3

Cycle         18 ----------------------------------------------------
pc: 0000024c inst: (43d19e63) expanded: bne r 3 r29 0x43c

Cycle         19 ----------------------------------------------------
pc: 00000250 inst: (00001097) expanded: auipc r 1 0x1000

Cycle         20 ----------------------------------------------------
pc: 00000254 inst: (db008093) expanded: addi r 1 = r 1 0xfffffdb0

Cycle         21 ----------------------------------------------------
pc: 00000258 inst: (0aa01137) expanded: lui r 2 0xaa01000

Cycle         22 ----------------------------------------------------
pc: 0000025c inst: (aa010113) expanded: addi r 2 = r 2 0xfffffaa0

Cycle         23 ----------------------------------------------------
pc: 00000260 inst: (0020a423) expanded: sw [r 1 0x8] = r 2

Cycle         24 ----------------------------------------------------
pc: 00000264 inst: (0080a183) expanded: lw r 3 = [r 1 0x8]

Cycle         25 ----------------------------------------------------
pc: 00000268 inst: (0aa01eb7) expanded: lui r29 0xaa01000

Cycle         26 ----------------------------------------------------
pc: 0000026c inst: (aa0e8e93) expanded: addi r29 = r29 0xfffffaa0

Cycle         27 ----------------------------------------------------
pc: 00000270 inst: (00400e13) expanded: addi r28 = r 0 0x4

Cycle         28 ----------------------------------------------------
pc: 00000274 inst: (41d19a63) expanded: bne r 3 r29 0x414

Cycle         29 ----------------------------------------------------
pc: 00000278 inst: (00001097) expanded: auipc r 1 0x1000

Cycle         30 ----------------------------------------------------
pc: 0000027c inst: (d8808093) expanded: addi r 1 = r 1 0xfffffd88

Cycle         31 ----------------------------------------------------
pc: 00000280 inst: (a00aa137) expanded: lui r 2 0xa00aa000

Cycle         32 ----------------------------------------------------
pc: 00000284 inst: (00a10113) expanded: addi r 2 = r 2 0xa

Cycle         33 ----------------------------------------------------
pc: 00000288 inst: (0020a623) expanded: sw [r 1 0xc] = r 2

Cycle         34 ----------------------------------------------------
pc: 0000028c inst: (00c0a183) expanded: lw r 3 = [r 1 0xc]

Cycle         35 ----------------------------------------------------
pc: 00000290 inst: (a00aaeb7) expanded: lui r29 0xa00aa000

Cycle         36 ----------------------------------------------------
pc: 00000294 inst: (00ae8e93) expanded: addi r29 = r29 0xa

Cycle         37 ----------------------------------------------------
pc: 00000298 inst: (00500e13) expanded: addi r28 = r 0 0x5

Cycle         38 ----------------------------------------------------
pc: 0000029c inst: (3fd19663) expanded: bne r 3 r29 0x3ec

Cycle         39 ----------------------------------------------------
pc: 000002a0 inst: (00001097) expanded: auipc r 1 0x1000

Cycle         40 ----------------------------------------------------
pc: 000002a4 inst: (d7c08093) expanded: addi r 1 = r 1 0xfffffd7c

Cycle         41 ----------------------------------------------------
pc: 000002a8 inst: (00aa0137) expanded: lui r 2 0xaa0000

Cycle         42 ----------------------------------------------------
pc: 000002ac inst: (0aa10113) expanded: addi r 2 = r 2 0xaa

Cycle         43 ----------------------------------------------------
pc: 000002b0 inst: (fe20aa23) expanded: sw [r 1 0xfffffff4] = r 2

Cycle         44 ----------------------------------------------------
pc: 000002b4 inst: (ff40a183) expanded: lw r 3 = [r 1 0xfffffff4]

Cycle         45 ----------------------------------------------------
pc: 000002b8 inst: (00aa0eb7) expanded: lui r29 0xaa0000

Cycle         46 ----------------------------------------------------
pc: 000002bc inst: (0aae8e93) expanded: addi r29 = r29 0xaa

Cycle         47 ----------------------------------------------------
pc: 000002c0 inst: (00600e13) expanded: addi r28 = r 0 0x6

Cycle         48 ----------------------------------------------------
pc: 000002c4 inst: (3dd19263) expanded: bne r 3 r29 0x3c4

Cycle         49 ----------------------------------------------------
pc: 000002c8 inst: (00001097) expanded: auipc r 1 0x1000

Cycle         50 ----------------------------------------------------
pc: 000002cc inst: (d5408093) expanded: addi r 1 = r 1 0xfffffd54

Cycle         51 ----------------------------------------------------
pc: 000002d0 inst: (aa00b137) expanded: lui r 2 0xaa00b000

Cycle         52 ----------------------------------------------------
pc: 000002d4 inst: (a0010113) expanded: addi r 2 = r 2 0xfffffa00

Cycle         53 ----------------------------------------------------
pc: 000002d8 inst: (fe20ac23) expanded: sw [r 1 0xfffffff8] = r 2

Cycle         54 ----------------------------------------------------
pc: 000002dc inst: (ff80a183) expanded: lw r 3 = [r 1 0xfffffff8]

Cycle         55 ----------------------------------------------------
pc: 000002e0 inst: (aa00beb7) expanded: lui r29 0xaa00b000

Cycle         56 ----------------------------------------------------
pc: 000002e4 inst: (a00e8e93) expanded: addi r29 = r29 0xfffffa00

Cycle         57 ----------------------------------------------------
pc: 000002e8 inst: (00700e13) expanded: addi r28 = r 0 0x7

Cycle         58 ----------------------------------------------------
pc: 000002ec inst: (39d19e63) expanded: bne r 3 r29 0x39c

Cycle         59 ----------------------------------------------------
pc: 000002f0 inst: (00001097) expanded: auipc r 1 0x1000

Cycle         60 ----------------------------------------------------
pc: 000002f4 inst: (d2c08093) expanded: addi r 1 = r 1 0xfffffd2c

Cycle         61 ----------------------------------------------------
pc: 000002f8 inst: (0aa01137) expanded: lui r 2 0xaa01000

Cycle         62 ----------------------------------------------------
pc: 000002fc inst: (aa010113) expanded: addi r 2 = r 2 0xfffffaa0

Cycle         63 ----------------------------------------------------
pc: 00000300 inst: (fe20ae23) expanded: sw [r 1 0xfffffffc] = r 2

Cycle         64 ----------------------------------------------------
pc: 00000304 inst: (ffc0a183) expanded: lw r 3 = [r 1 0xfffffffc]

Cycle         65 ----------------------------------------------------
pc: 00000308 inst: (0aa01eb7) expanded: lui r29 0xaa01000

Cycle         66 ----------------------------------------------------
pc: 0000030c inst: (aa0e8e93) expanded: addi r29 = r29 0xfffffaa0

Cycle         67 ----------------------------------------------------
pc: 00000310 inst: (00800e13) expanded: addi r28 = r 0 0x8

Cycle         68 ----------------------------------------------------
pc: 00000314 inst: (37d19a63) expanded: bne r 3 r29 0x374

Cycle         69 ----------------------------------------------------
pc: 00000318 inst: (00001097) expanded: auipc r 1 0x1000

Cycle         70 ----------------------------------------------------
pc: 0000031c inst: (d0408093) expanded: addi r 1 = r 1 0xfffffd04

Cycle         71 ----------------------------------------------------
pc: 00000320 inst: (a00aa137) expanded: lui r 2 0xa00aa000

Cycle         72 ----------------------------------------------------
pc: 00000324 inst: (00a10113) expanded: addi r 2 = r 2 0xa

Cycle         73 ----------------------------------------------------
pc: 00000328 inst: (0020a023) expanded: sw [r 1 0x0] = r 2

Cycle         74 ----------------------------------------------------
pc: 0000032c inst: (0000a183) expanded: lw r 3 = [r 1 0x0]

Cycle         75 ----------------------------------------------------
pc: 00000330 inst: (a00aaeb7) expanded: lui r29 0xa00aa000

Cycle         76 ----------------------------------------------------
pc: 00000334 inst: (00ae8e93) expanded: addi r29 = r29 0xa

Cycle         77 ----------------------------------------------------
pc: 00000338 inst: (00900e13) expanded: addi r28 = r 0 0x9

Cycle         78 ----------------------------------------------------
pc: 0000033c inst: (35d19663) expanded: bne r 3 r29 0x34c

Cycle         79 ----------------------------------------------------
pc: 00000340 inst: (00001097) expanded: auipc r 1 0x1000

Cycle         80 ----------------------------------------------------
pc: 00000344 inst: (ce008093) expanded: addi r 1 = r 1 0xfffffce0

Cycle         81 ----------------------------------------------------
pc: 00000348 inst: (12345137) expanded: lui r 2 0x12345000

Cycle         82 ----------------------------------------------------
pc: 0000034c inst: (67810113) expanded: addi r 2 = r 2 0x678

Cycle         83 ----------------------------------------------------
pc: 00000350 inst: (fe008213) expanded: addi r 4 = r 1 0xffffffe0

Cycle         84 ----------------------------------------------------
pc: 00000354 inst: (02222023) expanded: sw [r 4 0x20] = r 2

Cycle         85 ----------------------------------------------------
pc: 00000358 inst: (0000a183) expanded: lw r 3 = [r 1 0x0]

Cycle         86 ----------------------------------------------------
pc: 0000035c inst: (12345eb7) expanded: lui r29 0x12345000

Cycle         87 ----------------------------------------------------
pc: 00000360 inst: (678e8e93) expanded: addi r29 = r29 0x678

Cycle         88 ----------------------------------------------------
pc: 00000364 inst: (00a00e13) expanded: addi r28 = r 0 0xa

Cycle         89 ----------------------------------------------------
pc: 00000368 inst: (33d19063) expanded: bne r 3 r29 0x320

Cycle         90 ----------------------------------------------------
pc: 0000036c inst: (00001097) expanded: auipc r 1 0x1000

Cycle         91 ----------------------------------------------------
pc: 00000370 inst: (cb408093) expanded: addi r 1 = r 1 0xfffffcb4

Cycle         92 ----------------------------------------------------
pc: 00000374 inst: (58213137) expanded: lui r 2 0x58213000

Cycle         93 ----------------------------------------------------
pc: 00000378 inst: (09810113) expanded: addi r 2 = r 2 0x98

Cycle         94 ----------------------------------------------------
pc: 0000037c inst: (ffd08093) expanded: addi r 1 = r 1 0xfffffffd

Cycle         95 ----------------------------------------------------
pc: 00000380 inst: (0020a3a3) expanded: sw [r 1 0x7] = r 2

Cycle         96 ----------------------------------------------------
pc: 00000384 inst: (00001217) expanded: auipc r 4 0x1000

Cycle         97 ----------------------------------------------------
pc: 00000388 inst: (ca020213) expanded: addi r 4 = r 4 0xfffffca0

Cycle         98 ----------------------------------------------------
pc: 0000038c inst: (00022183) expanded: lw r 3 = [r 4 0x0]

Cycle         99 ----------------------------------------------------
pc: 00000390 inst: (58213eb7) expanded: lui r29 0x58213000

Cycle        100 ----------------------------------------------------
pc: 00000394 inst: (098e8e93) expanded: addi r29 = r29 0x98

Cycle        101 ----------------------------------------------------
pc: 00000398 inst: (00b00e13) expanded: addi r28 = r 0 0xb

Cycle        102 ----------------------------------------------------
pc: 0000039c inst: (2fd19663) expanded: bne r 3 r29 0x2ec

Cycle        103 ----------------------------------------------------
pc: 000003a0 inst: (00c00e13) expanded: addi r28 = r 0 0xc

Cycle        104 ----------------------------------------------------
pc: 000003a4 inst: (00000213) expanded: addi r 4 = r 0 0x0

Cycle        105 ----------------------------------------------------
pc: 000003a8 inst: (aabbd0b7) expanded: lui r 1 0xaabbd000

Cycle        106 ----------------------------------------------------
pc: 000003ac inst: (cdd08093) expanded: addi r 1 = r 1 0xfffffcdd

Cycle        107 ----------------------------------------------------
pc: 000003b0 inst: (00001117) expanded: auipc r 2 0x1000

Cycle        108 ----------------------------------------------------
pc: 000003b4 inst: (c5010113) expanded: addi r 2 = r 2 0xfffffc50

Cycle        109 ----------------------------------------------------
pc: 000003b8 inst: (00112023) expanded: sw [r 2 0x0] = r 1

Cycle        110 ----------------------------------------------------
pc: 000003bc inst: (00012183) expanded: lw r 3 = [r 2 0x0]

Cycle        111 ----------------------------------------------------
pc: 000003c0 inst: (aabbdeb7) expanded: lui r29 0xaabbd000

Cycle        112 ----------------------------------------------------
pc: 000003c4 inst: (cdde8e93) expanded: addi r29 = r29 0xfffffcdd

Cycle        113 ----------------------------------------------------
pc: 000003c8 inst: (2dd19063) expanded: bne r 3 r29 0x2c0

Cycle        114 ----------------------------------------------------
pc: 000003cc inst: (00120213) expanded: addi r 4 = r 4 0x1

Cycle        115 ----------------------------------------------------
pc: 000003d0 inst: (00200293) expanded: addi r 5 = r 0 0x2

Cycle        116 ----------------------------------------------------
pc: 000003d4 inst: (fc521ae3) expanded: bne r 4 r 5 0xffffffd4

Cycle        117 ----------------------------------------------------
pc: 000003a8 inst: (aabbd0b7) expanded: lui r 1 0xaabbd000

Cycle        118 ----------------------------------------------------
pc: 000003ac inst: (cdd08093) expanded: addi r 1 = r 1 0xfffffcdd

Cycle        119 ----------------------------------------------------
pc: 000003b0 inst: (00001117) expanded: auipc r 2 0x1000

Cycle        120 ----------------------------------------------------
pc: 000003b4 inst: (c5010113) expanded: addi r 2 = r 2 0xfffffc50

Cycle        121 ----------------------------------------------------
pc: 000003b8 inst: (00112023) expanded: sw [r 2 0x0] = r 1

Cycle        122 ----------------------------------------------------
pc: 000003bc inst: (00012183) expanded: lw r 3 = [r 2 0x0]

Cycle        123 ----------------------------------------------------
pc: 000003c0 inst: (aabbdeb7) expanded: lui r29 0xaabbd000

Cycle        124 ----------------------------------------------------
pc: 000003c4 inst: (cdde8e93) expanded: addi r29 = r29 0xfffffcdd

Cycle        125 ----------------------------------------------------
pc: 000003c8 inst: (2dd19063) expanded: bne r 3 r29 0x2c0

Cycle        126 ----------------------------------------------------
pc: 000003cc inst: (00120213) expanded: addi r 4 = r 4 0x1

Cycle        127 ----------------------------------------------------
pc: 000003d0 inst: (00200293) expanded: addi r 5 = r 0 0x2

Cycle        128 ----------------------------------------------------
pc: 000003d4 inst: (fc521ae3) expanded: bne r 4 r 5 0xffffffd4

Cycle        129 ----------------------------------------------------
pc: 000003d8 inst: (00d00e13) expanded: addi r28 = r 0 0xd

Cycle        130 ----------------------------------------------------
pc: 000003dc inst: (00000213) expanded: addi r 4 = r 0 0x0

Cycle        131 ----------------------------------------------------
pc: 000003e0 inst: (daabc0b7) expanded: lui r 1 0xdaabc000

Cycle        132 ----------------------------------------------------
pc: 000003e4 inst: (ccd08093) expanded: addi r 1 = r 1 0xfffffccd

Cycle        133 ----------------------------------------------------
pc: 000003e8 inst: (00001117) expanded: auipc r 2 0x1000

Cycle        134 ----------------------------------------------------
pc: 000003ec inst: (c1810113) expanded: addi r 2 = r 2 0xfffffc18

Cycle        135 ----------------------------------------------------
pc: 000003f0 inst: (00000013) expanded: addi r 0 = r 0 0x0

Cycle        136 ----------------------------------------------------
pc: 000003f4 inst: (00112223) expanded: sw [r 2 0x4] = r 1

Cycle        137 ----------------------------------------------------
pc: 000003f8 inst: (00412183) expanded: lw r 3 = [r 2 0x4]

Cycle        138 ----------------------------------------------------
pc: 000003fc inst: (daabceb7) expanded: lui r29 0xdaabc000

Cycle        139 ----------------------------------------------------
pc: 00000400 inst: (ccde8e93) expanded: addi r29 = r29 0xfffffccd

Cycle        140 ----------------------------------------------------
pc: 00000404 inst: (29d19263) expanded: bne r 3 r29 0x284

Cycle        141 ----------------------------------------------------
pc: 00000408 inst: (00120213) expanded: addi r 4 = r 4 0x1

Cycle        142 ----------------------------------------------------
pc: 0000040c inst: (00200293) expanded: addi r 5 = r 0 0x2

Cycle        143 ----------------------------------------------------
pc: 00000410 inst: (fc5218e3) expanded: bne r 4 r 5 0xffffffd0

Cycle        144 ----------------------------------------------------
pc: 000003e0 inst: (daabc0b7) expanded: lui r 1 0xdaabc000

Cycle        145 ----------------------------------------------------
pc: 000003e4 inst: (ccd08093) expanded: addi r 1 = r 1 0xfffffccd

Cycle        146 ----------------------------------------------------
pc: 000003e8 inst: (00001117) expanded: auipc r 2 0x1000

Cycle        147 ----------------------------------------------------
pc: 000003ec inst: (c1810113) expanded: addi r 2 = r 2 0xfffffc18

Cycle        148 ----------------------------------------------------
pc: 000003f0 inst: (00000013) expanded: addi r 0 = r 0 0x0

Cycle        149 ----------------------------------------------------
pc: 000003f4 inst: (00112223) expanded: sw [r 2 0x4] = r 1

Cycle        150 ----------------------------------------------------
pc: 000003f8 inst: (00412183) expanded: lw r 3 = [r 2 0x4]

Cycle        151 ----------------------------------------------------
pc: 000003fc inst: (daabceb7) expanded: lui r29 0xdaabc000

Cycle        152 ----------------------------------------------------
pc: 00000400 inst: (ccde8e93) expanded: addi r29 = r29 0xfffffccd

Cycle        153 ----------------------------------------------------
pc: 00000404 inst: (29d19263) expanded: bne r 3 r29 0x284

Cycle        154 ----------------------------------------------------
pc: 00000408 inst: (00120213) expanded: addi r 4 = r 4 0x1

Cycle        155 ----------------------------------------------------
pc: 0000040c inst: (00200293) expanded: addi r 5 = r 0 0x2

Cycle        156 ----------------------------------------------------
pc: 00000410 inst: (fc5218e3) expanded: bne r 4 r 5 0xffffffd0

Cycle        157 ----------------------------------------------------
pc: 00000414 inst: (00e00e13) expanded: addi r28 = r 0 0xe

Cycle        158 ----------------------------------------------------
pc: 00000418 inst: (00000213) expanded: addi r 4 = r 0 0x0

Cycle        159 ----------------------------------------------------
pc: 0000041c inst: (ddaac0b7) expanded: lui r 1 0xddaac000

Cycle        160 ----------------------------------------------------
pc: 00000420 inst: (bcc08093) expanded: addi r 1 = r 1 0xfffffbcc

Cycle        161 ----------------------------------------------------
pc: 00000424 inst: (00001117) expanded: auipc r 2 0x1000

Cycle        162 ----------------------------------------------------
pc: 00000428 inst: (bdc10113) expanded: addi r 2 = r 2 0xfffffbdc

Cycle        163 ----------------------------------------------------
pc: 0000042c inst: (00000013) expanded: addi r 0 = r 0 0x0

Cycle        164 ----------------------------------------------------
pc: 00000430 inst: (00000013) expanded: addi r 0 = r 0 0x0

Cycle        165 ----------------------------------------------------
pc: 00000434 inst: (00112423) expanded: sw [r 2 0x8] = r 1

Cycle        166 ----------------------------------------------------
pc: 00000438 inst: (00812183) expanded: lw r 3 = [r 2 0x8]

Cycle        167 ----------------------------------------------------
pc: 0000043c inst: (ddaaceb7) expanded: lui r29 0xddaac000

Cycle        168 ----------------------------------------------------
pc: 00000440 inst: (bcce8e93) expanded: addi r29 = r29 0xfffffbcc

Cycle        169 ----------------------------------------------------
pc: 00000444 inst: (25d19263) expanded: bne r 3 r29 0x244

Cycle        170 ----------------------------------------------------
pc: 00000448 inst: (00120213) expanded: addi r 4 = r 4 0x1

Cycle        171 ----------------------------------------------------
pc: 0000044c inst: (00200293) expanded: addi r 5 = r 0 0x2

Cycle        172 ----------------------------------------------------
pc: 00000450 inst: (fc5216e3) expanded: bne r 4 r 5 0xffffffcc

Cycle        173 ----------------------------------------------------
pc: 0000041c inst: (ddaac0b7) expanded: lui r 1 0xddaac000

Cycle        174 ----------------------------------------------------
pc: 00000420 inst: (bcc08093) expanded: addi r 1 = r 1 0xfffffbcc

Cycle        175 ----------------------------------------------------
pc: 00000424 inst: (00001117) expanded: auipc r 2 0x1000

Cycle        176 ----------------------------------------------------
pc: 00000428 inst: (bdc10113) expanded: addi r 2 = r 2 0xfffffbdc

Cycle        177 ----------------------------------------------------
pc: 0000042c inst: (00000013) expanded: addi r 0 = r 0 0x0

Cycle        178 ----------------------------------------------------
pc: 00000430 inst: (00000013) expanded: addi r 0 = r 0 0x0

Cycle        179 ----------------------------------------------------
pc: 00000434 inst: (00112423) expanded: sw [r 2 0x8] = r 1

Cycle        180 ----------------------------------------------------
pc: 00000438 inst: (00812183) expanded: lw r 3 = [r 2 0x8]

Cycle        181 ----------------------------------------------------
pc: 0000043c inst: (ddaaceb7) expanded: lui r29 0xddaac000

Cycle        182 ----------------------------------------------------
pc: 00000440 inst: (bcce8e93) expanded: addi r29 = r29 0xfffffbcc

Cycle        183 ----------------------------------------------------
pc: 00000444 inst: (25d19263) expanded: bne r 3 r29 0x244

Cycle        184 ----------------------------------------------------
pc: 00000448 inst: (00120213) expanded: addi r 4 = r 4 0x1

Cycle        185 ----------------------------------------------------
pc: 0000044c inst: (00200293) expanded: addi r 5 = r 0 0x2

Cycle        186 ----------------------------------------------------
pc: 00000450 inst: (fc5216e3) expanded: bne r 4 r 5 0xffffffcc

Cycle        187 ----------------------------------------------------
pc: 00000454 inst: (00f00e13) expanded: addi r28 = r 0 0xf

Cycle        188 ----------------------------------------------------
pc: 00000458 inst: (00000213) expanded: addi r 4 = r 0 0x0

Cycle        189 ----------------------------------------------------
pc: 0000045c inst: (cddab0b7) expanded: lui r 1 0xcddab000

Cycle        190 ----------------------------------------------------
pc: 00000460 inst: (bbc08093) expanded: addi r 1 = r 1 0xfffffbbc

Cycle        191 ----------------------------------------------------
pc: 00000464 inst: (00000013) expanded: addi r 0 = r 0 0x0

Cycle        192 ----------------------------------------------------
pc: 00000468 inst: (00001117) expanded: auipc r 2 0x1000

Cycle        193 ----------------------------------------------------
pc: 0000046c inst: (b9810113) expanded: addi r 2 = r 2 0xfffffb98

Cycle        194 ----------------------------------------------------
pc: 00000470 inst: (00112623) expanded: sw [r 2 0xc] = r 1

Cycle        195 ----------------------------------------------------
pc: 00000474 inst: (00c12183) expanded: lw r 3 = [r 2 0xc]

Cycle        196 ----------------------------------------------------
pc: 00000478 inst: (cddabeb7) expanded: lui r29 0xcddab000

Cycle        197 ----------------------------------------------------
pc: 0000047c inst: (bbce8e93) expanded: addi r29 = r29 0xfffffbbc

Cycle        198 ----------------------------------------------------
pc: 00000480 inst: (21d19463) expanded: bne r 3 r29 0x208

Cycle        199 ----------------------------------------------------
pc: 00000484 inst: (00120213) expanded: addi r 4 = r 4 0x1

Cycle        200 ----------------------------------------------------
pc: 00000488 inst: (00200293) expanded: addi r 5 = r 0 0x2

Cycle        201 ----------------------------------------------------
pc: 0000048c inst: (fc5218e3) expanded: bne r 4 r 5 0xffffffd0

Cycle        202 ----------------------------------------------------
pc: 0000045c inst: (cddab0b7) expanded: lui r 1 0xcddab000

Cycle        203 ----------------------------------------------------
pc: 00000460 inst: (bbc08093) expanded: addi r 1 = r 1 0xfffffbbc

Cycle        204 ----------------------------------------------------
pc: 00000464 inst: (00000013) expanded: addi r 0 = r 0 0x0

Cycle        205 ----------------------------------------------------
pc: 00000468 inst: (00001117) expanded: auipc r 2 0x1000

Cycle        206 ----------------------------------------------------
pc: 0000046c inst: (b9810113) expanded: addi r 2 = r 2 0xfffffb98

Cycle        207 ----------------------------------------------------
pc: 00000470 inst: (00112623) expanded: sw [r 2 0xc] = r 1

Cycle        208 ----------------------------------------------------
pc: 00000474 inst: (00c12183) expanded: lw r 3 = [r 2 0xc]

Cycle        209 ----------------------------------------------------
pc: 00000478 inst: (cddabeb7) expanded: lui r29 0xcddab000

Cycle        210 ----------------------------------------------------
pc: 0000047c inst: (bbce8e93) expanded: addi r29 = r29 0xfffffbbc

Cycle        211 ----------------------------------------------------
pc: 00000480 inst: (21d19463) expanded: bne r 3 r29 0x208

Cycle        212 ----------------------------------------------------
pc: 00000484 inst: (00120213) expanded: addi r 4 = r 4 0x1

Cycle        213 ----------------------------------------------------
pc: 00000488 inst: (00200293) expanded: addi r 5 = r 0 0x2

Cycle        214 ----------------------------------------------------
pc: 0000048c inst: (fc5218e3) expanded: bne r 4 r 5 0xffffffd0

Cycle        215 ----------------------------------------------------
pc: 00000490 inst: (01000e13) expanded: addi r28 = r 0 0x10

Cycle        216 ----------------------------------------------------
pc: 00000494 inst: (00000213) expanded: addi r 4 = r 0 0x0

Cycle        217 ----------------------------------------------------
pc: 00000498 inst: (ccddb0b7) expanded: lui r 1 0xccddb000

Cycle        218 ----------------------------------------------------
pc: 0000049c inst: (abb08093) expanded: addi r 1 = r 1 0xfffffabb

Cycle        219 ----------------------------------------------------
pc: 000004a0 inst: (00000013) expanded: addi r 0 = r 0 0x0

Cycle        220 ----------------------------------------------------
pc: 000004a4 inst: (00001117) expanded: auipc r 2 0x1000

Cycle        221 ----------------------------------------------------
pc: 000004a8 inst: (b5c10113) expanded: addi r 2 = r 2 0xfffffb5c

Cycle        222 ----------------------------------------------------
pc: 000004ac inst: (00000013) expanded: addi r 0 = r 0 0x0

Cycle        223 ----------------------------------------------------
pc: 000004b0 inst: (00112823) expanded: sw [r 2 0x10] = r 1

Cycle        224 ----------------------------------------------------
pc: 000004b4 inst: (01012183) expanded: lw r 3 = [r 2 0x10]

Cycle        225 ----------------------------------------------------
pc: 000004b8 inst: (ccddbeb7) expanded: lui r29 0xccddb000

Cycle        226 ----------------------------------------------------
pc: 000004bc inst: (abbe8e93) expanded: addi r29 = r29 0xfffffabb

Cycle        227 ----------------------------------------------------
pc: 000004c0 inst: (1dd19463) expanded: bne r 3 r29 0x1c8

Cycle        228 ----------------------------------------------------
pc: 000004c4 inst: (00120213) expanded: addi r 4 = r 4 0x1

Cycle        229 ----------------------------------------------------
pc: 000004c8 inst: (00200293) expanded: addi r 5 = r 0 0x2

Cycle        230 ----------------------------------------------------
pc: 000004cc inst: (fc5216e3) expanded: bne r 4 r 5 0xffffffcc

Cycle        231 ----------------------------------------------------
pc: 00000498 inst: (ccddb0b7) expanded: lui r 1 0xccddb000

Cycle        232 ----------------------------------------------------
pc: 0000049c inst: (abb08093) expanded: addi r 1 = r 1 0xfffffabb

Cycle        233 ----------------------------------------------------
pc: 000004a0 inst: (00000013) expanded: addi r 0 = r 0 0x0

Cycle        234 ----------------------------------------------------
pc: 000004a4 inst: (00001117) expanded: auipc r 2 0x1000

Cycle        235 ----------------------------------------------------
pc: 000004a8 inst: (b5c10113) expanded: addi r 2 = r 2 0xfffffb5c

Cycle        236 ----------------------------------------------------
pc: 000004ac inst: (00000013) expanded: addi r 0 = r 0 0x0

Cycle        237 ----------------------------------------------------
pc: 000004b0 inst: (00112823) expanded: sw [r 2 0x10] = r 1

Cycle        238 ----------------------------------------------------
pc: 000004b4 inst: (01012183) expanded: lw r 3 = [r 2 0x10]

Cycle        239 ----------------------------------------------------
pc: 000004b8 inst: (ccddbeb7) expanded: lui r29 0xccddb000

Cycle        240 ----------------------------------------------------
pc: 000004bc inst: (abbe8e93) expanded: addi r29 = r29 0xfffffabb

Cycle        241 ----------------------------------------------------
pc: 000004c0 inst: (1dd19463) expanded: bne r 3 r29 0x1c8

Cycle        242 ----------------------------------------------------
pc: 000004c4 inst: (00120213) expanded: addi r 4 = r 4 0x1

Cycle        243 ----------------------------------------------------
pc: 000004c8 inst: (00200293) expanded: addi r 5 = r 0 0x2

Cycle        244 ----------------------------------------------------
pc: 000004cc inst: (fc5216e3) expanded: bne r 4 r 5 0xffffffcc

Cycle        245 ----------------------------------------------------
pc: 000004d0 inst: (01100e13) expanded: addi r28 = r 0 0x11

Cycle        246 ----------------------------------------------------
pc: 000004d4 inst: (00000213) expanded: addi r 4 = r 0 0x0

Cycle        247 ----------------------------------------------------
pc: 000004d8 inst: (bccde0b7) expanded: lui r 1 0xbccde000

Cycle        248 ----------------------------------------------------
pc: 000004dc inst: (aab08093) expanded: addi r 1 = r 1 0xfffffaab

Cycle        249 ----------------------------------------------------
pc: 000004e0 inst: (00000013) expanded: addi r 0 = r 0 0x0

Cycle        250 ----------------------------------------------------
pc: 000004e4 inst: (00000013) expanded: addi r 0 = r 0 0x0

Cycle        251 ----------------------------------------------------
pc: 000004e8 inst: (00001117) expanded: auipc r 2 0x1000

Cycle        252 ----------------------------------------------------
pc: 000004ec inst: (b1810113) expanded: addi r 2 = r 2 0xfffffb18

Cycle        253 ----------------------------------------------------
pc: 000004f0 inst: (00112a23) expanded: sw [r 2 0x14] = r 1

Cycle        254 ----------------------------------------------------
pc: 000004f4 inst: (01412183) expanded: lw r 3 = [r 2 0x14]

Cycle        255 ----------------------------------------------------
pc: 000004f8 inst: (bccdeeb7) expanded: lui r29 0xbccde000

Cycle        256 ----------------------------------------------------
pc: 000004fc inst: (aabe8e93) expanded: addi r29 = r29 0xfffffaab

Cycle        257 ----------------------------------------------------
pc: 00000500 inst: (19d19463) expanded: bne r 3 r29 0x188

Cycle        258 ----------------------------------------------------
pc: 00000504 inst: (00120213) expanded: addi r 4 = r 4 0x1

Cycle        259 ----------------------------------------------------
pc: 00000508 inst: (00200293) expanded: addi r 5 = r 0 0x2

Cycle        260 ----------------------------------------------------
pc: 0000050c inst: (fc5216e3) expanded: bne r 4 r 5 0xffffffcc

Cycle        261 ----------------------------------------------------
pc: 000004d8 inst: (bccde0b7) expanded: lui r 1 0xbccde000

Cycle        262 ----------------------------------------------------
pc: 000004dc inst: (aab08093) expanded: addi r 1 = r 1 0xfffffaab

Cycle        263 ----------------------------------------------------
pc: 000004e0 inst: (00000013) expanded: addi r 0 = r 0 0x0

Cycle        264 ----------------------------------------------------
pc: 000004e4 inst: (00000013) expanded: addi r 0 = r 0 0x0

Cycle        265 ----------------------------------------------------
pc: 000004e8 inst: (00001117) expanded: auipc r 2 0x1000

Cycle        266 ----------------------------------------------------
pc: 000004ec inst: (b1810113) expanded: addi r 2 = r 2 0xfffffb18

Cycle        267 ----------------------------------------------------
pc: 000004f0 inst: (00112a23) expanded: sw [r 2 0x14] = r 1

Cycle        268 ----------------------------------------------------
pc: 000004f4 inst: (01412183) expanded: lw r 3 = [r 2 0x14]

Cycle        269 ----------------------------------------------------
pc: 000004f8 inst: (bccdeeb7) expanded: lui r29 0xbccde000

Cycle        270 ----------------------------------------------------
pc: 000004fc inst: (aabe8e93) expanded: addi r29 = r29 0xfffffaab

Cycle        271 ----------------------------------------------------
pc: 00000500 inst: (19d19463) expanded: bne r 3 r29 0x188

Cycle        272 ----------------------------------------------------
pc: 00000504 inst: (00120213) expanded: addi r 4 = r 4 0x1

Cycle        273 ----------------------------------------------------
pc: 00000508 inst: (00200293) expanded: addi r 5 = r 0 0x2

Cycle        274 ----------------------------------------------------
pc: 0000050c inst: (fc5216e3) expanded: bne r 4 r 5 0xffffffcc

Cycle        275 ----------------------------------------------------
pc: 00000510 inst: (01200e13) expanded: addi r28 = r 0 0x12

Cycle        276 ----------------------------------------------------
pc: 00000514 inst: (00000213) expanded: addi r 4 = r 0 0x0

Cycle        277 ----------------------------------------------------
pc: 00000518 inst: (00001117) expanded: auipc r 2 0x1000

Cycle        278 ----------------------------------------------------
pc: 0000051c inst: (ae810113) expanded: addi r 2 = r 2 0xfffffae8

Cycle        279 ----------------------------------------------------
pc: 00000520 inst: (001120b7) expanded: lui r 1 0x112000

Cycle        280 ----------------------------------------------------
pc: 00000524 inst: (23308093) expanded: addi r 1 = r 1 0x233

Cycle        281 ----------------------------------------------------
pc: 00000528 inst: (00112023) expanded: sw [r 2 0x0] = r 1

Cycle        282 ----------------------------------------------------
pc: 0000052c inst: (00012183) expanded: lw r 3 = [r 2 0x0]

Cycle        283 ----------------------------------------------------
pc: 00000530 inst: (00112eb7) expanded: lui r29 0x112000

Cycle        284 ----------------------------------------------------
pc: 00000534 inst: (233e8e93) expanded: addi r29 = r29 0x233

Cycle        285 ----------------------------------------------------
pc: 00000538 inst: (15d19863) expanded: bne r 3 r29 0x150

Cycle        286 ----------------------------------------------------
pc: 0000053c inst: (00120213) expanded: addi r 4 = r 4 0x1

Cycle        287 ----------------------------------------------------
pc: 00000540 inst: (00200293) expanded: addi r 5 = r 0 0x2

Cycle        288 ----------------------------------------------------
pc: 00000544 inst: (fc521ae3) expanded: bne r 4 r 5 0xffffffd4

Cycle        289 ----------------------------------------------------
pc: 00000518 inst: (00001117) expanded: auipc r 2 0x1000

Cycle        290 ----------------------------------------------------
pc: 0000051c inst: (ae810113) expanded: addi r 2 = r 2 0xfffffae8

Cycle        291 ----------------------------------------------------
pc: 00000520 inst: (001120b7) expanded: lui r 1 0x112000

Cycle        292 ----------------------------------------------------
pc: 00000524 inst: (23308093) expanded: addi r 1 = r 1 0x233

Cycle        293 ----------------------------------------------------
pc: 00000528 inst: (00112023) expanded: sw [r 2 0x0] = r 1

Cycle        294 ----------------------------------------------------
pc: 0000052c inst: (00012183) expanded: lw r 3 = [r 2 0x0]

Cycle        295 ----------------------------------------------------
pc: 00000530 inst: (00112eb7) expanded: lui r29 0x112000

Cycle        296 ----------------------------------------------------
pc: 00000534 inst: (233e8e93) expanded: addi r29 = r29 0x233

Cycle        297 ----------------------------------------------------
pc: 00000538 inst: (15d19863) expanded: bne r 3 r29 0x150

Cycle        298 ----------------------------------------------------
pc: 0000053c inst: (00120213) expanded: addi r 4 = r 4 0x1

Cycle        299 ----------------------------------------------------
pc: 00000540 inst: (00200293) expanded: addi r 5 = r 0 0x2

Cycle        300 ----------------------------------------------------
pc: 00000544 inst: (fc521ae3) expanded: bne r 4 r 5 0xffffffd4

Cycle        301 ----------------------------------------------------
pc: 00000548 inst: (01300e13) expanded: addi r28 = r 0 0x13

Cycle        302 ----------------------------------------------------
pc: 0000054c inst: (00000213) expanded: addi r 4 = r 0 0x0

Cycle        303 ----------------------------------------------------
pc: 00000550 inst: (00001117) expanded: auipc r 2 0x1000

Cycle        304 ----------------------------------------------------
pc: 00000554 inst: (ab010113) expanded: addi r 2 = r 2 0xfffffab0

Cycle        305 ----------------------------------------------------
pc: 00000558 inst: (300110b7) expanded: lui r 1 0x30011000

Cycle        306 ----------------------------------------------------
pc: 0000055c inst: (22308093) expanded: addi r 1 = r 1 0x223

Cycle        307 ----------------------------------------------------
pc: 00000560 inst: (00000013) expanded: addi r 0 = r 0 0x0

Cycle        308 ----------------------------------------------------
pc: 00000564 inst: (00112223) expanded: sw [r 2 0x4] = r 1

Cycle        309 ----------------------------------------------------
pc: 00000568 inst: (00412183) expanded: lw r 3 = [r 2 0x4]

Cycle        310 ----------------------------------------------------
pc: 0000056c inst: (30011eb7) expanded: lui r29 0x30011000

Cycle        311 ----------------------------------------------------
pc: 00000570 inst: (223e8e93) expanded: addi r29 = r29 0x223

Cycle        312 ----------------------------------------------------
pc: 00000574 inst: (11d19a63) expanded: bne r 3 r29 0x114

Cycle        313 ----------------------------------------------------
pc: 00000578 inst: (00120213) expanded: addi r 4 = r 4 0x1

Cycle        314 ----------------------------------------------------
pc: 0000057c inst: (00200293) expanded: addi r 5 = r 0 0x2

Cycle        315 ----------------------------------------------------
pc: 00000580 inst: (fc5218e3) expanded: bne r 4 r 5 0xffffffd0

Cycle        316 ----------------------------------------------------
pc: 00000550 inst: (00001117) expanded: auipc r 2 0x1000

Cycle        317 ----------------------------------------------------
pc: 00000554 inst: (ab010113) expanded: addi r 2 = r 2 0xfffffab0

Cycle        318 ----------------------------------------------------
pc: 00000558 inst: (300110b7) expanded: lui r 1 0x30011000

Cycle        319 ----------------------------------------------------
pc: 0000055c inst: (22308093) expanded: addi r 1 = r 1 0x223

Cycle        320 ----------------------------------------------------
pc: 00000560 inst: (00000013) expanded: addi r 0 = r 0 0x0

Cycle        321 ----------------------------------------------------
pc: 00000564 inst: (00112223) expanded: sw [r 2 0x4] = r 1

Cycle        322 ----------------------------------------------------
pc: 00000568 inst: (00412183) expanded: lw r 3 = [r 2 0x4]

Cycle        323 ----------------------------------------------------
pc: 0000056c inst: (30011eb7) expanded: lui r29 0x30011000

Cycle        324 ----------------------------------------------------
pc: 00000570 inst: (223e8e93) expanded: addi r29 = r29 0x223

Cycle        325 ----------------------------------------------------
pc: 00000574 inst: (11d19a63) expanded: bne r 3 r29 0x114

Cycle        326 ----------------------------------------------------
pc: 00000578 inst: (00120213) expanded: addi r 4 = r 4 0x1

Cycle        327 ----------------------------------------------------
pc: 0000057c inst: (00200293) expanded: addi r 5 = r 0 0x2

Cycle        328 ----------------------------------------------------
pc: 00000580 inst: (fc5218e3) expanded: bne r 4 r 5 0xffffffd0

Cycle        329 ----------------------------------------------------
pc: 00000584 inst: (01400e13) expanded: addi r28 = r 0 0x14

Cycle        330 ----------------------------------------------------
pc: 00000588 inst: (00000213) expanded: addi r 4 = r 0 0x0

Cycle        331 ----------------------------------------------------
pc: 0000058c inst: (00001117) expanded: auipc r 2 0x1000

Cycle        332 ----------------------------------------------------
pc: 00000590 inst: (a7410113) expanded: addi r 2 = r 2 0xfffffa74

Cycle        333 ----------------------------------------------------
pc: 00000594 inst: (330010b7) expanded: lui r 1 0x33001000

Cycle        334 ----------------------------------------------------
pc: 00000598 inst: (12208093) expanded: addi r 1 = r 1 0x122

Cycle        335 ----------------------------------------------------
pc: 0000059c inst: (00000013) expanded: addi r 0 = r 0 0x0

Cycle        336 ----------------------------------------------------
pc: 000005a0 inst: (00000013) expanded: addi r 0 = r 0 0x0

Cycle        337 ----------------------------------------------------
pc: 000005a4 inst: (00112423) expanded: sw [r 2 0x8] = r 1

Cycle        338 ----------------------------------------------------
pc: 000005a8 inst: (00812183) expanded: lw r 3 = [r 2 0x8]

Cycle        339 ----------------------------------------------------
pc: 000005ac inst: (33001eb7) expanded: lui r29 0x33001000

Cycle        340 ----------------------------------------------------
pc: 000005b0 inst: (122e8e93) expanded: addi r29 = r29 0x122

Cycle        341 ----------------------------------------------------
pc: 000005b4 inst: (0dd19a63) expanded: bne r 3 r29 0xd4

Cycle        342 ----------------------------------------------------
pc: 000005b8 inst: (00120213) expanded: addi r 4 = r 4 0x1

Cycle        343 ----------------------------------------------------
pc: 000005bc inst: (00200293) expanded: addi r 5 = r 0 0x2

Cycle        344 ----------------------------------------------------
pc: 000005c0 inst: (fc5216e3) expanded: bne r 4 r 5 0xffffffcc

Cycle        345 ----------------------------------------------------
pc: 0000058c inst: (00001117) expanded: auipc r 2 0x1000

Cycle        346 ----------------------------------------------------
pc: 00000590 inst: (a7410113) expanded: addi r 2 = r 2 0xfffffa74

Cycle        347 ----------------------------------------------------
pc: 00000594 inst: (330010b7) expanded: lui r 1 0x33001000

Cycle        348 ----------------------------------------------------
pc: 00000598 inst: (12208093) expanded: addi r 1 = r 1 0x122

Cycle        349 ----------------------------------------------------
pc: 0000059c inst: (00000013) expanded: addi r 0 = r 0 0x0

Cycle        350 ----------------------------------------------------
pc: 000005a0 inst: (00000013) expanded: addi r 0 = r 0 0x0

Cycle        351 ----------------------------------------------------
pc: 000005a4 inst: (00112423) expanded: sw [r 2 0x8] = r 1

Cycle        352 ----------------------------------------------------
pc: 000005a8 inst: (00812183) expanded: lw r 3 = [r 2 0x8]

Cycle        353 ----------------------------------------------------
pc: 000005ac inst: (33001eb7) expanded: lui r29 0x33001000

Cycle        354 ----------------------------------------------------
pc: 000005b0 inst: (122e8e93) expanded: addi r29 = r29 0x122

Cycle        355 ----------------------------------------------------
pc: 000005b4 inst: (0dd19a63) expanded: bne r 3 r29 0xd4

Cycle        356 ----------------------------------------------------
pc: 000005b8 inst: (00120213) expanded: addi r 4 = r 4 0x1

Cycle        357 ----------------------------------------------------
pc: 000005bc inst: (00200293) expanded: addi r 5 = r 0 0x2

Cycle        358 ----------------------------------------------------
pc: 000005c0 inst: (fc5216e3) expanded: bne r 4 r 5 0xffffffcc

Cycle        359 ----------------------------------------------------
pc: 000005c4 inst: (01500e13) expanded: addi r28 = r 0 0x15

Cycle        360 ----------------------------------------------------
pc: 000005c8 inst: (00000213) expanded: addi r 4 = r 0 0x0

Cycle        361 ----------------------------------------------------
pc: 000005cc inst: (00001117) expanded: auipc r 2 0x1000

Cycle        362 ----------------------------------------------------
pc: 000005d0 inst: (a3410113) expanded: addi r 2 = r 2 0xfffffa34

Cycle        363 ----------------------------------------------------
pc: 000005d4 inst: (00000013) expanded: addi r 0 = r 0 0x0

Cycle        364 ----------------------------------------------------
pc: 000005d8 inst: (233000b7) expanded: lui r 1 0x23300000

Cycle        365 ----------------------------------------------------
pc: 000005dc inst: (11208093) expanded: addi r 1 = r 1 0x112

Cycle        366 ----------------------------------------------------
pc: 000005e0 inst: (00112623) expanded: sw [r 2 0xc] = r 1

Cycle        367 ----------------------------------------------------
pc: 000005e4 inst: (00c12183) expanded: lw r 3 = [r 2 0xc]

Cycle        368 ----------------------------------------------------
pc: 000005e8 inst: (23300eb7) expanded: lui r29 0x23300000

Cycle        369 ----------------------------------------------------
pc: 000005ec inst: (112e8e93) expanded: addi r29 = r29 0x112

Cycle        370 ----------------------------------------------------
pc: 000005f0 inst: (09d19c63) expanded: bne r 3 r29 0x98

Cycle        371 ----------------------------------------------------
pc: 000005f4 inst: (00120213) expanded: addi r 4 = r 4 0x1

Cycle        372 ----------------------------------------------------
pc: 000005f8 inst: (00200293) expanded: addi r 5 = r 0 0x2

Cycle        373 ----------------------------------------------------
pc: 000005fc inst: (fc5218e3) expanded: bne r 4 r 5 0xffffffd0

Cycle        374 ----------------------------------------------------
pc: 000005cc inst: (00001117) expanded: auipc r 2 0x1000

Cycle        375 ----------------------------------------------------
pc: 000005d0 inst: (a3410113) expanded: addi r 2 = r 2 0xfffffa34

Cycle        376 ----------------------------------------------------
pc: 000005d4 inst: (00000013) expanded: addi r 0 = r 0 0x0

Cycle        377 ----------------------------------------------------
pc: 000005d8 inst: (233000b7) expanded: lui r 1 0x23300000

Cycle        378 ----------------------------------------------------
pc: 000005dc inst: (11208093) expanded: addi r 1 = r 1 0x112

Cycle        379 ----------------------------------------------------
pc: 000005e0 inst: (00112623) expanded: sw [r 2 0xc] = r 1

Cycle        380 ----------------------------------------------------
pc: 000005e4 inst: (00c12183) expanded: lw r 3 = [r 2 0xc]

Cycle        381 ----------------------------------------------------
pc: 000005e8 inst: (23300eb7) expanded: lui r29 0x23300000

Cycle        382 ----------------------------------------------------
pc: 000005ec inst: (112e8e93) expanded: addi r29 = r29 0x112

Cycle        383 ----------------------------------------------------
pc: 000005f0 inst: (09d19c63) expanded: bne r 3 r29 0x98

Cycle        384 ----------------------------------------------------
pc: 000005f4 inst: (00120213) expanded: addi r 4 = r 4 0x1

Cycle        385 ----------------------------------------------------
pc: 000005f8 inst: (00200293) expanded: addi r 5 = r 0 0x2

Cycle        386 ----------------------------------------------------
pc: 000005fc inst: (fc5218e3) expanded: bne r 4 r 5 0xffffffd0

Cycle        387 ----------------------------------------------------
pc: 00000600 inst: (01600e13) expanded: addi r28 = r 0 0x16

Cycle        388 ----------------------------------------------------
pc: 00000604 inst: (00000213) expanded: addi r 4 = r 0 0x0

Cycle        389 ----------------------------------------------------
pc: 00000608 inst: (00001117) expanded: auipc r 2 0x1000

Cycle        390 ----------------------------------------------------
pc: 0000060c inst: (9f810113) expanded: addi r 2 = r 2 0xfffff9f8

Cycle        391 ----------------------------------------------------
pc: 00000610 inst: (00000013) expanded: addi r 0 = r 0 0x0

Cycle        392 ----------------------------------------------------
pc: 00000614 inst: (223300b7) expanded: lui r 1 0x22330000

Cycle        393 ----------------------------------------------------
pc: 00000618 inst: (01108093) expanded: addi r 1 = r 1 0x11

Cycle        394 ----------------------------------------------------
pc: 0000061c inst: (00000013) expanded: addi r 0 = r 0 0x0

Cycle        395 ----------------------------------------------------
pc: 00000620 inst: (00112823) expanded: sw [r 2 0x10] = r 1

Cycle        396 ----------------------------------------------------
pc: 00000624 inst: (01012183) expanded: lw r 3 = [r 2 0x10]

Cycle        397 ----------------------------------------------------
pc: 00000628 inst: (22330eb7) expanded: lui r29 0x22330000

Cycle        398 ----------------------------------------------------
pc: 0000062c inst: (011e8e93) expanded: addi r29 = r29 0x11

Cycle        399 ----------------------------------------------------
pc: 00000630 inst: (05d19c63) expanded: bne r 3 r29 0x58

Cycle        400 ----------------------------------------------------
pc: 00000634 inst: (00120213) expanded: addi r 4 = r 4 0x1

Cycle        401 ----------------------------------------------------
pc: 00000638 inst: (00200293) expanded: addi r 5 = r 0 0x2

Cycle        402 ----------------------------------------------------
pc: 0000063c inst: (fc5216e3) expanded: bne r 4 r 5 0xffffffcc

Cycle        403 ----------------------------------------------------
pc: 00000608 inst: (00001117) expanded: auipc r 2 0x1000

Cycle        404 ----------------------------------------------------
pc: 0000060c inst: (9f810113) expanded: addi r 2 = r 2 0xfffff9f8

Cycle        405 ----------------------------------------------------
pc: 00000610 inst: (00000013) expanded: addi r 0 = r 0 0x0

Cycle        406 ----------------------------------------------------
pc: 00000614 inst: (223300b7) expanded: lui r 1 0x22330000

Cycle        407 ----------------------------------------------------
pc: 00000618 inst: (01108093) expanded: addi r 1 = r 1 0x11

Cycle        408 ----------------------------------------------------
pc: 0000061c inst: (00000013) expanded: addi r 0 = r 0 0x0

Cycle        409 ----------------------------------------------------
pc: 00000620 inst: (00112823) expanded: sw [r 2 0x10] = r 1

Cycle        410 ----------------------------------------------------
pc: 00000624 inst: (01012183) expanded: lw r 3 = [r 2 0x10]

Cycle        411 ----------------------------------------------------
pc: 00000628 inst: (22330eb7) expanded: lui r29 0x22330000

Cycle        412 ----------------------------------------------------
pc: 0000062c inst: (011e8e93) expanded: addi r29 = r29 0x11

Cycle        413 ----------------------------------------------------
pc: 00000630 inst: (05d19c63) expanded: bne r 3 r29 0x58

Cycle        414 ----------------------------------------------------
pc: 00000634 inst: (00120213) expanded: addi r 4 = r 4 0x1

Cycle        415 ----------------------------------------------------
pc: 00000638 inst: (00200293) expanded: addi r 5 = r 0 0x2

Cycle        416 ----------------------------------------------------
pc: 0000063c inst: (fc5216e3) expanded: bne r 4 r 5 0xffffffcc

Cycle        417 ----------------------------------------------------
pc: 00000640 inst: (01700e13) expanded: addi r28 = r 0 0x17

Cycle        418 ----------------------------------------------------
pc: 00000644 inst: (00000213) expanded: addi r 4 = r 0 0x0

Cycle        419 ----------------------------------------------------
pc: 00000648 inst: (00001117) expanded: auipc r 2 0x1000

Cycle        420 ----------------------------------------------------
pc: 0000064c inst: (9b810113) expanded: addi r 2 = r 2 0xfffff9b8

Cycle        421 ----------------------------------------------------
pc: 00000650 inst: (00000013) expanded: addi r 0 = r 0 0x0

Cycle        422 ----------------------------------------------------
pc: 00000654 inst: (00000013) expanded: addi r 0 = r 0 0x0

Cycle        423 ----------------------------------------------------
pc: 00000658 inst: (122330b7) expanded: lui r 1 0x12233000

Cycle        424 ----------------------------------------------------
pc: 0000065c inst: (00108093) expanded: addi r 1 = r 1 0x1

Cycle        425 ----------------------------------------------------
pc: 00000660 inst: (00112a23) expanded: sw [r 2 0x14] = r 1

Cycle        426 ----------------------------------------------------
pc: 00000664 inst: (01412183) expanded: lw r 3 = [r 2 0x14]

Cycle        427 ----------------------------------------------------
pc: 00000668 inst: (12233eb7) expanded: lui r29 0x12233000

Cycle        428 ----------------------------------------------------
pc: 0000066c inst: (001e8e93) expanded: addi r29 = r29 0x1

Cycle        429 ----------------------------------------------------
pc: 00000670 inst: (01d19c63) expanded: bne r 3 r29 0x18

Cycle        430 ----------------------------------------------------
pc: 00000674 inst: (00120213) expanded: addi r 4 = r 4 0x1

Cycle        431 ----------------------------------------------------
pc: 00000678 inst: (00200293) expanded: addi r 5 = r 0 0x2

Cycle        432 ----------------------------------------------------
pc: 0000067c inst: (fc5216e3) expanded: bne r 4 r 5 0xffffffcc

Cycle        433 ----------------------------------------------------
pc: 00000648 inst: (00001117) expanded: auipc r 2 0x1000

Cycle        434 ----------------------------------------------------
pc: 0000064c inst: (9b810113) expanded: addi r 2 = r 2 0xfffff9b8

Cycle        435 ----------------------------------------------------
pc: 00000650 inst: (00000013) expanded: addi r 0 = r 0 0x0

Cycle        436 ----------------------------------------------------
pc: 00000654 inst: (00000013) expanded: addi r 0 = r 0 0x0

Cycle        437 ----------------------------------------------------
pc: 00000658 inst: (122330b7) expanded: lui r 1 0x12233000

Cycle        438 ----------------------------------------------------
pc: 0000065c inst: (00108093) expanded: addi r 1 = r 1 0x1

Cycle        439 ----------------------------------------------------
pc: 00000660 inst: (00112a23) expanded: sw [r 2 0x14] = r 1

Cycle        440 ----------------------------------------------------
pc: 00000664 inst: (01412183) expanded: lw r 3 = [r 2 0x14]

Cycle        441 ----------------------------------------------------
pc: 00000668 inst: (12233eb7) expanded: lui r29 0x12233000

Cycle        442 ----------------------------------------------------
pc: 0000066c inst: (001e8e93) expanded: addi r29 = r29 0x1

Cycle        443 ----------------------------------------------------
pc: 00000670 inst: (01d19c63) expanded: bne r 3 r29 0x18

Cycle        444 ----------------------------------------------------
pc: 00000674 inst: (00120213) expanded: addi r 4 = r 4 0x1

Cycle        445 ----------------------------------------------------
pc: 00000678 inst: (00200293) expanded: addi r 5 = r 0 0x2

Cycle        446 ----------------------------------------------------
pc: 0000067c inst: (fc5216e3) expanded: bne r 4 r 5 0xffffffcc

Cycle        447 ----------------------------------------------------
pc: 00000680 inst: (01c01663) expanded: bne r 0 r28 0xc

Cycle        448 ----------------------------------------------------
pc: 0000068c inst: (00000e13) expanded: addi r28 = r 0 0x0

Cycle        449 ----------------------------------------------------
pc: 00000690 inst: (0040006f) expanded: jal r 0 0x4

Cycle        450 ----------------------------------------------------
pc: 00000694 inst: (c0002573) expanded: csrrs r10 csr0xc00 r 0

Cycle        451 ----------------------------------------------------
pc: 00000698 inst: (c02025f3) expanded: csrrs r11 csr0xc02 r 0

Cycle        452 ----------------------------------------------------
pc: 0000069c inst: (01051613) expanded: slli r12 = r10 0x10

Cycle        453 ----------------------------------------------------
pc: 000006a0 inst: (01065613) expanded: srli r12 = r12 0x10

Cycle        454 ----------------------------------------------------
pc: 000006a4 inst: (000206b7) expanded: lui r13 0x20000

Cycle        455 ----------------------------------------------------
pc: 000006a8 inst: (00d666b3) expanded: or r13 = r12 r13

Cycle        456 ----------------------------------------------------
pc: 000006ac inst: (78069073) expanded: csrrw r 0 csr0x780 r13

Cycle        457 ----------------------------------------------------
pc: 000006b0 inst: (01055613) expanded: srli r12 = r10 0x10

Cycle        458 ----------------------------------------------------
pc: 000006b4 inst: (000306b7) expanded: lui r13 0x30000

Cycle        459 ----------------------------------------------------
pc: 000006b8 inst: (00d666b3) expanded: or r13 = r12 r13

Cycle        460 ----------------------------------------------------
pc: 000006bc inst: (78069073) expanded: csrrw r 0 csr0x780 r13

Cycle        461 ----------------------------------------------------
pc: 000006c0 inst: (00010637) expanded: lui r12 0x10000

Cycle        462 ----------------------------------------------------
pc: 000006c4 inst: (00a60613) expanded: addi r12 = r12 0xa

Cycle        463 ----------------------------------------------------
pc: 000006c8 inst: (78061073) expanded: csrrw r 0 csr0x780 r12

Cycle        464 ----------------------------------------------------
pc: 000006cc inst: (01059613) expanded: slli r12 = r11 0x10

Cycle        465 ----------------------------------------------------
pc: 000006d0 inst: (01065613) expanded: srli r12 = r12 0x10

Cycle        466 ----------------------------------------------------
pc: 000006d4 inst: (000201b7) expanded: lui r 3 0x20000

Cycle        467 ----------------------------------------------------
pc: 000006d8 inst: (003661b3) expanded: or r 3 = r12 r 3

Cycle        468 ----------------------------------------------------
pc: 000006dc inst: (78019073) expanded: csrrw r 0 csr0x780 r 3

Cycle        469 ----------------------------------------------------
pc: 000006e0 inst: (0105d613) expanded: srli r12 = r11 0x10

Cycle        470 ----------------------------------------------------
pc: 000006e4 inst: (000301b7) expanded: lui r 3 0x30000

Cycle        471 ----------------------------------------------------
pc: 000006e8 inst: (003661b3) expanded: or r 3 = r12 r 3

Cycle        472 ----------------------------------------------------
pc: 000006ec inst: (78019073) expanded: csrrw r 0 csr0x780 r 3

Cycle        473 ----------------------------------------------------
pc: 000006f0 inst: (00010637) expanded: lui r12 0x10000

Cycle        474 ----------------------------------------------------
pc: 000006f4 inst: (00a60613) expanded: addi r12 = r12 0xa

Cycle        475 ----------------------------------------------------
pc: 000006f8 inst: (78061073) expanded: csrrw r 0 csr0x780 r12

Cycle        476 ----------------------------------------------------
pc: 000006fc inst: (780e1073) expanded: csrrw r 0 csr0x780 r28

Cycle        477 ----------------------------------------------------
pc: 00000700 inst: (0000006f) expanded: jal r 0 0x0

Cycle        478 ----------------------------------------------------
pc: 00000700 inst: (0000006f) expanded: jal r 0 0x0

Cycle        479 ----------------------------------------------------
pc: 00000700 inst: (0000006f) expanded: jal r 0 0x0

Cycle        480 ----------------------------------------------------
pc: 00000700 inst: (0000006f) expanded: jal r 0 0x0

Cycle        481 ----------------------------------------------------
pc: 00000700 inst: (0000006f) expanded: jal r 0 0x0

Cycle        482 ----------------------------------------------------
pc: 00000700 inst: (0000006f) expanded: jal r 0 0x0

Cycle        483 ----------------------------------------------------
pc: 00000700 inst: (0000006f) expanded: jal r 0 0x0

Cycle        484 ----------------------------------------------------
pc: 00000700 inst: (0000006f) expanded: jal r 0 0x0

Cycle        485 ----------------------------------------------------
pc: 00000700 inst: (0000006f) expanded: jal r 0 0x0

Cycle        486 ----------------------------------------------------
pc: 00000700 inst: (0000006f) expanded: jal r 0 0x0

Cycle        487 ----------------------------------------------------
pc: 00000700 inst: (0000006f) expanded: jal r 0 0x0

Cycle        488 ----------------------------------------------------
pc: 00000700 inst: (0000006f) expanded: jal r 0 0x0

Cycle        489 ----------------------------------------------------
pc: 00000700 inst: (0000006f) expanded: jal r 0 0x0

Cycle        490 ----------------------------------------------------
pc: 00000700 inst: (0000006f) expanded: jal r 0 0x0

Cycle        491 ----------------------------------------------------
pc: 00000700 inst: (0000006f) expanded: jal r 0 0x0

Cycle        492 ----------------------------------------------------
pc: 00000700 inst: (0000006f) expanded: jal r 0 0x0

Cycle        493 ----------------------------------------------------
pc: 00000700 inst: (0000006f) expanded: jal r 0 0x0

Cycle        494 ----------------------------------------------------
pc: 00000700 inst: (0000006f) expanded: jal r 0 0x0

Cycle        495 ----------------------------------------------------
pc: 00000700 inst: (0000006f) expanded: jal r 0 0x0

Cycle        496 ----------------------------------------------------
pc: 00000700 inst: (0000006f) expanded: jal r 0 0x0

Cycle        497 ----------------------------------------------------
pc: 00000700 inst: (0000006f) expanded: jal r 0 0x0

Cycle        498 ----------------------------------------------------
pc: 00000700 inst: (0000006f) expanded: jal r 0 0x0

Cycle        499 ----------------------------------------------------
pc: 00000700 inst: (0000006f) expanded: jal r 0 0x0

Cycle        500 ----------------------------------------------------
pc: 00000700 inst: (0000006f) expanded: jal r 0 0x0

Cycle        501 ----------------------------------------------------
pc: 00000700 inst: (0000006f) expanded: jal r 0 0x0

Cycle        502 ----------------------------------------------------
pc: 00000700 inst: (0000006f) expanded: jal r 0 0x0

Cycle        503 ----------------------------------------------------
pc: 00000700 inst: (0000006f) expanded: jal r 0 0x0

Cycle        504 ----------------------------------------------------
pc: 00000700 inst: (0000006f) expanded: jal r 0 0x0

Cycle        505 ----------------------------------------------------
pc: 00000700 inst: (0000006f) expanded: jal r 0 0x0

Cycle        506 ----------------------------------------------------
pc: 00000700 inst: (0000006f) expanded: jal r 0 0x0

Cycle        507 ----------------------------------------------------
pc: 00000700 inst: (0000006f) expanded: jal r 0 0x0

Cycle        508 ----------------------------------------------------
pc: 00000700 inst: (0000006f) expanded: jal r 0 0x0

Cycle        509 ----------------------------------------------------
pc: 00000700 inst: (0000006f) expanded: jal r 0 0x0

Cycle        510 ----------------------------------------------------
pc: 00000700 inst: (0000006f) expanded: jal r 0 0x0

Cycle        511 ----------------------------------------------------
pc: 00000700 inst: (0000006f) expanded: jal r 0 0x0

Cycle        512 ----------------------------------------------------
pc: 00000700 inst: (0000006f) expanded: jal r 0 0x0

Cycle        513 ----------------------------------------------------
pc: 00000700 inst: (0000006f) expanded: jal r 0 0x0

Cycle        514 ----------------------------------------------------
pc: 00000700 inst: (0000006f) expanded: jal r 0 0x0

Cycle        515 ----------------------------------------------------
pc: 00000700 inst: (0000006f) expanded: jal r 0 0x0

Cycle        516 ----------------------------------------------------
pc: 00000700 inst: (0000006f) expanded: jal r 0 0x0

Cycle        517 ----------------------------------------------------
pc: 00000700 inst: (0000006f) expanded: jal r 0 0x0

Cycle        518 ----------------------------------------------------
pc: 00000700 inst: (0000006f) expanded: jal r 0 0x0

Cycle        519 ----------------------------------------------------
pc: 00000700 inst: (0000006f) expanded: jal r 0 0x0

Cycle        520 ----------------------------------------------------
pc: 00000700 inst: (0000006f) expanded: jal r 0 0x0

Cycle        521 ----------------------------------------------------
pc: 00000700 inst: (0000006f) expanded: jal r 0 0x0

Cycle        522 ----------------------------------------------------
pc: 00000700 inst: (0000006f) expanded: jal r 0 0x0

Cycle        523 ----------------------------------------------------
pc: 00000700 inst: (0000006f) expanded: jal r 0 0x0

Cycle        524 ----------------------------------------------------
pc: 00000700 inst: (0000006f) expanded: jal r 0 0x0

Cycle        525 ----------------------------------------------------
pc: 00000700 inst: (0000006f) expanded: jal r 0 0x0

Cycle        526 ----------------------------------------------------
pc: 00000700 inst: (0000006f) expanded: jal r 0 0x0

Cycle        527 ----------------------------------------------------
pc: 00000700 inst: (0000006f) expanded: jal r 0 0x0

Cycle        528 ----------------------------------------------------
pc: 00000700 inst: (0000006f) expanded: jal r 0 0x0

Cycle        529 ----------------------------------------------------
pc: 00000700 inst: (0000006f) expanded: jal r 0 0x0

Cycle        530 ----------------------------------------------------
pc: 00000700 inst: (0000006f) expanded: jal r 0 0x0

Cycle        531 ----------------------------------------------------
pc: 00000700 inst: (0000006f) expanded: jal r 0 0x0

Cycle        532 ----------------------------------------------------
pc: 00000700 inst: (0000006f) expanded: jal r 0 0x0

Cycle        533 ----------------------------------------------------
pc: 00000700 inst: (0000006f) expanded: jal r 0 0x0

Cycle        534 ----------------------------------------------------
pc: 00000700 inst: (0000006f) expanded: jal r 0 0x0

Cycle        535 ----------------------------------------------------
pc: 00000700 inst: (0000006f) expanded: jal r 0 0x0

Cycle        536 ----------------------------------------------------
pc: 00000700 inst: (0000006f) expanded: jal r 0 0x0

Cycle        537 ----------------------------------------------------
pc: 00000700 inst: (0000006f) expanded: jal r 0 0x0

Cycle        538 ----------------------------------------------------
pc: 00000700 inst: (0000006f) expanded: jal r 0 0x0

Cycle        539 ----------------------------------------------------
pc: 00000700 inst: (0000006f) expanded: jal r 0 0x0

Cycle        540 ----------------------------------------------------
pc: 00000700 inst: (0000006f) expanded: jal r 0 0x0

Cycle        541 ----------------------------------------------------
pc: 00000700 inst: (0000006f) expanded: jal r 0 0x0

Cycle        542 ----------------------------------------------------
pc: 00000700 inst: (0000006f) expanded: jal r 0 0x0

Cycle        543 ----------------------------------------------------
pc: 00000700 inst: (0000006f) expanded: jal r 0 0x0

Cycle        544 ----------------------------------------------------
pc: 00000700 inst: (0000006f) expanded: jal r 0 0x0

Cycle        545 ----------------------------------------------------
pc: 00000700 inst: (0000006f) expanded: jal r 0 0x0

Cycle        546 ----------------------------------------------------
pc: 00000700 inst: (0000006f) expanded: jal r 0 0x0

Cycle        547 ----------------------------------------------------
pc: 00000700 inst: (0000006f) expanded: jal r 0 0x0

Cycle        548 ----------------------------------------------------
pc: 00000700 inst: (0000006f) expanded: jal r 0 0x0

Cycle        549 ----------------------------------------------------
pc: 00000700 inst: (0000006f) expanded: jal r 0 0x0

Cycle        550 ----------------------------------------------------
pc: 00000700 inst: (0000006f) expanded: jal r 0 0x0

Cycle        551 ----------------------------------------------------
pc: 00000700 inst: (0000006f) expanded: jal r 0 0x0

Cycle        552 ----------------------------------------------------
pc: 00000700 inst: (0000006f) expanded: jal r 0 0x0

Cycle        553 ----------------------------------------------------
pc: 00000700 inst: (0000006f) expanded: jal r 0 0x0

Cycle        554 ----------------------------------------------------
pc: 00000700 inst: (0000006f) expanded: jal r 0 0x0

Cycle        555 ----------------------------------------------------
pc: 00000700 inst: (0000006f) expanded: jal r 0 0x0

Cycle        556 ----------------------------------------------------
pc: 00000700 inst: (0000006f) expanded: jal r 0 0x0

Cycle        557 ----------------------------------------------------
pc: 00000700 inst: (0000006f) expanded: jal r 0 0x0

Cycle        558 ----------------------------------------------------
pc: 00000700 inst: (0000006f) expanded: jal r 0 0x0

Cycle        559 ----------------------------------------------------
pc: 00000700 inst: (0000006f) expanded: jal r 0 0x0

Cycle        560 ----------------------------------------------------
pc: 00000700 inst: (0000006f) expanded: jal r 0 0x0

Cycle        561 ----------------------------------------------------
pc: 00000700 inst: (0000006f) expanded: jal r 0 0x0

Cycle        562 ----------------------------------------------------
pc: 00000700 inst: (0000006f) expanded: jal r 0 0x0

Cycle        563 ----------------------------------------------------
pc: 00000700 inst: (0000006f) expanded: jal r 0 0x0

Cycle        564 ----------------------------------------------------
pc: 00000700 inst: (0000006f) expanded: jal r 0 0x0

Cycle        565 ----------------------------------------------------
pc: 00000700 inst: (0000006f) expanded: jal r 0 0x0

Cycle        566 ----------------------------------------------------
pc: 00000700 inst: (0000006f) expanded: jal r 0 0x0

Cycle        567 ----------------------------------------------------
pc: 00000700 inst: (0000006f) expanded: jal r 0 0x0

Cycle        568 ----------------------------------------------------
pc: 00000700 inst: (0000006f) expanded: jal r 0 0x0

Cycle        569 ----------------------------------------------------
pc: 00000700 inst: (0000006f) expanded: jal r 0 0x0

Cycle        570 ----------------------------------------------------
pc: 00000700 inst: (0000006f) expanded: jal r 0 0x0

Cycle        571 ----------------------------------------------------
pc: 00000700 inst: (0000006f) expanded: jal r 0 0x0

Cycle        572 ----------------------------------------------------
pc: 00000700 inst: (0000006f) expanded: jal r 0 0x0

Cycle        573 ----------------------------------------------------
pc: 00000700 inst: (0000006f) expanded: jal r 0 0x0

Cycle        574 ----------------------------------------------------
simulator calling $finish
