make -C bluesim --no-print-directory run
LD_PRELOAD=libSegFault.so SEGFAULT_USE_ALTSTACK=1 SEGFAULT_OUTPUT_NAME=bin/bsimexe-segv-output.txt  ./bin/ubuntu.exe ; retcode=$?; exit $retcode
Start testbench:
Warning: file 'mem.vmh' for memory 'mem' has a gap at addresses 0 to 127.
Warning: file 'mem.vmh' for memory 'mem' has a gap at addresses 514 to 65535.
Warning: file 'mem.vmh' for memory 'mem' has a gap at addresses 0 to 127.
Warning: file 'mem.vmh' for memory 'mem' has a gap at addresses 514 to 65535.
[init_xsim:61]
[init_xsim:61]
Processor startedXsimTop starting
Received software req to start pc

Start at pc 200

pc: 00000200 inst: (00100093) expanded: addi r 1 = r 0 0x1

Cycle          0 ----------------------------------------------------
pc: 00000204 inst: (00000113) expanded: addi r 2 = r 0 0x0

Cycle          1 ----------------------------------------------------
pc: 00000208 inst: (002091b3) expanded: sll r 3 = r 1 r 2

Cycle          2 ----------------------------------------------------
pc: 0000020c inst: (00100e93) expanded: addi r29 = r 0 0x1

Cycle          3 ----------------------------------------------------
pc: 00000210 inst: (00200e13) expanded: addi r28 = r 0 0x2

Cycle          4 ----------------------------------------------------
pc: 00000214 inst: (55d19e63) expanded: bne r 3 r29 0x55c

Cycle          5 ----------------------------------------------------
pc: 00000218 inst: (00100093) expanded: addi r 1 = r 0 0x1

Cycle          6 ----------------------------------------------------
pc: 0000021c inst: (00100113) expanded: addi r 2 = r 0 0x1

Cycle          7 ----------------------------------------------------
pc: 00000220 inst: (002091b3) expanded: sll r 3 = r 1 r 2

Cycle          8 ----------------------------------------------------
pc: 00000224 inst: (00200e93) expanded: addi r29 = r 0 0x2

Cycle          9 ----------------------------------------------------
pc: 00000228 inst: (00300e13) expanded: addi r28 = r 0 0x3

Cycle         10 ----------------------------------------------------
pc: 0000022c inst: (55d19263) expanded: bne r 3 r29 0x544

Cycle         11 ----------------------------------------------------
pc: 00000230 inst: (00100093) expanded: addi r 1 = r 0 0x1

Cycle         12 ----------------------------------------------------
pc: 00000234 inst: (00700113) expanded: addi r 2 = r 0 0x7

Cycle         13 ----------------------------------------------------
pc: 00000238 inst: (002091b3) expanded: sll r 3 = r 1 r 2

Cycle         14 ----------------------------------------------------
pc: 0000023c inst: (08000e93) expanded: addi r29 = r 0 0x80

Cycle         15 ----------------------------------------------------
pc: 00000240 inst: (00400e13) expanded: addi r28 = r 0 0x4

Cycle         16 ----------------------------------------------------
pc: 00000244 inst: (53d19663) expanded: bne r 3 r29 0x52c

Cycle         17 ----------------------------------------------------
pc: 00000248 inst: (00100093) expanded: addi r 1 = r 0 0x1

Cycle         18 ----------------------------------------------------
pc: 0000024c inst: (00e00113) expanded: addi r 2 = r 0 0xe

Cycle         19 ----------------------------------------------------
pc: 00000250 inst: (002091b3) expanded: sll r 3 = r 1 r 2

Cycle         20 ----------------------------------------------------
pc: 00000254 inst: (00004eb7) expanded: lui r29 0x4000

Cycle         21 ----------------------------------------------------
pc: 00000258 inst: (00500e13) expanded: addi r28 = r 0 0x5

Cycle         22 ----------------------------------------------------
pc: 0000025c inst: (51d19a63) expanded: bne r 3 r29 0x514

Cycle         23 ----------------------------------------------------
pc: 00000260 inst: (00100093) expanded: addi r 1 = r 0 0x1

Cycle         24 ----------------------------------------------------
pc: 00000264 inst: (01f00113) expanded: addi r 2 = r 0 0x1f

Cycle         25 ----------------------------------------------------
pc: 00000268 inst: (002091b3) expanded: sll r 3 = r 1 r 2

Cycle         26 ----------------------------------------------------
pc: 0000026c inst: (80000eb7) expanded: lui r29 0x80000000

Cycle         27 ----------------------------------------------------
pc: 00000270 inst: (00600e13) expanded: addi r28 = r 0 0x6

Cycle         28 ----------------------------------------------------
pc: 00000274 inst: (4fd19e63) expanded: bne r 3 r29 0x4fc

Cycle         29 ----------------------------------------------------
pc: 00000278 inst: (fff00093) expanded: addi r 1 = r 0 0xffffffff

Cycle         30 ----------------------------------------------------
pc: 0000027c inst: (00000113) expanded: addi r 2 = r 0 0x0

Cycle         31 ----------------------------------------------------
pc: 00000280 inst: (002091b3) expanded: sll r 3 = r 1 r 2

Cycle         32 ----------------------------------------------------
pc: 00000284 inst: (fff00e93) expanded: addi r29 = r 0 0xffffffff

Cycle         33 ----------------------------------------------------
pc: 00000288 inst: (00700e13) expanded: addi r28 = r 0 0x7

Cycle         34 ----------------------------------------------------
pc: 0000028c inst: (4fd19263) expanded: bne r 3 r29 0x4e4

Cycle         35 ----------------------------------------------------
pc: 00000290 inst: (fff00093) expanded: addi r 1 = r 0 0xffffffff

Cycle         36 ----------------------------------------------------
pc: 00000294 inst: (00100113) expanded: addi r 2 = r 0 0x1

Cycle         37 ----------------------------------------------------
pc: 00000298 inst: (002091b3) expanded: sll r 3 = r 1 r 2

Cycle         38 ----------------------------------------------------
pc: 0000029c inst: (ffe00e93) expanded: addi r29 = r 0 0xfffffffe

Cycle         39 ----------------------------------------------------
pc: 000002a0 inst: (00800e13) expanded: addi r28 = r 0 0x8

Cycle         40 ----------------------------------------------------
pc: 000002a4 inst: (4dd19663) expanded: bne r 3 r29 0x4cc

Cycle         41 ----------------------------------------------------
pc: 000002a8 inst: (fff00093) expanded: addi r 1 = r 0 0xffffffff

Cycle         42 ----------------------------------------------------
pc: 000002ac inst: (00700113) expanded: addi r 2 = r 0 0x7

Cycle         43 ----------------------------------------------------
pc: 000002b0 inst: (002091b3) expanded: sll r 3 = r 1 r 2

Cycle         44 ----------------------------------------------------
pc: 000002b4 inst: (f8000e93) expanded: addi r29 = r 0 0xffffff80

Cycle         45 ----------------------------------------------------
pc: 000002b8 inst: (00900e13) expanded: addi r28 = r 0 0x9

Cycle         46 ----------------------------------------------------
pc: 000002bc inst: (4bd19a63) expanded: bne r 3 r29 0x4b4

Cycle         47 ----------------------------------------------------
pc: 000002c0 inst: (fff00093) expanded: addi r 1 = r 0 0xffffffff

Cycle         48 ----------------------------------------------------
pc: 000002c4 inst: (00e00113) expanded: addi r 2 = r 0 0xe

Cycle         49 ----------------------------------------------------
pc: 000002c8 inst: (002091b3) expanded: sll r 3 = r 1 r 2

Cycle         50 ----------------------------------------------------
pc: 000002cc inst: (ffffceb7) expanded: lui r29 0xffffc000

Cycle         51 ----------------------------------------------------
pc: 000002d0 inst: (00a00e13) expanded: addi r28 = r 0 0xa

Cycle         52 ----------------------------------------------------
pc: 000002d4 inst: (49d19e63) expanded: bne r 3 r29 0x49c

Cycle         53 ----------------------------------------------------
pc: 000002d8 inst: (fff00093) expanded: addi r 1 = r 0 0xffffffff

Cycle         54 ----------------------------------------------------
pc: 000002dc inst: (01f00113) expanded: addi r 2 = r 0 0x1f

Cycle         55 ----------------------------------------------------
pc: 000002e0 inst: (002091b3) expanded: sll r 3 = r 1 r 2

Cycle         56 ----------------------------------------------------
pc: 000002e4 inst: (80000eb7) expanded: lui r29 0x80000000

Cycle         57 ----------------------------------------------------
pc: 000002e8 inst: (00b00e13) expanded: addi r28 = r 0 0xb

Cycle         58 ----------------------------------------------------
pc: 000002ec inst: (49d19263) expanded: bne r 3 r29 0x484

Cycle         59 ----------------------------------------------------
pc: 000002f0 inst: (212120b7) expanded: lui r 1 0x21212000

Cycle         60 ----------------------------------------------------
pc: 000002f4 inst: (12108093) expanded: addi r 1 = r 1 0x121

Cycle         61 ----------------------------------------------------
pc: 000002f8 inst: (00000113) expanded: addi r 2 = r 0 0x0

Cycle         62 ----------------------------------------------------
pc: 000002fc inst: (002091b3) expanded: sll r 3 = r 1 r 2

Cycle         63 ----------------------------------------------------
pc: 00000300 inst: (21212eb7) expanded: lui r29 0x21212000

Cycle         64 ----------------------------------------------------
pc: 00000304 inst: (121e8e93) expanded: addi r29 = r29 0x121

Cycle         65 ----------------------------------------------------
pc: 00000308 inst: (00c00e13) expanded: addi r28 = r 0 0xc

Cycle         66 ----------------------------------------------------
pc: 0000030c inst: (47d19263) expanded: bne r 3 r29 0x464

Cycle         67 ----------------------------------------------------
pc: 00000310 inst: (212120b7) expanded: lui r 1 0x21212000

Cycle         68 ----------------------------------------------------
pc: 00000314 inst: (12108093) expanded: addi r 1 = r 1 0x121

Cycle         69 ----------------------------------------------------
pc: 00000318 inst: (00100113) expanded: addi r 2 = r 0 0x1

Cycle         70 ----------------------------------------------------
pc: 0000031c inst: (002091b3) expanded: sll r 3 = r 1 r 2

Cycle         71 ----------------------------------------------------
pc: 00000320 inst: (42424eb7) expanded: lui r29 0x42424000

Cycle         72 ----------------------------------------------------
pc: 00000324 inst: (242e8e93) expanded: addi r29 = r29 0x242

Cycle         73 ----------------------------------------------------
pc: 00000328 inst: (00d00e13) expanded: addi r28 = r 0 0xd

Cycle         74 ----------------------------------------------------
pc: 0000032c inst: (45d19263) expanded: bne r 3 r29 0x444

Cycle         75 ----------------------------------------------------
pc: 00000330 inst: (212120b7) expanded: lui r 1 0x21212000

Cycle         76 ----------------------------------------------------
pc: 00000334 inst: (12108093) expanded: addi r 1 = r 1 0x121

Cycle         77 ----------------------------------------------------
pc: 00000338 inst: (00700113) expanded: addi r 2 = r 0 0x7

Cycle         78 ----------------------------------------------------
pc: 0000033c inst: (002091b3) expanded: sll r 3 = r 1 r 2

Cycle         79 ----------------------------------------------------
pc: 00000340 inst: (90909eb7) expanded: lui r29 0x90909000

Cycle         80 ----------------------------------------------------
pc: 00000344 inst: (080e8e93) expanded: addi r29 = r29 0x80

Cycle         81 ----------------------------------------------------
pc: 00000348 inst: (00e00e13) expanded: addi r28 = r 0 0xe

Cycle         82 ----------------------------------------------------
pc: 0000034c inst: (43d19263) expanded: bne r 3 r29 0x424

Cycle         83 ----------------------------------------------------
pc: 00000350 inst: (212120b7) expanded: lui r 1 0x21212000

Cycle         84 ----------------------------------------------------
pc: 00000354 inst: (12108093) expanded: addi r 1 = r 1 0x121

Cycle         85 ----------------------------------------------------
pc: 00000358 inst: (00e00113) expanded: addi r 2 = r 0 0xe

Cycle         86 ----------------------------------------------------
pc: 0000035c inst: (002091b3) expanded: sll r 3 = r 1 r 2

Cycle         87 ----------------------------------------------------
pc: 00000360 inst: (48484eb7) expanded: lui r29 0x48484000

Cycle         88 ----------------------------------------------------
pc: 00000364 inst: (00f00e13) expanded: addi r28 = r 0 0xf

Cycle         89 ----------------------------------------------------
pc: 00000368 inst: (41d19463) expanded: bne r 3 r29 0x408

Cycle         90 ----------------------------------------------------
pc: 0000036c inst: (212120b7) expanded: lui r 1 0x21212000

Cycle         91 ----------------------------------------------------
pc: 00000370 inst: (12108093) expanded: addi r 1 = r 1 0x121

Cycle         92 ----------------------------------------------------
pc: 00000374 inst: (01f00113) expanded: addi r 2 = r 0 0x1f

Cycle         93 ----------------------------------------------------
pc: 00000378 inst: (002091b3) expanded: sll r 3 = r 1 r 2

Cycle         94 ----------------------------------------------------
pc: 0000037c inst: (80000eb7) expanded: lui r29 0x80000000

Cycle         95 ----------------------------------------------------
pc: 00000380 inst: (01000e13) expanded: addi r28 = r 0 0x10

Cycle         96 ----------------------------------------------------
pc: 00000384 inst: (3fd19663) expanded: bne r 3 r29 0x3ec

Cycle         97 ----------------------------------------------------
pc: 00000388 inst: (212120b7) expanded: lui r 1 0x21212000

Cycle         98 ----------------------------------------------------
pc: 0000038c inst: (12108093) expanded: addi r 1 = r 1 0x121

Cycle         99 ----------------------------------------------------
pc: 00000390 inst: (fe000113) expanded: addi r 2 = r 0 0xffffffe0

Cycle        100 ----------------------------------------------------
pc: 00000394 inst: (002091b3) expanded: sll r 3 = r 1 r 2

Cycle        101 ----------------------------------------------------
pc: 00000398 inst: (21212eb7) expanded: lui r29 0x21212000

Cycle        102 ----------------------------------------------------
pc: 0000039c inst: (121e8e93) expanded: addi r29 = r29 0x121

Cycle        103 ----------------------------------------------------
pc: 000003a0 inst: (01100e13) expanded: addi r28 = r 0 0x11

Cycle        104 ----------------------------------------------------
pc: 000003a4 inst: (3dd19663) expanded: bne r 3 r29 0x3cc

Cycle        105 ----------------------------------------------------
pc: 000003a8 inst: (212120b7) expanded: lui r 1 0x21212000

Cycle        106 ----------------------------------------------------
pc: 000003ac inst: (12108093) expanded: addi r 1 = r 1 0x121

Cycle        107 ----------------------------------------------------
pc: 000003b0 inst: (fe100113) expanded: addi r 2 = r 0 0xffffffe1

Cycle        108 ----------------------------------------------------
pc: 000003b4 inst: (002091b3) expanded: sll r 3 = r 1 r 2

Cycle        109 ----------------------------------------------------
pc: 000003b8 inst: (42424eb7) expanded: lui r29 0x42424000

Cycle        110 ----------------------------------------------------
pc: 000003bc inst: (242e8e93) expanded: addi r29 = r29 0x242

Cycle        111 ----------------------------------------------------
pc: 000003c0 inst: (01200e13) expanded: addi r28 = r 0 0x12

Cycle        112 ----------------------------------------------------
pc: 000003c4 inst: (3bd19663) expanded: bne r 3 r29 0x3ac

Cycle        113 ----------------------------------------------------
pc: 000003c8 inst: (212120b7) expanded: lui r 1 0x21212000

Cycle        114 ----------------------------------------------------
pc: 000003cc inst: (12108093) expanded: addi r 1 = r 1 0x121

Cycle        115 ----------------------------------------------------
pc: 000003d0 inst: (fe700113) expanded: addi r 2 = r 0 0xffffffe7

Cycle        116 ----------------------------------------------------
pc: 000003d4 inst: (002091b3) expanded: sll r 3 = r 1 r 2

Cycle        117 ----------------------------------------------------
pc: 000003d8 inst: (90909eb7) expanded: lui r29 0x90909000

Cycle        118 ----------------------------------------------------
pc: 000003dc inst: (080e8e93) expanded: addi r29 = r29 0x80

Cycle        119 ----------------------------------------------------
pc: 000003e0 inst: (01300e13) expanded: addi r28 = r 0 0x13

Cycle        120 ----------------------------------------------------
pc: 000003e4 inst: (39d19663) expanded: bne r 3 r29 0x38c

Cycle        121 ----------------------------------------------------
pc: 000003e8 inst: (212120b7) expanded: lui r 1 0x21212000

Cycle        122 ----------------------------------------------------
pc: 000003ec inst: (12108093) expanded: addi r 1 = r 1 0x121

Cycle        123 ----------------------------------------------------
pc: 000003f0 inst: (fee00113) expanded: addi r 2 = r 0 0xffffffee

Cycle        124 ----------------------------------------------------
pc: 000003f4 inst: (002091b3) expanded: sll r 3 = r 1 r 2

Cycle        125 ----------------------------------------------------
pc: 000003f8 inst: (48484eb7) expanded: lui r29 0x48484000

Cycle        126 ----------------------------------------------------
pc: 000003fc inst: (01400e13) expanded: addi r28 = r 0 0x14

Cycle        127 ----------------------------------------------------
pc: 00000400 inst: (37d19863) expanded: bne r 3 r29 0x370

Cycle        128 ----------------------------------------------------
pc: 00000404 inst: (212120b7) expanded: lui r 1 0x21212000

Cycle        129 ----------------------------------------------------
pc: 00000408 inst: (12008093) expanded: addi r 1 = r 1 0x120

Cycle        130 ----------------------------------------------------
pc: 0000040c inst: (fff00113) expanded: addi r 2 = r 0 0xffffffff

Cycle        131 ----------------------------------------------------
pc: 00000410 inst: (002091b3) expanded: sll r 3 = r 1 r 2

Cycle        132 ----------------------------------------------------
pc: 00000414 inst: (00000e93) expanded: addi r29 = r 0 0x0

Cycle        133 ----------------------------------------------------
pc: 00000418 inst: (01500e13) expanded: addi r28 = r 0 0x15

Cycle        134 ----------------------------------------------------
pc: 0000041c inst: (35d19a63) expanded: bne r 3 r29 0x354

Cycle        135 ----------------------------------------------------
pc: 00000420 inst: (00100093) expanded: addi r 1 = r 0 0x1

Cycle        136 ----------------------------------------------------
pc: 00000424 inst: (00700113) expanded: addi r 2 = r 0 0x7

Cycle        137 ----------------------------------------------------
pc: 00000428 inst: (002090b3) expanded: sll r 1 = r 1 r 2

Cycle        138 ----------------------------------------------------
pc: 0000042c inst: (08000e93) expanded: addi r29 = r 0 0x80

Cycle        139 ----------------------------------------------------
pc: 00000430 inst: (01600e13) expanded: addi r28 = r 0 0x16

Cycle        140 ----------------------------------------------------
pc: 00000434 inst: (33d09e63) expanded: bne r 1 r29 0x33c

Cycle        141 ----------------------------------------------------
pc: 00000438 inst: (00100093) expanded: addi r 1 = r 0 0x1

Cycle        142 ----------------------------------------------------
pc: 0000043c inst: (00e00113) expanded: addi r 2 = r 0 0xe

Cycle        143 ----------------------------------------------------
pc: 00000440 inst: (00209133) expanded: sll r 2 = r 1 r 2

Cycle        144 ----------------------------------------------------
pc: 00000444 inst: (00004eb7) expanded: lui r29 0x4000

Cycle        145 ----------------------------------------------------
pc: 00000448 inst: (01700e13) expanded: addi r28 = r 0 0x17

Cycle        146 ----------------------------------------------------
pc: 0000044c inst: (33d11263) expanded: bne r 2 r29 0x324

Cycle        147 ----------------------------------------------------
pc: 00000450 inst: (00300093) expanded: addi r 1 = r 0 0x3

Cycle        148 ----------------------------------------------------
pc: 00000454 inst: (001090b3) expanded: sll r 1 = r 1 r 1

Cycle        149 ----------------------------------------------------
pc: 00000458 inst: (01800e93) expanded: addi r29 = r 0 0x18

Cycle        150 ----------------------------------------------------
pc: 0000045c inst: (01800e13) expanded: addi r28 = r 0 0x18

Cycle        151 ----------------------------------------------------
pc: 00000460 inst: (31d09863) expanded: bne r 1 r29 0x310

Cycle        152 ----------------------------------------------------
pc: 00000464 inst: (00000213) expanded: addi r 4 = r 0 0x0

Cycle        153 ----------------------------------------------------
pc: 00000468 inst: (00100093) expanded: addi r 1 = r 0 0x1

Cycle        154 ----------------------------------------------------
pc: 0000046c inst: (00700113) expanded: addi r 2 = r 0 0x7

Cycle        155 ----------------------------------------------------
pc: 00000470 inst: (002091b3) expanded: sll r 3 = r 1 r 2

Cycle        156 ----------------------------------------------------
pc: 00000474 inst: (00018313) expanded: addi r 6 = r 3 0x0

Cycle        157 ----------------------------------------------------
pc: 00000478 inst: (00120213) expanded: addi r 4 = r 4 0x1

Cycle        158 ----------------------------------------------------
pc: 0000047c inst: (00200293) expanded: addi r 5 = r 0 0x2

Cycle        159 ----------------------------------------------------
pc: 00000480 inst: (fe5214e3) expanded: bne r 4 r 5 0xffffffe8

Cycle        160 ----------------------------------------------------
pc: 00000468 inst: (00100093) expanded: addi r 1 = r 0 0x1

Cycle        161 ----------------------------------------------------
pc: 0000046c inst: (00700113) expanded: addi r 2 = r 0 0x7

Cycle        162 ----------------------------------------------------
pc: 00000470 inst: (002091b3) expanded: sll r 3 = r 1 r 2

Cycle        163 ----------------------------------------------------
pc: 00000474 inst: (00018313) expanded: addi r 6 = r 3 0x0

Cycle        164 ----------------------------------------------------
pc: 00000478 inst: (00120213) expanded: addi r 4 = r 4 0x1

Cycle        165 ----------------------------------------------------
pc: 0000047c inst: (00200293) expanded: addi r 5 = r 0 0x2

Cycle        166 ----------------------------------------------------
pc: 00000480 inst: (fe5214e3) expanded: bne r 4 r 5 0xffffffe8

Cycle        167 ----------------------------------------------------
pc: 00000484 inst: (08000e93) expanded: addi r29 = r 0 0x80

Cycle        168 ----------------------------------------------------
pc: 00000488 inst: (01900e13) expanded: addi r28 = r 0 0x19

Cycle        169 ----------------------------------------------------
pc: 0000048c inst: (2fd31263) expanded: bne r 6 r29 0x2e4

Cycle        170 ----------------------------------------------------
pc: 00000490 inst: (00000213) expanded: addi r 4 = r 0 0x0

Cycle        171 ----------------------------------------------------
pc: 00000494 inst: (00100093) expanded: addi r 1 = r 0 0x1

Cycle        172 ----------------------------------------------------
pc: 00000498 inst: (00e00113) expanded: addi r 2 = r 0 0xe

Cycle        173 ----------------------------------------------------
pc: 0000049c inst: (002091b3) expanded: sll r 3 = r 1 r 2

Cycle        174 ----------------------------------------------------
pc: 000004a0 inst: (00000013) expanded: addi r 0 = r 0 0x0

Cycle        175 ----------------------------------------------------
pc: 000004a4 inst: (00018313) expanded: addi r 6 = r 3 0x0

Cycle        176 ----------------------------------------------------
pc: 000004a8 inst: (00120213) expanded: addi r 4 = r 4 0x1

Cycle        177 ----------------------------------------------------
pc: 000004ac inst: (00200293) expanded: addi r 5 = r 0 0x2

Cycle        178 ----------------------------------------------------
pc: 000004b0 inst: (fe5212e3) expanded: bne r 4 r 5 0xffffffe4

Cycle        179 ----------------------------------------------------
pc: 00000494 inst: (00100093) expanded: addi r 1 = r 0 0x1

Cycle        180 ----------------------------------------------------
pc: 00000498 inst: (00e00113) expanded: addi r 2 = r 0 0xe

Cycle        181 ----------------------------------------------------
pc: 0000049c inst: (002091b3) expanded: sll r 3 = r 1 r 2

Cycle        182 ----------------------------------------------------
pc: 000004a0 inst: (00000013) expanded: addi r 0 = r 0 0x0

Cycle        183 ----------------------------------------------------
pc: 000004a4 inst: (00018313) expanded: addi r 6 = r 3 0x0

Cycle        184 ----------------------------------------------------
pc: 000004a8 inst: (00120213) expanded: addi r 4 = r 4 0x1

Cycle        185 ----------------------------------------------------
pc: 000004ac inst: (00200293) expanded: addi r 5 = r 0 0x2

Cycle        186 ----------------------------------------------------
pc: 000004b0 inst: (fe5212e3) expanded: bne r 4 r 5 0xffffffe4

Cycle        187 ----------------------------------------------------
pc: 000004b4 inst: (00004eb7) expanded: lui r29 0x4000

Cycle        188 ----------------------------------------------------
pc: 000004b8 inst: (01a00e13) expanded: addi r28 = r 0 0x1a

Cycle        189 ----------------------------------------------------
pc: 000004bc inst: (2bd31a63) expanded: bne r 6 r29 0x2b4

Cycle        190 ----------------------------------------------------
pc: 000004c0 inst: (00000213) expanded: addi r 4 = r 0 0x0

Cycle        191 ----------------------------------------------------
pc: 000004c4 inst: (00100093) expanded: addi r 1 = r 0 0x1

Cycle        192 ----------------------------------------------------
pc: 000004c8 inst: (01f00113) expanded: addi r 2 = r 0 0x1f

Cycle        193 ----------------------------------------------------
pc: 000004cc inst: (002091b3) expanded: sll r 3 = r 1 r 2

Cycle        194 ----------------------------------------------------
pc: 000004d0 inst: (00000013) expanded: addi r 0 = r 0 0x0

Cycle        195 ----------------------------------------------------
pc: 000004d4 inst: (00000013) expanded: addi r 0 = r 0 0x0

Cycle        196 ----------------------------------------------------
pc: 000004d8 inst: (00018313) expanded: addi r 6 = r 3 0x0

Cycle        197 ----------------------------------------------------
pc: 000004dc inst: (00120213) expanded: addi r 4 = r 4 0x1

Cycle        198 ----------------------------------------------------
pc: 000004e0 inst: (00200293) expanded: addi r 5 = r 0 0x2

Cycle        199 ----------------------------------------------------
pc: 000004e4 inst: (fe5210e3) expanded: bne r 4 r 5 0xffffffe0

Cycle        200 ----------------------------------------------------
pc: 000004c4 inst: (00100093) expanded: addi r 1 = r 0 0x1

Cycle        201 ----------------------------------------------------
pc: 000004c8 inst: (01f00113) expanded: addi r 2 = r 0 0x1f

Cycle        202 ----------------------------------------------------
pc: 000004cc inst: (002091b3) expanded: sll r 3 = r 1 r 2

Cycle        203 ----------------------------------------------------
pc: 000004d0 inst: (00000013) expanded: addi r 0 = r 0 0x0

Cycle        204 ----------------------------------------------------
pc: 000004d4 inst: (00000013) expanded: addi r 0 = r 0 0x0

Cycle        205 ----------------------------------------------------
pc: 000004d8 inst: (00018313) expanded: addi r 6 = r 3 0x0

Cycle        206 ----------------------------------------------------
pc: 000004dc inst: (00120213) expanded: addi r 4 = r 4 0x1

Cycle        207 ----------------------------------------------------
pc: 000004e0 inst: (00200293) expanded: addi r 5 = r 0 0x2

Cycle        208 ----------------------------------------------------
pc: 000004e4 inst: (fe5210e3) expanded: bne r 4 r 5 0xffffffe0

Cycle        209 ----------------------------------------------------
pc: 000004e8 inst: (80000eb7) expanded: lui r29 0x80000000

Cycle        210 ----------------------------------------------------
pc: 000004ec inst: (01b00e13) expanded: addi r28 = r 0 0x1b

Cycle        211 ----------------------------------------------------
pc: 000004f0 inst: (29d31063) expanded: bne r 6 r29 0x280

Cycle        212 ----------------------------------------------------
pc: 000004f4 inst: (00000213) expanded: addi r 4 = r 0 0x0

Cycle        213 ----------------------------------------------------
pc: 000004f8 inst: (00100093) expanded: addi r 1 = r 0 0x1

Cycle        214 ----------------------------------------------------
pc: 000004fc inst: (00700113) expanded: addi r 2 = r 0 0x7

Cycle        215 ----------------------------------------------------
pc: 00000500 inst: (002091b3) expanded: sll r 3 = r 1 r 2

Cycle        216 ----------------------------------------------------
pc: 00000504 inst: (00120213) expanded: addi r 4 = r 4 0x1

Cycle        217 ----------------------------------------------------
pc: 00000508 inst: (00200293) expanded: addi r 5 = r 0 0x2

Cycle        218 ----------------------------------------------------
pc: 0000050c inst: (fe5216e3) expanded: bne r 4 r 5 0xffffffec

Cycle        219 ----------------------------------------------------
pc: 000004f8 inst: (00100093) expanded: addi r 1 = r 0 0x1

Cycle        220 ----------------------------------------------------
pc: 000004fc inst: (00700113) expanded: addi r 2 = r 0 0x7

Cycle        221 ----------------------------------------------------
pc: 00000500 inst: (002091b3) expanded: sll r 3 = r 1 r 2

Cycle        222 ----------------------------------------------------
pc: 00000504 inst: (00120213) expanded: addi r 4 = r 4 0x1

Cycle        223 ----------------------------------------------------
pc: 00000508 inst: (00200293) expanded: addi r 5 = r 0 0x2

Cycle        224 ----------------------------------------------------
pc: 0000050c inst: (fe5216e3) expanded: bne r 4 r 5 0xffffffec

Cycle        225 ----------------------------------------------------
pc: 00000510 inst: (08000e93) expanded: addi r29 = r 0 0x80

Cycle        226 ----------------------------------------------------
pc: 00000514 inst: (01c00e13) expanded: addi r28 = r 0 0x1c

Cycle        227 ----------------------------------------------------
pc: 00000518 inst: (25d19c63) expanded: bne r 3 r29 0x258

Cycle        228 ----------------------------------------------------
pc: 0000051c inst: (00000213) expanded: addi r 4 = r 0 0x0

Cycle        229 ----------------------------------------------------
pc: 00000520 inst: (00100093) expanded: addi r 1 = r 0 0x1

Cycle        230 ----------------------------------------------------
pc: 00000524 inst: (00e00113) expanded: addi r 2 = r 0 0xe

Cycle        231 ----------------------------------------------------
pc: 00000528 inst: (00000013) expanded: addi r 0 = r 0 0x0

Cycle        232 ----------------------------------------------------
pc: 0000052c inst: (002091b3) expanded: sll r 3 = r 1 r 2

Cycle        233 ----------------------------------------------------
pc: 00000530 inst: (00120213) expanded: addi r 4 = r 4 0x1

Cycle        234 ----------------------------------------------------
pc: 00000534 inst: (00200293) expanded: addi r 5 = r 0 0x2

Cycle        235 ----------------------------------------------------
pc: 00000538 inst: (fe5214e3) expanded: bne r 4 r 5 0xffffffe8

Cycle        236 ----------------------------------------------------
pc: 00000520 inst: (00100093) expanded: addi r 1 = r 0 0x1

Cycle        237 ----------------------------------------------------
pc: 00000524 inst: (00e00113) expanded: addi r 2 = r 0 0xe

Cycle        238 ----------------------------------------------------
pc: 00000528 inst: (00000013) expanded: addi r 0 = r 0 0x0

Cycle        239 ----------------------------------------------------
pc: 0000052c inst: (002091b3) expanded: sll r 3 = r 1 r 2

Cycle        240 ----------------------------------------------------
pc: 00000530 inst: (00120213) expanded: addi r 4 = r 4 0x1

Cycle        241 ----------------------------------------------------
pc: 00000534 inst: (00200293) expanded: addi r 5 = r 0 0x2

Cycle        242 ----------------------------------------------------
pc: 00000538 inst: (fe5214e3) expanded: bne r 4 r 5 0xffffffe8

Cycle        243 ----------------------------------------------------
pc: 0000053c inst: (00004eb7) expanded: lui r29 0x4000

Cycle        244 ----------------------------------------------------
pc: 00000540 inst: (01d00e13) expanded: addi r28 = r 0 0x1d

Cycle        245 ----------------------------------------------------
pc: 00000544 inst: (23d19663) expanded: bne r 3 r29 0x22c

Cycle        246 ----------------------------------------------------
pc: 00000548 inst: (00000213) expanded: addi r 4 = r 0 0x0

Cycle        247 ----------------------------------------------------
pc: 0000054c inst: (00100093) expanded: addi r 1 = r 0 0x1

Cycle        248 ----------------------------------------------------
pc: 00000550 inst: (01f00113) expanded: addi r 2 = r 0 0x1f

Cycle        249 ----------------------------------------------------
pc: 00000554 inst: (00000013) expanded: addi r 0 = r 0 0x0

Cycle        250 ----------------------------------------------------
pc: 00000558 inst: (00000013) expanded: addi r 0 = r 0 0x0

Cycle        251 ----------------------------------------------------
pc: 0000055c inst: (002091b3) expanded: sll r 3 = r 1 r 2

Cycle        252 ----------------------------------------------------
pc: 00000560 inst: (00120213) expanded: addi r 4 = r 4 0x1

Cycle        253 ----------------------------------------------------
pc: 00000564 inst: (00200293) expanded: addi r 5 = r 0 0x2

Cycle        254 ----------------------------------------------------
pc: 00000568 inst: (fe5212e3) expanded: bne r 4 r 5 0xffffffe4

Cycle        255 ----------------------------------------------------
pc: 0000054c inst: (00100093) expanded: addi r 1 = r 0 0x1

Cycle        256 ----------------------------------------------------
pc: 00000550 inst: (01f00113) expanded: addi r 2 = r 0 0x1f

Cycle        257 ----------------------------------------------------
pc: 00000554 inst: (00000013) expanded: addi r 0 = r 0 0x0

Cycle        258 ----------------------------------------------------
pc: 00000558 inst: (00000013) expanded: addi r 0 = r 0 0x0

Cycle        259 ----------------------------------------------------
pc: 0000055c inst: (002091b3) expanded: sll r 3 = r 1 r 2

Cycle        260 ----------------------------------------------------
pc: 00000560 inst: (00120213) expanded: addi r 4 = r 4 0x1

Cycle        261 ----------------------------------------------------
pc: 00000564 inst: (00200293) expanded: addi r 5 = r 0 0x2

Cycle        262 ----------------------------------------------------
pc: 00000568 inst: (fe5212e3) expanded: bne r 4 r 5 0xffffffe4

Cycle        263 ----------------------------------------------------
pc: 0000056c inst: (80000eb7) expanded: lui r29 0x80000000

Cycle        264 ----------------------------------------------------
pc: 00000570 inst: (01e00e13) expanded: addi r28 = r 0 0x1e

Cycle        265 ----------------------------------------------------
pc: 00000574 inst: (1fd19e63) expanded: bne r 3 r29 0x1fc

Cycle        266 ----------------------------------------------------
pc: 00000578 inst: (00000213) expanded: addi r 4 = r 0 0x0

Cycle        267 ----------------------------------------------------
pc: 0000057c inst: (00100093) expanded: addi r 1 = r 0 0x1

Cycle        268 ----------------------------------------------------
pc: 00000580 inst: (00000013) expanded: addi r 0 = r 0 0x0

Cycle        269 ----------------------------------------------------
pc: 00000584 inst: (00700113) expanded: addi r 2 = r 0 0x7

Cycle        270 ----------------------------------------------------
pc: 00000588 inst: (002091b3) expanded: sll r 3 = r 1 r 2

Cycle        271 ----------------------------------------------------
pc: 0000058c inst: (00120213) expanded: addi r 4 = r 4 0x1

Cycle        272 ----------------------------------------------------
pc: 00000590 inst: (00200293) expanded: addi r 5 = r 0 0x2

Cycle        273 ----------------------------------------------------
pc: 00000594 inst: (fe5214e3) expanded: bne r 4 r 5 0xffffffe8

Cycle        274 ----------------------------------------------------
pc: 0000057c inst: (00100093) expanded: addi r 1 = r 0 0x1

Cycle        275 ----------------------------------------------------
pc: 00000580 inst: (00000013) expanded: addi r 0 = r 0 0x0

Cycle        276 ----------------------------------------------------
pc: 00000584 inst: (00700113) expanded: addi r 2 = r 0 0x7

Cycle        277 ----------------------------------------------------
pc: 00000588 inst: (002091b3) expanded: sll r 3 = r 1 r 2

Cycle        278 ----------------------------------------------------
pc: 0000058c inst: (00120213) expanded: addi r 4 = r 4 0x1

Cycle        279 ----------------------------------------------------
pc: 00000590 inst: (00200293) expanded: addi r 5 = r 0 0x2

Cycle        280 ----------------------------------------------------
pc: 00000594 inst: (fe5214e3) expanded: bne r 4 r 5 0xffffffe8

Cycle        281 ----------------------------------------------------
pc: 00000598 inst: (08000e93) expanded: addi r29 = r 0 0x80

Cycle        282 ----------------------------------------------------
pc: 0000059c inst: (01f00e13) expanded: addi r28 = r 0 0x1f

Cycle        283 ----------------------------------------------------
pc: 000005a0 inst: (1dd19863) expanded: bne r 3 r29 0x1d0

Cycle        284 ----------------------------------------------------
pc: 000005a4 inst: (00000213) expanded: addi r 4 = r 0 0x0

Cycle        285 ----------------------------------------------------
pc: 000005a8 inst: (00100093) expanded: addi r 1 = r 0 0x1

Cycle        286 ----------------------------------------------------
pc: 000005ac inst: (00000013) expanded: addi r 0 = r 0 0x0

Cycle        287 ----------------------------------------------------
pc: 000005b0 inst: (00e00113) expanded: addi r 2 = r 0 0xe

Cycle        288 ----------------------------------------------------
pc: 000005b4 inst: (00000013) expanded: addi r 0 = r 0 0x0

Cycle        289 ----------------------------------------------------
pc: 000005b8 inst: (002091b3) expanded: sll r 3 = r 1 r 2

Cycle        290 ----------------------------------------------------
pc: 000005bc inst: (00120213) expanded: addi r 4 = r 4 0x1

Cycle        291 ----------------------------------------------------
pc: 000005c0 inst: (00200293) expanded: addi r 5 = r 0 0x2

Cycle        292 ----------------------------------------------------
pc: 000005c4 inst: (fe5212e3) expanded: bne r 4 r 5 0xffffffe4

Cycle        293 ----------------------------------------------------
pc: 000005a8 inst: (00100093) expanded: addi r 1 = r 0 0x1

Cycle        294 ----------------------------------------------------
pc: 000005ac inst: (00000013) expanded: addi r 0 = r 0 0x0

Cycle        295 ----------------------------------------------------
pc: 000005b0 inst: (00e00113) expanded: addi r 2 = r 0 0xe

Cycle        296 ----------------------------------------------------
pc: 000005b4 inst: (00000013) expanded: addi r 0 = r 0 0x0

Cycle        297 ----------------------------------------------------
pc: 000005b8 inst: (002091b3) expanded: sll r 3 = r 1 r 2

Cycle        298 ----------------------------------------------------
pc: 000005bc inst: (00120213) expanded: addi r 4 = r 4 0x1

Cycle        299 ----------------------------------------------------
pc: 000005c0 inst: (00200293) expanded: addi r 5 = r 0 0x2

Cycle        300 ----------------------------------------------------
pc: 000005c4 inst: (fe5212e3) expanded: bne r 4 r 5 0xffffffe4

Cycle        301 ----------------------------------------------------
pc: 000005c8 inst: (00004eb7) expanded: lui r29 0x4000

Cycle        302 ----------------------------------------------------
pc: 000005cc inst: (02000e13) expanded: addi r28 = r 0 0x20

Cycle        303 ----------------------------------------------------
pc: 000005d0 inst: (1bd19063) expanded: bne r 3 r29 0x1a0

Cycle        304 ----------------------------------------------------
pc: 000005d4 inst: (00000213) expanded: addi r 4 = r 0 0x0

Cycle        305 ----------------------------------------------------
pc: 000005d8 inst: (00100093) expanded: addi r 1 = r 0 0x1

Cycle        306 ----------------------------------------------------
pc: 000005dc inst: (00000013) expanded: addi r 0 = r 0 0x0

Cycle        307 ----------------------------------------------------
pc: 000005e0 inst: (00000013) expanded: addi r 0 = r 0 0x0

Cycle        308 ----------------------------------------------------
pc: 000005e4 inst: (01f00113) expanded: addi r 2 = r 0 0x1f

Cycle        309 ----------------------------------------------------
pc: 000005e8 inst: (002091b3) expanded: sll r 3 = r 1 r 2

Cycle        310 ----------------------------------------------------
pc: 000005ec inst: (00120213) expanded: addi r 4 = r 4 0x1

Cycle        311 ----------------------------------------------------
pc: 000005f0 inst: (00200293) expanded: addi r 5 = r 0 0x2

Cycle        312 ----------------------------------------------------
pc: 000005f4 inst: (fe5212e3) expanded: bne r 4 r 5 0xffffffe4

Cycle        313 ----------------------------------------------------
pc: 000005d8 inst: (00100093) expanded: addi r 1 = r 0 0x1

Cycle        314 ----------------------------------------------------
pc: 000005dc inst: (00000013) expanded: addi r 0 = r 0 0x0

Cycle        315 ----------------------------------------------------
pc: 000005e0 inst: (00000013) expanded: addi r 0 = r 0 0x0

Cycle        316 ----------------------------------------------------
pc: 000005e4 inst: (01f00113) expanded: addi r 2 = r 0 0x1f

Cycle        317 ----------------------------------------------------
pc: 000005e8 inst: (002091b3) expanded: sll r 3 = r 1 r 2

Cycle        318 ----------------------------------------------------
pc: 000005ec inst: (00120213) expanded: addi r 4 = r 4 0x1

Cycle        319 ----------------------------------------------------
pc: 000005f0 inst: (00200293) expanded: addi r 5 = r 0 0x2

Cycle        320 ----------------------------------------------------
pc: 000005f4 inst: (fe5212e3) expanded: bne r 4 r 5 0xffffffe4

Cycle        321 ----------------------------------------------------
pc: 000005f8 inst: (80000eb7) expanded: lui r29 0x80000000

Cycle        322 ----------------------------------------------------
pc: 000005fc inst: (02100e13) expanded: addi r28 = r 0 0x21

Cycle        323 ----------------------------------------------------
pc: 00000600 inst: (17d19863) expanded: bne r 3 r29 0x170

Cycle        324 ----------------------------------------------------
pc: 00000604 inst: (00000213) expanded: addi r 4 = r 0 0x0

Cycle        325 ----------------------------------------------------
pc: 00000608 inst: (00700113) expanded: addi r 2 = r 0 0x7

Cycle        326 ----------------------------------------------------
pc: 0000060c inst: (00100093) expanded: addi r 1 = r 0 0x1

Cycle        327 ----------------------------------------------------
pc: 00000610 inst: (002091b3) expanded: sll r 3 = r 1 r 2

Cycle        328 ----------------------------------------------------
pc: 00000614 inst: (00120213) expanded: addi r 4 = r 4 0x1

Cycle        329 ----------------------------------------------------
pc: 00000618 inst: (00200293) expanded: addi r 5 = r 0 0x2

Cycle        330 ----------------------------------------------------
pc: 0000061c inst: (fe5216e3) expanded: bne r 4 r 5 0xffffffec

Cycle        331 ----------------------------------------------------
pc: 00000608 inst: (00700113) expanded: addi r 2 = r 0 0x7

Cycle        332 ----------------------------------------------------
pc: 0000060c inst: (00100093) expanded: addi r 1 = r 0 0x1

Cycle        333 ----------------------------------------------------
pc: 00000610 inst: (002091b3) expanded: sll r 3 = r 1 r 2

Cycle        334 ----------------------------------------------------
pc: 00000614 inst: (00120213) expanded: addi r 4 = r 4 0x1

Cycle        335 ----------------------------------------------------
pc: 00000618 inst: (00200293) expanded: addi r 5 = r 0 0x2

Cycle        336 ----------------------------------------------------
pc: 0000061c inst: (fe5216e3) expanded: bne r 4 r 5 0xffffffec

Cycle        337 ----------------------------------------------------
pc: 00000620 inst: (08000e93) expanded: addi r29 = r 0 0x80

Cycle        338 ----------------------------------------------------
pc: 00000624 inst: (02200e13) expanded: addi r28 = r 0 0x22

Cycle        339 ----------------------------------------------------
pc: 00000628 inst: (15d19463) expanded: bne r 3 r29 0x148

Cycle        340 ----------------------------------------------------
pc: 0000062c inst: (00000213) expanded: addi r 4 = r 0 0x0

Cycle        341 ----------------------------------------------------
pc: 00000630 inst: (00e00113) expanded: addi r 2 = r 0 0xe

Cycle        342 ----------------------------------------------------
pc: 00000634 inst: (00100093) expanded: addi r 1 = r 0 0x1

Cycle        343 ----------------------------------------------------
pc: 00000638 inst: (00000013) expanded: addi r 0 = r 0 0x0

Cycle        344 ----------------------------------------------------
pc: 0000063c inst: (002091b3) expanded: sll r 3 = r 1 r 2

Cycle        345 ----------------------------------------------------
pc: 00000640 inst: (00120213) expanded: addi r 4 = r 4 0x1

Cycle        346 ----------------------------------------------------
pc: 00000644 inst: (00200293) expanded: addi r 5 = r 0 0x2

Cycle        347 ----------------------------------------------------
pc: 00000648 inst: (fe5214e3) expanded: bne r 4 r 5 0xffffffe8

Cycle        348 ----------------------------------------------------
pc: 00000630 inst: (00e00113) expanded: addi r 2 = r 0 0xe

Cycle        349 ----------------------------------------------------
pc: 00000634 inst: (00100093) expanded: addi r 1 = r 0 0x1

Cycle        350 ----------------------------------------------------
pc: 00000638 inst: (00000013) expanded: addi r 0 = r 0 0x0

Cycle        351 ----------------------------------------------------
pc: 0000063c inst: (002091b3) expanded: sll r 3 = r 1 r 2

Cycle        352 ----------------------------------------------------
pc: 00000640 inst: (00120213) expanded: addi r 4 = r 4 0x1

Cycle        353 ----------------------------------------------------
pc: 00000644 inst: (00200293) expanded: addi r 5 = r 0 0x2

Cycle        354 ----------------------------------------------------
pc: 00000648 inst: (fe5214e3) expanded: bne r 4 r 5 0xffffffe8

Cycle        355 ----------------------------------------------------
pc: 0000064c inst: (00004eb7) expanded: lui r29 0x4000

Cycle        356 ----------------------------------------------------
pc: 00000650 inst: (02300e13) expanded: addi r28 = r 0 0x23

Cycle        357 ----------------------------------------------------
pc: 00000654 inst: (11d19e63) expanded: bne r 3 r29 0x11c

Cycle        358 ----------------------------------------------------
pc: 00000658 inst: (00000213) expanded: addi r 4 = r 0 0x0

Cycle        359 ----------------------------------------------------
pc: 0000065c inst: (01f00113) expanded: addi r 2 = r 0 0x1f

Cycle        360 ----------------------------------------------------
pc: 00000660 inst: (00100093) expanded: addi r 1 = r 0 0x1

Cycle        361 ----------------------------------------------------
pc: 00000664 inst: (00000013) expanded: addi r 0 = r 0 0x0

Cycle        362 ----------------------------------------------------
pc: 00000668 inst: (00000013) expanded: addi r 0 = r 0 0x0

Cycle        363 ----------------------------------------------------
pc: 0000066c inst: (002091b3) expanded: sll r 3 = r 1 r 2

Cycle        364 ----------------------------------------------------
pc: 00000670 inst: (00120213) expanded: addi r 4 = r 4 0x1

Cycle        365 ----------------------------------------------------
pc: 00000674 inst: (00200293) expanded: addi r 5 = r 0 0x2

Cycle        366 ----------------------------------------------------
pc: 00000678 inst: (fe5212e3) expanded: bne r 4 r 5 0xffffffe4

Cycle        367 ----------------------------------------------------
pc: 0000065c inst: (01f00113) expanded: addi r 2 = r 0 0x1f

Cycle        368 ----------------------------------------------------
pc: 00000660 inst: (00100093) expanded: addi r 1 = r 0 0x1

Cycle        369 ----------------------------------------------------
pc: 00000664 inst: (00000013) expanded: addi r 0 = r 0 0x0

Cycle        370 ----------------------------------------------------
pc: 00000668 inst: (00000013) expanded: addi r 0 = r 0 0x0

Cycle        371 ----------------------------------------------------
pc: 0000066c inst: (002091b3) expanded: sll r 3 = r 1 r 2

Cycle        372 ----------------------------------------------------
pc: 00000670 inst: (00120213) expanded: addi r 4 = r 4 0x1

Cycle        373 ----------------------------------------------------
pc: 00000674 inst: (00200293) expanded: addi r 5 = r 0 0x2

Cycle        374 ----------------------------------------------------
pc: 00000678 inst: (fe5212e3) expanded: bne r 4 r 5 0xffffffe4

Cycle        375 ----------------------------------------------------
pc: 0000067c inst: (80000eb7) expanded: lui r29 0x80000000

Cycle        376 ----------------------------------------------------
pc: 00000680 inst: (02400e13) expanded: addi r28 = r 0 0x24

Cycle        377 ----------------------------------------------------
pc: 00000684 inst: (0fd19663) expanded: bne r 3 r29 0xec

Cycle        378 ----------------------------------------------------
pc: 00000688 inst: (00000213) expanded: addi r 4 = r 0 0x0

Cycle        379 ----------------------------------------------------
pc: 0000068c inst: (00700113) expanded: addi r 2 = r 0 0x7

Cycle        380 ----------------------------------------------------
pc: 00000690 inst: (00000013) expanded: addi r 0 = r 0 0x0

Cycle        381 ----------------------------------------------------
pc: 00000694 inst: (00100093) expanded: addi r 1 = r 0 0x1

Cycle        382 ----------------------------------------------------
pc: 00000698 inst: (002091b3) expanded: sll r 3 = r 1 r 2

Cycle        383 ----------------------------------------------------
pc: 0000069c inst: (00120213) expanded: addi r 4 = r 4 0x1

Cycle        384 ----------------------------------------------------
pc: 000006a0 inst: (00200293) expanded: addi r 5 = r 0 0x2

Cycle        385 ----------------------------------------------------
pc: 000006a4 inst: (fe5214e3) expanded: bne r 4 r 5 0xffffffe8

Cycle        386 ----------------------------------------------------
pc: 0000068c inst: (00700113) expanded: addi r 2 = r 0 0x7

Cycle        387 ----------------------------------------------------
pc: 00000690 inst: (00000013) expanded: addi r 0 = r 0 0x0

Cycle        388 ----------------------------------------------------
pc: 00000694 inst: (00100093) expanded: addi r 1 = r 0 0x1

Cycle        389 ----------------------------------------------------
pc: 00000698 inst: (002091b3) expanded: sll r 3 = r 1 r 2

Cycle        390 ----------------------------------------------------
pc: 0000069c inst: (00120213) expanded: addi r 4 = r 4 0x1

Cycle        391 ----------------------------------------------------
pc: 000006a0 inst: (00200293) expanded: addi r 5 = r 0 0x2

Cycle        392 ----------------------------------------------------
pc: 000006a4 inst: (fe5214e3) expanded: bne r 4 r 5 0xffffffe8

Cycle        393 ----------------------------------------------------
pc: 000006a8 inst: (08000e93) expanded: addi r29 = r 0 0x80

Cycle        394 ----------------------------------------------------
pc: 000006ac inst: (02500e13) expanded: addi r28 = r 0 0x25

Cycle        395 ----------------------------------------------------
pc: 000006b0 inst: (0dd19063) expanded: bne r 3 r29 0xc0

Cycle        396 ----------------------------------------------------
pc: 000006b4 inst: (00000213) expanded: addi r 4 = r 0 0x0

Cycle        397 ----------------------------------------------------
pc: 000006b8 inst: (00e00113) expanded: addi r 2 = r 0 0xe

Cycle        398 ----------------------------------------------------
pc: 000006bc inst: (00000013) expanded: addi r 0 = r 0 0x0

Cycle        399 ----------------------------------------------------
pc: 000006c0 inst: (00100093) expanded: addi r 1 = r 0 0x1

Cycle        400 ----------------------------------------------------
pc: 000006c4 inst: (00000013) expanded: addi r 0 = r 0 0x0

Cycle        401 ----------------------------------------------------
pc: 000006c8 inst: (002091b3) expanded: sll r 3 = r 1 r 2

Cycle        402 ----------------------------------------------------
pc: 000006cc inst: (00120213) expanded: addi r 4 = r 4 0x1

Cycle        403 ----------------------------------------------------
pc: 000006d0 inst: (00200293) expanded: addi r 5 = r 0 0x2

Cycle        404 ----------------------------------------------------
pc: 000006d4 inst: (fe5212e3) expanded: bne r 4 r 5 0xffffffe4

Cycle        405 ----------------------------------------------------
pc: 000006b8 inst: (00e00113) expanded: addi r 2 = r 0 0xe

Cycle        406 ----------------------------------------------------
pc: 000006bc inst: (00000013) expanded: addi r 0 = r 0 0x0

Cycle        407 ----------------------------------------------------
pc: 000006c0 inst: (00100093) expanded: addi r 1 = r 0 0x1

Cycle        408 ----------------------------------------------------
pc: 000006c4 inst: (00000013) expanded: addi r 0 = r 0 0x0

Cycle        409 ----------------------------------------------------
pc: 000006c8 inst: (002091b3) expanded: sll r 3 = r 1 r 2

Cycle        410 ----------------------------------------------------
pc: 000006cc inst: (00120213) expanded: addi r 4 = r 4 0x1

Cycle        411 ----------------------------------------------------
pc: 000006d0 inst: (00200293) expanded: addi r 5 = r 0 0x2

Cycle        412 ----------------------------------------------------
pc: 000006d4 inst: (fe5212e3) expanded: bne r 4 r 5 0xffffffe4

Cycle        413 ----------------------------------------------------
pc: 000006d8 inst: (00004eb7) expanded: lui r29 0x4000

Cycle        414 ----------------------------------------------------
pc: 000006dc inst: (02600e13) expanded: addi r28 = r 0 0x26

Cycle        415 ----------------------------------------------------
pc: 000006e0 inst: (09d19863) expanded: bne r 3 r29 0x90

Cycle        416 ----------------------------------------------------
pc: 000006e4 inst: (00000213) expanded: addi r 4 = r 0 0x0

Cycle        417 ----------------------------------------------------
pc: 000006e8 inst: (01f00113) expanded: addi r 2 = r 0 0x1f

Cycle        418 ----------------------------------------------------
pc: 000006ec inst: (00000013) expanded: addi r 0 = r 0 0x0

Cycle        419 ----------------------------------------------------
pc: 000006f0 inst: (00000013) expanded: addi r 0 = r 0 0x0

Cycle        420 ----------------------------------------------------
pc: 000006f4 inst: (00100093) expanded: addi r 1 = r 0 0x1

Cycle        421 ----------------------------------------------------
pc: 000006f8 inst: (002091b3) expanded: sll r 3 = r 1 r 2

Cycle        422 ----------------------------------------------------
pc: 000006fc inst: (00120213) expanded: addi r 4 = r 4 0x1

Cycle        423 ----------------------------------------------------
pc: 00000700 inst: (00200293) expanded: addi r 5 = r 0 0x2

Cycle        424 ----------------------------------------------------
pc: 00000704 inst: (fe5212e3) expanded: bne r 4 r 5 0xffffffe4

Cycle        425 ----------------------------------------------------
pc: 000006e8 inst: (01f00113) expanded: addi r 2 = r 0 0x1f

Cycle        426 ----------------------------------------------------
pc: 000006ec inst: (00000013) expanded: addi r 0 = r 0 0x0

Cycle        427 ----------------------------------------------------
pc: 000006f0 inst: (00000013) expanded: addi r 0 = r 0 0x0

Cycle        428 ----------------------------------------------------
pc: 000006f4 inst: (00100093) expanded: addi r 1 = r 0 0x1

Cycle        429 ----------------------------------------------------
pc: 000006f8 inst: (002091b3) expanded: sll r 3 = r 1 r 2

Cycle        430 ----------------------------------------------------
pc: 000006fc inst: (00120213) expanded: addi r 4 = r 4 0x1

Cycle        431 ----------------------------------------------------
pc: 00000700 inst: (00200293) expanded: addi r 5 = r 0 0x2

Cycle        432 ----------------------------------------------------
pc: 00000704 inst: (fe5212e3) expanded: bne r 4 r 5 0xffffffe4

Cycle        433 ----------------------------------------------------
pc: 00000708 inst: (80000eb7) expanded: lui r29 0x80000000

Cycle        434 ----------------------------------------------------
pc: 0000070c inst: (02700e13) expanded: addi r28 = r 0 0x27

Cycle        435 ----------------------------------------------------
pc: 00000710 inst: (07d19063) expanded: bne r 3 r29 0x60

Cycle        436 ----------------------------------------------------
pc: 00000714 inst: (00f00093) expanded: addi r 1 = r 0 0xf

Cycle        437 ----------------------------------------------------
pc: 00000718 inst: (00101133) expanded: sll r 2 = r 0 r 1

Cycle        438 ----------------------------------------------------
pc: 0000071c inst: (00000e93) expanded: addi r29 = r 0 0x0

Cycle        439 ----------------------------------------------------
pc: 00000720 inst: (02800e13) expanded: addi r28 = r 0 0x28

Cycle        440 ----------------------------------------------------
pc: 00000724 inst: (05d11663) expanded: bne r 2 r29 0x4c

Cycle        441 ----------------------------------------------------
pc: 00000728 inst: (02000093) expanded: addi r 1 = r 0 0x20

Cycle        442 ----------------------------------------------------
pc: 0000072c inst: (00009133) expanded: sll r 2 = r 1 r 0

Cycle        443 ----------------------------------------------------
pc: 00000730 inst: (02000e93) expanded: addi r29 = r 0 0x20

Cycle        444 ----------------------------------------------------
pc: 00000734 inst: (02900e13) expanded: addi r28 = r 0 0x29

Cycle        445 ----------------------------------------------------
pc: 00000738 inst: (03d11c63) expanded: bne r 2 r29 0x38

Cycle        446 ----------------------------------------------------
pc: 0000073c inst: (000010b3) expanded: sll r 1 = r 0 r 0

Cycle        447 ----------------------------------------------------
pc: 00000740 inst: (00000e93) expanded: addi r29 = r 0 0x0

Cycle        448 ----------------------------------------------------
pc: 00000744 inst: (02a00e13) expanded: addi r28 = r 0 0x2a

Cycle        449 ----------------------------------------------------
pc: 00000748 inst: (03d09463) expanded: bne r 1 r29 0x28

Cycle        450 ----------------------------------------------------
pc: 0000074c inst: (40000093) expanded: addi r 1 = r 0 0x400

Cycle        451 ----------------------------------------------------
pc: 00000750 inst: (00001137) expanded: lui r 2 0x1000

Cycle        452 ----------------------------------------------------
pc: 00000754 inst: (80010113) expanded: addi r 2 = r 2 0xfffff800

Cycle        453 ----------------------------------------------------
pc: 00000758 inst: (00209033) expanded: sll r 0 = r 1 r 2

Cycle        454 ----------------------------------------------------
pc: 0000075c inst: (00000e93) expanded: addi r29 = r 0 0x0

Cycle        455 ----------------------------------------------------
pc: 00000760 inst: (02b00e13) expanded: addi r28 = r 0 0x2b

Cycle        456 ----------------------------------------------------
pc: 00000764 inst: (01d01663) expanded: bne r 0 r29 0xc

Cycle        457 ----------------------------------------------------
pc: 00000768 inst: (01c01663) expanded: bne r 0 r28 0xc

Cycle        458 ----------------------------------------------------
pc: 00000774 inst: (00000e13) expanded: addi r28 = r 0 0x0

Cycle        459 ----------------------------------------------------
pc: 00000778 inst: (0040006f) expanded: jal r 0 0x4

Cycle        460 ----------------------------------------------------
pc: 0000077c inst: (c0002573) expanded: csrrs r10 csr0xc00 r 0

Cycle        461 ----------------------------------------------------
pc: 00000780 inst: (c02025f3) expanded: csrrs r11 csr0xc02 r 0

Cycle        462 ----------------------------------------------------
pc: 00000784 inst: (01051613) expanded: slli r12 = r10 0x10

Cycle        463 ----------------------------------------------------
pc: 00000788 inst: (01065613) expanded: srli r12 = r12 0x10

Cycle        464 ----------------------------------------------------
pc: 0000078c inst: (000206b7) expanded: lui r13 0x20000

Cycle        465 ----------------------------------------------------
pc: 00000790 inst: (00d666b3) expanded: or r13 = r12 r13

Cycle        466 ----------------------------------------------------
pc: 00000794 inst: (78069073) expanded: csrrw r 0 csr0x780 r13

Cycle        467 ----------------------------------------------------
pc: 00000798 inst: (01055613) expanded: srli r12 = r10 0x10

Cycle        468 ----------------------------------------------------
pc: 0000079c inst: (000306b7) expanded: lui r13 0x30000

Cycle        469 ----------------------------------------------------
pc: 000007a0 inst: (00d666b3) expanded: or r13 = r12 r13

Cycle        470 ----------------------------------------------------
pc: 000007a4 inst: (78069073) expanded: csrrw r 0 csr0x780 r13

Cycle        471 ----------------------------------------------------
pc: 000007a8 inst: (00010637) expanded: lui r12 0x10000

Cycle        472 ----------------------------------------------------
pc: 000007ac inst: (00a60613) expanded: addi r12 = r12 0xa

Cycle        473 ----------------------------------------------------
pc: 000007b0 inst: (78061073) expanded: csrrw r 0 csr0x780 r12

Cycle        474 ----------------------------------------------------
pc: 000007b4 inst: (01059613) expanded: slli r12 = r11 0x10

Cycle        475 ----------------------------------------------------
pc: 000007b8 inst: (01065613) expanded: srli r12 = r12 0x10

Cycle        476 ----------------------------------------------------
pc: 000007bc inst: (000201b7) expanded: lui r 3 0x20000

Cycle        477 ----------------------------------------------------
pc: 000007c0 inst: (003661b3) expanded: or r 3 = r12 r 3

Cycle        478 ----------------------------------------------------
pc: 000007c4 inst: (78019073) expanded: csrrw r 0 csr0x780 r 3

Cycle        479 ----------------------------------------------------
pc: 000007c8 inst: (0105d613) expanded: srli r12 = r11 0x10

Cycle        480 ----------------------------------------------------
pc: 000007cc inst: (000301b7) expanded: lui r 3 0x30000

Cycle        481 ----------------------------------------------------
pc: 000007d0 inst: (003661b3) expanded: or r 3 = r12 r 3

Cycle        482 ----------------------------------------------------
pc: 000007d4 inst: (78019073) expanded: csrrw r 0 csr0x780 r 3

Cycle        483 ----------------------------------------------------
pc: 000007d8 inst: (00010637) expanded: lui r12 0x10000

Cycle        484 ----------------------------------------------------
pc: 000007dc inst: (00a60613) expanded: addi r12 = r12 0xa

Cycle        485 ----------------------------------------------------
pc: 000007e0 inst: (78061073) expanded: csrrw r 0 csr0x780 r12

Cycle        486 ----------------------------------------------------
pc: 000007e4 inst: (780e1073) expanded: csrrw r 0 csr0x780 r28

Cycle        487 ----------------------------------------------------
pc: 000007e8 inst: (0000006f) expanded: jal r 0 0x0

Cycle        488 ----------------------------------------------------
pc: 000007e8 inst: (0000006f) expanded: jal r 0 0x0

Cycle        489 ----------------------------------------------------
pc: 000007e8 inst: (0000006f) expanded: jal r 0 0x0

Cycle        490 ----------------------------------------------------
pc: 000007e8 inst: (0000006f) expanded: jal r 0 0x0

Cycle        491 ----------------------------------------------------
pc: 000007e8 inst: (0000006f) expanded: jal r 0 0x0

Cycle        492 ----------------------------------------------------
pc: 000007e8 inst: (0000006f) expanded: jal r 0 0x0

Cycle        493 ----------------------------------------------------
pc: 000007e8 inst: (0000006f) expanded: jal r 0 0x0

Cycle        494 ----------------------------------------------------
pc: 000007e8 inst: (0000006f) expanded: jal r 0 0x0

Cycle        495 ----------------------------------------------------
pc: 000007e8 inst: (0000006f) expanded: jal r 0 0x0

Cycle        496 ----------------------------------------------------
pc: 000007e8 inst: (0000006f) expanded: jal r 0 0x0

Cycle        497 ----------------------------------------------------
pc: 000007e8 inst: (0000006f) expanded: jal r 0 0x0

Cycle        498 ----------------------------------------------------
pc: 000007e8 inst: (0000006f) expanded: jal r 0 0x0

Cycle        499 ----------------------------------------------------
pc: 000007e8 inst: (0000006f) expanded: jal r 0 0x0

Cycle        500 ----------------------------------------------------
pc: 000007e8 inst: (0000006f) expanded: jal r 0 0x0

Cycle        501 ----------------------------------------------------
pc: 000007e8 inst: (0000006f) expanded: jal r 0 0x0

Cycle        502 ----------------------------------------------------
pc: 000007e8 inst: (0000006f) expanded: jal r 0 0x0

Cycle        503 ----------------------------------------------------
pc: 000007e8 inst: (0000006f) expanded: jal r 0 0x0

Cycle        504 ----------------------------------------------------
pc: 000007e8 inst: (0000006f) expanded: jal r 0 0x0

Cycle        505 ----------------------------------------------------
pc: 000007e8 inst: (0000006f) expanded: jal r 0 0x0

Cycle        506 ----------------------------------------------------
pc: 000007e8 inst: (0000006f) expanded: jal r 0 0x0

Cycle        507 ----------------------------------------------------
pc: 000007e8 inst: (0000006f) expanded: jal r 0 0x0

Cycle        508 ----------------------------------------------------
pc: 000007e8 inst: (0000006f) expanded: jal r 0 0x0

Cycle        509 ----------------------------------------------------
pc: 000007e8 inst: (0000006f) expanded: jal r 0 0x0

Cycle        510 ----------------------------------------------------
pc: 000007e8 inst: (0000006f) expanded: jal r 0 0x0

Cycle        511 ----------------------------------------------------
pc: 000007e8 inst: (0000006f) expanded: jal r 0 0x0

Cycle        512 ----------------------------------------------------
pc: 000007e8 inst: (0000006f) expanded: jal r 0 0x0

Cycle        513 ----------------------------------------------------
pc: 000007e8 inst: (0000006f) expanded: jal r 0 0x0

Cycle        514 ----------------------------------------------------
pc: 000007e8 inst: (0000006f) expanded: jal r 0 0x0

Cycle        515 ----------------------------------------------------
pc: 000007e8 inst: (0000006f) expanded: jal r 0 0x0

Cycle        516 ----------------------------------------------------
pc: 000007e8 inst: (0000006f) expanded: jal r 0 0x0

Cycle        517 ----------------------------------------------------
pc: 000007e8 inst: (0000006f) expanded: jal r 0 0x0

Cycle        518 ----------------------------------------------------
pc: 000007e8 inst: (0000006f) expanded: jal r 0 0x0

Cycle        519 ----------------------------------------------------
pc: 000007e8 inst: (0000006f) expanded: jal r 0 0x0

Cycle        520 ----------------------------------------------------
pc: 000007e8 inst: (0000006f) expanded: jal r 0 0x0

Cycle        521 ----------------------------------------------------
pc: 000007e8 inst: (0000006f) expanded: jal r 0 0x0

Cycle        522 ----------------------------------------------------
pc: 000007e8 inst: (0000006f) expanded: jal r 0 0x0

Cycle        523 ----------------------------------------------------
pc: 000007e8 inst: (0000006f) expanded: jal r 0 0x0

Cycle        524 ----------------------------------------------------
pc: 000007e8 inst: (0000006f) expanded: jal r 0 0x0

Cycle        525 ----------------------------------------------------
pc: 000007e8 inst: (0000006f) expanded: jal r 0 0x0

Cycle        526 ----------------------------------------------------
pc: 000007e8 inst: (0000006f) expanded: jal r 0 0x0

Cycle        527 ----------------------------------------------------
pc: 000007e8 inst: (0000006f) expanded: jal r 0 0x0

Cycle        528 ----------------------------------------------------
pc: 000007e8 inst: (0000006f) expanded: jal r 0 0x0

Cycle        529 ----------------------------------------------------
pc: 000007e8 inst: (0000006f) expanded: jal r 0 0x0

Cycle        530 ----------------------------------------------------
pc: 000007e8 inst: (0000006f) expanded: jal r 0 0x0

Cycle        531 ----------------------------------------------------
pc: 000007e8 inst: (0000006f) expanded: jal r 0 0x0

Cycle        532 ----------------------------------------------------
pc: 000007e8 inst: (0000006f) expanded: jal r 0 0x0

Cycle        533 ----------------------------------------------------
pc: 000007e8 inst: (0000006f) expanded: jal r 0 0x0

Cycle        534 ----------------------------------------------------
pc: 000007e8 inst: (0000006f) expanded: jal r 0 0x0

Cycle        535 ----------------------------------------------------
pc: 000007e8 inst: (0000006f) expanded: jal r 0 0x0

Cycle        536 ----------------------------------------------------
pc: 000007e8 inst: (0000006f) expanded: jal r 0 0x0

Cycle        537 ----------------------------------------------------
pc: 000007e8 inst: (0000006f) expanded: jal r 0 0x0

Cycle        538 ----------------------------------------------------
pc: 000007e8 inst: (0000006f) expanded: jal r 0 0x0

Cycle        539 ----------------------------------------------------
pc: 000007e8 inst: (0000006f) expanded: jal r 0 0x0

Cycle        540 ----------------------------------------------------
pc: 000007e8 inst: (0000006f) expanded: jal r 0 0x0

Cycle        541 ----------------------------------------------------
pc: 000007e8 inst: (0000006f) expanded: jal r 0 0x0

Cycle        542 ----------------------------------------------------
pc: 000007e8 inst: (0000006f) expanded: jal r 0 0x0

Cycle        543 ----------------------------------------------------
pc: 000007e8 inst: (0000006f) expanded: jal r 0 0x0

Cycle        544 ----------------------------------------------------
pc: 000007e8 inst: (0000006f) expanded: jal r 0 0x0

Cycle        545 ----------------------------------------------------
pc: 000007e8 inst: (0000006f) expanded: jal r 0 0x0

Cycle        546 ----------------------------------------------------
pc: 000007e8 inst: (0000006f) expanded: jal r 0 0x0

Cycle        547 ----------------------------------------------------
pc: 000007e8 inst: (0000006f) expanded: jal r 0 0x0

Cycle        548 ----------------------------------------------------
pc: 000007e8 inst: (0000006f) expanded: jal r 0 0x0

Cycle        549 ----------------------------------------------------
pc: 000007e8 inst: (0000006f) expanded: jal r 0 0x0

Cycle        550 ----------------------------------------------------
pc: 000007e8 inst: (0000006f) expanded: jal r 0 0x0

Cycle        551 ----------------------------------------------------
pc: 000007e8 inst: (0000006f) expanded: jal r 0 0x0

Cycle        552 ----------------------------------------------------
pc: 000007e8 inst: (0000006f) expanded: jal r 0 0x0

Cycle        553 ----------------------------------------------------
pc: 000007e8 inst: (0000006f) expanded: jal r 0 0x0

Cycle        554 ----------------------------------------------------
pc: 000007e8 inst: (0000006f) expanded: jal r 0 0x0

Cycle        555 ----------------------------------------------------
pc: 000007e8 inst: (0000006f) expanded: jal r 0 0x0

Cycle        556 ----------------------------------------------------
pc: 000007e8 inst: (0000006f) expanded: jal r 0 0x0

Cycle        557 ----------------------------------------------------
pc: 000007e8 inst: (0000006f) expanded: jal r 0 0x0

Cycle        558 ----------------------------------------------------
pc: 000007e8 inst: (0000006f) expanded: jal r 0 0x0

Cycle        559 ----------------------------------------------------
pc: 000007e8 inst: (0000006f) expanded: jal r 0 0x0

Cycle        560 ----------------------------------------------------
pc: 000007e8 inst: (0000006f) expanded: jal r 0 0x0

Cycle        561 ----------------------------------------------------
pc: 000007e8 inst: (0000006f) expanded: jal r 0 0x0

Cycle        562 ----------------------------------------------------
pc: 000007e8 inst: (0000006f) expanded: jal r 0 0x0

Cycle        563 ----------------------------------------------------
pc: 000007e8 inst: (0000006f) expanded: jal r 0 0x0

Cycle        564 ----------------------------------------------------
pc: 000007e8 inst: (0000006f) expanded: jal r 0 0x0

Cycle        565 ----------------------------------------------------
pc: 000007e8 inst: (0000006f) expanded: jal r 0 0x0

Cycle        566 ----------------------------------------------------
pc: 000007e8 inst: (0000006f) expanded: jal r 0 0x0

Cycle        567 ----------------------------------------------------
pc: 000007e8 inst: (0000006f) expanded: jal r 0 0x0

Cycle        568 ----------------------------------------------------
pc: 000007e8 inst: (0000006f) expanded: jal r 0 0x0

Cycle        569 ----------------------------------------------------
pc: 000007e8 inst: (0000006f) expanded: jal r 0 0x0

Cycle        570 ----------------------------------------------------
pc: 000007e8 inst: (0000006f) expanded: jal r 0 0x0

Cycle        571 ----------------------------------------------------
pc: 000007e8 inst: (0000006f) expanded: jal r 0 0x0

Cycle        572 ----------------------------------------------------
pc: 000007e8 inst: (0000006f) expanded: jal r 0 0x0

Cycle        573 ----------------------------------------------------
pc: 000007e8 inst: (0000006f) expanded: jal r 0 0x0

Cycle        574 ----------------------------------------------------
pc: 000007e8 inst: (0000006f) expanded: jal r 0 0x0

Cycle        575 ----------------------------------------------------
pc: 000007e8 inst: (0000006f) expanded: jal r 0 0x0

Cycle        576 ----------------------------------------------------
pc: 000007e8 inst: (0000006f) expanded: jal r 0 0x0

Cycle        577 ----------------------------------------------------
pc: 000007e8 inst: (0000006f) expanded: jal r 0 0x0

Cycle        578 ----------------------------------------------------
pc: 000007e8 inst: (0000006f) expanded: jal r 0 0x0

Cycle        579 ----------------------------------------------------
pc: 000007e8 inst: (0000006f) expanded: jal r 0 0x0

Cycle        580 ----------------------------------------------------
pc: 000007e8 inst: (0000006f) expanded: jal r 0 0x0

Cycle        581 ----------------------------------------------------
pc: 000007e8 inst: (0000006f) expanded: jal r 0 0x0

Cycle        582 ----------------------------------------------------
pc: 000007e8 inst: (0000006f) expanded: jal r 0 0x0

Cycle        583 ----------------------------------------------------
pc: 000007e8 inst: (0000006f) expanded: jal r 0 0x0

Cycle        584 ----------------------------------------------------
pc: 000007e8 inst: (0000006f) expanded: jal r 0 0x0

Cycle        585 ----------------------------------------------------
pc: 000007e8 inst: (0000006f) expanded: jal r 0 0x0

Cycle        586 ----------------------------------------------------
pc: 000007e8 inst: (0000006f) expanded: jal r 0 0x0

Cycle        587 ----------------------------------------------------
pc: 000007e8 inst: (0000006f) expanded: jal r 0 0x0

Cycle        588 ----------------------------------------------------
pc: 000007e8 inst: (0000006f) expanded: jal r 0 0x0

Cycle        589 ----------------------------------------------------
pc: 000007e8 inst: (0000006f) expanded: jal r 0 0x0

Cycle        590 ----------------------------------------------------
pc: 000007e8 inst: (0000006f) expanded: jal r 0 0x0

Cycle        591 ----------------------------------------------------
pc: 000007e8 inst: (0000006f) expanded: jal r 0 0x0

Cycle        592 ----------------------------------------------------
pc: 000007e8 inst: (0000006f) expanded: jal r 0 0x0

Cycle        593 ----------------------------------------------------
pc: 000007e8 inst: (0000006f) expanded: jal r 0 0x0

Cycle        594 ----------------------------------------------------
pc: 000007e8 inst: (0000006f) expanded: jal r 0 0x0

Cycle        595 ----------------------------------------------------
pc: 000007e8 inst: (0000006f) expanded: jal r 0 0x0

Cycle        596 ----------------------------------------------------
pc: 000007e8 inst: (0000006f) expanded: jal r 0 0x0

Cycle        597 ----------------------------------------------------
pc: 000007e8 inst: (0000006f) expanded: jal r 0 0x0

Cycle        598 ----------------------------------------------------
simulator calling $finish
