make -C bluesim --no-print-directory run
LD_PRELOAD=libSegFault.so SEGFAULT_USE_ALTSTACK=1 SEGFAULT_OUTPUT_NAME=bin/bsimexe-segv-output.txt  ./bin/ubuntu.exe ; retcode=$?; exit $retcode
Start testbench:
Warning: file 'mem.vmh' for memory 'mem' has a gap at addresses 0 to 127.
Warning: file 'mem.vmh' for memory 'mem' has a gap at addresses 466 to 65535.
Warning: file 'mem.vmh' for memory 'mem' has a gap at addresses 0 to 127.
Warning: file 'mem.vmh' for memory 'mem' has a gap at addresses 466 to 65535.
[init_xsim:61]
[init_xsim:61]
Processor startedXsimTop starting
Received software req to start pc

Start at pc 200

pc: 00000200 inst: (00000093) expanded: addi r 1 = r 0 0x0

Cycle          0 ----------------------------------------------------
pc: 00000204 inst: (00000113) expanded: addi r 2 = r 0 0x0

Cycle          1 ----------------------------------------------------
pc: 00000208 inst: (402081b3) expanded: sub r 3 = r 1 r 2

Cycle          2 ----------------------------------------------------
pc: 0000020c inst: (00000e93) expanded: addi r29 = r 0 0x0

Cycle          3 ----------------------------------------------------
pc: 00000210 inst: (00200e13) expanded: addi r28 = r 0 0x2

Cycle          4 ----------------------------------------------------
pc: 00000214 inst: (4bd19863) expanded: bne r 3 r29 0x4b0

Cycle          5 ----------------------------------------------------
pc: 00000218 inst: (00100093) expanded: addi r 1 = r 0 0x1

Cycle          6 ----------------------------------------------------
pc: 0000021c inst: (00100113) expanded: addi r 2 = r 0 0x1

Cycle          7 ----------------------------------------------------
pc: 00000220 inst: (402081b3) expanded: sub r 3 = r 1 r 2

Cycle          8 ----------------------------------------------------
pc: 00000224 inst: (00000e93) expanded: addi r29 = r 0 0x0

Cycle          9 ----------------------------------------------------
pc: 00000228 inst: (00300e13) expanded: addi r28 = r 0 0x3

Cycle         10 ----------------------------------------------------
pc: 0000022c inst: (49d19c63) expanded: bne r 3 r29 0x498

Cycle         11 ----------------------------------------------------
pc: 00000230 inst: (00300093) expanded: addi r 1 = r 0 0x3

Cycle         12 ----------------------------------------------------
pc: 00000234 inst: (00700113) expanded: addi r 2 = r 0 0x7

Cycle         13 ----------------------------------------------------
pc: 00000238 inst: (402081b3) expanded: sub r 3 = r 1 r 2

Cycle         14 ----------------------------------------------------
pc: 0000023c inst: (ffc00e93) expanded: addi r29 = r 0 0xfffffffc

Cycle         15 ----------------------------------------------------
pc: 00000240 inst: (00400e13) expanded: addi r28 = r 0 0x4

Cycle         16 ----------------------------------------------------
pc: 00000244 inst: (49d19063) expanded: bne r 3 r29 0x480

Cycle         17 ----------------------------------------------------
pc: 00000248 inst: (00000093) expanded: addi r 1 = r 0 0x0

Cycle         18 ----------------------------------------------------
pc: 0000024c inst: (ffff8137) expanded: lui r 2 0xffff8000

Cycle         19 ----------------------------------------------------
pc: 00000250 inst: (402081b3) expanded: sub r 3 = r 1 r 2

Cycle         20 ----------------------------------------------------
pc: 00000254 inst: (00008eb7) expanded: lui r29 0x8000

Cycle         21 ----------------------------------------------------
pc: 00000258 inst: (00500e13) expanded: addi r28 = r 0 0x5

Cycle         22 ----------------------------------------------------
pc: 0000025c inst: (47d19463) expanded: bne r 3 r29 0x468

Cycle         23 ----------------------------------------------------
pc: 00000260 inst: (800000b7) expanded: lui r 1 0x80000000

Cycle         24 ----------------------------------------------------
pc: 00000264 inst: (00000113) expanded: addi r 2 = r 0 0x0

Cycle         25 ----------------------------------------------------
pc: 00000268 inst: (402081b3) expanded: sub r 3 = r 1 r 2

Cycle         26 ----------------------------------------------------
pc: 0000026c inst: (80000eb7) expanded: lui r29 0x80000000

Cycle         27 ----------------------------------------------------
pc: 00000270 inst: (00600e13) expanded: addi r28 = r 0 0x6

Cycle         28 ----------------------------------------------------
pc: 00000274 inst: (45d19863) expanded: bne r 3 r29 0x450

Cycle         29 ----------------------------------------------------
pc: 00000278 inst: (800000b7) expanded: lui r 1 0x80000000

Cycle         30 ----------------------------------------------------
pc: 0000027c inst: (ffff8137) expanded: lui r 2 0xffff8000

Cycle         31 ----------------------------------------------------
pc: 00000280 inst: (402081b3) expanded: sub r 3 = r 1 r 2

Cycle         32 ----------------------------------------------------
pc: 00000284 inst: (80008eb7) expanded: lui r29 0x80008000

Cycle         33 ----------------------------------------------------
pc: 00000288 inst: (00700e13) expanded: addi r28 = r 0 0x7

Cycle         34 ----------------------------------------------------
pc: 0000028c inst: (43d19c63) expanded: bne r 3 r29 0x438

Cycle         35 ----------------------------------------------------
pc: 00000290 inst: (00000093) expanded: addi r 1 = r 0 0x0

Cycle         36 ----------------------------------------------------
pc: 00000294 inst: (00008137) expanded: lui r 2 0x8000

Cycle         37 ----------------------------------------------------
pc: 00000298 inst: (fff10113) expanded: addi r 2 = r 2 0xffffffff

Cycle         38 ----------------------------------------------------
pc: 0000029c inst: (402081b3) expanded: sub r 3 = r 1 r 2

Cycle         39 ----------------------------------------------------
pc: 000002a0 inst: (ffff8eb7) expanded: lui r29 0xffff8000

Cycle         40 ----------------------------------------------------
pc: 000002a4 inst: (001e8e93) expanded: addi r29 = r29 0x1

Cycle         41 ----------------------------------------------------
pc: 000002a8 inst: (00800e13) expanded: addi r28 = r 0 0x8

Cycle         42 ----------------------------------------------------
pc: 000002ac inst: (41d19c63) expanded: bne r 3 r29 0x418

Cycle         43 ----------------------------------------------------
pc: 000002b0 inst: (800000b7) expanded: lui r 1 0x80000000

Cycle         44 ----------------------------------------------------
pc: 000002b4 inst: (fff08093) expanded: addi r 1 = r 1 0xffffffff

Cycle         45 ----------------------------------------------------
pc: 000002b8 inst: (00000113) expanded: addi r 2 = r 0 0x0

Cycle         46 ----------------------------------------------------
pc: 000002bc inst: (402081b3) expanded: sub r 3 = r 1 r 2

Cycle         47 ----------------------------------------------------
pc: 000002c0 inst: (80000eb7) expanded: lui r29 0x80000000

Cycle         48 ----------------------------------------------------
pc: 000002c4 inst: (fffe8e93) expanded: addi r29 = r29 0xffffffff

Cycle         49 ----------------------------------------------------
pc: 000002c8 inst: (00900e13) expanded: addi r28 = r 0 0x9

Cycle         50 ----------------------------------------------------
pc: 000002cc inst: (3fd19c63) expanded: bne r 3 r29 0x3f8

Cycle         51 ----------------------------------------------------
pc: 000002d0 inst: (800000b7) expanded: lui r 1 0x80000000

Cycle         52 ----------------------------------------------------
pc: 000002d4 inst: (fff08093) expanded: addi r 1 = r 1 0xffffffff

Cycle         53 ----------------------------------------------------
pc: 000002d8 inst: (00008137) expanded: lui r 2 0x8000

Cycle         54 ----------------------------------------------------
pc: 000002dc inst: (fff10113) expanded: addi r 2 = r 2 0xffffffff

Cycle         55 ----------------------------------------------------
pc: 000002e0 inst: (402081b3) expanded: sub r 3 = r 1 r 2

Cycle         56 ----------------------------------------------------
pc: 000002e4 inst: (7fff8eb7) expanded: lui r29 0x7fff8000

Cycle         57 ----------------------------------------------------
pc: 000002e8 inst: (00a00e13) expanded: addi r28 = r 0 0xa

Cycle         58 ----------------------------------------------------
pc: 000002ec inst: (3dd19c63) expanded: bne r 3 r29 0x3d8

Cycle         59 ----------------------------------------------------
pc: 000002f0 inst: (800000b7) expanded: lui r 1 0x80000000

Cycle         60 ----------------------------------------------------
pc: 000002f4 inst: (00008137) expanded: lui r 2 0x8000

Cycle         61 ----------------------------------------------------
pc: 000002f8 inst: (fff10113) expanded: addi r 2 = r 2 0xffffffff

Cycle         62 ----------------------------------------------------
pc: 000002fc inst: (402081b3) expanded: sub r 3 = r 1 r 2

Cycle         63 ----------------------------------------------------
pc: 00000300 inst: (7fff8eb7) expanded: lui r29 0x7fff8000

Cycle         64 ----------------------------------------------------
pc: 00000304 inst: (001e8e93) expanded: addi r29 = r29 0x1

Cycle         65 ----------------------------------------------------
pc: 00000308 inst: (00b00e13) expanded: addi r28 = r 0 0xb

Cycle         66 ----------------------------------------------------
pc: 0000030c inst: (3bd19c63) expanded: bne r 3 r29 0x3b8

Cycle         67 ----------------------------------------------------
pc: 00000310 inst: (800000b7) expanded: lui r 1 0x80000000

Cycle         68 ----------------------------------------------------
pc: 00000314 inst: (fff08093) expanded: addi r 1 = r 1 0xffffffff

Cycle         69 ----------------------------------------------------
pc: 00000318 inst: (ffff8137) expanded: lui r 2 0xffff8000

Cycle         70 ----------------------------------------------------
pc: 0000031c inst: (402081b3) expanded: sub r 3 = r 1 r 2

Cycle         71 ----------------------------------------------------
pc: 00000320 inst: (80008eb7) expanded: lui r29 0x80008000

Cycle         72 ----------------------------------------------------
pc: 00000324 inst: (fffe8e93) expanded: addi r29 = r29 0xffffffff

Cycle         73 ----------------------------------------------------
pc: 00000328 inst: (00c00e13) expanded: addi r28 = r 0 0xc

Cycle         74 ----------------------------------------------------
pc: 0000032c inst: (39d19c63) expanded: bne r 3 r29 0x398

Cycle         75 ----------------------------------------------------
pc: 00000330 inst: (00000093) expanded: addi r 1 = r 0 0x0

Cycle         76 ----------------------------------------------------
pc: 00000334 inst: (fff00113) expanded: addi r 2 = r 0 0xffffffff

Cycle         77 ----------------------------------------------------
pc: 00000338 inst: (402081b3) expanded: sub r 3 = r 1 r 2

Cycle         78 ----------------------------------------------------
pc: 0000033c inst: (00100e93) expanded: addi r29 = r 0 0x1

Cycle         79 ----------------------------------------------------
pc: 00000340 inst: (00d00e13) expanded: addi r28 = r 0 0xd

Cycle         80 ----------------------------------------------------
pc: 00000344 inst: (39d19063) expanded: bne r 3 r29 0x380

Cycle         81 ----------------------------------------------------
pc: 00000348 inst: (fff00093) expanded: addi r 1 = r 0 0xffffffff

Cycle         82 ----------------------------------------------------
pc: 0000034c inst: (00100113) expanded: addi r 2 = r 0 0x1

Cycle         83 ----------------------------------------------------
pc: 00000350 inst: (402081b3) expanded: sub r 3 = r 1 r 2

Cycle         84 ----------------------------------------------------
pc: 00000354 inst: (ffe00e93) expanded: addi r29 = r 0 0xfffffffe

Cycle         85 ----------------------------------------------------
pc: 00000358 inst: (00e00e13) expanded: addi r28 = r 0 0xe

Cycle         86 ----------------------------------------------------
pc: 0000035c inst: (37d19463) expanded: bne r 3 r29 0x368

Cycle         87 ----------------------------------------------------
pc: 00000360 inst: (fff00093) expanded: addi r 1 = r 0 0xffffffff

Cycle         88 ----------------------------------------------------
pc: 00000364 inst: (fff00113) expanded: addi r 2 = r 0 0xffffffff

Cycle         89 ----------------------------------------------------
pc: 00000368 inst: (402081b3) expanded: sub r 3 = r 1 r 2

Cycle         90 ----------------------------------------------------
pc: 0000036c inst: (00000e93) expanded: addi r29 = r 0 0x0

Cycle         91 ----------------------------------------------------
pc: 00000370 inst: (00f00e13) expanded: addi r28 = r 0 0xf

Cycle         92 ----------------------------------------------------
pc: 00000374 inst: (35d19863) expanded: bne r 3 r29 0x350

Cycle         93 ----------------------------------------------------
pc: 00000378 inst: (00d00093) expanded: addi r 1 = r 0 0xd

Cycle         94 ----------------------------------------------------
pc: 0000037c inst: (00b00113) expanded: addi r 2 = r 0 0xb

Cycle         95 ----------------------------------------------------
pc: 00000380 inst: (402080b3) expanded: sub r 1 = r 1 r 2

Cycle         96 ----------------------------------------------------
pc: 00000384 inst: (00200e93) expanded: addi r29 = r 0 0x2

Cycle         97 ----------------------------------------------------
pc: 00000388 inst: (01000e13) expanded: addi r28 = r 0 0x10

Cycle         98 ----------------------------------------------------
pc: 0000038c inst: (33d09c63) expanded: bne r 1 r29 0x338

Cycle         99 ----------------------------------------------------
pc: 00000390 inst: (00e00093) expanded: addi r 1 = r 0 0xe

Cycle        100 ----------------------------------------------------
pc: 00000394 inst: (00b00113) expanded: addi r 2 = r 0 0xb

Cycle        101 ----------------------------------------------------
pc: 00000398 inst: (40208133) expanded: sub r 2 = r 1 r 2

Cycle        102 ----------------------------------------------------
pc: 0000039c inst: (00300e93) expanded: addi r29 = r 0 0x3

Cycle        103 ----------------------------------------------------
pc: 000003a0 inst: (01100e13) expanded: addi r28 = r 0 0x11

Cycle        104 ----------------------------------------------------
pc: 000003a4 inst: (33d11063) expanded: bne r 2 r29 0x320

Cycle        105 ----------------------------------------------------
pc: 000003a8 inst: (00d00093) expanded: addi r 1 = r 0 0xd

Cycle        106 ----------------------------------------------------
pc: 000003ac inst: (401080b3) expanded: sub r 1 = r 1 r 1

Cycle        107 ----------------------------------------------------
pc: 000003b0 inst: (00000e93) expanded: addi r29 = r 0 0x0

Cycle        108 ----------------------------------------------------
pc: 000003b4 inst: (01200e13) expanded: addi r28 = r 0 0x12

Cycle        109 ----------------------------------------------------
pc: 000003b8 inst: (31d09663) expanded: bne r 1 r29 0x30c

Cycle        110 ----------------------------------------------------
pc: 000003bc inst: (00000213) expanded: addi r 4 = r 0 0x0

Cycle        111 ----------------------------------------------------
pc: 000003c0 inst: (00d00093) expanded: addi r 1 = r 0 0xd

Cycle        112 ----------------------------------------------------
pc: 000003c4 inst: (00b00113) expanded: addi r 2 = r 0 0xb

Cycle        113 ----------------------------------------------------
pc: 000003c8 inst: (402081b3) expanded: sub r 3 = r 1 r 2

Cycle        114 ----------------------------------------------------
pc: 000003cc inst: (00018313) expanded: addi r 6 = r 3 0x0

Cycle        115 ----------------------------------------------------
pc: 000003d0 inst: (00120213) expanded: addi r 4 = r 4 0x1

Cycle        116 ----------------------------------------------------
pc: 000003d4 inst: (00200293) expanded: addi r 5 = r 0 0x2

Cycle        117 ----------------------------------------------------
pc: 000003d8 inst: (fe5214e3) expanded: bne r 4 r 5 0xffffffe8

Cycle        118 ----------------------------------------------------
pc: 000003c0 inst: (00d00093) expanded: addi r 1 = r 0 0xd

Cycle        119 ----------------------------------------------------
pc: 000003c4 inst: (00b00113) expanded: addi r 2 = r 0 0xb

Cycle        120 ----------------------------------------------------
pc: 000003c8 inst: (402081b3) expanded: sub r 3 = r 1 r 2

Cycle        121 ----------------------------------------------------
pc: 000003cc inst: (00018313) expanded: addi r 6 = r 3 0x0

Cycle        122 ----------------------------------------------------
pc: 000003d0 inst: (00120213) expanded: addi r 4 = r 4 0x1

Cycle        123 ----------------------------------------------------
pc: 000003d4 inst: (00200293) expanded: addi r 5 = r 0 0x2

Cycle        124 ----------------------------------------------------
pc: 000003d8 inst: (fe5214e3) expanded: bne r 4 r 5 0xffffffe8

Cycle        125 ----------------------------------------------------
pc: 000003dc inst: (00200e93) expanded: addi r29 = r 0 0x2

Cycle        126 ----------------------------------------------------
pc: 000003e0 inst: (01300e13) expanded: addi r28 = r 0 0x13

Cycle        127 ----------------------------------------------------
pc: 000003e4 inst: (2fd31063) expanded: bne r 6 r29 0x2e0

Cycle        128 ----------------------------------------------------
pc: 000003e8 inst: (00000213) expanded: addi r 4 = r 0 0x0

Cycle        129 ----------------------------------------------------
pc: 000003ec inst: (00e00093) expanded: addi r 1 = r 0 0xe

Cycle        130 ----------------------------------------------------
pc: 000003f0 inst: (00b00113) expanded: addi r 2 = r 0 0xb

Cycle        131 ----------------------------------------------------
pc: 000003f4 inst: (402081b3) expanded: sub r 3 = r 1 r 2

Cycle        132 ----------------------------------------------------
pc: 000003f8 inst: (00000013) expanded: addi r 0 = r 0 0x0

Cycle        133 ----------------------------------------------------
pc: 000003fc inst: (00018313) expanded: addi r 6 = r 3 0x0

Cycle        134 ----------------------------------------------------
pc: 00000400 inst: (00120213) expanded: addi r 4 = r 4 0x1

Cycle        135 ----------------------------------------------------
pc: 00000404 inst: (00200293) expanded: addi r 5 = r 0 0x2

Cycle        136 ----------------------------------------------------
pc: 00000408 inst: (fe5212e3) expanded: bne r 4 r 5 0xffffffe4

Cycle        137 ----------------------------------------------------
pc: 000003ec inst: (00e00093) expanded: addi r 1 = r 0 0xe

Cycle        138 ----------------------------------------------------
pc: 000003f0 inst: (00b00113) expanded: addi r 2 = r 0 0xb

Cycle        139 ----------------------------------------------------
pc: 000003f4 inst: (402081b3) expanded: sub r 3 = r 1 r 2

Cycle        140 ----------------------------------------------------
pc: 000003f8 inst: (00000013) expanded: addi r 0 = r 0 0x0

Cycle        141 ----------------------------------------------------
pc: 000003fc inst: (00018313) expanded: addi r 6 = r 3 0x0

Cycle        142 ----------------------------------------------------
pc: 00000400 inst: (00120213) expanded: addi r 4 = r 4 0x1

Cycle        143 ----------------------------------------------------
pc: 00000404 inst: (00200293) expanded: addi r 5 = r 0 0x2

Cycle        144 ----------------------------------------------------
pc: 00000408 inst: (fe5212e3) expanded: bne r 4 r 5 0xffffffe4

Cycle        145 ----------------------------------------------------
pc: 0000040c inst: (00300e93) expanded: addi r29 = r 0 0x3

Cycle        146 ----------------------------------------------------
pc: 00000410 inst: (01400e13) expanded: addi r28 = r 0 0x14

Cycle        147 ----------------------------------------------------
pc: 00000414 inst: (2bd31863) expanded: bne r 6 r29 0x2b0

Cycle        148 ----------------------------------------------------
pc: 00000418 inst: (00000213) expanded: addi r 4 = r 0 0x0

Cycle        149 ----------------------------------------------------
pc: 0000041c inst: (00f00093) expanded: addi r 1 = r 0 0xf

Cycle        150 ----------------------------------------------------
pc: 00000420 inst: (00b00113) expanded: addi r 2 = r 0 0xb

Cycle        151 ----------------------------------------------------
pc: 00000424 inst: (402081b3) expanded: sub r 3 = r 1 r 2

Cycle        152 ----------------------------------------------------
pc: 00000428 inst: (00000013) expanded: addi r 0 = r 0 0x0

Cycle        153 ----------------------------------------------------
pc: 0000042c inst: (00000013) expanded: addi r 0 = r 0 0x0

Cycle        154 ----------------------------------------------------
pc: 00000430 inst: (00018313) expanded: addi r 6 = r 3 0x0

Cycle        155 ----------------------------------------------------
pc: 00000434 inst: (00120213) expanded: addi r 4 = r 4 0x1

Cycle        156 ----------------------------------------------------
pc: 00000438 inst: (00200293) expanded: addi r 5 = r 0 0x2

Cycle        157 ----------------------------------------------------
pc: 0000043c inst: (fe5210e3) expanded: bne r 4 r 5 0xffffffe0

Cycle        158 ----------------------------------------------------
pc: 0000041c inst: (00f00093) expanded: addi r 1 = r 0 0xf

Cycle        159 ----------------------------------------------------
pc: 00000420 inst: (00b00113) expanded: addi r 2 = r 0 0xb

Cycle        160 ----------------------------------------------------
pc: 00000424 inst: (402081b3) expanded: sub r 3 = r 1 r 2

Cycle        161 ----------------------------------------------------
pc: 00000428 inst: (00000013) expanded: addi r 0 = r 0 0x0

Cycle        162 ----------------------------------------------------
pc: 0000042c inst: (00000013) expanded: addi r 0 = r 0 0x0

Cycle        163 ----------------------------------------------------
pc: 00000430 inst: (00018313) expanded: addi r 6 = r 3 0x0

Cycle        164 ----------------------------------------------------
pc: 00000434 inst: (00120213) expanded: addi r 4 = r 4 0x1

Cycle        165 ----------------------------------------------------
pc: 00000438 inst: (00200293) expanded: addi r 5 = r 0 0x2

Cycle        166 ----------------------------------------------------
pc: 0000043c inst: (fe5210e3) expanded: bne r 4 r 5 0xffffffe0

Cycle        167 ----------------------------------------------------
pc: 00000440 inst: (00400e93) expanded: addi r29 = r 0 0x4

Cycle        168 ----------------------------------------------------
pc: 00000444 inst: (01500e13) expanded: addi r28 = r 0 0x15

Cycle        169 ----------------------------------------------------
pc: 00000448 inst: (27d31e63) expanded: bne r 6 r29 0x27c

Cycle        170 ----------------------------------------------------
pc: 0000044c inst: (00000213) expanded: addi r 4 = r 0 0x0

Cycle        171 ----------------------------------------------------
pc: 00000450 inst: (00d00093) expanded: addi r 1 = r 0 0xd

Cycle        172 ----------------------------------------------------
pc: 00000454 inst: (00b00113) expanded: addi r 2 = r 0 0xb

Cycle        173 ----------------------------------------------------
pc: 00000458 inst: (402081b3) expanded: sub r 3 = r 1 r 2

Cycle        174 ----------------------------------------------------
pc: 0000045c inst: (00120213) expanded: addi r 4 = r 4 0x1

Cycle        175 ----------------------------------------------------
pc: 00000460 inst: (00200293) expanded: addi r 5 = r 0 0x2

Cycle        176 ----------------------------------------------------
pc: 00000464 inst: (fe5216e3) expanded: bne r 4 r 5 0xffffffec

Cycle        177 ----------------------------------------------------
pc: 00000450 inst: (00d00093) expanded: addi r 1 = r 0 0xd

Cycle        178 ----------------------------------------------------
pc: 00000454 inst: (00b00113) expanded: addi r 2 = r 0 0xb

Cycle        179 ----------------------------------------------------
pc: 00000458 inst: (402081b3) expanded: sub r 3 = r 1 r 2

Cycle        180 ----------------------------------------------------
pc: 0000045c inst: (00120213) expanded: addi r 4 = r 4 0x1

Cycle        181 ----------------------------------------------------
pc: 00000460 inst: (00200293) expanded: addi r 5 = r 0 0x2

Cycle        182 ----------------------------------------------------
pc: 00000464 inst: (fe5216e3) expanded: bne r 4 r 5 0xffffffec

Cycle        183 ----------------------------------------------------
pc: 00000468 inst: (00200e93) expanded: addi r29 = r 0 0x2

Cycle        184 ----------------------------------------------------
pc: 0000046c inst: (01600e13) expanded: addi r28 = r 0 0x16

Cycle        185 ----------------------------------------------------
pc: 00000470 inst: (25d19a63) expanded: bne r 3 r29 0x254

Cycle        186 ----------------------------------------------------
pc: 00000474 inst: (00000213) expanded: addi r 4 = r 0 0x0

Cycle        187 ----------------------------------------------------
pc: 00000478 inst: (00e00093) expanded: addi r 1 = r 0 0xe

Cycle        188 ----------------------------------------------------
pc: 0000047c inst: (00b00113) expanded: addi r 2 = r 0 0xb

Cycle        189 ----------------------------------------------------
pc: 00000480 inst: (00000013) expanded: addi r 0 = r 0 0x0

Cycle        190 ----------------------------------------------------
pc: 00000484 inst: (402081b3) expanded: sub r 3 = r 1 r 2

Cycle        191 ----------------------------------------------------
pc: 00000488 inst: (00120213) expanded: addi r 4 = r 4 0x1

Cycle        192 ----------------------------------------------------
pc: 0000048c inst: (00200293) expanded: addi r 5 = r 0 0x2

Cycle        193 ----------------------------------------------------
pc: 00000490 inst: (fe5214e3) expanded: bne r 4 r 5 0xffffffe8

Cycle        194 ----------------------------------------------------
pc: 00000478 inst: (00e00093) expanded: addi r 1 = r 0 0xe

Cycle        195 ----------------------------------------------------
pc: 0000047c inst: (00b00113) expanded: addi r 2 = r 0 0xb

Cycle        196 ----------------------------------------------------
pc: 00000480 inst: (00000013) expanded: addi r 0 = r 0 0x0

Cycle        197 ----------------------------------------------------
pc: 00000484 inst: (402081b3) expanded: sub r 3 = r 1 r 2

Cycle        198 ----------------------------------------------------
pc: 00000488 inst: (00120213) expanded: addi r 4 = r 4 0x1

Cycle        199 ----------------------------------------------------
pc: 0000048c inst: (00200293) expanded: addi r 5 = r 0 0x2

Cycle        200 ----------------------------------------------------
pc: 00000490 inst: (fe5214e3) expanded: bne r 4 r 5 0xffffffe8

Cycle        201 ----------------------------------------------------
pc: 00000494 inst: (00300e93) expanded: addi r29 = r 0 0x3

Cycle        202 ----------------------------------------------------
pc: 00000498 inst: (01700e13) expanded: addi r28 = r 0 0x17

Cycle        203 ----------------------------------------------------
pc: 0000049c inst: (23d19463) expanded: bne r 3 r29 0x228

Cycle        204 ----------------------------------------------------
pc: 000004a0 inst: (00000213) expanded: addi r 4 = r 0 0x0

Cycle        205 ----------------------------------------------------
pc: 000004a4 inst: (00f00093) expanded: addi r 1 = r 0 0xf

Cycle        206 ----------------------------------------------------
pc: 000004a8 inst: (00b00113) expanded: addi r 2 = r 0 0xb

Cycle        207 ----------------------------------------------------
pc: 000004ac inst: (00000013) expanded: addi r 0 = r 0 0x0

Cycle        208 ----------------------------------------------------
pc: 000004b0 inst: (00000013) expanded: addi r 0 = r 0 0x0

Cycle        209 ----------------------------------------------------
pc: 000004b4 inst: (402081b3) expanded: sub r 3 = r 1 r 2

Cycle        210 ----------------------------------------------------
pc: 000004b8 inst: (00120213) expanded: addi r 4 = r 4 0x1

Cycle        211 ----------------------------------------------------
pc: 000004bc inst: (00200293) expanded: addi r 5 = r 0 0x2

Cycle        212 ----------------------------------------------------
pc: 000004c0 inst: (fe5212e3) expanded: bne r 4 r 5 0xffffffe4

Cycle        213 ----------------------------------------------------
pc: 000004a4 inst: (00f00093) expanded: addi r 1 = r 0 0xf

Cycle        214 ----------------------------------------------------
pc: 000004a8 inst: (00b00113) expanded: addi r 2 = r 0 0xb

Cycle        215 ----------------------------------------------------
pc: 000004ac inst: (00000013) expanded: addi r 0 = r 0 0x0

Cycle        216 ----------------------------------------------------
pc: 000004b0 inst: (00000013) expanded: addi r 0 = r 0 0x0

Cycle        217 ----------------------------------------------------
pc: 000004b4 inst: (402081b3) expanded: sub r 3 = r 1 r 2

Cycle        218 ----------------------------------------------------
pc: 000004b8 inst: (00120213) expanded: addi r 4 = r 4 0x1

Cycle        219 ----------------------------------------------------
pc: 000004bc inst: (00200293) expanded: addi r 5 = r 0 0x2

Cycle        220 ----------------------------------------------------
pc: 000004c0 inst: (fe5212e3) expanded: bne r 4 r 5 0xffffffe4

Cycle        221 ----------------------------------------------------
pc: 000004c4 inst: (00400e93) expanded: addi r29 = r 0 0x4

Cycle        222 ----------------------------------------------------
pc: 000004c8 inst: (01800e13) expanded: addi r28 = r 0 0x18

Cycle        223 ----------------------------------------------------
pc: 000004cc inst: (1fd19c63) expanded: bne r 3 r29 0x1f8

Cycle        224 ----------------------------------------------------
pc: 000004d0 inst: (00000213) expanded: addi r 4 = r 0 0x0

Cycle        225 ----------------------------------------------------
pc: 000004d4 inst: (00d00093) expanded: addi r 1 = r 0 0xd

Cycle        226 ----------------------------------------------------
pc: 000004d8 inst: (00000013) expanded: addi r 0 = r 0 0x0

Cycle        227 ----------------------------------------------------
pc: 000004dc inst: (00b00113) expanded: addi r 2 = r 0 0xb

Cycle        228 ----------------------------------------------------
pc: 000004e0 inst: (402081b3) expanded: sub r 3 = r 1 r 2

Cycle        229 ----------------------------------------------------
pc: 000004e4 inst: (00120213) expanded: addi r 4 = r 4 0x1

Cycle        230 ----------------------------------------------------
pc: 000004e8 inst: (00200293) expanded: addi r 5 = r 0 0x2

Cycle        231 ----------------------------------------------------
pc: 000004ec inst: (fe5214e3) expanded: bne r 4 r 5 0xffffffe8

Cycle        232 ----------------------------------------------------
pc: 000004d4 inst: (00d00093) expanded: addi r 1 = r 0 0xd

Cycle        233 ----------------------------------------------------
pc: 000004d8 inst: (00000013) expanded: addi r 0 = r 0 0x0

Cycle        234 ----------------------------------------------------
pc: 000004dc inst: (00b00113) expanded: addi r 2 = r 0 0xb

Cycle        235 ----------------------------------------------------
pc: 000004e0 inst: (402081b3) expanded: sub r 3 = r 1 r 2

Cycle        236 ----------------------------------------------------
pc: 000004e4 inst: (00120213) expanded: addi r 4 = r 4 0x1

Cycle        237 ----------------------------------------------------
pc: 000004e8 inst: (00200293) expanded: addi r 5 = r 0 0x2

Cycle        238 ----------------------------------------------------
pc: 000004ec inst: (fe5214e3) expanded: bne r 4 r 5 0xffffffe8

Cycle        239 ----------------------------------------------------
pc: 000004f0 inst: (00200e93) expanded: addi r29 = r 0 0x2

Cycle        240 ----------------------------------------------------
pc: 000004f4 inst: (01900e13) expanded: addi r28 = r 0 0x19

Cycle        241 ----------------------------------------------------
pc: 000004f8 inst: (1dd19663) expanded: bne r 3 r29 0x1cc

Cycle        242 ----------------------------------------------------
pc: 000004fc inst: (00000213) expanded: addi r 4 = r 0 0x0

Cycle        243 ----------------------------------------------------
pc: 00000500 inst: (00e00093) expanded: addi r 1 = r 0 0xe

Cycle        244 ----------------------------------------------------
pc: 00000504 inst: (00000013) expanded: addi r 0 = r 0 0x0

Cycle        245 ----------------------------------------------------
pc: 00000508 inst: (00b00113) expanded: addi r 2 = r 0 0xb

Cycle        246 ----------------------------------------------------
pc: 0000050c inst: (00000013) expanded: addi r 0 = r 0 0x0

Cycle        247 ----------------------------------------------------
pc: 00000510 inst: (402081b3) expanded: sub r 3 = r 1 r 2

Cycle        248 ----------------------------------------------------
pc: 00000514 inst: (00120213) expanded: addi r 4 = r 4 0x1

Cycle        249 ----------------------------------------------------
pc: 00000518 inst: (00200293) expanded: addi r 5 = r 0 0x2

Cycle        250 ----------------------------------------------------
pc: 0000051c inst: (fe5212e3) expanded: bne r 4 r 5 0xffffffe4

Cycle        251 ----------------------------------------------------
pc: 00000500 inst: (00e00093) expanded: addi r 1 = r 0 0xe

Cycle        252 ----------------------------------------------------
pc: 00000504 inst: (00000013) expanded: addi r 0 = r 0 0x0

Cycle        253 ----------------------------------------------------
pc: 00000508 inst: (00b00113) expanded: addi r 2 = r 0 0xb

Cycle        254 ----------------------------------------------------
pc: 0000050c inst: (00000013) expanded: addi r 0 = r 0 0x0

Cycle        255 ----------------------------------------------------
pc: 00000510 inst: (402081b3) expanded: sub r 3 = r 1 r 2

Cycle        256 ----------------------------------------------------
pc: 00000514 inst: (00120213) expanded: addi r 4 = r 4 0x1

Cycle        257 ----------------------------------------------------
pc: 00000518 inst: (00200293) expanded: addi r 5 = r 0 0x2

Cycle        258 ----------------------------------------------------
pc: 0000051c inst: (fe5212e3) expanded: bne r 4 r 5 0xffffffe4

Cycle        259 ----------------------------------------------------
pc: 00000520 inst: (00300e93) expanded: addi r29 = r 0 0x3

Cycle        260 ----------------------------------------------------
pc: 00000524 inst: (01a00e13) expanded: addi r28 = r 0 0x1a

Cycle        261 ----------------------------------------------------
pc: 00000528 inst: (19d19e63) expanded: bne r 3 r29 0x19c

Cycle        262 ----------------------------------------------------
pc: 0000052c inst: (00000213) expanded: addi r 4 = r 0 0x0

Cycle        263 ----------------------------------------------------
pc: 00000530 inst: (00f00093) expanded: addi r 1 = r 0 0xf

Cycle        264 ----------------------------------------------------
pc: 00000534 inst: (00000013) expanded: addi r 0 = r 0 0x0

Cycle        265 ----------------------------------------------------
pc: 00000538 inst: (00000013) expanded: addi r 0 = r 0 0x0

Cycle        266 ----------------------------------------------------
pc: 0000053c inst: (00b00113) expanded: addi r 2 = r 0 0xb

Cycle        267 ----------------------------------------------------
pc: 00000540 inst: (402081b3) expanded: sub r 3 = r 1 r 2

Cycle        268 ----------------------------------------------------
pc: 00000544 inst: (00120213) expanded: addi r 4 = r 4 0x1

Cycle        269 ----------------------------------------------------
pc: 00000548 inst: (00200293) expanded: addi r 5 = r 0 0x2

Cycle        270 ----------------------------------------------------
pc: 0000054c inst: (fe5212e3) expanded: bne r 4 r 5 0xffffffe4

Cycle        271 ----------------------------------------------------
pc: 00000530 inst: (00f00093) expanded: addi r 1 = r 0 0xf

Cycle        272 ----------------------------------------------------
pc: 00000534 inst: (00000013) expanded: addi r 0 = r 0 0x0

Cycle        273 ----------------------------------------------------
pc: 00000538 inst: (00000013) expanded: addi r 0 = r 0 0x0

Cycle        274 ----------------------------------------------------
pc: 0000053c inst: (00b00113) expanded: addi r 2 = r 0 0xb

Cycle        275 ----------------------------------------------------
pc: 00000540 inst: (402081b3) expanded: sub r 3 = r 1 r 2

Cycle        276 ----------------------------------------------------
pc: 00000544 inst: (00120213) expanded: addi r 4 = r 4 0x1

Cycle        277 ----------------------------------------------------
pc: 00000548 inst: (00200293) expanded: addi r 5 = r 0 0x2

Cycle        278 ----------------------------------------------------
pc: 0000054c inst: (fe5212e3) expanded: bne r 4 r 5 0xffffffe4

Cycle        279 ----------------------------------------------------
pc: 00000550 inst: (00400e93) expanded: addi r29 = r 0 0x4

Cycle        280 ----------------------------------------------------
pc: 00000554 inst: (01b00e13) expanded: addi r28 = r 0 0x1b

Cycle        281 ----------------------------------------------------
pc: 00000558 inst: (17d19663) expanded: bne r 3 r29 0x16c

Cycle        282 ----------------------------------------------------
pc: 0000055c inst: (00000213) expanded: addi r 4 = r 0 0x0

Cycle        283 ----------------------------------------------------
pc: 00000560 inst: (00b00113) expanded: addi r 2 = r 0 0xb

Cycle        284 ----------------------------------------------------
pc: 00000564 inst: (00d00093) expanded: addi r 1 = r 0 0xd

Cycle        285 ----------------------------------------------------
pc: 00000568 inst: (402081b3) expanded: sub r 3 = r 1 r 2

Cycle        286 ----------------------------------------------------
pc: 0000056c inst: (00120213) expanded: addi r 4 = r 4 0x1

Cycle        287 ----------------------------------------------------
pc: 00000570 inst: (00200293) expanded: addi r 5 = r 0 0x2

Cycle        288 ----------------------------------------------------
pc: 00000574 inst: (fe5216e3) expanded: bne r 4 r 5 0xffffffec

Cycle        289 ----------------------------------------------------
pc: 00000560 inst: (00b00113) expanded: addi r 2 = r 0 0xb

Cycle        290 ----------------------------------------------------
pc: 00000564 inst: (00d00093) expanded: addi r 1 = r 0 0xd

Cycle        291 ----------------------------------------------------
pc: 00000568 inst: (402081b3) expanded: sub r 3 = r 1 r 2

Cycle        292 ----------------------------------------------------
pc: 0000056c inst: (00120213) expanded: addi r 4 = r 4 0x1

Cycle        293 ----------------------------------------------------
pc: 00000570 inst: (00200293) expanded: addi r 5 = r 0 0x2

Cycle        294 ----------------------------------------------------
pc: 00000574 inst: (fe5216e3) expanded: bne r 4 r 5 0xffffffec

Cycle        295 ----------------------------------------------------
pc: 00000578 inst: (00200e93) expanded: addi r29 = r 0 0x2

Cycle        296 ----------------------------------------------------
pc: 0000057c inst: (01c00e13) expanded: addi r28 = r 0 0x1c

Cycle        297 ----------------------------------------------------
pc: 00000580 inst: (15d19263) expanded: bne r 3 r29 0x144

Cycle        298 ----------------------------------------------------
pc: 00000584 inst: (00000213) expanded: addi r 4 = r 0 0x0

Cycle        299 ----------------------------------------------------
pc: 00000588 inst: (00b00113) expanded: addi r 2 = r 0 0xb

Cycle        300 ----------------------------------------------------
pc: 0000058c inst: (00e00093) expanded: addi r 1 = r 0 0xe

Cycle        301 ----------------------------------------------------
pc: 00000590 inst: (00000013) expanded: addi r 0 = r 0 0x0

Cycle        302 ----------------------------------------------------
pc: 00000594 inst: (402081b3) expanded: sub r 3 = r 1 r 2

Cycle        303 ----------------------------------------------------
pc: 00000598 inst: (00120213) expanded: addi r 4 = r 4 0x1

Cycle        304 ----------------------------------------------------
pc: 0000059c inst: (00200293) expanded: addi r 5 = r 0 0x2

Cycle        305 ----------------------------------------------------
pc: 000005a0 inst: (fe5214e3) expanded: bne r 4 r 5 0xffffffe8

Cycle        306 ----------------------------------------------------
pc: 00000588 inst: (00b00113) expanded: addi r 2 = r 0 0xb

Cycle        307 ----------------------------------------------------
pc: 0000058c inst: (00e00093) expanded: addi r 1 = r 0 0xe

Cycle        308 ----------------------------------------------------
pc: 00000590 inst: (00000013) expanded: addi r 0 = r 0 0x0

Cycle        309 ----------------------------------------------------
pc: 00000594 inst: (402081b3) expanded: sub r 3 = r 1 r 2

Cycle        310 ----------------------------------------------------
pc: 00000598 inst: (00120213) expanded: addi r 4 = r 4 0x1

Cycle        311 ----------------------------------------------------
pc: 0000059c inst: (00200293) expanded: addi r 5 = r 0 0x2

Cycle        312 ----------------------------------------------------
pc: 000005a0 inst: (fe5214e3) expanded: bne r 4 r 5 0xffffffe8

Cycle        313 ----------------------------------------------------
pc: 000005a4 inst: (00300e93) expanded: addi r29 = r 0 0x3

Cycle        314 ----------------------------------------------------
pc: 000005a8 inst: (01d00e13) expanded: addi r28 = r 0 0x1d

Cycle        315 ----------------------------------------------------
pc: 000005ac inst: (11d19c63) expanded: bne r 3 r29 0x118

Cycle        316 ----------------------------------------------------
pc: 000005b0 inst: (00000213) expanded: addi r 4 = r 0 0x0

Cycle        317 ----------------------------------------------------
pc: 000005b4 inst: (00b00113) expanded: addi r 2 = r 0 0xb

Cycle        318 ----------------------------------------------------
pc: 000005b8 inst: (00f00093) expanded: addi r 1 = r 0 0xf

Cycle        319 ----------------------------------------------------
pc: 000005bc inst: (00000013) expanded: addi r 0 = r 0 0x0

Cycle        320 ----------------------------------------------------
pc: 000005c0 inst: (00000013) expanded: addi r 0 = r 0 0x0

Cycle        321 ----------------------------------------------------
pc: 000005c4 inst: (402081b3) expanded: sub r 3 = r 1 r 2

Cycle        322 ----------------------------------------------------
pc: 000005c8 inst: (00120213) expanded: addi r 4 = r 4 0x1

Cycle        323 ----------------------------------------------------
pc: 000005cc inst: (00200293) expanded: addi r 5 = r 0 0x2

Cycle        324 ----------------------------------------------------
pc: 000005d0 inst: (fe5212e3) expanded: bne r 4 r 5 0xffffffe4

Cycle        325 ----------------------------------------------------
pc: 000005b4 inst: (00b00113) expanded: addi r 2 = r 0 0xb

Cycle        326 ----------------------------------------------------
pc: 000005b8 inst: (00f00093) expanded: addi r 1 = r 0 0xf

Cycle        327 ----------------------------------------------------
pc: 000005bc inst: (00000013) expanded: addi r 0 = r 0 0x0

Cycle        328 ----------------------------------------------------
pc: 000005c0 inst: (00000013) expanded: addi r 0 = r 0 0x0

Cycle        329 ----------------------------------------------------
pc: 000005c4 inst: (402081b3) expanded: sub r 3 = r 1 r 2

Cycle        330 ----------------------------------------------------
pc: 000005c8 inst: (00120213) expanded: addi r 4 = r 4 0x1

Cycle        331 ----------------------------------------------------
pc: 000005cc inst: (00200293) expanded: addi r 5 = r 0 0x2

Cycle        332 ----------------------------------------------------
pc: 000005d0 inst: (fe5212e3) expanded: bne r 4 r 5 0xffffffe4

Cycle        333 ----------------------------------------------------
pc: 000005d4 inst: (00400e93) expanded: addi r29 = r 0 0x4

Cycle        334 ----------------------------------------------------
pc: 000005d8 inst: (01e00e13) expanded: addi r28 = r 0 0x1e

Cycle        335 ----------------------------------------------------
pc: 000005dc inst: (0fd19463) expanded: bne r 3 r29 0xe8

Cycle        336 ----------------------------------------------------
pc: 000005e0 inst: (00000213) expanded: addi r 4 = r 0 0x0

Cycle        337 ----------------------------------------------------
pc: 000005e4 inst: (00b00113) expanded: addi r 2 = r 0 0xb

Cycle        338 ----------------------------------------------------
pc: 000005e8 inst: (00000013) expanded: addi r 0 = r 0 0x0

Cycle        339 ----------------------------------------------------
pc: 000005ec inst: (00d00093) expanded: addi r 1 = r 0 0xd

Cycle        340 ----------------------------------------------------
pc: 000005f0 inst: (402081b3) expanded: sub r 3 = r 1 r 2

Cycle        341 ----------------------------------------------------
pc: 000005f4 inst: (00120213) expanded: addi r 4 = r 4 0x1

Cycle        342 ----------------------------------------------------
pc: 000005f8 inst: (00200293) expanded: addi r 5 = r 0 0x2

Cycle        343 ----------------------------------------------------
pc: 000005fc inst: (fe5214e3) expanded: bne r 4 r 5 0xffffffe8

Cycle        344 ----------------------------------------------------
pc: 000005e4 inst: (00b00113) expanded: addi r 2 = r 0 0xb

Cycle        345 ----------------------------------------------------
pc: 000005e8 inst: (00000013) expanded: addi r 0 = r 0 0x0

Cycle        346 ----------------------------------------------------
pc: 000005ec inst: (00d00093) expanded: addi r 1 = r 0 0xd

Cycle        347 ----------------------------------------------------
pc: 000005f0 inst: (402081b3) expanded: sub r 3 = r 1 r 2

Cycle        348 ----------------------------------------------------
pc: 000005f4 inst: (00120213) expanded: addi r 4 = r 4 0x1

Cycle        349 ----------------------------------------------------
pc: 000005f8 inst: (00200293) expanded: addi r 5 = r 0 0x2

Cycle        350 ----------------------------------------------------
pc: 000005fc inst: (fe5214e3) expanded: bne r 4 r 5 0xffffffe8

Cycle        351 ----------------------------------------------------
pc: 00000600 inst: (00200e93) expanded: addi r29 = r 0 0x2

Cycle        352 ----------------------------------------------------
pc: 00000604 inst: (01f00e13) expanded: addi r28 = r 0 0x1f

Cycle        353 ----------------------------------------------------
pc: 00000608 inst: (0bd19e63) expanded: bne r 3 r29 0xbc

Cycle        354 ----------------------------------------------------
pc: 0000060c inst: (00000213) expanded: addi r 4 = r 0 0x0

Cycle        355 ----------------------------------------------------
pc: 00000610 inst: (00b00113) expanded: addi r 2 = r 0 0xb

Cycle        356 ----------------------------------------------------
pc: 00000614 inst: (00000013) expanded: addi r 0 = r 0 0x0

Cycle        357 ----------------------------------------------------
pc: 00000618 inst: (00e00093) expanded: addi r 1 = r 0 0xe

Cycle        358 ----------------------------------------------------
pc: 0000061c inst: (00000013) expanded: addi r 0 = r 0 0x0

Cycle        359 ----------------------------------------------------
pc: 00000620 inst: (402081b3) expanded: sub r 3 = r 1 r 2

Cycle        360 ----------------------------------------------------
pc: 00000624 inst: (00120213) expanded: addi r 4 = r 4 0x1

Cycle        361 ----------------------------------------------------
pc: 00000628 inst: (00200293) expanded: addi r 5 = r 0 0x2

Cycle        362 ----------------------------------------------------
pc: 0000062c inst: (fe5212e3) expanded: bne r 4 r 5 0xffffffe4

Cycle        363 ----------------------------------------------------
pc: 00000610 inst: (00b00113) expanded: addi r 2 = r 0 0xb

Cycle        364 ----------------------------------------------------
pc: 00000614 inst: (00000013) expanded: addi r 0 = r 0 0x0

Cycle        365 ----------------------------------------------------
pc: 00000618 inst: (00e00093) expanded: addi r 1 = r 0 0xe

Cycle        366 ----------------------------------------------------
pc: 0000061c inst: (00000013) expanded: addi r 0 = r 0 0x0

Cycle        367 ----------------------------------------------------
pc: 00000620 inst: (402081b3) expanded: sub r 3 = r 1 r 2

Cycle        368 ----------------------------------------------------
pc: 00000624 inst: (00120213) expanded: addi r 4 = r 4 0x1

Cycle        369 ----------------------------------------------------
pc: 00000628 inst: (00200293) expanded: addi r 5 = r 0 0x2

Cycle        370 ----------------------------------------------------
pc: 0000062c inst: (fe5212e3) expanded: bne r 4 r 5 0xffffffe4

Cycle        371 ----------------------------------------------------
pc: 00000630 inst: (00300e93) expanded: addi r29 = r 0 0x3

Cycle        372 ----------------------------------------------------
pc: 00000634 inst: (02000e13) expanded: addi r28 = r 0 0x20

Cycle        373 ----------------------------------------------------
pc: 00000638 inst: (09d19663) expanded: bne r 3 r29 0x8c

Cycle        374 ----------------------------------------------------
pc: 0000063c inst: (00000213) expanded: addi r 4 = r 0 0x0

Cycle        375 ----------------------------------------------------
pc: 00000640 inst: (00b00113) expanded: addi r 2 = r 0 0xb

Cycle        376 ----------------------------------------------------
pc: 00000644 inst: (00000013) expanded: addi r 0 = r 0 0x0

Cycle        377 ----------------------------------------------------
pc: 00000648 inst: (00000013) expanded: addi r 0 = r 0 0x0

Cycle        378 ----------------------------------------------------
pc: 0000064c inst: (00f00093) expanded: addi r 1 = r 0 0xf

Cycle        379 ----------------------------------------------------
pc: 00000650 inst: (402081b3) expanded: sub r 3 = r 1 r 2

Cycle        380 ----------------------------------------------------
pc: 00000654 inst: (00120213) expanded: addi r 4 = r 4 0x1

Cycle        381 ----------------------------------------------------
pc: 00000658 inst: (00200293) expanded: addi r 5 = r 0 0x2

Cycle        382 ----------------------------------------------------
pc: 0000065c inst: (fe5212e3) expanded: bne r 4 r 5 0xffffffe4

Cycle        383 ----------------------------------------------------
pc: 00000640 inst: (00b00113) expanded: addi r 2 = r 0 0xb

Cycle        384 ----------------------------------------------------
pc: 00000644 inst: (00000013) expanded: addi r 0 = r 0 0x0

Cycle        385 ----------------------------------------------------
pc: 00000648 inst: (00000013) expanded: addi r 0 = r 0 0x0

Cycle        386 ----------------------------------------------------
pc: 0000064c inst: (00f00093) expanded: addi r 1 = r 0 0xf

Cycle        387 ----------------------------------------------------
pc: 00000650 inst: (402081b3) expanded: sub r 3 = r 1 r 2

Cycle        388 ----------------------------------------------------
pc: 00000654 inst: (00120213) expanded: addi r 4 = r 4 0x1

Cycle        389 ----------------------------------------------------
pc: 00000658 inst: (00200293) expanded: addi r 5 = r 0 0x2

Cycle        390 ----------------------------------------------------
pc: 0000065c inst: (fe5212e3) expanded: bne r 4 r 5 0xffffffe4

Cycle        391 ----------------------------------------------------
pc: 00000660 inst: (00400e93) expanded: addi r29 = r 0 0x4

Cycle        392 ----------------------------------------------------
pc: 00000664 inst: (02100e13) expanded: addi r28 = r 0 0x21

Cycle        393 ----------------------------------------------------
pc: 00000668 inst: (05d19e63) expanded: bne r 3 r29 0x5c

Cycle        394 ----------------------------------------------------
pc: 0000066c inst: (ff100093) expanded: addi r 1 = r 0 0xfffffff1

Cycle        395 ----------------------------------------------------
pc: 00000670 inst: (40100133) expanded: sub r 2 = r 0 r 1

Cycle        396 ----------------------------------------------------
pc: 00000674 inst: (00f00e93) expanded: addi r29 = r 0 0xf

Cycle        397 ----------------------------------------------------
pc: 00000678 inst: (02200e13) expanded: addi r28 = r 0 0x22

Cycle        398 ----------------------------------------------------
pc: 0000067c inst: (05d11463) expanded: bne r 2 r29 0x48

Cycle        399 ----------------------------------------------------
pc: 00000680 inst: (02000093) expanded: addi r 1 = r 0 0x20

Cycle        400 ----------------------------------------------------
pc: 00000684 inst: (40008133) expanded: sub r 2 = r 1 r 0

Cycle        401 ----------------------------------------------------
pc: 00000688 inst: (02000e93) expanded: addi r29 = r 0 0x20

Cycle        402 ----------------------------------------------------
pc: 0000068c inst: (02300e13) expanded: addi r28 = r 0 0x23

Cycle        403 ----------------------------------------------------
pc: 00000690 inst: (03d11a63) expanded: bne r 2 r29 0x34

Cycle        404 ----------------------------------------------------
pc: 00000694 inst: (400000b3) expanded: sub r 1 = r 0 r 0

Cycle        405 ----------------------------------------------------
pc: 00000698 inst: (00000e93) expanded: addi r29 = r 0 0x0

Cycle        406 ----------------------------------------------------
pc: 0000069c inst: (02400e13) expanded: addi r28 = r 0 0x24

Cycle        407 ----------------------------------------------------
pc: 000006a0 inst: (03d09263) expanded: bne r 1 r29 0x24

Cycle        408 ----------------------------------------------------
pc: 000006a4 inst: (01000093) expanded: addi r 1 = r 0 0x10

Cycle        409 ----------------------------------------------------
pc: 000006a8 inst: (01e00113) expanded: addi r 2 = r 0 0x1e

Cycle        410 ----------------------------------------------------
pc: 000006ac inst: (40208033) expanded: sub r 0 = r 1 r 2

Cycle        411 ----------------------------------------------------
pc: 000006b0 inst: (00000e93) expanded: addi r29 = r 0 0x0

Cycle        412 ----------------------------------------------------
pc: 000006b4 inst: (02500e13) expanded: addi r28 = r 0 0x25

Cycle        413 ----------------------------------------------------
pc: 000006b8 inst: (01d01663) expanded: bne r 0 r29 0xc

Cycle        414 ----------------------------------------------------
pc: 000006bc inst: (01c01663) expanded: bne r 0 r28 0xc

Cycle        415 ----------------------------------------------------
pc: 000006c8 inst: (00000e13) expanded: addi r28 = r 0 0x0

Cycle        416 ----------------------------------------------------
pc: 000006cc inst: (0040006f) expanded: jal r 0 0x4

Cycle        417 ----------------------------------------------------
pc: 000006d0 inst: (c0002573) expanded: csrrs r10 csr0xc00 r 0

Cycle        418 ----------------------------------------------------
pc: 000006d4 inst: (c02025f3) expanded: csrrs r11 csr0xc02 r 0

Cycle        419 ----------------------------------------------------
pc: 000006d8 inst: (01051613) expanded: slli r12 = r10 0x10

Cycle        420 ----------------------------------------------------
pc: 000006dc inst: (01065613) expanded: srli r12 = r12 0x10

Cycle        421 ----------------------------------------------------
pc: 000006e0 inst: (000206b7) expanded: lui r13 0x20000

Cycle        422 ----------------------------------------------------
pc: 000006e4 inst: (00d666b3) expanded: or r13 = r12 r13

Cycle        423 ----------------------------------------------------
pc: 000006e8 inst: (78069073) expanded: csrrw r 0 csr0x780 r13

Cycle        424 ----------------------------------------------------
pc: 000006ec inst: (01055613) expanded: srli r12 = r10 0x10

Cycle        425 ----------------------------------------------------
pc: 000006f0 inst: (000306b7) expanded: lui r13 0x30000

Cycle        426 ----------------------------------------------------
pc: 000006f4 inst: (00d666b3) expanded: or r13 = r12 r13

Cycle        427 ----------------------------------------------------
pc: 000006f8 inst: (78069073) expanded: csrrw r 0 csr0x780 r13

Cycle        428 ----------------------------------------------------
pc: 000006fc inst: (00010637) expanded: lui r12 0x10000

Cycle        429 ----------------------------------------------------
pc: 00000700 inst: (00a60613) expanded: addi r12 = r12 0xa

Cycle        430 ----------------------------------------------------
pc: 00000704 inst: (78061073) expanded: csrrw r 0 csr0x780 r12

Cycle        431 ----------------------------------------------------
pc: 00000708 inst: (01059613) expanded: slli r12 = r11 0x10

Cycle        432 ----------------------------------------------------
pc: 0000070c inst: (01065613) expanded: srli r12 = r12 0x10

Cycle        433 ----------------------------------------------------
pc: 00000710 inst: (000201b7) expanded: lui r 3 0x20000

Cycle        434 ----------------------------------------------------
pc: 00000714 inst: (003661b3) expanded: or r 3 = r12 r 3

Cycle        435 ----------------------------------------------------
pc: 00000718 inst: (78019073) expanded: csrrw r 0 csr0x780 r 3

Cycle        436 ----------------------------------------------------
pc: 0000071c inst: (0105d613) expanded: srli r12 = r11 0x10

Cycle        437 ----------------------------------------------------
pc: 00000720 inst: (000301b7) expanded: lui r 3 0x30000

Cycle        438 ----------------------------------------------------
pc: 00000724 inst: (003661b3) expanded: or r 3 = r12 r 3

Cycle        439 ----------------------------------------------------
pc: 00000728 inst: (78019073) expanded: csrrw r 0 csr0x780 r 3

Cycle        440 ----------------------------------------------------
pc: 0000072c inst: (00010637) expanded: lui r12 0x10000

Cycle        441 ----------------------------------------------------
pc: 00000730 inst: (00a60613) expanded: addi r12 = r12 0xa

Cycle        442 ----------------------------------------------------
pc: 00000734 inst: (78061073) expanded: csrrw r 0 csr0x780 r12

Cycle        443 ----------------------------------------------------
pc: 00000738 inst: (780e1073) expanded: csrrw r 0 csr0x780 r28

Cycle        444 ----------------------------------------------------
pc: 0000073c inst: (0000006f) expanded: jal r 0 0x0

Cycle        445 ----------------------------------------------------
pc: 0000073c inst: (0000006f) expanded: jal r 0 0x0

Cycle        446 ----------------------------------------------------
pc: 0000073c inst: (0000006f) expanded: jal r 0 0x0

Cycle        447 ----------------------------------------------------
pc: 0000073c inst: (0000006f) expanded: jal r 0 0x0

Cycle        448 ----------------------------------------------------
pc: 0000073c inst: (0000006f) expanded: jal r 0 0x0

Cycle        449 ----------------------------------------------------
pc: 0000073c inst: (0000006f) expanded: jal r 0 0x0

Cycle        450 ----------------------------------------------------
pc: 0000073c inst: (0000006f) expanded: jal r 0 0x0

Cycle        451 ----------------------------------------------------
pc: 0000073c inst: (0000006f) expanded: jal r 0 0x0

Cycle        452 ----------------------------------------------------
pc: 0000073c inst: (0000006f) expanded: jal r 0 0x0

Cycle        453 ----------------------------------------------------
pc: 0000073c inst: (0000006f) expanded: jal r 0 0x0

Cycle        454 ----------------------------------------------------
pc: 0000073c inst: (0000006f) expanded: jal r 0 0x0

Cycle        455 ----------------------------------------------------
pc: 0000073c inst: (0000006f) expanded: jal r 0 0x0

Cycle        456 ----------------------------------------------------
pc: 0000073c inst: (0000006f) expanded: jal r 0 0x0

Cycle        457 ----------------------------------------------------
pc: 0000073c inst: (0000006f) expanded: jal r 0 0x0

Cycle        458 ----------------------------------------------------
pc: 0000073c inst: (0000006f) expanded: jal r 0 0x0

Cycle        459 ----------------------------------------------------
pc: 0000073c inst: (0000006f) expanded: jal r 0 0x0

Cycle        460 ----------------------------------------------------
pc: 0000073c inst: (0000006f) expanded: jal r 0 0x0

Cycle        461 ----------------------------------------------------
pc: 0000073c inst: (0000006f) expanded: jal r 0 0x0

Cycle        462 ----------------------------------------------------
pc: 0000073c inst: (0000006f) expanded: jal r 0 0x0

Cycle        463 ----------------------------------------------------
pc: 0000073c inst: (0000006f) expanded: jal r 0 0x0

Cycle        464 ----------------------------------------------------
pc: 0000073c inst: (0000006f) expanded: jal r 0 0x0

Cycle        465 ----------------------------------------------------
pc: 0000073c inst: (0000006f) expanded: jal r 0 0x0

Cycle        466 ----------------------------------------------------
pc: 0000073c inst: (0000006f) expanded: jal r 0 0x0

Cycle        467 ----------------------------------------------------
pc: 0000073c inst: (0000006f) expanded: jal r 0 0x0

Cycle        468 ----------------------------------------------------
pc: 0000073c inst: (0000006f) expanded: jal r 0 0x0

Cycle        469 ----------------------------------------------------
pc: 0000073c inst: (0000006f) expanded: jal r 0 0x0

Cycle        470 ----------------------------------------------------
pc: 0000073c inst: (0000006f) expanded: jal r 0 0x0

Cycle        471 ----------------------------------------------------
pc: 0000073c inst: (0000006f) expanded: jal r 0 0x0

Cycle        472 ----------------------------------------------------
pc: 0000073c inst: (0000006f) expanded: jal r 0 0x0

Cycle        473 ----------------------------------------------------
pc: 0000073c inst: (0000006f) expanded: jal r 0 0x0

Cycle        474 ----------------------------------------------------
pc: 0000073c inst: (0000006f) expanded: jal r 0 0x0

Cycle        475 ----------------------------------------------------
pc: 0000073c inst: (0000006f) expanded: jal r 0 0x0

Cycle        476 ----------------------------------------------------
pc: 0000073c inst: (0000006f) expanded: jal r 0 0x0

Cycle        477 ----------------------------------------------------
pc: 0000073c inst: (0000006f) expanded: jal r 0 0x0

Cycle        478 ----------------------------------------------------
pc: 0000073c inst: (0000006f) expanded: jal r 0 0x0

Cycle        479 ----------------------------------------------------
pc: 0000073c inst: (0000006f) expanded: jal r 0 0x0

Cycle        480 ----------------------------------------------------
pc: 0000073c inst: (0000006f) expanded: jal r 0 0x0

Cycle        481 ----------------------------------------------------
pc: 0000073c inst: (0000006f) expanded: jal r 0 0x0

Cycle        482 ----------------------------------------------------
pc: 0000073c inst: (0000006f) expanded: jal r 0 0x0

Cycle        483 ----------------------------------------------------
pc: 0000073c inst: (0000006f) expanded: jal r 0 0x0

Cycle        484 ----------------------------------------------------
pc: 0000073c inst: (0000006f) expanded: jal r 0 0x0

Cycle        485 ----------------------------------------------------
pc: 0000073c inst: (0000006f) expanded: jal r 0 0x0

Cycle        486 ----------------------------------------------------
pc: 0000073c inst: (0000006f) expanded: jal r 0 0x0

Cycle        487 ----------------------------------------------------
pc: 0000073c inst: (0000006f) expanded: jal r 0 0x0

Cycle        488 ----------------------------------------------------
pc: 0000073c inst: (0000006f) expanded: jal r 0 0x0

Cycle        489 ----------------------------------------------------
pc: 0000073c inst: (0000006f) expanded: jal r 0 0x0

Cycle        490 ----------------------------------------------------
pc: 0000073c inst: (0000006f) expanded: jal r 0 0x0

Cycle        491 ----------------------------------------------------
pc: 0000073c inst: (0000006f) expanded: jal r 0 0x0

Cycle        492 ----------------------------------------------------
pc: 0000073c inst: (0000006f) expanded: jal r 0 0x0

Cycle        493 ----------------------------------------------------
pc: 0000073c inst: (0000006f) expanded: jal r 0 0x0

Cycle        494 ----------------------------------------------------
pc: 0000073c inst: (0000006f) expanded: jal r 0 0x0

Cycle        495 ----------------------------------------------------
pc: 0000073c inst: (0000006f) expanded: jal r 0 0x0

Cycle        496 ----------------------------------------------------
pc: 0000073c inst: (0000006f) expanded: jal r 0 0x0

Cycle        497 ----------------------------------------------------
pc: 0000073c inst: (0000006f) expanded: jal r 0 0x0

Cycle        498 ----------------------------------------------------
pc: 0000073c inst: (0000006f) expanded: jal r 0 0x0

Cycle        499 ----------------------------------------------------
pc: 0000073c inst: (0000006f) expanded: jal r 0 0x0

Cycle        500 ----------------------------------------------------
pc: 0000073c inst: (0000006f) expanded: jal r 0 0x0

Cycle        501 ----------------------------------------------------
pc: 0000073c inst: (0000006f) expanded: jal r 0 0x0

Cycle        502 ----------------------------------------------------
pc: 0000073c inst: (0000006f) expanded: jal r 0 0x0

Cycle        503 ----------------------------------------------------
pc: 0000073c inst: (0000006f) expanded: jal r 0 0x0

Cycle        504 ----------------------------------------------------
pc: 0000073c inst: (0000006f) expanded: jal r 0 0x0

Cycle        505 ----------------------------------------------------
pc: 0000073c inst: (0000006f) expanded: jal r 0 0x0

Cycle        506 ----------------------------------------------------
pc: 0000073c inst: (0000006f) expanded: jal r 0 0x0

Cycle        507 ----------------------------------------------------
pc: 0000073c inst: (0000006f) expanded: jal r 0 0x0

Cycle        508 ----------------------------------------------------
pc: 0000073c inst: (0000006f) expanded: jal r 0 0x0

Cycle        509 ----------------------------------------------------
pc: 0000073c inst: (0000006f) expanded: jal r 0 0x0

Cycle        510 ----------------------------------------------------
pc: 0000073c inst: (0000006f) expanded: jal r 0 0x0

Cycle        511 ----------------------------------------------------
pc: 0000073c inst: (0000006f) expanded: jal r 0 0x0

Cycle        512 ----------------------------------------------------
pc: 0000073c inst: (0000006f) expanded: jal r 0 0x0

Cycle        513 ----------------------------------------------------
pc: 0000073c inst: (0000006f) expanded: jal r 0 0x0

Cycle        514 ----------------------------------------------------
pc: 0000073c inst: (0000006f) expanded: jal r 0 0x0

Cycle        515 ----------------------------------------------------
pc: 0000073c inst: (0000006f) expanded: jal r 0 0x0

Cycle        516 ----------------------------------------------------
pc: 0000073c inst: (0000006f) expanded: jal r 0 0x0

Cycle        517 ----------------------------------------------------
pc: 0000073c inst: (0000006f) expanded: jal r 0 0x0

Cycle        518 ----------------------------------------------------
pc: 0000073c inst: (0000006f) expanded: jal r 0 0x0

Cycle        519 ----------------------------------------------------
pc: 0000073c inst: (0000006f) expanded: jal r 0 0x0

Cycle        520 ----------------------------------------------------
pc: 0000073c inst: (0000006f) expanded: jal r 0 0x0

Cycle        521 ----------------------------------------------------
pc: 0000073c inst: (0000006f) expanded: jal r 0 0x0

Cycle        522 ----------------------------------------------------
pc: 0000073c inst: (0000006f) expanded: jal r 0 0x0

Cycle        523 ----------------------------------------------------
pc: 0000073c inst: (0000006f) expanded: jal r 0 0x0

Cycle        524 ----------------------------------------------------
pc: 0000073c inst: (0000006f) expanded: jal r 0 0x0

Cycle        525 ----------------------------------------------------
pc: 0000073c inst: (0000006f) expanded: jal r 0 0x0

Cycle        526 ----------------------------------------------------
pc: 0000073c inst: (0000006f) expanded: jal r 0 0x0

Cycle        527 ----------------------------------------------------
pc: 0000073c inst: (0000006f) expanded: jal r 0 0x0

Cycle        528 ----------------------------------------------------
pc: 0000073c inst: (0000006f) expanded: jal r 0 0x0

Cycle        529 ----------------------------------------------------
pc: 0000073c inst: (0000006f) expanded: jal r 0 0x0

Cycle        530 ----------------------------------------------------
pc: 0000073c inst: (0000006f) expanded: jal r 0 0x0

Cycle        531 ----------------------------------------------------
pc: 0000073c inst: (0000006f) expanded: jal r 0 0x0

Cycle        532 ----------------------------------------------------
pc: 0000073c inst: (0000006f) expanded: jal r 0 0x0

Cycle        533 ----------------------------------------------------
pc: 0000073c inst: (0000006f) expanded: jal r 0 0x0

Cycle        534 ----------------------------------------------------
pc: 0000073c inst: (0000006f) expanded: jal r 0 0x0

Cycle        535 ----------------------------------------------------
pc: 0000073c inst: (0000006f) expanded: jal r 0 0x0

Cycle        536 ----------------------------------------------------
pc: 0000073c inst: (0000006f) expanded: jal r 0 0x0

Cycle        537 ----------------------------------------------------
pc: 0000073c inst: (0000006f) expanded: jal r 0 0x0

Cycle        538 ----------------------------------------------------
pc: 0000073c inst: (0000006f) expanded: jal r 0 0x0

Cycle        539 ----------------------------------------------------
pc: 0000073c inst: (0000006f) expanded: jal r 0 0x0

Cycle        540 ----------------------------------------------------
pc: 0000073c inst: (0000006f) expanded: jal r 0 0x0

Cycle        541 ----------------------------------------------------
pc: 0000073c inst: (0000006f) expanded: jal r 0 0x0

Cycle        542 ----------------------------------------------------
pc: 0000073c inst: (0000006f) expanded: jal r 0 0x0

Cycle        543 ----------------------------------------------------
pc: 0000073c inst: (0000006f) expanded: jal r 0 0x0

Cycle        544 ----------------------------------------------------
pc: 0000073c inst: (0000006f) expanded: jal r 0 0x0

Cycle        545 ----------------------------------------------------
pc: 0000073c inst: (0000006f) expanded: jal r 0 0x0

Cycle        546 ----------------------------------------------------
pc: 0000073c inst: (0000006f) expanded: jal r 0 0x0

Cycle        547 ----------------------------------------------------
pc: 0000073c inst: (0000006f) expanded: jal r 0 0x0

Cycle        548 ----------------------------------------------------
pc: 0000073c inst: (0000006f) expanded: jal r 0 0x0

Cycle        549 ----------------------------------------------------
pc: 0000073c inst: (0000006f) expanded: jal r 0 0x0

Cycle        550 ----------------------------------------------------
simulator calling $finish
