make -C bluesim --no-print-directory run
LD_PRELOAD=libSegFault.so SEGFAULT_USE_ALTSTACK=1 SEGFAULT_OUTPUT_NAME=bin/bsimexe-segv-output.txt  ./bin/ubuntu.exe ; retcode=$?; exit $retcode
Start testbench:
Warning: file 'mem.vmh' for memory 'mem' has a gap at addresses 0 to 127.
Warning: file 'mem.vmh' for memory 'mem' has a gap at addresses 210 to 65535.
Warning: file 'mem.vmh' for memory 'mem' has a gap at addresses 0 to 127.
Warning: file 'mem.vmh' for memory 'mem' has a gap at addresses 210 to 65535.
[init_xsim:61]
[init_xsim:61]
Processor startedXsimTop starting
Received software req to start pc

Start at pc 200

pc: 00000200 inst: (000040b7) expanded: lui r 1 0x4000

Cycle          0 ----------------------------------------------------
pc: 00000204 inst: (00006137) expanded: lui r 2 0x6000

Cycle          1 ----------------------------------------------------
pc: 00000208 inst: (10000193) expanded: addi r 3 = r 0 0x100

Cycle          2 ----------------------------------------------------
pc: 0000020c inst: (0030a023) expanded: sw [r 1 0x0] = r 3

Cycle          3 ----------------------------------------------------
pc: 00000210 inst: (10100193) expanded: addi r 3 = r 0 0x101

Cycle          4 ----------------------------------------------------
pc: 00000214 inst: (0030a223) expanded: sw [r 1 0x4] = r 3

Cycle          5 ----------------------------------------------------
pc: 00000218 inst: (20000193) expanded: addi r 3 = r 0 0x200

Cycle          6 ----------------------------------------------------
pc: 0000021c inst: (00312023) expanded: sw [r 2 0x0] = r 3

Cycle          7 ----------------------------------------------------
pc: 00000220 inst: (20100193) expanded: addi r 3 = r 0 0x201

Cycle          8 ----------------------------------------------------
pc: 00000224 inst: (00312223) expanded: sw [r 2 0x4] = r 3

Cycle          9 ----------------------------------------------------
pc: 00000228 inst: (0000a183) expanded: lw r 3 = [r 1 0x0]

Cycle         10 ----------------------------------------------------
pc: 0000022c inst: (10000213) expanded: addi r 4 = r 0 0x100

Cycle         11 ----------------------------------------------------
pc: 00000230 inst: (00100e13) expanded: addi r28 = r 0 0x1

Cycle         12 ----------------------------------------------------
pc: 00000234 inst: (06321c63) expanded: bne r 4 r 3 0x78

Cycle         13 ----------------------------------------------------
pc: 00000238 inst: (0040a183) expanded: lw r 3 = [r 1 0x4]

Cycle         14 ----------------------------------------------------
pc: 0000023c inst: (10100213) expanded: addi r 4 = r 0 0x101

Cycle         15 ----------------------------------------------------
pc: 00000240 inst: (00200e13) expanded: addi r28 = r 0 0x2

Cycle         16 ----------------------------------------------------
pc: 00000244 inst: (06321463) expanded: bne r 4 r 3 0x68

Cycle         17 ----------------------------------------------------
pc: 00000248 inst: (0000a183) expanded: lw r 3 = [r 1 0x0]

Cycle         18 ----------------------------------------------------
pc: 0000024c inst: (0f018193) expanded: addi r 3 = r 3 0xf0

Cycle         19 ----------------------------------------------------
pc: 00000250 inst: (0030a023) expanded: sw [r 1 0x0] = r 3

Cycle         20 ----------------------------------------------------
pc: 00000254 inst: (0040a183) expanded: lw r 3 = [r 1 0x4]

Cycle         21 ----------------------------------------------------
pc: 00000258 inst: (0f018193) expanded: addi r 3 = r 3 0xf0

Cycle         22 ----------------------------------------------------
pc: 0000025c inst: (0030a223) expanded: sw [r 1 0x4] = r 3

Cycle         23 ----------------------------------------------------
pc: 00000260 inst: (00012183) expanded: lw r 3 = [r 2 0x0]

Cycle         24 ----------------------------------------------------
pc: 00000264 inst: (20000213) expanded: addi r 4 = r 0 0x200

Cycle         25 ----------------------------------------------------
pc: 00000268 inst: (00300e13) expanded: addi r28 = r 0 0x3

Cycle         26 ----------------------------------------------------
pc: 0000026c inst: (04321063) expanded: bne r 4 r 3 0x40

Cycle         27 ----------------------------------------------------
pc: 00000270 inst: (00412183) expanded: lw r 3 = [r 2 0x4]

Cycle         28 ----------------------------------------------------
pc: 00000274 inst: (20100213) expanded: addi r 4 = r 0 0x201

Cycle         29 ----------------------------------------------------
pc: 00000278 inst: (00400e13) expanded: addi r28 = r 0 0x4

Cycle         30 ----------------------------------------------------
pc: 0000027c inst: (02321863) expanded: bne r 4 r 3 0x30

Cycle         31 ----------------------------------------------------
pc: 00000280 inst: (0000a183) expanded: lw r 3 = [r 1 0x0]

Cycle         32 ----------------------------------------------------
pc: 00000284 inst: (1f000213) expanded: addi r 4 = r 0 0x1f0

Cycle         33 ----------------------------------------------------
pc: 00000288 inst: (00500e13) expanded: addi r28 = r 0 0x5

Cycle         34 ----------------------------------------------------
pc: 0000028c inst: (02321063) expanded: bne r 4 r 3 0x20

Cycle         35 ----------------------------------------------------
pc: 00000290 inst: (0040a183) expanded: lw r 3 = [r 1 0x4]

Cycle         36 ----------------------------------------------------
pc: 00000294 inst: (1f100213) expanded: addi r 4 = r 0 0x1f1

Cycle         37 ----------------------------------------------------
pc: 00000298 inst: (00600e13) expanded: addi r28 = r 0 0x6

Cycle         38 ----------------------------------------------------
pc: 0000029c inst: (00321863) expanded: bne r 4 r 3 0x10

Cycle         39 ----------------------------------------------------
pc: 000002a0 inst: (0100006f) expanded: jal r 0 0x10

Cycle         40 ----------------------------------------------------
pc: 000002b0 inst: (00000e13) expanded: addi r28 = r 0 0x0

Cycle         41 ----------------------------------------------------
pc: 000002b4 inst: (0040006f) expanded: jal r 0 0x4

Cycle         42 ----------------------------------------------------
pc: 000002b8 inst: (c0002573) expanded: csrrs r10 csr0xc00 r 0

Cycle         43 ----------------------------------------------------
pc: 000002bc inst: (c02025f3) expanded: csrrs r11 csr0xc02 r 0

Cycle         44 ----------------------------------------------------
pc: 000002c0 inst: (01051613) expanded: slli r12 = r10 0x10

Cycle         45 ----------------------------------------------------
pc: 000002c4 inst: (01065613) expanded: srli r12 = r12 0x10

Cycle         46 ----------------------------------------------------
pc: 000002c8 inst: (000206b7) expanded: lui r13 0x20000

Cycle         47 ----------------------------------------------------
pc: 000002cc inst: (00d666b3) expanded: or r13 = r12 r13

Cycle         48 ----------------------------------------------------
pc: 000002d0 inst: (78069073) expanded: csrrw r 0 csr0x780 r13

Cycle         49 ----------------------------------------------------
pc: 000002d4 inst: (01055613) expanded: srli r12 = r10 0x10

Cycle         50 ----------------------------------------------------
pc: 000002d8 inst: (000306b7) expanded: lui r13 0x30000

Cycle         51 ----------------------------------------------------
pc: 000002dc inst: (00d666b3) expanded: or r13 = r12 r13

Cycle         52 ----------------------------------------------------
pc: 000002e0 inst: (78069073) expanded: csrrw r 0 csr0x780 r13

Cycle         53 ----------------------------------------------------
pc: 000002e4 inst: (00010637) expanded: lui r12 0x10000

Cycle         54 ----------------------------------------------------
pc: 000002e8 inst: (00a60613) expanded: addi r12 = r12 0xa

Cycle         55 ----------------------------------------------------
pc: 000002ec inst: (78061073) expanded: csrrw r 0 csr0x780 r12

Cycle         56 ----------------------------------------------------
pc: 000002f0 inst: (01059613) expanded: slli r12 = r11 0x10

Cycle         57 ----------------------------------------------------
pc: 000002f4 inst: (01065613) expanded: srli r12 = r12 0x10

Cycle         58 ----------------------------------------------------
pc: 000002f8 inst: (000201b7) expanded: lui r 3 0x20000

Cycle         59 ----------------------------------------------------
pc: 000002fc inst: (003661b3) expanded: or r 3 = r12 r 3

Cycle         60 ----------------------------------------------------
pc: 00000300 inst: (78019073) expanded: csrrw r 0 csr0x780 r 3

Cycle         61 ----------------------------------------------------
pc: 00000304 inst: (0105d613) expanded: srli r12 = r11 0x10

Cycle         62 ----------------------------------------------------
pc: 00000308 inst: (000301b7) expanded: lui r 3 0x30000

Cycle         63 ----------------------------------------------------
pc: 0000030c inst: (003661b3) expanded: or r 3 = r12 r 3

Cycle         64 ----------------------------------------------------
pc: 00000310 inst: (78019073) expanded: csrrw r 0 csr0x780 r 3

Cycle         65 ----------------------------------------------------
pc: 00000314 inst: (00010637) expanded: lui r12 0x10000

Cycle         66 ----------------------------------------------------
pc: 00000318 inst: (00a60613) expanded: addi r12 = r12 0xa

Cycle         67 ----------------------------------------------------
pc: 0000031c inst: (78061073) expanded: csrrw r 0 csr0x780 r12

Cycle         68 ----------------------------------------------------
pc: 00000320 inst: (780e1073) expanded: csrrw r 0 csr0x780 r28

Cycle         69 ----------------------------------------------------
pc: 00000324 inst: (0000006f) expanded: jal r 0 0x0

Cycle         70 ----------------------------------------------------
pc: 00000324 inst: (0000006f) expanded: jal r 0 0x0

Cycle         71 ----------------------------------------------------
pc: 00000324 inst: (0000006f) expanded: jal r 0 0x0

Cycle         72 ----------------------------------------------------
pc: 00000324 inst: (0000006f) expanded: jal r 0 0x0

Cycle         73 ----------------------------------------------------
pc: 00000324 inst: (0000006f) expanded: jal r 0 0x0

Cycle         74 ----------------------------------------------------
pc: 00000324 inst: (0000006f) expanded: jal r 0 0x0

Cycle         75 ----------------------------------------------------
pc: 00000324 inst: (0000006f) expanded: jal r 0 0x0

Cycle         76 ----------------------------------------------------
pc: 00000324 inst: (0000006f) expanded: jal r 0 0x0

Cycle         77 ----------------------------------------------------
pc: 00000324 inst: (0000006f) expanded: jal r 0 0x0

Cycle         78 ----------------------------------------------------
pc: 00000324 inst: (0000006f) expanded: jal r 0 0x0

Cycle         79 ----------------------------------------------------
pc: 00000324 inst: (0000006f) expanded: jal r 0 0x0

Cycle         80 ----------------------------------------------------
pc: 00000324 inst: (0000006f) expanded: jal r 0 0x0

Cycle         81 ----------------------------------------------------
pc: 00000324 inst: (0000006f) expanded: jal r 0 0x0

Cycle         82 ----------------------------------------------------
pc: 00000324 inst: (0000006f) expanded: jal r 0 0x0

Cycle         83 ----------------------------------------------------
pc: 00000324 inst: (0000006f) expanded: jal r 0 0x0

Cycle         84 ----------------------------------------------------
pc: 00000324 inst: (0000006f) expanded: jal r 0 0x0

Cycle         85 ----------------------------------------------------
pc: 00000324 inst: (0000006f) expanded: jal r 0 0x0

Cycle         86 ----------------------------------------------------
pc: 00000324 inst: (0000006f) expanded: jal r 0 0x0

Cycle         87 ----------------------------------------------------
pc: 00000324 inst: (0000006f) expanded: jal r 0 0x0

Cycle         88 ----------------------------------------------------
pc: 00000324 inst: (0000006f) expanded: jal r 0 0x0

Cycle         89 ----------------------------------------------------
pc: 00000324 inst: (0000006f) expanded: jal r 0 0x0

Cycle         90 ----------------------------------------------------
pc: 00000324 inst: (0000006f) expanded: jal r 0 0x0

Cycle         91 ----------------------------------------------------
pc: 00000324 inst: (0000006f) expanded: jal r 0 0x0

Cycle         92 ----------------------------------------------------
pc: 00000324 inst: (0000006f) expanded: jal r 0 0x0

Cycle         93 ----------------------------------------------------
pc: 00000324 inst: (0000006f) expanded: jal r 0 0x0

Cycle         94 ----------------------------------------------------
pc: 00000324 inst: (0000006f) expanded: jal r 0 0x0

Cycle         95 ----------------------------------------------------
pc: 00000324 inst: (0000006f) expanded: jal r 0 0x0

Cycle         96 ----------------------------------------------------
pc: 00000324 inst: (0000006f) expanded: jal r 0 0x0

Cycle         97 ----------------------------------------------------
pc: 00000324 inst: (0000006f) expanded: jal r 0 0x0

Cycle         98 ----------------------------------------------------
pc: 00000324 inst: (0000006f) expanded: jal r 0 0x0

Cycle         99 ----------------------------------------------------
pc: 00000324 inst: (0000006f) expanded: jal r 0 0x0

Cycle        100 ----------------------------------------------------
pc: 00000324 inst: (0000006f) expanded: jal r 0 0x0

Cycle        101 ----------------------------------------------------
pc: 00000324 inst: (0000006f) expanded: jal r 0 0x0

Cycle        102 ----------------------------------------------------
pc: 00000324 inst: (0000006f) expanded: jal r 0 0x0

Cycle        103 ----------------------------------------------------
pc: 00000324 inst: (0000006f) expanded: jal r 0 0x0

Cycle        104 ----------------------------------------------------
pc: 00000324 inst: (0000006f) expanded: jal r 0 0x0

Cycle        105 ----------------------------------------------------
pc: 00000324 inst: (0000006f) expanded: jal r 0 0x0

Cycle        106 ----------------------------------------------------
pc: 00000324 inst: (0000006f) expanded: jal r 0 0x0

Cycle        107 ----------------------------------------------------
pc: 00000324 inst: (0000006f) expanded: jal r 0 0x0

Cycle        108 ----------------------------------------------------
pc: 00000324 inst: (0000006f) expanded: jal r 0 0x0

Cycle        109 ----------------------------------------------------
pc: 00000324 inst: (0000006f) expanded: jal r 0 0x0

Cycle        110 ----------------------------------------------------
pc: 00000324 inst: (0000006f) expanded: jal r 0 0x0

Cycle        111 ----------------------------------------------------
pc: 00000324 inst: (0000006f) expanded: jal r 0 0x0

Cycle        112 ----------------------------------------------------
pc: 00000324 inst: (0000006f) expanded: jal r 0 0x0

Cycle        113 ----------------------------------------------------
pc: 00000324 inst: (0000006f) expanded: jal r 0 0x0

Cycle        114 ----------------------------------------------------
pc: 00000324 inst: (0000006f) expanded: jal r 0 0x0

Cycle        115 ----------------------------------------------------
pc: 00000324 inst: (0000006f) expanded: jal r 0 0x0

Cycle        116 ----------------------------------------------------
pc: 00000324 inst: (0000006f) expanded: jal r 0 0x0

Cycle        117 ----------------------------------------------------
pc: 00000324 inst: (0000006f) expanded: jal r 0 0x0

Cycle        118 ----------------------------------------------------
pc: 00000324 inst: (0000006f) expanded: jal r 0 0x0

Cycle        119 ----------------------------------------------------
pc: 00000324 inst: (0000006f) expanded: jal r 0 0x0

Cycle        120 ----------------------------------------------------
pc: 00000324 inst: (0000006f) expanded: jal r 0 0x0

Cycle        121 ----------------------------------------------------
pc: 00000324 inst: (0000006f) expanded: jal r 0 0x0

Cycle        122 ----------------------------------------------------
pc: 00000324 inst: (0000006f) expanded: jal r 0 0x0

Cycle        123 ----------------------------------------------------
pc: 00000324 inst: (0000006f) expanded: jal r 0 0x0

Cycle        124 ----------------------------------------------------
pc: 00000324 inst: (0000006f) expanded: jal r 0 0x0

Cycle        125 ----------------------------------------------------
pc: 00000324 inst: (0000006f) expanded: jal r 0 0x0

Cycle        126 ----------------------------------------------------
pc: 00000324 inst: (0000006f) expanded: jal r 0 0x0

Cycle        127 ----------------------------------------------------
pc: 00000324 inst: (0000006f) expanded: jal r 0 0x0

Cycle        128 ----------------------------------------------------
pc: 00000324 inst: (0000006f) expanded: jal r 0 0x0

Cycle        129 ----------------------------------------------------
pc: 00000324 inst: (0000006f) expanded: jal r 0 0x0

Cycle        130 ----------------------------------------------------
pc: 00000324 inst: (0000006f) expanded: jal r 0 0x0

Cycle        131 ----------------------------------------------------
pc: 00000324 inst: (0000006f) expanded: jal r 0 0x0

Cycle        132 ----------------------------------------------------
pc: 00000324 inst: (0000006f) expanded: jal r 0 0x0

Cycle        133 ----------------------------------------------------
pc: 00000324 inst: (0000006f) expanded: jal r 0 0x0

Cycle        134 ----------------------------------------------------
pc: 00000324 inst: (0000006f) expanded: jal r 0 0x0

Cycle        135 ----------------------------------------------------
pc: 00000324 inst: (0000006f) expanded: jal r 0 0x0

Cycle        136 ----------------------------------------------------
pc: 00000324 inst: (0000006f) expanded: jal r 0 0x0

Cycle        137 ----------------------------------------------------
pc: 00000324 inst: (0000006f) expanded: jal r 0 0x0

Cycle        138 ----------------------------------------------------
pc: 00000324 inst: (0000006f) expanded: jal r 0 0x0

Cycle        139 ----------------------------------------------------
pc: 00000324 inst: (0000006f) expanded: jal r 0 0x0

Cycle        140 ----------------------------------------------------
pc: 00000324 inst: (0000006f) expanded: jal r 0 0x0

Cycle        141 ----------------------------------------------------
pc: 00000324 inst: (0000006f) expanded: jal r 0 0x0

Cycle        142 ----------------------------------------------------
pc: 00000324 inst: (0000006f) expanded: jal r 0 0x0

Cycle        143 ----------------------------------------------------
pc: 00000324 inst: (0000006f) expanded: jal r 0 0x0

Cycle        144 ----------------------------------------------------
pc: 00000324 inst: (0000006f) expanded: jal r 0 0x0

Cycle        145 ----------------------------------------------------
pc: 00000324 inst: (0000006f) expanded: jal r 0 0x0

Cycle        146 ----------------------------------------------------
pc: 00000324 inst: (0000006f) expanded: jal r 0 0x0

Cycle        147 ----------------------------------------------------
pc: 00000324 inst: (0000006f) expanded: jal r 0 0x0

Cycle        148 ----------------------------------------------------
pc: 00000324 inst: (0000006f) expanded: jal r 0 0x0

Cycle        149 ----------------------------------------------------
pc: 00000324 inst: (0000006f) expanded: jal r 0 0x0

Cycle        150 ----------------------------------------------------
pc: 00000324 inst: (0000006f) expanded: jal r 0 0x0

Cycle        151 ----------------------------------------------------
pc: 00000324 inst: (0000006f) expanded: jal r 0 0x0

Cycle        152 ----------------------------------------------------
pc: 00000324 inst: (0000006f) expanded: jal r 0 0x0

Cycle        153 ----------------------------------------------------
pc: 00000324 inst: (0000006f) expanded: jal r 0 0x0

Cycle        154 ----------------------------------------------------
pc: 00000324 inst: (0000006f) expanded: jal r 0 0x0

Cycle        155 ----------------------------------------------------
pc: 00000324 inst: (0000006f) expanded: jal r 0 0x0

Cycle        156 ----------------------------------------------------
pc: 00000324 inst: (0000006f) expanded: jal r 0 0x0

Cycle        157 ----------------------------------------------------
pc: 00000324 inst: (0000006f) expanded: jal r 0 0x0

Cycle        158 ----------------------------------------------------
pc: 00000324 inst: (0000006f) expanded: jal r 0 0x0

Cycle        159 ----------------------------------------------------
pc: 00000324 inst: (0000006f) expanded: jal r 0 0x0

Cycle        160 ----------------------------------------------------
pc: 00000324 inst: (0000006f) expanded: jal r 0 0x0

Cycle        161 ----------------------------------------------------
pc: 00000324 inst: (0000006f) expanded: jal r 0 0x0

Cycle        162 ----------------------------------------------------
pc: 00000324 inst: (0000006f) expanded: jal r 0 0x0

Cycle        163 ----------------------------------------------------
pc: 00000324 inst: (0000006f) expanded: jal r 0 0x0

Cycle        164 ----------------------------------------------------
pc: 00000324 inst: (0000006f) expanded: jal r 0 0x0

Cycle        165 ----------------------------------------------------
pc: 00000324 inst: (0000006f) expanded: jal r 0 0x0

Cycle        166 ----------------------------------------------------
pc: 00000324 inst: (0000006f) expanded: jal r 0 0x0

Cycle        167 ----------------------------------------------------
simulator calling $finish
